2021-05-20T20:28:14.4545132+05:30;VSTestExecutionThread;Info;SpecFlow+Runner execution started
2021-05-20T20:28:14.4546580+05:30;VSTestExecutionThread;Info;SpecFlow+Runner 3.7.3 in Framework netcore31 in x64 mode execution started
2021-05-20T20:28:14.4546643+05:30;VSTestExecutionThread;Info;TestAdapter Location: C:\Users\himan\Himanshu\Projects\SpecFlowProject2\SpecflowPlusSampleProject\bin\Debug\netcoreapp3.1\TechTalk.SpecRun.VisualStudio.TestAdapter.dll
2021-05-20T20:28:14.4580841+05:30;VSTestExecutionThread;Info;Current UserName: 'himan', MachineName: 'DESKTOP-8U0HBGS'
2021-05-20T20:28:14.6597622+05:30;VSTestExecutionThread;Info;SpecRun: running tests in C:\Users\himan\Himanshu\Projects\SpecFlowProject2\SpecflowPlusSampleProject\bin\Debug\netcoreapp3.1\SpecflowPlusSampleProject.dll
2021-05-20T20:28:14.6599414+05:30;VSTestExecutionThread;Info;Output folder configured to "Results" in profile
2021-05-20T20:28:14.6599981+05:30;VSTestExecutionThread;Info;Profile: SpecFlowProject2
2021-05-20T20:28:14.7379300+05:30;VSTestExecutionThread;Info;Log file path: C:\Users\himan\Himanshu\Projects\SpecFlowProject2\SpecflowPlusSampleProject\bin\Debug\netcoreapp3.1\Results\SpecFlowProject2_SpecFlowProject2_2021-05-20T202814.log
2021-05-20T20:28:14.7464120+05:30;Thread#14;Info;Checking activation
2021-05-20T20:28:14.9571242+05:30;Thread#14;Info;Activated.
2021-05-20T20:28:14.9574174+05:30;Thread#14;Info;Activation check completed
2021-05-20T20:28:14.9575288+05:30;Thread#14;Info;Starting test run
2021-05-20T20:28:15.0842367+05:30;Thread#14;Info;Discovering target: Default
2021-05-20T20:28:15.0844187+05:30;Thread#14;Info;Discovering tests from assembly: C:\Users\himan\Himanshu\Projects\SpecFlowProject2\SpecflowPlusSampleProject\bin\Debug\netcoreapp3.1\SpecflowPlusSampleProject.dll
2021-05-20T20:28:15.4721120+05:30;Thread#14;Info;Discovered tests from assembly: C:\Users\himan\Himanshu\Projects\SpecFlowProject2\SpecflowPlusSampleProject\bin\Debug\netcoreapp3.1\SpecflowPlusSampleProject.dll
2021-05-20T20:28:15.4738712+05:30:Test Suite Dump
2021-05-20T20:28:15.4761798+05:30:#0: SpecFlowProject2/SpecFlowProject2 - 
2021-05-20T20:28:15.4763865+05:30:#1: Default - 
2021-05-20T20:28:15.4763956+05:30:#2: SpecflowPlusSampleProject - 
2021-05-20T20:28:15.4763983+05:30:#3: Calculator - 
2021-05-20T20:28:15.4781119+05:30:#4: Add two numbers - TestAssembly:SpecflowPlusSampleProject/Feature:Calculator/Scenario:Add+two+numbers
2021-05-20T20:28:15.4781982+05:30:End: Test Suite Dump
2021-05-20T20:28:15.5102785+05:30:Thread#0:Scheduler: get next test for thread 0
2021-05-20T20:28:15.5130229+05:30:Thread#:Scheduler: testitem #4 from normal test queue 
2021-05-20T20:28:15.5131248+05:30:Thread#0:Scheduler: considering testitem #4 for thread 0
2021-05-20T20:28:15.5202642+05:30:Thread#0:TestItem#4:testItemMatchesCurrentTestThread:UnSpecific
2021-05-20T20:28:15.5202930+05:30:Thread#0:TestItem#4:runsOnOneOtherThreadSpecific:False
2021-05-20T20:28:15.5202969+05:30:Thread#0:TestItem#4:runsOnOneOtherThreadUnspecific:True
2021-05-20T20:28:15.5203020+05:30:Thread#0:Scheduler: using testitem #4 for thread 0
2021-05-20T20:28:15.5215895+05:30:Thread#0:Scheduler: Test #4 is scheduled for thread
2021-05-20T20:28:15.5235762+05:30:Thread#0:Scheduler: with testItemExecutionIndex 0
2021-05-20T20:28:15.5236364+05:30:Thread#1:Scheduler: get next test for thread 1
2021-05-20T20:28:15.5236871+05:30:Thread#:Scheduler: at the end of normal test queue
2021-05-20T20:28:15.5236932+05:30:Thread#1:Scheduler: enumerator for thread is at end
2021-05-20T20:28:15.5236958+05:30:Thread#1:Scheduler: No more tests for thread
2021-05-20T20:28:15.5307021+05:30:Thread #0: creating new test thread executor for SpecflowPlusSampleProject, Version=1.0.0.0, Culture=neutral, PublicKeyToken=null (target: Default)
2021-05-20T20:28:15.5340547+05:30:Thread #0: Creating test assembly executor for execution model OutProc
2021-05-20T20:28:15.5342940+05:30:Thread #0: Creating test assembly executor for execution model OutProc
2021-05-20T20:28:15.5470216+05:30:Thread #0: using TechTalk.SpecRun.Framework.Execution.OutOfProc.StreamJsonRPC.OutOfProcessTestAssemblyExecutorHost to execute tests
2021-05-20T20:28:15.5496612+05:30:starting Out Of Process Executor
2021-05-20T20:28:15.5635407+05:30:Assembly resolving Microsoft.VisualStudio.Validation, Version=15.3.0.0, Culture=neutral, PublicKeyToken=b03f5f7f11d50a3a
2021-05-20T20:28:15.5678659+05:30:[AssemblyCache] Trying to resolve 'Microsoft.VisualStudio.Validation' from .deps.json file
2021-05-20T20:28:15.5678940+05:30:[AssemblyCache] Could not resolve 'Microsoft.VisualStudio.Validation' from .deps.json
2021-05-20T20:28:15.5692433+05:30:[AssemblyCache] Trying to resolve 'Microsoft.VisualStudio.Validation' in folder 'C:\Users\himan\Himanshu\Projects\SpecFlowProject2\SpecflowPlusSampleProject\bin\Debug\netcoreapp3.1'
2021-05-20T20:28:15.5696524+05:30:[AssemblyCache] Trying to resolve 'Microsoft.VisualStudio.Validation' to 'C:\Users\himan\Himanshu\Projects\SpecFlowProject2\SpecflowPlusSampleProject\bin\Debug\netcoreapp3.1\Microsoft.VisualStudio.Validation.dll'
2021-05-20T20:28:15.5698048+05:30:[AssemblyCache] Trying to resolve 'Microsoft.VisualStudio.Validation' to 'C:\Users\himan\Himanshu\Projects\SpecFlowProject2\SpecflowPlusSampleProject\bin\Debug\netcoreapp3.1\Microsoft.VisualStudio.Validation.exe'
2021-05-20T20:28:15.5698888+05:30:[AssemblyCache] Could not resolve 'Microsoft.VisualStudio.Validation' in folder 'C:\Users\himan\Himanshu\Projects\SpecFlowProject2\SpecflowPlusSampleProject\bin\Debug\netcoreapp3.1'
2021-05-20T20:28:15.5701826+05:30:TargetFramework: .NETCoreApp,Version=v3.1
2021-05-20T20:28:15.5704924+05:30:Tfm: netcoreapp3.1
2021-05-20T20:28:15.5705052+05:30:[AssemblyCache] Trying to resolve 'Microsoft.VisualStudio.Validation' in folder 'C:\Users\himan\Himanshu\Projects\SpecFlowProject2\SpecflowPlusSampleProject\bin\Debug\netcoreapp3.1\SpecFlowPlusRunner\netcoreapp3.1'
2021-05-20T20:28:15.5705123+05:30:[AssemblyCache] Trying to resolve 'Microsoft.VisualStudio.Validation' to 'C:\Users\himan\Himanshu\Projects\SpecFlowProject2\SpecflowPlusSampleProject\bin\Debug\netcoreapp3.1\SpecFlowPlusRunner\netcoreapp3.1\Microsoft.VisualStudio.Validation.dll'
2021-05-20T20:28:15.5706736+05:30:[AssemblyCache] Found file 'C:\Users\himan\Himanshu\Projects\SpecFlowProject2\SpecflowPlusSampleProject\bin\Debug\netcoreapp3.1\SpecFlowPlusRunner\netcoreapp3.1\Microsoft.VisualStudio.Validation.dll' for assembly 'Microsoft.VisualStudio.Validation'
2021-05-20T20:28:15.5814831+05:30:[AssemblyCache] Resolved 'Microsoft.VisualStudio.Validation' to C:\Users\himan\Himanshu\Projects\SpecFlowProject2\SpecflowPlusSampleProject\bin\Debug\netcoreapp3.1\SpecFlowPlusRunner\netcoreapp3.1\Microsoft.VisualStudio.Validation.dll
2021-05-20T20:28:15.5827751+05:30:Starting callback TCP Rpc server
2021-05-20T20:28:15.6172624+05:30:Asynchronously starting background TCP Rpc Server on port 32768
2021-05-20T20:28:15.6173831+05:30:Started callback TCP Rpc server on port 32768
2021-05-20T20:28:15.6173914+05:30:Starting logger TCP Rpc server
2021-05-20T20:28:15.6200777+05:30:Asynchronously starting background TCP Rpc Server on port 32769
2021-05-20T20:28:15.6201343+05:30:Started logger TCP Rpc server on port 32769
2021-05-20T20:28:15.7529863+05:30;Test Thread #0;Info;Executor full path resolved: C:\Program Files\dotnet\dotnet.exe
2021-05-20T20:28:15.7558456+05:30;Test Thread #0;Info;Starting SpecFlow+ Runner executor process with attached debugger...
2021-05-20T20:28:15.9212570+05:30;Test Thread #0;Info;Successfully started SpecFlow+ Runner executor process
2021-05-20T20:28:15.9273132+05:30:Out of Process Executor 9036 started
2021-05-20T20:28:15.9273324+05:30:Waiting for endpoint
2021-05-20T20:28:16.9556613+05:30:Assembly resolving Microsoft.VisualStudio.Threading, Version=15.3.0.0, Culture=neutral, PublicKeyToken=b03f5f7f11d50a3a
2021-05-20T20:28:16.9557244+05:30:[AssemblyCache] Trying to resolve 'Microsoft.VisualStudio.Threading' from .deps.json file
2021-05-20T20:28:16.9557277+05:30:[AssemblyCache] Could not resolve 'Microsoft.VisualStudio.Threading' from .deps.json
2021-05-20T20:28:16.9557355+05:30:[AssemblyCache] Trying to resolve 'Microsoft.VisualStudio.Threading' in folder 'C:\Users\himan\Himanshu\Projects\SpecFlowProject2\SpecflowPlusSampleProject\bin\Debug\netcoreapp3.1'
2021-05-20T20:28:16.9557372+05:30:[AssemblyCache] Trying to resolve 'Microsoft.VisualStudio.Threading' to 'C:\Users\himan\Himanshu\Projects\SpecFlowProject2\SpecflowPlusSampleProject\bin\Debug\netcoreapp3.1\Microsoft.VisualStudio.Threading.dll'
2021-05-20T20:28:16.9558030+05:30:[AssemblyCache] Trying to resolve 'Microsoft.VisualStudio.Threading' to 'C:\Users\himan\Himanshu\Projects\SpecFlowProject2\SpecflowPlusSampleProject\bin\Debug\netcoreapp3.1\Microsoft.VisualStudio.Threading.exe'
2021-05-20T20:28:16.9558488+05:30:[AssemblyCache] Could not resolve 'Microsoft.VisualStudio.Threading' in folder 'C:\Users\himan\Himanshu\Projects\SpecFlowProject2\SpecflowPlusSampleProject\bin\Debug\netcoreapp3.1'
2021-05-20T20:28:16.9558583+05:30:TargetFramework: .NETCoreApp,Version=v3.1
2021-05-20T20:28:16.9559206+05:30:Tfm: netcoreapp3.1
2021-05-20T20:28:16.9559412+05:30:[AssemblyCache] Trying to resolve 'Microsoft.VisualStudio.Threading' in folder 'C:\Users\himan\Himanshu\Projects\SpecFlowProject2\SpecflowPlusSampleProject\bin\Debug\netcoreapp3.1\SpecFlowPlusRunner\netcoreapp3.1'
2021-05-20T20:28:16.9559442+05:30:[AssemblyCache] Trying to resolve 'Microsoft.VisualStudio.Threading' to 'C:\Users\himan\Himanshu\Projects\SpecFlowProject2\SpecflowPlusSampleProject\bin\Debug\netcoreapp3.1\SpecFlowPlusRunner\netcoreapp3.1\Microsoft.VisualStudio.Threading.dll'
2021-05-20T20:28:16.9560290+05:30:[AssemblyCache] Found file 'C:\Users\himan\Himanshu\Projects\SpecFlowProject2\SpecflowPlusSampleProject\bin\Debug\netcoreapp3.1\SpecFlowPlusRunner\netcoreapp3.1\Microsoft.VisualStudio.Threading.dll' for assembly 'Microsoft.VisualStudio.Threading'
2021-05-20T20:28:16.9668329+05:30:[AssemblyCache] Resolved 'Microsoft.VisualStudio.Threading' to C:\Users\himan\Himanshu\Projects\SpecFlowProject2\SpecflowPlusSampleProject\bin\Debug\netcoreapp3.1\SpecFlowPlusRunner\netcoreapp3.1\Microsoft.VisualStudio.Threading.dll
2021-05-20T20:28:17.4341567+05:30:Remote executor port received: 32770
2021-05-20T20:28:17.4345757+05:30:Creating executor TCP client on port 32770
2021-05-20T20:28:17.4350733+05:30:Created executor TCP client on port 32770
2021-05-20T20:28:17.4350822+05:30:Connecting to remote executor TCP server
2021-05-20T20:28:17.4364251+05:30:Connected remote executor TCP server
2021-05-20T20:28:17.4372347+05:30:trying to connect to Out of Process Executor the 1 attempt
2021-05-20T20:28:17.4372463+05:30:Connection to Out of Process Executor established in the 1 attempt
2021-05-20T20:28:17.6740153+05:30:2021-05-20T20:28:17.6695318+05:30:OutOfProcessTestAssemblyExecutor: initialized for C:\Users\himan\Himanshu\Projects\SpecFlowProject2\SpecflowPlusSampleProject\bin\Debug\netcoreapp3.1\SpecflowPlusSampleProject.dll on test thread #0
2021-05-20T20:28:17.6905927+05:30:Endpoint 9036 started
2021-05-20T20:28:17.7121646+05:30:2021-05-20T20:28:17.7111980+05:30:OutOfProcessTestAssemblyExecutor: running tests...
2021-05-20T20:28:17.8611090+05:30:2021-05-20T20:28:17.8602631+05:30:Assembly resolving TechTalk.SpecFlow, Version=3.7.0.0, Culture=neutral, PublicKeyToken=0778194805d6db41
2021-05-20T20:28:17.8667495+05:30:2021-05-20T20:28:17.8660059+05:30:[AssemblyCache] Trying to resolve 'TechTalk.SpecFlow' from .deps.json file
2021-05-20T20:28:17.8714404+05:30:2021-05-20T20:28:17.8706182+05:30:[AssemblyCache] Resolved 'TechTalk.SpecFlow' to 'C:\Users\himan\.nuget\packages\specflow\3.7.13\lib\netstandard2.0\TechTalk.SpecFlow.dll'
2021-05-20T20:28:18.0565528+05:30:2021-05-20T20:28:18.0553145+05:30:Thread#0:T:-> Loading plugin C:\Users\himan\Himanshu\Projects\SpecFlowProject2\SpecflowPlusSampleProject\bin\Debug\netcoreapp3.1\SpecflowPlusSampleProject.dll
2021-05-20T20:28:18.0585625+05:30:2021-05-20T20:28:18.0580354+05:30:Assembly resolving Microsoft.Extensions.DependencyModel, Version=1.0.1.0, Culture=neutral, PublicKeyToken=adb9793829ddae60
2021-05-20T20:28:18.0600159+05:30:2021-05-20T20:28:18.0596228+05:30:[AssemblyCache] Trying to resolve 'Microsoft.Extensions.DependencyModel' from .deps.json file
2021-05-20T20:28:18.0615607+05:30:2021-05-20T20:28:18.0608875+05:30:[AssemblyCache] Resolved 'Microsoft.Extensions.DependencyModel' to 'C:\Users\himan\.nuget\packages\microsoft.extensions.dependencymodel\1.0.3\lib\netstandard1.6\Microsoft.Extensions.DependencyModel.dll'
2021-05-20T20:28:18.1326309+05:30:2021-05-20T20:28:18.1318007+05:30:Assembly resolving Microsoft.DotNet.PlatformAbstractions, Version=1.0.1.0, Culture=neutral, PublicKeyToken=adb9793829ddae60
2021-05-20T20:28:18.1343296+05:30:2021-05-20T20:28:18.1337505+05:30:[AssemblyCache] Trying to resolve 'Microsoft.DotNet.PlatformAbstractions' from .deps.json file
2021-05-20T20:28:18.1360268+05:30:2021-05-20T20:28:18.1354125+05:30:[AssemblyCache] Resolved 'Microsoft.DotNet.PlatformAbstractions' to 'C:\Users\himan\.nuget\packages\microsoft.dotnet.platformabstractions\1.0.3\lib\netstandard1.3\Microsoft.DotNet.PlatformAbstractions.dll'
2021-05-20T20:28:18.1600419+05:30:2021-05-20T20:28:18.1592783+05:30:Thread#0:T:-> Missing [assembly:RuntimePlugin] attribute in SpecflowPlusSampleProject, Version=1.0.0.0, Culture=neutral, PublicKeyToken=null. Please check https://go.specflow.org/doc-plugins for details.
2021-05-20T20:28:18.1615813+05:30:2021-05-20T20:28:18.1610274+05:30:Thread#0:T:-> Loading plugin C:\Users\himan\Himanshu\Projects\SpecFlowProject2\SpecflowPlusSampleProject\bin\Debug\netcoreapp3.1\LivingDoc.SpecFlowPlugin.dll
2021-05-20T20:28:18.1736837+05:30:2021-05-20T20:28:18.1728857+05:30:Assembly resolving LivingDoc.Dtos, Version=3.7.0.0, Culture=neutral, PublicKeyToken=null
2021-05-20T20:28:18.1751406+05:30:2021-05-20T20:28:18.1747172+05:30:[AssemblyCache] Trying to resolve 'LivingDoc.Dtos' from .deps.json file
2021-05-20T20:28:18.1763811+05:30:2021-05-20T20:28:18.1759576+05:30:[AssemblyCache] Resolved 'LivingDoc.Dtos' to 'C:\Users\himan\.nuget\packages\specflow.plus.livingdocplugin\3.7.141\lib\netstandard2.0\LivingDoc.Dtos.dll'
2021-05-20T20:28:18.1908343+05:30:2021-05-20T20:28:18.1901282+05:30:Thread#0:T:-> Loading plugin C:\Users\himan\Himanshu\Projects\SpecFlowProject2\SpecflowPlusSampleProject\bin\Debug\netcoreapp3.1\ReportPortal.SpecFlowPlugin.dll
2021-05-20T20:28:18.2033964+05:30:2021-05-20T20:28:18.2025360+05:30:Assembly resolving ReportPortal.Shared, Version=3.1.1.0, Culture=neutral, PublicKeyToken=null
2021-05-20T20:28:18.2048316+05:30:2021-05-20T20:28:18.2043028+05:30:[AssemblyCache] Trying to resolve 'ReportPortal.Shared' from .deps.json file
2021-05-20T20:28:18.2060493+05:30:2021-05-20T20:28:18.2056416+05:30:[AssemblyCache] Resolved 'ReportPortal.Shared' to 'C:\Users\himan\.nuget\packages\reportportal.shared\3.1.1\lib\netstandard2.0\ReportPortal.Shared.dll'
2021-05-20T20:28:18.2764231+05:30:2021-05-20T20:28:18.2748585+05:30:Thread#0:T:-> Loading plugin C:\Users\himan\Himanshu\Projects\SpecFlowProject2\SpecflowPlusSampleProject\bin\Debug\netcoreapp3.1\SpecRun.Runtime.SpecFlowPlugin.dll
2021-05-20T20:28:18.2951863+05:30:2021-05-20T20:28:18.2937149+05:30:Thread#0:T:-> Using default config
2021-05-20T20:28:18.3092719+05:30:2021-05-20T20:28:18.3077280+05:30:Assembly resolving Cucumber.Messages, Version=6.0.1.0, Culture=neutral, PublicKeyToken=b10c5988214f940c
2021-05-20T20:28:18.3118879+05:30:2021-05-20T20:28:18.3108234+05:30:[AssemblyCache] Trying to resolve 'Cucumber.Messages' from .deps.json file
2021-05-20T20:28:18.3140934+05:30:2021-05-20T20:28:18.3132451+05:30:[AssemblyCache] Resolved 'Cucumber.Messages' to 'C:\Users\himan\.nuget\packages\cucumber.messages\6.0.1\lib\netstandard2.0\Cucumber.Messages.dll'
2021-05-20T20:28:18.3287461+05:30:2021-05-20T20:28:18.3275097+05:30:Assembly resolving Google.Protobuf, Version=3.7.0.0, Culture=neutral, PublicKeyToken=a7d26565bac4d604
2021-05-20T20:28:18.3312049+05:30:2021-05-20T20:28:18.3303456+05:30:[AssemblyCache] Trying to resolve 'Google.Protobuf' from .deps.json file
2021-05-20T20:28:18.3326253+05:30:2021-05-20T20:28:18.3321162+05:30:[AssemblyCache] Resolved 'Google.Protobuf' to 'C:\Users\himan\.nuget\packages\google.protobuf\3.7.0\lib\netstandard1.0\Google.Protobuf.dll'
2021-05-20T20:28:18.3821588+05:30:2021-05-20T20:28:18.3814245+05:30:Assembly resolving Microsoft.VisualStudio.TestPlatform.ObjectModel, Version=15.0.0.0, Culture=neutral, PublicKeyToken=b03f5f7f11d50a3a
2021-05-20T20:28:18.3837836+05:30:2021-05-20T20:28:18.3832539+05:30:[AssemblyCache] Trying to resolve 'Microsoft.VisualStudio.TestPlatform.ObjectModel' from .deps.json file
2021-05-20T20:28:18.3854606+05:30:2021-05-20T20:28:18.3849560+05:30:[AssemblyCache] Resolved 'Microsoft.VisualStudio.TestPlatform.ObjectModel' to 'C:\Users\himan\.nuget\packages\microsoft.testplatform.objectmodel\16.10.0-release-20210429-01\lib\netcoreapp2.1\Microsoft.VisualStudio.TestPlatform.ObjectModel.dll'
2021-05-20T20:28:18.4455187+05:30:2021-05-20T20:28:18.4446922+05:30:Assembly resolving Utf8Json, Version=1.3.7.0, Culture=neutral, PublicKeyToken=8a73d3ba7e392e27
2021-05-20T20:28:18.4471350+05:30:2021-05-20T20:28:18.4464301+05:30:[AssemblyCache] Trying to resolve 'Utf8Json' from .deps.json file
2021-05-20T20:28:18.4488587+05:30:2021-05-20T20:28:18.4483229+05:30:[AssemblyCache] Resolved 'Utf8Json' to 'C:\Users\himan\.nuget\packages\utf8json\1.3.7\lib\netstandard2.0\Utf8Json.dll'
2021-05-20T20:28:18.7260780+05:30:2021-05-20T20:28:18.7253871+05:30:Assembly resolving ReportPortal.Client, Version=3.0.4.0, Culture=neutral, PublicKeyToken=null
2021-05-20T20:28:18.7277722+05:30:2021-05-20T20:28:18.7272218+05:30:[AssemblyCache] Trying to resolve 'ReportPortal.Client' from .deps.json file
2021-05-20T20:28:18.7292170+05:30:2021-05-20T20:28:18.7287220+05:30:[AssemblyCache] Resolved 'ReportPortal.Client' to 'C:\Users\himan\.nuget\packages\reportportal.client\3.0.4\lib\netstandard2.0\ReportPortal.Client.dll'
2021-05-20T20:28:18.7854724+05:30:2021-05-20T20:28:18.7787816+05:30:Assembly resolving ReportPortal.Shared, Culture=neutral, PublicKeyToken=null
2021-05-20T20:28:18.8152548+05:30:Thread#0: Test #4/0 is started on thread #0
2021-05-20T20:28:18.8264191+05:30:2021-05-20T20:28:18.8255820+05:30:Assembly resolving System.Private.DataContractSerialization.resources, Version=4.1.5.0, Culture=en-US, PublicKeyToken=b03f5f7f11d50a3a
2021-05-20T20:28:18.8280659+05:30:2021-05-20T20:28:18.8273786+05:30:[AssemblyCache] Trying to resolve 'System.Private.DataContractSerialization.resources' from .deps.json file
2021-05-20T20:28:18.8295960+05:30:2021-05-20T20:28:18.8289828+05:30:[AssemblyCache] Could not resolve 'System.Private.DataContractSerialization.resources' from .deps.json
2021-05-20T20:28:18.8332829+05:30:2021-05-20T20:28:18.8320600+05:30:[AssemblyCache] Trying to resolve 'System.Private.DataContractSerialization.resources' in folder 'C:\Users\himan\Himanshu\Projects\SpecFlowProject2\SpecflowPlusSampleProject\bin\Debug\netcoreapp3.1'
2021-05-20T20:28:18.8359282+05:30:2021-05-20T20:28:18.8352778+05:30:[AssemblyCache] Trying to resolve 'System.Private.DataContractSerialization.resources' to 'C:\Users\himan\Himanshu\Projects\SpecFlowProject2\SpecflowPlusSampleProject\bin\Debug\netcoreapp3.1\System.Private.DataContractSerialization.resources.dll'
2021-05-20T20:28:18.8377166+05:30:2021-05-20T20:28:18.8370203+05:30:[AssemblyCache] Trying to resolve 'System.Private.DataContractSerialization.resources' to 'C:\Users\himan\Himanshu\Projects\SpecFlowProject2\SpecflowPlusSampleProject\bin\Debug\netcoreapp3.1\System.Private.DataContractSerialization.resources.exe'
2021-05-20T20:28:18.8394884+05:30:2021-05-20T20:28:18.8389096+05:30:[AssemblyCache] Could not resolve 'System.Private.DataContractSerialization.resources' in folder 'C:\Users\himan\Himanshu\Projects\SpecFlowProject2\SpecflowPlusSampleProject\bin\Debug\netcoreapp3.1'
2021-05-20T20:28:18.8409834+05:30:2021-05-20T20:28:18.8403711+05:30:TargetFramework: .NETCoreApp,Version=v3.1
2021-05-20T20:28:18.8428144+05:30:2021-05-20T20:28:18.8422455+05:30:Tfm: netcoreapp3.1
2021-05-20T20:28:18.8441852+05:30:2021-05-20T20:28:18.8436011+05:30:[AssemblyCache] Trying to resolve 'System.Private.DataContractSerialization.resources' in folder 'C:\Users\himan\Himanshu\Projects\SpecFlowProject2\SpecflowPlusSampleProject\bin\Debug\netcoreapp3.1\SpecFlowPlusRunner\netcoreapp3.1'
2021-05-20T20:28:18.8452881+05:30:2021-05-20T20:28:18.8448359+05:30:[AssemblyCache] Trying to resolve 'System.Private.DataContractSerialization.resources' to 'C:\Users\himan\Himanshu\Projects\SpecFlowProject2\SpecflowPlusSampleProject\bin\Debug\netcoreapp3.1\SpecFlowPlusRunner\netcoreapp3.1\System.Private.DataContractSerialization.resources.dll'
2021-05-20T20:28:18.8465344+05:30:2021-05-20T20:28:18.8460918+05:30:[AssemblyCache] Trying to resolve 'System.Private.DataContractSerialization.resources' to 'C:\Users\himan\Himanshu\Projects\SpecFlowProject2\SpecflowPlusSampleProject\bin\Debug\netcoreapp3.1\SpecFlowPlusRunner\netcoreapp3.1\System.Private.DataContractSerialization.resources.exe'
2021-05-20T20:28:18.8477038+05:30:2021-05-20T20:28:18.8472814+05:30:[AssemblyCache] Could not resolve 'System.Private.DataContractSerialization.resources' in folder 'C:\Users\himan\Himanshu\Projects\SpecFlowProject2\SpecflowPlusSampleProject\bin\Debug\netcoreapp3.1\SpecFlowPlusRunner\netcoreapp3.1'
2021-05-20T20:28:18.8568453+05:30:2021-05-20T20:28:18.8561545+05:30:[AssemblyCache] Trying to resolve 'System.Private.DataContractSerialization.resources' in folder 'C:\Program Files\dotnet\shared\Microsoft.AspNetCore.App\3.1.14'
2021-05-20T20:28:18.8584792+05:30:2021-05-20T20:28:18.8577960+05:30:[AssemblyCache] Trying to resolve 'System.Private.DataContractSerialization.resources' to 'C:\Program Files\dotnet\shared\Microsoft.AspNetCore.App\3.1.14\System.Private.DataContractSerialization.resources.dll'
2021-05-20T20:28:18.8602064+05:30:2021-05-20T20:28:18.8596596+05:30:[AssemblyCache] Trying to resolve 'System.Private.DataContractSerialization.resources' to 'C:\Program Files\dotnet\shared\Microsoft.AspNetCore.App\3.1.14\System.Private.DataContractSerialization.resources.exe'
2021-05-20T20:28:18.8616692+05:30:2021-05-20T20:28:18.8611568+05:30:[AssemblyCache] Could not resolve 'System.Private.DataContractSerialization.resources' in folder 'C:\Program Files\dotnet\shared\Microsoft.AspNetCore.App\3.1.14'
2021-05-20T20:28:18.8630841+05:30:2021-05-20T20:28:18.8626257+05:30:[AssemblyCache] Trying to resolve 'System.Private.DataContractSerialization.resources' in folder 'C:\Program Files\dotnet\shared\Microsoft.NETCore.App\3.1.14'
2021-05-20T20:28:18.8641195+05:30:2021-05-20T20:28:18.8637077+05:30:[AssemblyCache] Trying to resolve 'System.Private.DataContractSerialization.resources' to 'C:\Program Files\dotnet\shared\Microsoft.NETCore.App\3.1.14\System.Private.DataContractSerialization.resources.dll'
2021-05-20T20:28:18.8726398+05:30:2021-05-20T20:28:18.8718480+05:30:[AssemblyCache] Trying to resolve 'System.Private.DataContractSerialization.resources' to 'C:\Program Files\dotnet\shared\Microsoft.NETCore.App\3.1.14\System.Private.DataContractSerialization.resources.exe'
2021-05-20T20:28:18.8745118+05:30:2021-05-20T20:28:18.8738973+05:30:[AssemblyCache] Could not resolve 'System.Private.DataContractSerialization.resources' in folder 'C:\Program Files\dotnet\shared\Microsoft.NETCore.App\3.1.14'
2021-05-20T20:28:18.8764680+05:30:2021-05-20T20:28:18.8758551+05:30:[AssemblyCache] Trying to resolve 'System.Private.DataContractSerialization.resources' in folder 'C:\Program Files\dotnet\shared\Microsoft.WindowsDesktop.App\3.1.14'
2021-05-20T20:28:18.8778372+05:30:2021-05-20T20:28:18.8773772+05:30:[AssemblyCache] Trying to resolve 'System.Private.DataContractSerialization.resources' to 'C:\Program Files\dotnet\shared\Microsoft.WindowsDesktop.App\3.1.14\System.Private.DataContractSerialization.resources.dll'
2021-05-20T20:28:18.8796805+05:30:2021-05-20T20:28:18.8791541+05:30:[AssemblyCache] Trying to resolve 'System.Private.DataContractSerialization.resources' to 'C:\Program Files\dotnet\shared\Microsoft.WindowsDesktop.App\3.1.14\System.Private.DataContractSerialization.resources.exe'
2021-05-20T20:28:18.8809976+05:30:2021-05-20T20:28:18.8804917+05:30:[AssemblyCache] Could not resolve 'System.Private.DataContractSerialization.resources' in folder 'C:\Program Files\dotnet\shared\Microsoft.WindowsDesktop.App\3.1.14'
2021-05-20T20:28:18.8886260+05:30:2021-05-20T20:28:18.8877616+05:30:Assembly resolving System.Private.DataContractSerialization.resources, Version=4.1.5.0, Culture=en, PublicKeyToken=b03f5f7f11d50a3a
2021-05-20T20:28:18.8960993+05:30:2021-05-20T20:28:18.8944757+05:30:Assembly resolving WebDriver, Version=4.0.0.0, Culture=neutral, PublicKeyToken=null
2021-05-20T20:28:18.9030081+05:30:2021-05-20T20:28:18.9022926+05:30:[AssemblyCache] Trying to resolve 'WebDriver' from .deps.json file
2021-05-20T20:28:18.9047285+05:30:2021-05-20T20:28:18.9041303+05:30:[AssemblyCache] Resolved 'WebDriver' to 'C:\Users\himan\.nuget\packages\selenium.webdriver\4.0.0-beta2\lib\netstandard2.1\WebDriver.dll'
