2021-05-09T00:07:10.4761598+05:30;VSTestExecutionThread;Info;SpecFlow+Runner execution started
2021-05-09T00:07:10.4766256+05:30;VSTestExecutionThread;Info;SpecFlow+Runner 3.7.3 in Framework netcore31 in x64 mode execution started
2021-05-09T00:07:10.4766486+05:30;VSTestExecutionThread;Info;TestAdapter Location: C:\Users\himan\Himanshu\Projects\SpecFlowProject2\SpecFlowProject2\bin\Debug\netcoreapp3.1\TechTalk.SpecRun.VisualStudio.TestAdapter.dll
2021-05-09T00:07:10.4829952+05:30;VSTestExecutionThread;Info;Current UserName: 'himan', MachineName: 'DESKTOP-8U0HBGS'
2021-05-09T00:07:10.9111043+05:30;VSTestExecutionThread;Info;SpecRun: running tests in C:\Users\himan\Himanshu\Projects\SpecFlowProject2\SpecFlowProject2\bin\Debug\netcoreapp3.1\SpecFlowProject2.dll
2021-05-09T00:07:10.9116787+05:30;VSTestExecutionThread;Info;Output folder configured to "Results" in profile
2021-05-09T00:07:10.9119237+05:30;VSTestExecutionThread;Info;Profile: SpecFlowProject2
2021-05-09T00:07:11.0247092+05:30;VSTestExecutionThread;Info;Log file path: C:\Users\himan\Himanshu\Projects\SpecFlowProject2\SpecFlowProject2\bin\Debug\netcoreapp3.1\Results\SpecFlowProject2_SpecFlowProject2_2021-05-09T000710.log
2021-05-09T00:07:11.0407787+05:30;Thread#12;Info;Checking activation
2021-05-09T00:07:11.4638198+05:30;Thread#12;Info;Activated.
2021-05-09T00:07:11.4647409+05:30;Thread#12;Info;Activation check completed
2021-05-09T00:07:11.4650733+05:30;Thread#12;Info;Starting test run
2021-05-09T00:07:11.8421974+05:30;Thread#12;Info;Discovering target: Default
2021-05-09T00:07:11.8429815+05:30;Thread#12;Info;Discovering tests from assembly: C:\Users\himan\Himanshu\Projects\SpecFlowProject2\SpecFlowProject2\bin\Debug\netcoreapp3.1\SpecFlowProject2.dll
2021-05-09T00:07:12.0050296+05:30;Thread#12;Info;Discovered tests from assembly: C:\Users\himan\Himanshu\Projects\SpecFlowProject2\SpecFlowProject2\bin\Debug\netcoreapp3.1\SpecFlowProject2.dll
2021-05-09T00:07:12.0069446+05:30:Test Suite Dump
2021-05-09T00:07:12.0090992+05:30:#0: SpecFlowProject2/SpecFlowProject2 - 
2021-05-09T00:07:12.0091344+05:30:#1: Default - 
2021-05-09T00:07:12.0091382+05:30:#2: SpecFlowProject2 - 
2021-05-09T00:07:12.0091429+05:30:#3: Calculator - 
2021-05-09T00:07:12.0091453+05:30:#5: LaunchGoogle - 
2021-05-09T00:07:12.0113145+05:30:#4: Add two numbers - TestAssembly:SpecFlowProject2/Feature:Calculator/Scenario:Add+two+numbers
2021-05-09T00:07:12.0113972+05:30:#6: Launch Google Website - TestAssembly:SpecFlowProject2/Feature:LaunchGoogle/Scenario:Launch+Google+Website
2021-05-09T00:07:12.0114902+05:30:End: Test Suite Dump
2021-05-09T00:07:12.0486726+05:30:Thread#0:Scheduler: get next test for thread 0
2021-05-09T00:07:12.0527059+05:30:Thread#:Scheduler: testitem #4 from normal test queue 
2021-05-09T00:07:12.0528633+05:30:Thread#0:Scheduler: considering testitem #4 for thread 0
2021-05-09T00:07:12.0632545+05:30:Thread#0:TestItem#4:testItemMatchesCurrentTestThread:UnSpecific
2021-05-09T00:07:12.0632919+05:30:Thread#0:TestItem#4:runsOnOneOtherThreadSpecific:False
2021-05-09T00:07:12.0632956+05:30:Thread#0:TestItem#4:runsOnOneOtherThreadUnspecific:True
2021-05-09T00:07:12.0633017+05:30:Thread#0:Scheduler: using testitem #4 for thread 0
2021-05-09T00:07:12.0650667+05:30:Thread#0:Scheduler: Test #4 is scheduled for thread
2021-05-09T00:07:12.0684173+05:30:Thread#0:Scheduler: with testItemExecutionIndex 0
2021-05-09T00:07:12.0685228+05:30:Thread#1:Scheduler: get next test for thread 1
2021-05-09T00:07:12.0685749+05:30:Thread#:Scheduler: testitem #6 from normal test queue 
2021-05-09T00:07:12.0685796+05:30:Thread#1:Scheduler: considering testitem #6 for thread 1
2021-05-09T00:07:12.0686345+05:30:Thread#1:TestItem#6:testItemMatchesCurrentTestThread:UnSpecific
2021-05-09T00:07:12.0686403+05:30:Thread#1:TestItem#6:runsOnOneOtherThreadSpecific:False
2021-05-09T00:07:12.0686428+05:30:Thread#1:TestItem#6:runsOnOneOtherThreadUnspecific:True
2021-05-09T00:07:12.0686455+05:30:Thread#1:Scheduler: using testitem #6 for thread 1
2021-05-09T00:07:12.0686591+05:30:Thread#1:Scheduler: Test #6 is scheduled for thread
2021-05-09T00:07:12.0686827+05:30:Thread#1:Scheduler: with testItemExecutionIndex 0
2021-05-09T00:07:12.0741611+05:30:Thread #1: creating new test thread executor for SpecFlowProject2, Version=1.0.0.0, Culture=neutral, PublicKeyToken=null (target: Default)
2021-05-09T00:07:12.0741616+05:30:Thread #0: creating new test thread executor for SpecFlowProject2, Version=1.0.0.0, Culture=neutral, PublicKeyToken=null (target: Default)
2021-05-09T00:07:12.0804094+05:30:Thread #1: Creating test assembly executor for execution model OutProc
2021-05-09T00:07:12.0804128+05:30:Thread #0: Creating test assembly executor for execution model OutProc
2021-05-09T00:07:12.0809469+05:30:Thread #0: Creating test assembly executor for execution model OutProc
2021-05-09T00:07:12.0809571+05:30:Thread #1: Creating test assembly executor for execution model OutProc
2021-05-09T00:07:12.0909732+05:30:Thread #1: using TechTalk.SpecRun.Framework.Execution.OutOfProc.StreamJsonRPC.OutOfProcessTestAssemblyExecutorHost to execute tests
2021-05-09T00:07:12.0909656+05:30:Thread #0: using TechTalk.SpecRun.Framework.Execution.OutOfProc.StreamJsonRPC.OutOfProcessTestAssemblyExecutorHost to execute tests
2021-05-09T00:07:12.0959446+05:30:starting Out Of Process Executor
2021-05-09T00:07:12.0959685+05:30:starting Out Of Process Executor
2021-05-09T00:07:12.1019905+05:30:Assembly resolving Microsoft.VisualStudio.Validation, Version=15.3.0.0, Culture=neutral, PublicKeyToken=b03f5f7f11d50a3a
2021-05-09T00:07:12.1075282+05:30:[AssemblyCache] Trying to resolve 'Microsoft.VisualStudio.Validation' from .deps.json file
2021-05-09T00:07:12.1075584+05:30:[AssemblyCache] Could not resolve 'Microsoft.VisualStudio.Validation' from .deps.json
2021-05-09T00:07:12.1102394+05:30:[AssemblyCache] Trying to resolve 'Microsoft.VisualStudio.Validation' in folder 'C:\Users\himan\Himanshu\Projects\SpecFlowProject2\SpecFlowProject2\bin\Debug\netcoreapp3.1'
2021-05-09T00:07:12.1109712+05:30:[AssemblyCache] Trying to resolve 'Microsoft.VisualStudio.Validation' to 'C:\Users\himan\Himanshu\Projects\SpecFlowProject2\SpecFlowProject2\bin\Debug\netcoreapp3.1\Microsoft.VisualStudio.Validation.dll'
2021-05-09T00:07:12.1112577+05:30:[AssemblyCache] Trying to resolve 'Microsoft.VisualStudio.Validation' to 'C:\Users\himan\Himanshu\Projects\SpecFlowProject2\SpecFlowProject2\bin\Debug\netcoreapp3.1\Microsoft.VisualStudio.Validation.exe'
2021-05-09T00:07:12.1114529+05:30:[AssemblyCache] Could not resolve 'Microsoft.VisualStudio.Validation' in folder 'C:\Users\himan\Himanshu\Projects\SpecFlowProject2\SpecFlowProject2\bin\Debug\netcoreapp3.1'
2021-05-09T00:07:12.1120471+05:30:TargetFramework: .NETCoreApp,Version=v3.1
2021-05-09T00:07:12.1126613+05:30:Tfm: netcoreapp3.1
2021-05-09T00:07:12.1126951+05:30:[AssemblyCache] Trying to resolve 'Microsoft.VisualStudio.Validation' in folder 'C:\Users\himan\Himanshu\Projects\SpecFlowProject2\SpecFlowProject2\bin\Debug\netcoreapp3.1\SpecFlowPlusRunner\netcoreapp3.1'
2021-05-09T00:07:12.1127007+05:30:[AssemblyCache] Trying to resolve 'Microsoft.VisualStudio.Validation' to 'C:\Users\himan\Himanshu\Projects\SpecFlowProject2\SpecFlowProject2\bin\Debug\netcoreapp3.1\SpecFlowPlusRunner\netcoreapp3.1\Microsoft.VisualStudio.Validation.dll'
2021-05-09T00:07:12.1130122+05:30:[AssemblyCache] Found file 'C:\Users\himan\Himanshu\Projects\SpecFlowProject2\SpecFlowProject2\bin\Debug\netcoreapp3.1\SpecFlowPlusRunner\netcoreapp3.1\Microsoft.VisualStudio.Validation.dll' for assembly 'Microsoft.VisualStudio.Validation'
2021-05-09T00:07:12.1144454+05:30:[AssemblyCache] Resolved 'Microsoft.VisualStudio.Validation' to C:\Users\himan\Himanshu\Projects\SpecFlowProject2\SpecFlowProject2\bin\Debug\netcoreapp3.1\SpecFlowPlusRunner\netcoreapp3.1\Microsoft.VisualStudio.Validation.dll
2021-05-09T00:07:12.1159140+05:30:Starting callback TCP Rpc server
2021-05-09T00:07:12.1159307+05:30:Starting callback TCP Rpc server
2021-05-09T00:07:12.1521087+05:30:Asynchronously starting background TCP Rpc Server on port 32769
2021-05-09T00:07:12.1521862+05:30:Started callback TCP Rpc server on port 32769
2021-05-09T00:07:12.1521926+05:30:Starting logger TCP Rpc server
2021-05-09T00:07:12.1553361+05:30:Asynchronously starting background TCP Rpc Server on port 32772
2021-05-09T00:07:12.1553774+05:30:Started callback TCP Rpc server on port 32772
2021-05-09T00:07:12.1553799+05:30:Starting logger TCP Rpc server
2021-05-09T00:07:12.1580510+05:30:Asynchronously starting background TCP Rpc Server on port 32773
2021-05-09T00:07:12.1580824+05:30:Started logger TCP Rpc server on port 32773
2021-05-09T00:07:12.1604899+05:30:Asynchronously starting background TCP Rpc Server on port 32774
2021-05-09T00:07:12.1605188+05:30:Started logger TCP Rpc server on port 32774
2021-05-09T00:07:12.3936320+05:30:Executing test executor at 'dotnet' 'exec "C:\Users\himan\Himanshu\Projects\SpecFlowProject2\SpecFlowProject2\bin\Debug\netcoreapp3.1\SpecFlowPlusRunner\netcoreapp3.1\TechTalk.SpecRun.Framework.Executor.anycpu.netcoreapp3_1.dll" --remoteRunnerPid 12204 --uniqueId "2021-05-09T000710" --outputFolder "C:\Users\himan\Himanshu\Projects\SpecFlowProject2\SpecFlowProject2\bin\Debug\netcoreapp3.1\Results" --callbackPort 32772 --loggerPort 32773' in 'C:\Users\himan\Himanshu\Projects\SpecFlowProject2\SpecFlowProject2\bin\Debug\netcoreapp3.1'
2021-05-09T00:07:12.3981941+05:30:Executing test executor at 'dotnet' 'exec "C:\Users\himan\Himanshu\Projects\SpecFlowProject2\SpecFlowProject2\bin\Debug\netcoreapp3.1\SpecFlowPlusRunner\netcoreapp3.1\TechTalk.SpecRun.Framework.Executor.anycpu.netcoreapp3_1.dll" --remoteRunnerPid 12204 --uniqueId "2021-05-09T000710" --outputFolder "C:\Users\himan\Himanshu\Projects\SpecFlowProject2\SpecFlowProject2\bin\Debug\netcoreapp3.1\Results" --callbackPort 32769 --loggerPort 32774' in 'C:\Users\himan\Himanshu\Projects\SpecFlowProject2\SpecFlowProject2\bin\Debug\netcoreapp3.1'
2021-05-09T00:07:12.4430362+05:30:Executor with PID 23128 has been started successfully.
2021-05-09T00:07:12.4527026+05:30:Executor with PID 21224 has been started successfully.
2021-05-09T00:07:12.4559352+05:30:Out of Process Executor 23128 started
2021-05-09T00:07:12.4559702+05:30:Waiting for endpoint
2021-05-09T00:07:12.4559705+05:30:Out of Process Executor 21224 started
2021-05-09T00:07:12.4559920+05:30:Waiting for endpoint
2021-05-09T00:07:13.1406777+05:30:Assembly resolving Microsoft.VisualStudio.Threading, Version=15.3.0.0, Culture=neutral, PublicKeyToken=b03f5f7f11d50a3a
2021-05-09T00:07:13.1407058+05:30:[AssemblyCache] Trying to resolve 'Microsoft.VisualStudio.Threading' from .deps.json file
2021-05-09T00:07:13.1407098+05:30:[AssemblyCache] Could not resolve 'Microsoft.VisualStudio.Threading' from .deps.json
2021-05-09T00:07:13.1407188+05:30:[AssemblyCache] Trying to resolve 'Microsoft.VisualStudio.Threading' in folder 'C:\Users\himan\Himanshu\Projects\SpecFlowProject2\SpecFlowProject2\bin\Debug\netcoreapp3.1'
2021-05-09T00:07:13.1407214+05:30:[AssemblyCache] Trying to resolve 'Microsoft.VisualStudio.Threading' to 'C:\Users\himan\Himanshu\Projects\SpecFlowProject2\SpecFlowProject2\bin\Debug\netcoreapp3.1\Microsoft.VisualStudio.Threading.dll'
2021-05-09T00:07:13.1408252+05:30:[AssemblyCache] Trying to resolve 'Microsoft.VisualStudio.Threading' to 'C:\Users\himan\Himanshu\Projects\SpecFlowProject2\SpecFlowProject2\bin\Debug\netcoreapp3.1\Microsoft.VisualStudio.Threading.exe'
2021-05-09T00:07:13.1409252+05:30:[AssemblyCache] Could not resolve 'Microsoft.VisualStudio.Threading' in folder 'C:\Users\himan\Himanshu\Projects\SpecFlowProject2\SpecFlowProject2\bin\Debug\netcoreapp3.1'
2021-05-09T00:07:13.1409314+05:30:TargetFramework: .NETCoreApp,Version=v3.1
2021-05-09T00:07:13.1409503+05:30:Tfm: netcoreapp3.1
2021-05-09T00:07:13.1409554+05:30:[AssemblyCache] Trying to resolve 'Microsoft.VisualStudio.Threading' in folder 'C:\Users\himan\Himanshu\Projects\SpecFlowProject2\SpecFlowProject2\bin\Debug\netcoreapp3.1\SpecFlowPlusRunner\netcoreapp3.1'
2021-05-09T00:07:13.1409579+05:30:[AssemblyCache] Trying to resolve 'Microsoft.VisualStudio.Threading' to 'C:\Users\himan\Himanshu\Projects\SpecFlowProject2\SpecFlowProject2\bin\Debug\netcoreapp3.1\SpecFlowPlusRunner\netcoreapp3.1\Microsoft.VisualStudio.Threading.dll'
2021-05-09T00:07:13.1411082+05:30:[AssemblyCache] Found file 'C:\Users\himan\Himanshu\Projects\SpecFlowProject2\SpecFlowProject2\bin\Debug\netcoreapp3.1\SpecFlowPlusRunner\netcoreapp3.1\Microsoft.VisualStudio.Threading.dll' for assembly 'Microsoft.VisualStudio.Threading'
2021-05-09T00:07:13.1423034+05:30:[AssemblyCache] Resolved 'Microsoft.VisualStudio.Threading' to C:\Users\himan\Himanshu\Projects\SpecFlowProject2\SpecFlowProject2\bin\Debug\netcoreapp3.1\SpecFlowPlusRunner\netcoreapp3.1\Microsoft.VisualStudio.Threading.dll
2021-05-09T00:07:13.5527812+05:30:Remote executor port received: 32775
2021-05-09T00:07:13.5527812+05:30:Remote executor port received: 32776
2021-05-09T00:07:13.5533662+05:30:Creating executor TCP client on port 32775
2021-05-09T00:07:13.5534143+05:30:Creating executor TCP client on port 32776
2021-05-09T00:07:13.5539387+05:30:Created executor TCP client on port 32775
2021-05-09T00:07:13.5539475+05:30:Connecting to remote executor TCP server
2021-05-09T00:07:13.5539426+05:30:Created executor TCP client on port 32776
2021-05-09T00:07:13.5539510+05:30:Connecting to remote executor TCP server
2021-05-09T00:07:13.5557289+05:30:Connected remote executor TCP server
2021-05-09T00:07:13.5557288+05:30:Connected remote executor TCP server
2021-05-09T00:07:13.5559651+05:30:trying to connect to Out of Process Executor the 1 attempt
2021-05-09T00:07:13.5559654+05:30:trying to connect to Out of Process Executor the 1 attempt
2021-05-09T00:07:13.5559800+05:30:Connection to Out of Process Executor established in the 1 attempt
2021-05-09T00:07:13.5559804+05:30:Connection to Out of Process Executor established in the 1 attempt
2021-05-09T00:07:13.8271940+05:30:2021-05-09T00:07:13.8231501+05:30:OutOfProcessTestAssemblyExecutor: initialized for C:\Users\himan\Himanshu\Projects\SpecFlowProject2\SpecFlowProject2\bin\Debug\netcoreapp3.1\SpecFlowProject2.dll on test thread #1
2021-05-09T00:07:13.8277697+05:30:2021-05-09T00:07:13.8231670+05:30:OutOfProcessTestAssemblyExecutor: initialized for C:\Users\himan\Himanshu\Projects\SpecFlowProject2\SpecFlowProject2\bin\Debug\netcoreapp3.1\SpecFlowProject2.dll on test thread #0
2021-05-09T00:07:13.8393611+05:30:Endpoint 23128 started
2021-05-09T00:07:13.8393622+05:30:Endpoint 21224 started
2021-05-09T00:07:13.8775773+05:30:2021-05-09T00:07:13.8767798+05:30:OutOfProcessTestAssemblyExecutor: running tests...
2021-05-09T00:07:13.8775894+05:30:2021-05-09T00:07:13.8770089+05:30:OutOfProcessTestAssemblyExecutor: running tests...
2021-05-09T00:07:14.1849269+05:30:2021-05-09T00:07:14.1832043+05:30:Assembly resolving TechTalk.SpecFlow, Version=3.7.0.0, Culture=neutral, PublicKeyToken=0778194805d6db41
2021-05-09T00:07:14.1919231+05:30:2021-05-09T00:07:14.1906122+05:30:[AssemblyCache] Trying to resolve 'TechTalk.SpecFlow' from .deps.json file
2021-05-09T00:07:14.1937148+05:30:2021-05-09T00:07:14.1927421+05:30:Assembly resolving TechTalk.SpecFlow, Version=3.7.0.0, Culture=neutral, PublicKeyToken=0778194805d6db41
2021-05-09T00:07:14.1976280+05:30:2021-05-09T00:07:14.1961438+05:30:[AssemblyCache] Resolved 'TechTalk.SpecFlow' to 'C:\Users\himan\.nuget\packages\specflow\3.7.13\lib\netstandard2.0\TechTalk.SpecFlow.dll'
2021-05-09T00:07:14.1996458+05:30:2021-05-09T00:07:14.1983858+05:30:[AssemblyCache] Trying to resolve 'TechTalk.SpecFlow' from .deps.json file
2021-05-09T00:07:14.2046882+05:30:2021-05-09T00:07:14.2037230+05:30:[AssemblyCache] Resolved 'TechTalk.SpecFlow' to 'C:\Users\himan\.nuget\packages\specflow\3.7.13\lib\netstandard2.0\TechTalk.SpecFlow.dll'
2021-05-09T00:07:14.3649589+05:30:2021-05-09T00:07:14.3637354+05:30:Thread#0:T:-> Loading plugin C:\Users\himan\Himanshu\Projects\SpecFlowProject2\SpecFlowProject2\bin\Debug\netcoreapp3.1\SpecFlowProject2.dll
2021-05-09T00:07:14.3650113+05:30:2021-05-09T00:07:14.3646137+05:30:Thread#1:T:-> Loading plugin C:\Users\himan\Himanshu\Projects\SpecFlowProject2\SpecFlowProject2\bin\Debug\netcoreapp3.1\SpecFlowProject2.dll
2021-05-09T00:07:14.3670168+05:30:2021-05-09T00:07:14.3665155+05:30:Assembly resolving Microsoft.Extensions.DependencyModel, Version=1.0.1.0, Culture=neutral, PublicKeyToken=adb9793829ddae60
2021-05-09T00:07:14.3670240+05:30:2021-05-09T00:07:14.3665245+05:30:Assembly resolving Microsoft.Extensions.DependencyModel, Version=1.0.1.0, Culture=neutral, PublicKeyToken=adb9793829ddae60
2021-05-09T00:07:14.3675740+05:30:2021-05-09T00:07:14.3672813+05:30:[AssemblyCache] Trying to resolve 'Microsoft.Extensions.DependencyModel' from .deps.json file
2021-05-09T00:07:14.3676577+05:30:2021-05-09T00:07:14.3673468+05:30:[AssemblyCache] Trying to resolve 'Microsoft.Extensions.DependencyModel' from .deps.json file
2021-05-09T00:07:14.3688733+05:30:2021-05-09T00:07:14.3683209+05:30:[AssemblyCache] Resolved 'Microsoft.Extensions.DependencyModel' to 'C:\Users\himan\.nuget\packages\microsoft.extensions.dependencymodel\1.0.3\lib\netstandard1.6\Microsoft.Extensions.DependencyModel.dll'
2021-05-09T00:07:14.3689042+05:30:2021-05-09T00:07:14.3682908+05:30:[AssemblyCache] Resolved 'Microsoft.Extensions.DependencyModel' to 'C:\Users\himan\.nuget\packages\microsoft.extensions.dependencymodel\1.0.3\lib\netstandard1.6\Microsoft.Extensions.DependencyModel.dll'
2021-05-09T00:07:14.4238153+05:30:2021-05-09T00:07:14.4233492+05:30:Assembly resolving Microsoft.DotNet.PlatformAbstractions, Version=1.0.1.0, Culture=neutral, PublicKeyToken=adb9793829ddae60
2021-05-09T00:07:14.4238509+05:30:2021-05-09T00:07:14.4233439+05:30:Assembly resolving Microsoft.DotNet.PlatformAbstractions, Version=1.0.1.0, Culture=neutral, PublicKeyToken=adb9793829ddae60
2021-05-09T00:07:14.4243485+05:30:2021-05-09T00:07:14.4240852+05:30:[AssemblyCache] Trying to resolve 'Microsoft.DotNet.PlatformAbstractions' from .deps.json file
2021-05-09T00:07:14.4244351+05:30:2021-05-09T00:07:14.4241240+05:30:[AssemblyCache] Trying to resolve 'Microsoft.DotNet.PlatformAbstractions' from .deps.json file
2021-05-09T00:07:14.4251704+05:30:2021-05-09T00:07:14.4248681+05:30:[AssemblyCache] Resolved 'Microsoft.DotNet.PlatformAbstractions' to 'C:\Users\himan\.nuget\packages\microsoft.dotnet.platformabstractions\1.0.3\lib\netstandard1.3\Microsoft.DotNet.PlatformAbstractions.dll'
2021-05-09T00:07:14.4252721+05:30:2021-05-09T00:07:14.4249153+05:30:[AssemblyCache] Resolved 'Microsoft.DotNet.PlatformAbstractions' to 'C:\Users\himan\.nuget\packages\microsoft.dotnet.platformabstractions\1.0.3\lib\netstandard1.3\Microsoft.DotNet.PlatformAbstractions.dll'
2021-05-09T00:07:14.4364486+05:30:2021-05-09T00:07:14.4358652+05:30:Thread#0:T:-> Missing [assembly:RuntimePlugin] attribute in SpecFlowProject2, Version=1.0.0.0, Culture=neutral, PublicKeyToken=null. Please check https://go.specflow.org/doc-plugins for details.
2021-05-09T00:07:14.4364684+05:30:2021-05-09T00:07:14.4359802+05:30:Thread#1:T:-> Missing [assembly:RuntimePlugin] attribute in SpecFlowProject2, Version=1.0.0.0, Culture=neutral, PublicKeyToken=null. Please check https://go.specflow.org/doc-plugins for details.
2021-05-09T00:07:14.4372317+05:30:2021-05-09T00:07:14.4368839+05:30:Thread#1:T:-> Loading plugin C:\Users\himan\Himanshu\Projects\SpecFlowProject2\SpecFlowProject2\bin\Debug\netcoreapp3.1\LivingDoc.SpecFlowPlugin.dll
2021-05-09T00:07:14.4372540+05:30:2021-05-09T00:07:14.4368761+05:30:Thread#0:T:-> Loading plugin C:\Users\himan\Himanshu\Projects\SpecFlowProject2\SpecFlowProject2\bin\Debug\netcoreapp3.1\LivingDoc.SpecFlowPlugin.dll
2021-05-09T00:07:14.4474269+05:30:2021-05-09T00:07:14.4467832+05:30:Assembly resolving LivingDoc.Dtos, Version=3.7.0.0, Culture=neutral, PublicKeyToken=null
2021-05-09T00:07:14.4476267+05:30:2021-05-09T00:07:14.4470878+05:30:Assembly resolving LivingDoc.Dtos, Version=3.7.0.0, Culture=neutral, PublicKeyToken=null
2021-05-09T00:07:14.4485094+05:30:2021-05-09T00:07:14.4478985+05:30:[AssemblyCache] Trying to resolve 'LivingDoc.Dtos' from .deps.json file
2021-05-09T00:07:14.4487434+05:30:2021-05-09T00:07:14.4480894+05:30:[AssemblyCache] Trying to resolve 'LivingDoc.Dtos' from .deps.json file
2021-05-09T00:07:14.4501743+05:30:2021-05-09T00:07:14.4496146+05:30:[AssemblyCache] Resolved 'LivingDoc.Dtos' to 'C:\Users\himan\.nuget\packages\specflow.plus.livingdocplugin\3.7.141\lib\netstandard2.0\LivingDoc.Dtos.dll'
2021-05-09T00:07:14.4504291+05:30:2021-05-09T00:07:14.4498428+05:30:[AssemblyCache] Resolved 'LivingDoc.Dtos' to 'C:\Users\himan\.nuget\packages\specflow.plus.livingdocplugin\3.7.141\lib\netstandard2.0\LivingDoc.Dtos.dll'
2021-05-09T00:07:14.4675991+05:30:2021-05-09T00:07:14.4663986+05:30:Thread#0:T:-> Loading plugin C:\Users\himan\Himanshu\Projects\SpecFlowProject2\SpecFlowProject2\bin\Debug\netcoreapp3.1\ReportPortal.SpecFlowPlugin.dll
2021-05-09T00:07:14.4676502+05:30:2021-05-09T00:07:14.4665203+05:30:Thread#1:T:-> Loading plugin C:\Users\himan\Himanshu\Projects\SpecFlowProject2\SpecFlowProject2\bin\Debug\netcoreapp3.1\ReportPortal.SpecFlowPlugin.dll
2021-05-09T00:07:14.4847182+05:30:2021-05-09T00:07:14.4836029+05:30:Assembly resolving ReportPortal.Shared, Version=3.1.1.0, Culture=neutral, PublicKeyToken=null
2021-05-09T00:07:14.4848254+05:30:2021-05-09T00:07:14.4836277+05:30:Assembly resolving ReportPortal.Shared, Version=3.1.1.0, Culture=neutral, PublicKeyToken=null
2021-05-09T00:07:14.4865605+05:30:2021-05-09T00:07:14.4855831+05:30:[AssemblyCache] Trying to resolve 'ReportPortal.Shared' from .deps.json file
2021-05-09T00:07:14.4866137+05:30:2021-05-09T00:07:14.4857299+05:30:[AssemblyCache] Trying to resolve 'ReportPortal.Shared' from .deps.json file
2021-05-09T00:07:14.4893448+05:30:2021-05-09T00:07:14.4884134+05:30:[AssemblyCache] Resolved 'ReportPortal.Shared' to 'C:\Users\himan\.nuget\packages\reportportal.shared\3.1.1\lib\netstandard2.0\ReportPortal.Shared.dll'
2021-05-09T00:07:14.4893908+05:30:2021-05-09T00:07:14.4885126+05:30:[AssemblyCache] Resolved 'ReportPortal.Shared' to 'C:\Users\himan\.nuget\packages\reportportal.shared\3.1.1\lib\netstandard2.0\ReportPortal.Shared.dll'
2021-05-09T00:07:14.6070202+05:30:2021-05-09T00:07:14.6058021+05:30:Thread#0:T:-> Loading plugin C:\Users\himan\Himanshu\Projects\SpecFlowProject2\SpecFlowProject2\bin\Debug\netcoreapp3.1\SpecRun.Runtime.SpecFlowPlugin.dll
2021-05-09T00:07:14.6085828+05:30:2021-05-09T00:07:14.6075303+05:30:Thread#1:T:-> Loading plugin C:\Users\himan\Himanshu\Projects\SpecFlowProject2\SpecFlowProject2\bin\Debug\netcoreapp3.1\SpecRun.Runtime.SpecFlowPlugin.dll
2021-05-09T00:07:14.6406021+05:30:2021-05-09T00:07:14.6394933+05:30:Thread#0:T:-> Using default config
2021-05-09T00:07:14.6416437+05:30:2021-05-09T00:07:14.6405960+05:30:Thread#1:T:-> Using default config
2021-05-09T00:07:14.6857897+05:30:2021-05-09T00:07:14.6847311+05:30:Assembly resolving Cucumber.Messages, Version=6.0.1.0, Culture=neutral, PublicKeyToken=b10c5988214f940c
2021-05-09T00:07:14.6860834+05:30:2021-05-09T00:07:14.6850474+05:30:Assembly resolving Cucumber.Messages, Version=6.0.1.0, Culture=neutral, PublicKeyToken=b10c5988214f940c
2021-05-09T00:07:14.6875946+05:30:2021-05-09T00:07:14.6866225+05:30:[AssemblyCache] Trying to resolve 'Cucumber.Messages' from .deps.json file
2021-05-09T00:07:14.6876518+05:30:2021-05-09T00:07:14.6868454+05:30:[AssemblyCache] Trying to resolve 'Cucumber.Messages' from .deps.json file
2021-05-09T00:07:14.6902210+05:30:2021-05-09T00:07:14.6893333+05:30:[AssemblyCache] Resolved 'Cucumber.Messages' to 'C:\Users\himan\.nuget\packages\cucumber.messages\6.0.1\lib\netstandard2.0\Cucumber.Messages.dll'
2021-05-09T00:07:14.6902844+05:30:2021-05-09T00:07:14.6894379+05:30:[AssemblyCache] Resolved 'Cucumber.Messages' to 'C:\Users\himan\.nuget\packages\cucumber.messages\6.0.1\lib\netstandard2.0\Cucumber.Messages.dll'
2021-05-09T00:07:14.7046589+05:30:2021-05-09T00:07:14.7035539+05:30:Assembly resolving Google.Protobuf, Version=3.7.0.0, Culture=neutral, PublicKeyToken=a7d26565bac4d604
2021-05-09T00:07:14.7055665+05:30:2021-05-09T00:07:14.7043461+05:30:Assembly resolving Google.Protobuf, Version=3.7.0.0, Culture=neutral, PublicKeyToken=a7d26565bac4d604
2021-05-09T00:07:14.7064859+05:30:2021-05-09T00:07:14.7055834+05:30:[AssemblyCache] Trying to resolve 'Google.Protobuf' from .deps.json file
2021-05-09T00:07:14.7073613+05:30:2021-05-09T00:07:14.7064928+05:30:[AssemblyCache] Trying to resolve 'Google.Protobuf' from .deps.json file
2021-05-09T00:07:14.7088576+05:30:2021-05-09T00:07:14.7078640+05:30:[AssemblyCache] Resolved 'Google.Protobuf' to 'C:\Users\himan\.nuget\packages\google.protobuf\3.7.0\lib\netstandard1.0\Google.Protobuf.dll'
2021-05-09T00:07:14.7098298+05:30:2021-05-09T00:07:14.7089615+05:30:[AssemblyCache] Resolved 'Google.Protobuf' to 'C:\Users\himan\.nuget\packages\google.protobuf\3.7.0\lib\netstandard1.0\Google.Protobuf.dll'
2021-05-09T00:07:14.7466217+05:30:2021-05-09T00:07:14.7454927+05:30:Assembly resolving Microsoft.VisualStudio.TestPlatform.ObjectModel, Version=15.0.0.0, Culture=neutral, PublicKeyToken=b03f5f7f11d50a3a
2021-05-09T00:07:14.7467014+05:30:2021-05-09T00:07:14.7458315+05:30:Assembly resolving Microsoft.VisualStudio.TestPlatform.ObjectModel, Version=15.0.0.0, Culture=neutral, PublicKeyToken=b03f5f7f11d50a3a
2021-05-09T00:07:14.7483601+05:30:2021-05-09T00:07:14.7476429+05:30:[AssemblyCache] Trying to resolve 'Microsoft.VisualStudio.TestPlatform.ObjectModel' from .deps.json file
2021-05-09T00:07:14.7486410+05:30:2021-05-09T00:07:14.7477060+05:30:[AssemblyCache] Trying to resolve 'Microsoft.VisualStudio.TestPlatform.ObjectModel' from .deps.json file
2021-05-09T00:07:14.7513405+05:30:2021-05-09T00:07:14.7504397+05:30:[AssemblyCache] Resolved 'Microsoft.VisualStudio.TestPlatform.ObjectModel' to 'C:\Users\himan\.nuget\packages\microsoft.testplatform.objectmodel\16.10.0-release-20210429-01\lib\netcoreapp2.1\Microsoft.VisualStudio.TestPlatform.ObjectModel.dll'
2021-05-09T00:07:14.7515021+05:30:2021-05-09T00:07:14.7507105+05:30:[AssemblyCache] Resolved 'Microsoft.VisualStudio.TestPlatform.ObjectModel' to 'C:\Users\himan\.nuget\packages\microsoft.testplatform.objectmodel\16.10.0-release-20210429-01\lib\netcoreapp2.1\Microsoft.VisualStudio.TestPlatform.ObjectModel.dll'
2021-05-09T00:07:14.8992792+05:30:2021-05-09T00:07:14.8959417+05:30:Assembly resolving Utf8Json, Version=1.3.7.0, Culture=neutral, PublicKeyToken=8a73d3ba7e392e27
2021-05-09T00:07:14.9040588+05:30:2021-05-09T00:07:14.9014718+05:30:[AssemblyCache] Trying to resolve 'Utf8Json' from .deps.json file
2021-05-09T00:07:14.9085691+05:30:2021-05-09T00:07:14.9064912+05:30:[AssemblyCache] Resolved 'Utf8Json' to 'C:\Users\himan\.nuget\packages\utf8json\1.3.7\lib\netstandard2.0\Utf8Json.dll'
2021-05-09T00:07:14.9108128+05:30:2021-05-09T00:07:14.9076628+05:30:Assembly resolving Utf8Json, Version=1.3.7.0, Culture=neutral, PublicKeyToken=8a73d3ba7e392e27
2021-05-09T00:07:14.9153121+05:30:2021-05-09T00:07:14.9127542+05:30:[AssemblyCache] Trying to resolve 'Utf8Json' from .deps.json file
2021-05-09T00:07:14.9205827+05:30:2021-05-09T00:07:14.9186634+05:30:[AssemblyCache] Resolved 'Utf8Json' to 'C:\Users\himan\.nuget\packages\utf8json\1.3.7\lib\netstandard2.0\Utf8Json.dll'
2021-05-09T00:07:15.4094928+05:30:2021-05-09T00:07:15.4066557+05:30:Assembly resolving ReportPortal.Client, Version=3.0.4.0, Culture=neutral, PublicKeyToken=null
2021-05-09T00:07:15.4094920+05:30:2021-05-09T00:07:15.4073495+05:30:Assembly resolving ReportPortal.Client, Version=3.0.4.0, Culture=neutral, PublicKeyToken=null
2021-05-09T00:07:15.4125362+05:30:2021-05-09T00:07:15.4115523+05:30:[AssemblyCache] Trying to resolve 'ReportPortal.Client' from .deps.json file
2021-05-09T00:07:15.4127002+05:30:2021-05-09T00:07:15.4117930+05:30:[AssemblyCache] Trying to resolve 'ReportPortal.Client' from .deps.json file
2021-05-09T00:07:15.4155941+05:30:2021-05-09T00:07:15.4145238+05:30:[AssemblyCache] Resolved 'ReportPortal.Client' to 'C:\Users\himan\.nuget\packages\reportportal.client\3.0.4\lib\netstandard2.0\ReportPortal.Client.dll'
2021-05-09T00:07:15.4156223+05:30:2021-05-09T00:07:15.4147842+05:30:[AssemblyCache] Resolved 'ReportPortal.Client' to 'C:\Users\himan\.nuget\packages\reportportal.client\3.0.4\lib\netstandard2.0\ReportPortal.Client.dll'
2021-05-09T00:07:15.4950766+05:30:2021-05-09T00:07:15.4945540+05:30:Assembly resolving ReportPortal.Shared, Culture=neutral, PublicKeyToken=null
2021-05-09T00:07:15.5007707+05:30:2021-05-09T00:07:15.5003128+05:30:Assembly resolving ReportPortal.Shared, Culture=neutral, PublicKeyToken=null
2021-05-09T00:07:15.5252998+05:30:Thread#0: Test #4/0 is started on thread #0
2021-05-09T00:07:15.5383528+05:30:2021-05-09T00:07:15.5379282+05:30:Assembly resolving System.Private.DataContractSerialization.resources, Version=4.1.5.0, Culture=en-US, PublicKeyToken=b03f5f7f11d50a3a
2021-05-09T00:07:15.5389985+05:30:2021-05-09T00:07:15.5386767+05:30:[AssemblyCache] Trying to resolve 'System.Private.DataContractSerialization.resources' from .deps.json file
2021-05-09T00:07:15.5431493+05:30:Thread#1: Test #6/0 is started on thread #1
2021-05-09T00:07:15.5518404+05:30:2021-05-09T00:07:15.5392558+05:30:[AssemblyCache] Could not resolve 'System.Private.DataContractSerialization.resources' from .deps.json
2021-05-09T00:07:15.5543761+05:30:2021-05-09T00:07:15.5539220+05:30:Assembly resolving System.Private.DataContractSerialization.resources, Version=4.1.5.0, Culture=en-US, PublicKeyToken=b03f5f7f11d50a3a
2021-05-09T00:07:15.5549468+05:30:2021-05-09T00:07:15.5546302+05:30:[AssemblyCache] Trying to resolve 'System.Private.DataContractSerialization.resources' from .deps.json file
2021-05-09T00:07:15.5554279+05:30:2021-05-09T00:07:15.5551728+05:30:[AssemblyCache] Could not resolve 'System.Private.DataContractSerialization.resources' from .deps.json
2021-05-09T00:07:15.5557745+05:30:2021-05-09T00:07:15.5552639+05:30:[AssemblyCache] Trying to resolve 'System.Private.DataContractSerialization.resources' in folder 'C:\Users\himan\Himanshu\Projects\SpecFlowProject2\SpecFlowProject2\bin\Debug\netcoreapp3.1'
2021-05-09T00:07:15.5579375+05:30:2021-05-09T00:07:15.5574603+05:30:[AssemblyCache] Trying to resolve 'System.Private.DataContractSerialization.resources' to 'C:\Users\himan\Himanshu\Projects\SpecFlowProject2\SpecFlowProject2\bin\Debug\netcoreapp3.1\System.Private.DataContractSerialization.resources.dll'
2021-05-09T00:07:15.5583393+05:30:2021-05-09T00:07:15.5579472+05:30:[AssemblyCache] Trying to resolve 'System.Private.DataContractSerialization.resources' in folder 'C:\Users\himan\Himanshu\Projects\SpecFlowProject2\SpecFlowProject2\bin\Debug\netcoreapp3.1'
2021-05-09T00:07:15.5590975+05:30:2021-05-09T00:07:15.5584919+05:30:[AssemblyCache] Trying to resolve 'System.Private.DataContractSerialization.resources' to 'C:\Users\himan\Himanshu\Projects\SpecFlowProject2\SpecFlowProject2\bin\Debug\netcoreapp3.1\System.Private.DataContractSerialization.resources.exe'
2021-05-09T00:07:15.5598926+05:30:2021-05-09T00:07:15.5595456+05:30:[AssemblyCache] Could not resolve 'System.Private.DataContractSerialization.resources' in folder 'C:\Users\himan\Himanshu\Projects\SpecFlowProject2\SpecFlowProject2\bin\Debug\netcoreapp3.1'
2021-05-09T00:07:15.5601106+05:30:2021-05-09T00:07:15.5597016+05:30:[AssemblyCache] Trying to resolve 'System.Private.DataContractSerialization.resources' to 'C:\Users\himan\Himanshu\Projects\SpecFlowProject2\SpecFlowProject2\bin\Debug\netcoreapp3.1\System.Private.DataContractSerialization.resources.dll'
2021-05-09T00:07:15.5608601+05:30:2021-05-09T00:07:15.5604825+05:30:[AssemblyCache] Trying to resolve 'System.Private.DataContractSerialization.resources' to 'C:\Users\himan\Himanshu\Projects\SpecFlowProject2\SpecFlowProject2\bin\Debug\netcoreapp3.1\System.Private.DataContractSerialization.resources.exe'
2021-05-09T00:07:15.5610153+05:30:2021-05-09T00:07:15.5605931+05:30:TargetFramework: .NETCoreApp,Version=v3.1
2021-05-09T00:07:15.5616028+05:30:2021-05-09T00:07:15.5612721+05:30:[AssemblyCache] Could not resolve 'System.Private.DataContractSerialization.resources' in folder 'C:\Users\himan\Himanshu\Projects\SpecFlowProject2\SpecFlowProject2\bin\Debug\netcoreapp3.1'
2021-05-09T00:07:15.5621508+05:30:2021-05-09T00:07:15.5618665+05:30:Tfm: netcoreapp3.1
2021-05-09T00:07:15.5626943+05:30:2021-05-09T00:07:15.5623081+05:30:TargetFramework: .NETCoreApp,Version=v3.1
2021-05-09T00:07:15.5627883+05:30:2021-05-09T00:07:15.5624447+05:30:[AssemblyCache] Trying to resolve 'System.Private.DataContractSerialization.resources' in folder 'C:\Users\himan\Himanshu\Projects\SpecFlowProject2\SpecFlowProject2\bin\Debug\netcoreapp3.1\SpecFlowPlusRunner\netcoreapp3.1'
2021-05-09T00:07:15.5645498+05:30:2021-05-09T00:07:15.5636548+05:30:[AssemblyCache] Trying to resolve 'System.Private.DataContractSerialization.resources' to 'C:\Users\himan\Himanshu\Projects\SpecFlowProject2\SpecFlowProject2\bin\Debug\netcoreapp3.1\SpecFlowPlusRunner\netcoreapp3.1\System.Private.DataContractSerialization.resources.dll'
2021-05-09T00:07:15.5656138+05:30:2021-05-09T00:07:15.5651037+05:30:Tfm: netcoreapp3.1
2021-05-09T00:07:15.5659650+05:30:2021-05-09T00:07:15.5653983+05:30:[AssemblyCache] Trying to resolve 'System.Private.DataContractSerialization.resources' to 'C:\Users\himan\Himanshu\Projects\SpecFlowProject2\SpecFlowProject2\bin\Debug\netcoreapp3.1\SpecFlowPlusRunner\netcoreapp3.1\System.Private.DataContractSerialization.resources.exe'
2021-05-09T00:07:15.5662803+05:30:2021-05-09T00:07:15.5659779+05:30:[AssemblyCache] Trying to resolve 'System.Private.DataContractSerialization.resources' in folder 'C:\Users\himan\Himanshu\Projects\SpecFlowProject2\SpecFlowProject2\bin\Debug\netcoreapp3.1\SpecFlowPlusRunner\netcoreapp3.1'
2021-05-09T00:07:15.5667227+05:30:2021-05-09T00:07:15.5664003+05:30:[AssemblyCache] Could not resolve 'System.Private.DataContractSerialization.resources' in folder 'C:\Users\himan\Himanshu\Projects\SpecFlowProject2\SpecFlowProject2\bin\Debug\netcoreapp3.1\SpecFlowPlusRunner\netcoreapp3.1'
2021-05-09T00:07:15.5668738+05:30:2021-05-09T00:07:15.5665184+05:30:[AssemblyCache] Trying to resolve 'System.Private.DataContractSerialization.resources' to 'C:\Users\himan\Himanshu\Projects\SpecFlowProject2\SpecFlowProject2\bin\Debug\netcoreapp3.1\SpecFlowPlusRunner\netcoreapp3.1\System.Private.DataContractSerialization.resources.dll'
2021-05-09T00:07:15.5675162+05:30:2021-05-09T00:07:15.5672319+05:30:[AssemblyCache] Trying to resolve 'System.Private.DataContractSerialization.resources' to 'C:\Users\himan\Himanshu\Projects\SpecFlowProject2\SpecFlowProject2\bin\Debug\netcoreapp3.1\SpecFlowPlusRunner\netcoreapp3.1\System.Private.DataContractSerialization.resources.exe'
2021-05-09T00:07:15.5682140+05:30:2021-05-09T00:07:15.5679315+05:30:[AssemblyCache] Could not resolve 'System.Private.DataContractSerialization.resources' in folder 'C:\Users\himan\Himanshu\Projects\SpecFlowProject2\SpecFlowProject2\bin\Debug\netcoreapp3.1\SpecFlowPlusRunner\netcoreapp3.1'
2021-05-09T00:07:15.5803723+05:30:2021-05-09T00:07:15.5794336+05:30:[AssemblyCache] Trying to resolve 'System.Private.DataContractSerialization.resources' in folder 'C:\Program Files\dotnet\shared\Microsoft.AspNetCore.App\3.1.14'
2021-05-09T00:07:15.5814620+05:30:2021-05-09T00:07:15.5810857+05:30:[AssemblyCache] Trying to resolve 'System.Private.DataContractSerialization.resources' to 'C:\Program Files\dotnet\shared\Microsoft.AspNetCore.App\3.1.14\System.Private.DataContractSerialization.resources.dll'
2021-05-09T00:07:15.5820837+05:30:2021-05-09T00:07:15.5817073+05:30:[AssemblyCache] Trying to resolve 'System.Private.DataContractSerialization.resources' in folder 'C:\Program Files\dotnet\shared\Microsoft.AspNetCore.App\3.1.14'
2021-05-09T00:07:15.5822234+05:30:2021-05-09T00:07:15.5819431+05:30:[AssemblyCache] Trying to resolve 'System.Private.DataContractSerialization.resources' to 'C:\Program Files\dotnet\shared\Microsoft.AspNetCore.App\3.1.14\System.Private.DataContractSerialization.resources.exe'
2021-05-09T00:07:15.5826638+05:30:2021-05-09T00:07:15.5823630+05:30:[AssemblyCache] Trying to resolve 'System.Private.DataContractSerialization.resources' to 'C:\Program Files\dotnet\shared\Microsoft.AspNetCore.App\3.1.14\System.Private.DataContractSerialization.resources.dll'
2021-05-09T00:07:15.5828225+05:30:2021-05-09T00:07:15.5825864+05:30:[AssemblyCache] Could not resolve 'System.Private.DataContractSerialization.resources' in folder 'C:\Program Files\dotnet\shared\Microsoft.AspNetCore.App\3.1.14'
2021-05-09T00:07:15.5833319+05:30:2021-05-09T00:07:15.5830424+05:30:[AssemblyCache] Trying to resolve 'System.Private.DataContractSerialization.resources' to 'C:\Program Files\dotnet\shared\Microsoft.AspNetCore.App\3.1.14\System.Private.DataContractSerialization.resources.exe'
2021-05-09T00:07:15.5836867+05:30:2021-05-09T00:07:15.5834165+05:30:[AssemblyCache] Trying to resolve 'System.Private.DataContractSerialization.resources' in folder 'C:\Program Files\dotnet\shared\Microsoft.NETCore.App\3.1.14'
2021-05-09T00:07:15.5840453+05:30:2021-05-09T00:07:15.5837534+05:30:[AssemblyCache] Could not resolve 'System.Private.DataContractSerialization.resources' in folder 'C:\Program Files\dotnet\shared\Microsoft.AspNetCore.App\3.1.14'
2021-05-09T00:07:15.5841833+05:30:2021-05-09T00:07:15.5839157+05:30:[AssemblyCache] Trying to resolve 'System.Private.DataContractSerialization.resources' to 'C:\Program Files\dotnet\shared\Microsoft.NETCore.App\3.1.14\System.Private.DataContractSerialization.resources.dll'
2021-05-09T00:07:15.5847609+05:30:2021-05-09T00:07:15.5845337+05:30:[AssemblyCache] Trying to resolve 'System.Private.DataContractSerialization.resources' to 'C:\Program Files\dotnet\shared\Microsoft.NETCore.App\3.1.14\System.Private.DataContractSerialization.resources.exe'
2021-05-09T00:07:15.5849015+05:30:2021-05-09T00:07:15.5846327+05:30:[AssemblyCache] Trying to resolve 'System.Private.DataContractSerialization.resources' in folder 'C:\Program Files\dotnet\shared\Microsoft.NETCore.App\3.1.14'
2021-05-09T00:07:15.5853177+05:30:2021-05-09T00:07:15.5850931+05:30:[AssemblyCache] Could not resolve 'System.Private.DataContractSerialization.resources' in folder 'C:\Program Files\dotnet\shared\Microsoft.NETCore.App\3.1.14'
2021-05-09T00:07:15.5854454+05:30:2021-05-09T00:07:15.5851213+05:30:[AssemblyCache] Trying to resolve 'System.Private.DataContractSerialization.resources' to 'C:\Program Files\dotnet\shared\Microsoft.NETCore.App\3.1.14\System.Private.DataContractSerialization.resources.dll'
2021-05-09T00:07:15.5860185+05:30:2021-05-09T00:07:15.5857704+05:30:[AssemblyCache] Trying to resolve 'System.Private.DataContractSerialization.resources' to 'C:\Program Files\dotnet\shared\Microsoft.NETCore.App\3.1.14\System.Private.DataContractSerialization.resources.exe'
2021-05-09T00:07:15.5861674+05:30:2021-05-09T00:07:15.5858604+05:30:[AssemblyCache] Trying to resolve 'System.Private.DataContractSerialization.resources' in folder 'C:\Program Files\dotnet\shared\Microsoft.WindowsDesktop.App\3.1.14'
2021-05-09T00:07:15.5866529+05:30:2021-05-09T00:07:15.5863580+05:30:[AssemblyCache] Could not resolve 'System.Private.DataContractSerialization.resources' in folder 'C:\Program Files\dotnet\shared\Microsoft.NETCore.App\3.1.14'
2021-05-09T00:07:15.5867684+05:30:2021-05-09T00:07:15.5864184+05:30:[AssemblyCache] Trying to resolve 'System.Private.DataContractSerialization.resources' to 'C:\Program Files\dotnet\shared\Microsoft.WindowsDesktop.App\3.1.14\System.Private.DataContractSerialization.resources.dll'
2021-05-09T00:07:15.5873572+05:30:2021-05-09T00:07:15.5870630+05:30:[AssemblyCache] Trying to resolve 'System.Private.DataContractSerialization.resources' to 'C:\Program Files\dotnet\shared\Microsoft.WindowsDesktop.App\3.1.14\System.Private.DataContractSerialization.resources.exe'
2021-05-09T00:07:15.5875088+05:30:2021-05-09T00:07:15.5872077+05:30:[AssemblyCache] Trying to resolve 'System.Private.DataContractSerialization.resources' in folder 'C:\Program Files\dotnet\shared\Microsoft.WindowsDesktop.App\3.1.14'
2021-05-09T00:07:15.5880125+05:30:2021-05-09T00:07:15.5877444+05:30:[AssemblyCache] Trying to resolve 'System.Private.DataContractSerialization.resources' to 'C:\Program Files\dotnet\shared\Microsoft.WindowsDesktop.App\3.1.14\System.Private.DataContractSerialization.resources.dll'
2021-05-09T00:07:15.5881144+05:30:2021-05-09T00:07:15.5877523+05:30:[AssemblyCache] Could not resolve 'System.Private.DataContractSerialization.resources' in folder 'C:\Program Files\dotnet\shared\Microsoft.WindowsDesktop.App\3.1.14'
2021-05-09T00:07:15.5885639+05:30:2021-05-09T00:07:15.5883284+05:30:[AssemblyCache] Trying to resolve 'System.Private.DataContractSerialization.resources' to 'C:\Program Files\dotnet\shared\Microsoft.WindowsDesktop.App\3.1.14\System.Private.DataContractSerialization.resources.exe'
2021-05-09T00:07:15.5890571+05:30:2021-05-09T00:07:15.5888486+05:30:[AssemblyCache] Could not resolve 'System.Private.DataContractSerialization.resources' in folder 'C:\Program Files\dotnet\shared\Microsoft.WindowsDesktop.App\3.1.14'
2021-05-09T00:07:15.5918326+05:30:2021-05-09T00:07:15.5915193+05:30:Assembly resolving System.Private.DataContractSerialization.resources, Version=4.1.5.0, Culture=en, PublicKeyToken=b03f5f7f11d50a3a
2021-05-09T00:07:15.5919986+05:30:2021-05-09T00:07:15.5916993+05:30:Assembly resolving System.Private.DataContractSerialization.resources, Version=4.1.5.0, Culture=en, PublicKeyToken=b03f5f7f11d50a3a
2021-05-09T00:07:15.6085730+05:30:2021-05-09T00:07:15.6081210+05:30:Assembly resolving WebDriver, Version=4.0.0.0, Culture=neutral, PublicKeyToken=null
2021-05-09T00:07:15.6095191+05:30:2021-05-09T00:07:15.6090679+05:30:[AssemblyCache] Trying to resolve 'WebDriver' from .deps.json file
2021-05-09T00:07:15.6105673+05:30:2021-05-09T00:07:15.6102413+05:30:[AssemblyCache] Resolved 'WebDriver' to 'C:\Users\himan\.nuget\packages\selenium.webdriver\4.0.0-beta2\lib\netstandard2.1\WebDriver.dll'
2021-05-09T00:07:15.6212386+05:30:2021-05-09T00:07:15.6207624+05:30:Assembly resolving WebDriver, Version=4.0.0.0, Culture=neutral, PublicKeyToken=null
2021-05-09T00:07:15.6220491+05:30:2021-05-09T00:07:15.6215183+05:30:[AssemblyCache] Trying to resolve 'WebDriver' from .deps.json file
2021-05-09T00:07:15.6377070+05:30:2021-05-09T00:07:15.6226015+05:30:[AssemblyCache] Resolved 'WebDriver' to 'C:\Users\himan\.nuget\packages\selenium.webdriver\4.0.0-beta2\lib\netstandard2.1\WebDriver.dll'
2021-05-09T00:07:16.3417763+05:30:2021-05-09T00:07:16.3382496+05:30:Assembly resolving Newtonsoft.Json, Version=12.0.0.0, Culture=neutral, PublicKeyToken=30ad4fe6b2a6aeed
2021-05-09T00:07:16.3459098+05:30:2021-05-09T00:07:16.3442984+05:30:[AssemblyCache] Trying to resolve 'Newtonsoft.Json' from .deps.json file
2021-05-09T00:07:16.3500953+05:30:2021-05-09T00:07:16.3484576+05:30:[AssemblyCache] Resolved 'Newtonsoft.Json' to 'C:\Users\himan\.nuget\packages\newtonsoft.json\12.0.3\lib\netstandard2.0\Newtonsoft.Json.dll'
2021-05-09T00:07:16.3736063+05:30:2021-05-09T00:07:16.3704460+05:30:Assembly resolving Newtonsoft.Json, Version=12.0.0.0, Culture=neutral, PublicKeyToken=30ad4fe6b2a6aeed
2021-05-09T00:07:16.3936229+05:30:2021-05-09T00:07:16.3757605+05:30:[AssemblyCache] Trying to resolve 'Newtonsoft.Json' from .deps.json file
2021-05-09T00:07:16.4003505+05:30:2021-05-09T00:07:16.3959603+05:30:[AssemblyCache] Resolved 'Newtonsoft.Json' to 'C:\Users\himan\.nuget\packages\newtonsoft.json\12.0.3\lib\netstandard2.0\Newtonsoft.Json.dll'
2021-05-09T00:07:17.8494597+05:30:2021-05-09T00:07:17.8342781+05:30:Thread#1:B:Given User launches google.com
2021-05-09T00:07:17.8852068+05:30:2021-05-09T00:07:17.8771106+05:30:Thread#0:B:Given the first number is 50
2021-05-09T00:07:19.5274177+05:30:2021-05-09T00:07:19.5151862+05:30:Thread#1:T:done: LaunchGoogleSteps.GivenUserLaunchesGoogle_Com() (1.6s)
2021-05-09T00:07:19.6061778+05:30:2021-05-09T00:07:19.5441736+05:30:Thread#1:B:Then he should be able to launch
2021-05-09T00:07:19.6606268+05:30:2021-05-09T00:07:19.6096254+05:30:Thread#1:T:done: LaunchGoogleSteps.ThenHeShouldBeAbleToLaunch() (0.0s)
2021-05-09T00:07:19.7291440+05:30:Thread#1:Scheduler: get next test for thread 1
2021-05-09T00:07:19.7292497+05:30:Thread#:Scheduler: at the end of normal test queue
2021-05-09T00:07:19.7292565+05:30:Thread#1:Scheduler: enumerator for thread is at end
2021-05-09T00:07:19.7292649+05:30:Thread#1:Scheduler: No more tests for thread
2021-05-09T00:07:20.1940109+05:30:Thread#1: Test #6/0 is finished on thread #1 as Succeeded within 4.6490616 seconds
2021-05-09T00:07:20.2208958+05:30:2021-05-09T00:07:20.2200902+05:30:Got Deinitialize Signal
2021-05-09T00:07:20.2332972+05:30:RPC Client disconnected, because 'Disposed'. 
LastMessage: 
Description:Stream has been disposed
Exception:<none>
2021-05-09T00:07:20.2365017+05:30:RPC Server disconnected, because 'Disposed'. 
LastMessage: 
Description:Reached end of stream.
Exception:<none>
2021-05-09T00:07:20.2405675+05:30:RPC Server disconnected, because 'Disposed'. 
LastMessage: 
Description:Stream has been disposed
Exception:<none>
2021-05-09T00:07:20.2461275+05:30:Assembly resolving System.Diagnostics.Process.resources, Version=4.2.2.0, Culture=en-US, PublicKeyToken=b03f5f7f11d50a3a
2021-05-09T00:07:20.2461798+05:30:[AssemblyCache] Trying to resolve 'System.Diagnostics.Process.resources' from .deps.json file
2021-05-09T00:07:20.2461969+05:30:[AssemblyCache] Could not resolve 'System.Diagnostics.Process.resources' from .deps.json
2021-05-09T00:07:20.2462680+05:30:[AssemblyCache] Trying to resolve 'System.Diagnostics.Process.resources' in folder 'C:\Users\himan\Himanshu\Projects\SpecFlowProject2\SpecFlowProject2\bin\Debug\netcoreapp3.1'
2021-05-09T00:07:20.2462861+05:30:[AssemblyCache] Trying to resolve 'System.Diagnostics.Process.resources' to 'C:\Users\himan\Himanshu\Projects\SpecFlowProject2\SpecFlowProject2\bin\Debug\netcoreapp3.1\System.Diagnostics.Process.resources.dll'
2021-05-09T00:07:20.2464668+05:30:[AssemblyCache] Trying to resolve 'System.Diagnostics.Process.resources' to 'C:\Users\himan\Himanshu\Projects\SpecFlowProject2\SpecFlowProject2\bin\Debug\netcoreapp3.1\System.Diagnostics.Process.resources.exe'
2021-05-09T00:07:20.2466089+05:30:[AssemblyCache] Could not resolve 'System.Diagnostics.Process.resources' in folder 'C:\Users\himan\Himanshu\Projects\SpecFlowProject2\SpecFlowProject2\bin\Debug\netcoreapp3.1'
2021-05-09T00:07:20.2466345+05:30:TargetFramework: .NETCoreApp,Version=v3.1
2021-05-09T00:07:20.2467855+05:30:Tfm: netcoreapp3.1
2021-05-09T00:07:20.2468228+05:30:[AssemblyCache] Trying to resolve 'System.Diagnostics.Process.resources' in folder 'C:\Users\himan\Himanshu\Projects\SpecFlowProject2\SpecFlowProject2\bin\Debug\netcoreapp3.1\SpecFlowPlusRunner\netcoreapp3.1'
2021-05-09T00:07:20.2468266+05:30:[AssemblyCache] Trying to resolve 'System.Diagnostics.Process.resources' to 'C:\Users\himan\Himanshu\Projects\SpecFlowProject2\SpecFlowProject2\bin\Debug\netcoreapp3.1\SpecFlowPlusRunner\netcoreapp3.1\System.Diagnostics.Process.resources.dll'
2021-05-09T00:07:20.2470016+05:30:[AssemblyCache] Trying to resolve 'System.Diagnostics.Process.resources' to 'C:\Users\himan\Himanshu\Projects\SpecFlowProject2\SpecFlowProject2\bin\Debug\netcoreapp3.1\SpecFlowPlusRunner\netcoreapp3.1\System.Diagnostics.Process.resources.exe'
2021-05-09T00:07:20.2471612+05:30:[AssemblyCache] Could not resolve 'System.Diagnostics.Process.resources' in folder 'C:\Users\himan\Himanshu\Projects\SpecFlowProject2\SpecFlowProject2\bin\Debug\netcoreapp3.1\SpecFlowPlusRunner\netcoreapp3.1'
2021-05-09T00:07:20.2736915+05:30:[AssemblyCache] Trying to resolve 'System.Diagnostics.Process.resources' in folder 'C:\Program Files\dotnet\shared\Microsoft.AspNetCore.App\3.1.14'
2021-05-09T00:07:20.2737255+05:30:[AssemblyCache] Trying to resolve 'System.Diagnostics.Process.resources' to 'C:\Program Files\dotnet\shared\Microsoft.AspNetCore.App\3.1.14\System.Diagnostics.Process.resources.dll'
2021-05-09T00:07:20.2740141+05:30:[AssemblyCache] Trying to resolve 'System.Diagnostics.Process.resources' to 'C:\Program Files\dotnet\shared\Microsoft.AspNetCore.App\3.1.14\System.Diagnostics.Process.resources.exe'
2021-05-09T00:07:20.2741812+05:30:[AssemblyCache] Could not resolve 'System.Diagnostics.Process.resources' in folder 'C:\Program Files\dotnet\shared\Microsoft.AspNetCore.App\3.1.14'
2021-05-09T00:07:20.2749338+05:30:[AssemblyCache] Trying to resolve 'System.Diagnostics.Process.resources' in folder 'C:\Program Files\dotnet\shared\Microsoft.NETCore.App\3.1.14'
2021-05-09T00:07:20.2749511+05:30:[AssemblyCache] Trying to resolve 'System.Diagnostics.Process.resources' to 'C:\Program Files\dotnet\shared\Microsoft.NETCore.App\3.1.14\System.Diagnostics.Process.resources.dll'
2021-05-09T00:07:20.2751672+05:30:[AssemblyCache] Trying to resolve 'System.Diagnostics.Process.resources' to 'C:\Program Files\dotnet\shared\Microsoft.NETCore.App\3.1.14\System.Diagnostics.Process.resources.exe'
2021-05-09T00:07:20.2753048+05:30:[AssemblyCache] Could not resolve 'System.Diagnostics.Process.resources' in folder 'C:\Program Files\dotnet\shared\Microsoft.NETCore.App\3.1.14'
2021-05-09T00:07:20.2759735+05:30:[AssemblyCache] Trying to resolve 'System.Diagnostics.Process.resources' in folder 'C:\Program Files\dotnet\shared\Microsoft.WindowsDesktop.App\3.1.14'
2021-05-09T00:07:20.2760017+05:30:[AssemblyCache] Trying to resolve 'System.Diagnostics.Process.resources' to 'C:\Program Files\dotnet\shared\Microsoft.WindowsDesktop.App\3.1.14\System.Diagnostics.Process.resources.dll'
2021-05-09T00:07:20.2763471+05:30:[AssemblyCache] Trying to resolve 'System.Diagnostics.Process.resources' to 'C:\Program Files\dotnet\shared\Microsoft.WindowsDesktop.App\3.1.14\System.Diagnostics.Process.resources.exe'
2021-05-09T00:07:20.2764621+05:30:[AssemblyCache] Could not resolve 'System.Diagnostics.Process.resources' in folder 'C:\Program Files\dotnet\shared\Microsoft.WindowsDesktop.App\3.1.14'
2021-05-09T00:07:20.2793827+05:30:Assembly resolving System.Diagnostics.Process.resources, Version=4.2.2.0, Culture=en, PublicKeyToken=b03f5f7f11d50a3a
2021-05-09T00:07:20.4725200+05:30:2021-05-09T00:07:20.4710301+05:30:Thread#0:T:done: CalculatorStepDefinitions.GivenTheFirstNumberIs(50) (2.4s)
2021-05-09T00:07:20.4839651+05:30:2021-05-09T00:07:20.4833793+05:30:Thread#0:B:And the second number is 70
2021-05-09T00:07:20.4886369+05:30:2021-05-09T00:07:20.4878914+05:30:Thread#0:T:done: CalculatorStepDefinitions.GivenTheSecondNumberIs(70) (0.0s)
2021-05-09T00:07:20.4910760+05:30:2021-05-09T00:07:20.4900001+05:30:Thread#0:B:When the two numbers are added
2021-05-09T00:07:20.4957035+05:30:2021-05-09T00:07:20.4939933+05:30:Thread#0:T:done: CalculatorStepDefinitions.WhenTheTwoNumbersAreAdded() (0.0s)
2021-05-09T00:07:20.4991137+05:30:2021-05-09T00:07:20.4981673+05:30:Thread#0:B:Then the result should be 120
2021-05-09T00:07:20.5023765+05:30:2021-05-09T00:07:20.5018548+05:30:Thread#0:T:done: CalculatorStepDefinitions.ThenTheResultShouldBe(120) (0.0s)
2021-05-09T00:07:20.5234557+05:30:Thread#0:Scheduler: get next test for thread 0
2021-05-09T00:07:20.5235438+05:30:Thread#:Scheduler: at the end of normal test queue
2021-05-09T00:07:20.5235575+05:30:Thread#0:Scheduler: enumerator for thread is at end
2021-05-09T00:07:20.5235650+05:30:Thread#0:Scheduler: No more tests for thread
2021-05-09T00:07:20.9700232+05:30:Thread#0: Test #4/0 is finished on thread #0 as Succeeded within 5.4436556 seconds
2021-05-09T00:07:20.9769513+05:30:2021-05-09T00:07:20.9765975+05:30:Got Deinitialize Signal
2021-05-09T00:07:20.9782865+05:30:RPC Client disconnected, because 'Disposed'. 
LastMessage: 
Description:Stream has been disposed
Exception:<none>
2021-05-09T00:07:20.9787713+05:30:RPC Server disconnected, because 'Disposed'. 
LastMessage: 
Description:Stream has been disposed
Exception:<none>
2021-05-09T00:07:20.9821031+05:30:RPC Server disconnected, because 'Disposed'. 
LastMessage: 
Description:Stream has been disposed
Exception:<none>
2021-05-09T00:07:20.9841380+05:30:Trying to cancel thread
2021-05-09T00:07:20.9841549+05:30:Thread cancelled
2021-05-09T00:07:20.9841567+05:30:Trying to cancel thread
2021-05-09T00:07:20.9841581+05:30:Thread cancelled
2021-05-09T00:07:20.9946802+05:30:Thread#-1:Scheduler: get next test for thread -1
2021-05-09T00:07:20.9947506+05:30:Thread#:Scheduler: at the end of normal test queue
2021-05-09T00:07:20.9947566+05:30:Thread#-1:Scheduler: enumerator for thread is at end
2021-05-09T00:07:20.9991153+05:30;Thread#12;Info;test run finished
2021-05-09T00:07:20.9996745+05:30;Thread#12;Info;publishing test results
2021-05-09T00:07:20.9999299+05:30;Thread#12;Info;Not publishing results.
2021-05-09T00:07:21.0000921+05:30;Thread#12;Info;test results published
2021-05-09T00:07:21.0001826+05:30;Thread#12;Info;generating reports
2021-05-09T00:07:21.1329167+05:30;Thread#12;Info;Starting external report generation process
2021-05-09T00:07:24.4761122+05:30;Thread#12;Info;Successfully generated reports.
2021-05-09T00:07:24.4793672+05:30;Thread#12;Info;Successfully generated reports
2021-05-09T00:07:24.4888630+05:30:Total: 2
2021-05-09T00:07:24.4909938+05:30:Succeeded: 2
2021-05-09T00:07:24.4913422+05:30:Ignored: 0
2021-05-09T00:07:24.4916470+05:30:Pending: 0
2021-05-09T00:07:24.4916552+05:30:Skipped: 0
2021-05-09T00:07:24.4919378+05:30:Failed: 0
2021-05-09T00:07:24.4992810+05:30;VSTestExecutionThread;Info;Adding attachments to VSTest
2021-05-09T00:07:24.4993790+05:30;VSTestExecutionThread;Info;adding Test Execution Report 'C:\Users\himan\Himanshu\Projects\SpecFlowProject2\SpecFlowProject2\bin\Debug\netcoreapp3.1\Results\SpecFlowProject2_SpecFlowProject2_2021-05-09T000710.html'
========== End of log file ==========
