2021-05-09T00:05:43.5595449+05:30;VSTestExecutionThread;Info;SpecFlow+Runner execution started
2021-05-09T00:05:43.5607074+05:30;VSTestExecutionThread;Info;SpecFlow+Runner 3.7.3 in Framework netcore31 in x64 mode execution started
2021-05-09T00:05:43.5607207+05:30;VSTestExecutionThread;Info;TestAdapter Location: C:\Users\himan\Himanshu\Projects\SpecFlowProject2\SpecFlowProject2\bin\Debug\netcoreapp3.1\TechTalk.SpecRun.VisualStudio.TestAdapter.dll
2021-05-09T00:05:43.5690213+05:30;VSTestExecutionThread;Info;Current UserName: 'himan', MachineName: 'DESKTOP-8U0HBGS'
2021-05-09T00:05:43.8924141+05:30;VSTestExecutionThread;Info;SpecRun: running tests in C:\Users\himan\Himanshu\Projects\SpecFlowProject2\SpecFlowProject2\bin\Debug\netcoreapp3.1\SpecFlowProject2.dll
2021-05-09T00:05:43.8927503+05:30;VSTestExecutionThread;Info;Output folder configured to "Results" in profile
2021-05-09T00:05:43.8928704+05:30;VSTestExecutionThread;Info;Profile: SpecFlowProject2
2021-05-09T00:05:43.9859415+05:30;VSTestExecutionThread;Info;Log file path: C:\Users\himan\Himanshu\Projects\SpecFlowProject2\SpecFlowProject2\bin\Debug\netcoreapp3.1\Results\SpecFlowProject2_SpecFlowProject2_2021-05-09T000543.log
2021-05-09T00:05:43.9937048+05:30;Thread#12;Info;Checking activation
2021-05-09T00:05:44.2487465+05:30;Thread#12;Info;Activated.
2021-05-09T00:05:44.2493223+05:30;Thread#12;Info;Activation check completed
2021-05-09T00:05:44.2495325+05:30;Thread#12;Info;Starting test run
2021-05-09T00:05:44.4817328+05:30;Thread#12;Info;Discovering target: Default
2021-05-09T00:05:44.4822284+05:30;Thread#12;Info;Discovering tests from assembly: C:\Users\himan\Himanshu\Projects\SpecFlowProject2\SpecFlowProject2\bin\Debug\netcoreapp3.1\SpecFlowProject2.dll
2021-05-09T00:05:44.7077728+05:30;Thread#12;Info;Discovered tests from assembly: C:\Users\himan\Himanshu\Projects\SpecFlowProject2\SpecFlowProject2\bin\Debug\netcoreapp3.1\SpecFlowProject2.dll
2021-05-09T00:05:44.7096179+05:30:Test Suite Dump
2021-05-09T00:05:44.7123060+05:30:#0: SpecFlowProject2/SpecFlowProject2 - 
2021-05-09T00:05:44.7123386+05:30:#1: Default - 
2021-05-09T00:05:44.7123422+05:30:#2: SpecFlowProject2 - 
2021-05-09T00:05:44.7123443+05:30:#3: Calculator - 
2021-05-09T00:05:44.7123462+05:30:#5: LaunchGoogle - 
2021-05-09T00:05:44.7141243+05:30:#4: Add two numbers - TestAssembly:SpecFlowProject2/Feature:Calculator/Scenario:Add+two+numbers
2021-05-09T00:05:44.7141881+05:30:#6: Launch Google Website - TestAssembly:SpecFlowProject2/Feature:LaunchGoogle/Scenario:Launch+Google+Website
2021-05-09T00:05:44.7142696+05:30:End: Test Suite Dump
2021-05-09T00:05:44.7411893+05:30:Thread#1:Scheduler: get next test for thread 1
2021-05-09T00:05:44.7442889+05:30:Thread#:Scheduler: testitem #4 from normal test queue 
2021-05-09T00:05:44.7444028+05:30:Thread#1:Scheduler: considering testitem #4 for thread 1
2021-05-09T00:05:44.7520938+05:30:Thread#1:TestItem#4:testItemMatchesCurrentTestThread:UnSpecific
2021-05-09T00:05:44.7521145+05:30:Thread#1:TestItem#4:runsOnOneOtherThreadSpecific:False
2021-05-09T00:05:44.7521175+05:30:Thread#1:TestItem#4:runsOnOneOtherThreadUnspecific:True
2021-05-09T00:05:44.7521212+05:30:Thread#1:Scheduler: using testitem #4 for thread 1
2021-05-09T00:05:44.7534509+05:30:Thread#1:Scheduler: Test #4 is scheduled for thread
2021-05-09T00:05:44.7559282+05:30:Thread#1:Scheduler: with testItemExecutionIndex 0
2021-05-09T00:05:44.7560205+05:30:Thread#0:Scheduler: get next test for thread 0
2021-05-09T00:05:44.7560733+05:30:Thread#:Scheduler: testitem #6 from normal test queue 
2021-05-09T00:05:44.7560797+05:30:Thread#0:Scheduler: considering testitem #6 for thread 0
2021-05-09T00:05:44.7561343+05:30:Thread#0:TestItem#6:testItemMatchesCurrentTestThread:UnSpecific
2021-05-09T00:05:44.7561402+05:30:Thread#0:TestItem#6:runsOnOneOtherThreadSpecific:False
2021-05-09T00:05:44.7561434+05:30:Thread#0:TestItem#6:runsOnOneOtherThreadUnspecific:True
2021-05-09T00:05:44.7561469+05:30:Thread#0:Scheduler: using testitem #6 for thread 0
2021-05-09T00:05:44.7561631+05:30:Thread#0:Scheduler: Test #6 is scheduled for thread
2021-05-09T00:05:44.7561893+05:30:Thread#0:Scheduler: with testItemExecutionIndex 0
2021-05-09T00:05:44.7600798+05:30:Thread #1: creating new test thread executor for SpecFlowProject2, Version=1.0.0.0, Culture=neutral, PublicKeyToken=null (target: Default)
2021-05-09T00:05:44.7601116+05:30:Thread #0: creating new test thread executor for SpecFlowProject2, Version=1.0.0.0, Culture=neutral, PublicKeyToken=null (target: Default)
2021-05-09T00:05:44.7644333+05:30:Thread #0: Creating test assembly executor for execution model OutProc
2021-05-09T00:05:44.7644457+05:30:Thread #1: Creating test assembly executor for execution model OutProc
2021-05-09T00:05:44.7647411+05:30:Thread #0: Creating test assembly executor for execution model OutProc
2021-05-09T00:05:44.7648043+05:30:Thread #1: Creating test assembly executor for execution model OutProc
2021-05-09T00:05:44.7725225+05:30:Thread #1: using TechTalk.SpecRun.Framework.Execution.OutOfProc.StreamJsonRPC.OutOfProcessTestAssemblyExecutorHost to execute tests
2021-05-09T00:05:44.7725497+05:30:Thread #0: using TechTalk.SpecRun.Framework.Execution.OutOfProc.StreamJsonRPC.OutOfProcessTestAssemblyExecutorHost to execute tests
2021-05-09T00:05:44.7758758+05:30:starting Out Of Process Executor
2021-05-09T00:05:44.7759403+05:30:starting Out Of Process Executor
2021-05-09T00:05:44.7804448+05:30:Assembly resolving Microsoft.VisualStudio.Validation, Version=15.3.0.0, Culture=neutral, PublicKeyToken=b03f5f7f11d50a3a
2021-05-09T00:05:44.7850811+05:30:[AssemblyCache] Trying to resolve 'Microsoft.VisualStudio.Validation' from .deps.json file
2021-05-09T00:05:44.7851009+05:30:[AssemblyCache] Could not resolve 'Microsoft.VisualStudio.Validation' from .deps.json
2021-05-09T00:05:44.7868654+05:30:[AssemblyCache] Trying to resolve 'Microsoft.VisualStudio.Validation' in folder 'C:\Users\himan\Himanshu\Projects\SpecFlowProject2\SpecFlowProject2\bin\Debug\netcoreapp3.1'
2021-05-09T00:05:44.7873511+05:30:[AssemblyCache] Trying to resolve 'Microsoft.VisualStudio.Validation' to 'C:\Users\himan\Himanshu\Projects\SpecFlowProject2\SpecFlowProject2\bin\Debug\netcoreapp3.1\Microsoft.VisualStudio.Validation.dll'
2021-05-09T00:05:44.7875475+05:30:[AssemblyCache] Trying to resolve 'Microsoft.VisualStudio.Validation' to 'C:\Users\himan\Himanshu\Projects\SpecFlowProject2\SpecFlowProject2\bin\Debug\netcoreapp3.1\Microsoft.VisualStudio.Validation.exe'
2021-05-09T00:05:44.7876675+05:30:[AssemblyCache] Could not resolve 'Microsoft.VisualStudio.Validation' in folder 'C:\Users\himan\Himanshu\Projects\SpecFlowProject2\SpecFlowProject2\bin\Debug\netcoreapp3.1'
2021-05-09T00:05:44.7879981+05:30:TargetFramework: .NETCoreApp,Version=v3.1
2021-05-09T00:05:44.7884022+05:30:Tfm: netcoreapp3.1
2021-05-09T00:05:44.7884178+05:30:[AssemblyCache] Trying to resolve 'Microsoft.VisualStudio.Validation' in folder 'C:\Users\himan\Himanshu\Projects\SpecFlowProject2\SpecFlowProject2\bin\Debug\netcoreapp3.1\SpecFlowPlusRunner\netcoreapp3.1'
2021-05-09T00:05:44.7884204+05:30:[AssemblyCache] Trying to resolve 'Microsoft.VisualStudio.Validation' to 'C:\Users\himan\Himanshu\Projects\SpecFlowProject2\SpecFlowProject2\bin\Debug\netcoreapp3.1\SpecFlowPlusRunner\netcoreapp3.1\Microsoft.VisualStudio.Validation.dll'
2021-05-09T00:05:44.7885693+05:30:[AssemblyCache] Found file 'C:\Users\himan\Himanshu\Projects\SpecFlowProject2\SpecFlowProject2\bin\Debug\netcoreapp3.1\SpecFlowPlusRunner\netcoreapp3.1\Microsoft.VisualStudio.Validation.dll' for assembly 'Microsoft.VisualStudio.Validation'
2021-05-09T00:05:44.7895742+05:30:[AssemblyCache] Resolved 'Microsoft.VisualStudio.Validation' to C:\Users\himan\Himanshu\Projects\SpecFlowProject2\SpecFlowProject2\bin\Debug\netcoreapp3.1\SpecFlowPlusRunner\netcoreapp3.1\Microsoft.VisualStudio.Validation.dll
2021-05-09T00:05:44.7905506+05:30:Starting callback TCP Rpc server
2021-05-09T00:05:44.7906088+05:30:Starting callback TCP Rpc server
2021-05-09T00:05:44.8236688+05:30:Asynchronously starting background TCP Rpc Server on port 32768
2021-05-09T00:05:44.8241256+05:30:Started callback TCP Rpc server on port 32768
2021-05-09T00:05:44.8241460+05:30:Starting logger TCP Rpc server
2021-05-09T00:05:44.8271645+05:30:Asynchronously starting background TCP Rpc Server on port 32769
2021-05-09T00:05:44.8272013+05:30:Started callback TCP Rpc server on port 32769
2021-05-09T00:05:44.8272038+05:30:Starting logger TCP Rpc server
2021-05-09T00:05:44.8295093+05:30:Asynchronously starting background TCP Rpc Server on port 32770
2021-05-09T00:05:44.8295368+05:30:Started logger TCP Rpc server on port 32770
2021-05-09T00:05:44.8317033+05:30:Asynchronously starting background TCP Rpc Server on port 32771
2021-05-09T00:05:44.8317361+05:30:Started logger TCP Rpc server on port 32771
2021-05-09T00:05:44.9726317+05:30:Executing test executor at 'dotnet' 'exec "C:\Users\himan\Himanshu\Projects\SpecFlowProject2\SpecFlowProject2\bin\Debug\netcoreapp3.1\SpecFlowPlusRunner\netcoreapp3.1\TechTalk.SpecRun.Framework.Executor.anycpu.netcoreapp3_1.dll" --remoteRunnerPid 18492 --uniqueId "2021-05-09T000543" --outputFolder "C:\Users\himan\Himanshu\Projects\SpecFlowProject2\SpecFlowProject2\bin\Debug\netcoreapp3.1\Results" --callbackPort 32769 --loggerPort 32770' in 'C:\Users\himan\Himanshu\Projects\SpecFlowProject2\SpecFlowProject2\bin\Debug\netcoreapp3.1'
2021-05-09T00:05:44.9737678+05:30:Executing test executor at 'dotnet' 'exec "C:\Users\himan\Himanshu\Projects\SpecFlowProject2\SpecFlowProject2\bin\Debug\netcoreapp3.1\SpecFlowPlusRunner\netcoreapp3.1\TechTalk.SpecRun.Framework.Executor.anycpu.netcoreapp3_1.dll" --remoteRunnerPid 18492 --uniqueId "2021-05-09T000543" --outputFolder "C:\Users\himan\Himanshu\Projects\SpecFlowProject2\SpecFlowProject2\bin\Debug\netcoreapp3.1\Results" --callbackPort 32768 --loggerPort 32771' in 'C:\Users\himan\Himanshu\Projects\SpecFlowProject2\SpecFlowProject2\bin\Debug\netcoreapp3.1'
2021-05-09T00:05:45.0003432+05:30:Executor with PID 13564 has been started successfully.
2021-05-09T00:05:45.0022962+05:30:Executor with PID 23564 has been started successfully.
2021-05-09T00:05:45.0047811+05:30:Out of Process Executor 23564 started
2021-05-09T00:05:45.0047958+05:30:Waiting for endpoint
2021-05-09T00:05:45.0047907+05:30:Out of Process Executor 13564 started
2021-05-09T00:05:45.0047986+05:30:Waiting for endpoint
2021-05-09T00:05:45.5043876+05:30:Assembly resolving Microsoft.VisualStudio.Threading, Version=15.3.0.0, Culture=neutral, PublicKeyToken=b03f5f7f11d50a3a
2021-05-09T00:05:45.5044267+05:30:[AssemblyCache] Trying to resolve 'Microsoft.VisualStudio.Threading' from .deps.json file
2021-05-09T00:05:45.5044325+05:30:[AssemblyCache] Could not resolve 'Microsoft.VisualStudio.Threading' from .deps.json
2021-05-09T00:05:45.5044421+05:30:[AssemblyCache] Trying to resolve 'Microsoft.VisualStudio.Threading' in folder 'C:\Users\himan\Himanshu\Projects\SpecFlowProject2\SpecFlowProject2\bin\Debug\netcoreapp3.1'
2021-05-09T00:05:45.5044447+05:30:[AssemblyCache] Trying to resolve 'Microsoft.VisualStudio.Threading' to 'C:\Users\himan\Himanshu\Projects\SpecFlowProject2\SpecFlowProject2\bin\Debug\netcoreapp3.1\Microsoft.VisualStudio.Threading.dll'
2021-05-09T00:05:45.5045524+05:30:[AssemblyCache] Trying to resolve 'Microsoft.VisualStudio.Threading' to 'C:\Users\himan\Himanshu\Projects\SpecFlowProject2\SpecFlowProject2\bin\Debug\netcoreapp3.1\Microsoft.VisualStudio.Threading.exe'
2021-05-09T00:05:45.5046377+05:30:[AssemblyCache] Could not resolve 'Microsoft.VisualStudio.Threading' in folder 'C:\Users\himan\Himanshu\Projects\SpecFlowProject2\SpecFlowProject2\bin\Debug\netcoreapp3.1'
2021-05-09T00:05:45.5046506+05:30:TargetFramework: .NETCoreApp,Version=v3.1
2021-05-09T00:05:45.5046678+05:30:Tfm: netcoreapp3.1
2021-05-09T00:05:45.5046748+05:30:[AssemblyCache] Trying to resolve 'Microsoft.VisualStudio.Threading' in folder 'C:\Users\himan\Himanshu\Projects\SpecFlowProject2\SpecFlowProject2\bin\Debug\netcoreapp3.1\SpecFlowPlusRunner\netcoreapp3.1'
2021-05-09T00:05:45.5046773+05:30:[AssemblyCache] Trying to resolve 'Microsoft.VisualStudio.Threading' to 'C:\Users\himan\Himanshu\Projects\SpecFlowProject2\SpecFlowProject2\bin\Debug\netcoreapp3.1\SpecFlowPlusRunner\netcoreapp3.1\Microsoft.VisualStudio.Threading.dll'
2021-05-09T00:05:45.5048240+05:30:[AssemblyCache] Found file 'C:\Users\himan\Himanshu\Projects\SpecFlowProject2\SpecFlowProject2\bin\Debug\netcoreapp3.1\SpecFlowPlusRunner\netcoreapp3.1\Microsoft.VisualStudio.Threading.dll' for assembly 'Microsoft.VisualStudio.Threading'
2021-05-09T00:05:45.5060171+05:30:[AssemblyCache] Resolved 'Microsoft.VisualStudio.Threading' to C:\Users\himan\Himanshu\Projects\SpecFlowProject2\SpecFlowProject2\bin\Debug\netcoreapp3.1\SpecFlowPlusRunner\netcoreapp3.1\Microsoft.VisualStudio.Threading.dll
2021-05-09T00:05:45.9269350+05:30:Remote executor port received: 32773
2021-05-09T00:05:45.9269344+05:30:Remote executor port received: 32772
2021-05-09T00:05:45.9275428+05:30:Creating executor TCP client on port 32773
2021-05-09T00:05:45.9275497+05:30:Creating executor TCP client on port 32772
2021-05-09T00:05:45.9282814+05:30:Created executor TCP client on port 32772
2021-05-09T00:05:45.9282897+05:30:Created executor TCP client on port 32773
2021-05-09T00:05:45.9282962+05:30:Connecting to remote executor TCP server
2021-05-09T00:05:45.9282963+05:30:Connecting to remote executor TCP server
2021-05-09T00:05:45.9302770+05:30:Connected remote executor TCP server
2021-05-09T00:05:45.9303240+05:30:Connected remote executor TCP server
2021-05-09T00:05:45.9306812+05:30:trying to connect to Out of Process Executor the 1 attempt
2021-05-09T00:05:45.9306832+05:30:trying to connect to Out of Process Executor the 1 attempt
2021-05-09T00:05:45.9306939+05:30:Connection to Out of Process Executor established in the 1 attempt
2021-05-09T00:05:45.9306950+05:30:Connection to Out of Process Executor established in the 1 attempt
2021-05-09T00:05:46.1627453+05:30:2021-05-09T00:05:46.1603196+05:30:OutOfProcessTestAssemblyExecutor: initialized for C:\Users\himan\Himanshu\Projects\SpecFlowProject2\SpecFlowProject2\bin\Debug\netcoreapp3.1\SpecFlowProject2.dll on test thread #1
2021-05-09T00:05:46.1631715+05:30:2021-05-09T00:05:46.1607548+05:30:OutOfProcessTestAssemblyExecutor: initialized for C:\Users\himan\Himanshu\Projects\SpecFlowProject2\SpecFlowProject2\bin\Debug\netcoreapp3.1\SpecFlowProject2.dll on test thread #0
2021-05-09T00:05:46.1707647+05:30:Endpoint 13564 started
2021-05-09T00:05:46.1707647+05:30:Endpoint 23564 started
2021-05-09T00:05:46.1954642+05:30:2021-05-09T00:05:46.1949529+05:30:OutOfProcessTestAssemblyExecutor: running tests...
2021-05-09T00:05:46.1954642+05:30:2021-05-09T00:05:46.1948990+05:30:OutOfProcessTestAssemblyExecutor: running tests...
2021-05-09T00:05:46.3976613+05:30:2021-05-09T00:05:46.3951305+05:30:Assembly resolving TechTalk.SpecFlow, Version=3.7.0.0, Culture=neutral, PublicKeyToken=0778194805d6db41
2021-05-09T00:05:46.4002787+05:30:2021-05-09T00:05:46.3962363+05:30:Assembly resolving TechTalk.SpecFlow, Version=3.7.0.0, Culture=neutral, PublicKeyToken=0778194805d6db41
2021-05-09T00:05:46.4104861+05:30:2021-05-09T00:05:46.4085541+05:30:[AssemblyCache] Trying to resolve 'TechTalk.SpecFlow' from .deps.json file
2021-05-09T00:05:46.4121550+05:30:2021-05-09T00:05:46.4092161+05:30:[AssemblyCache] Trying to resolve 'TechTalk.SpecFlow' from .deps.json file
2021-05-09T00:05:46.4208028+05:30:2021-05-09T00:05:46.4190722+05:30:[AssemblyCache] Resolved 'TechTalk.SpecFlow' to 'C:\Users\himan\.nuget\packages\specflow\3.7.13\lib\netstandard2.0\TechTalk.SpecFlow.dll'
2021-05-09T00:05:46.4219838+05:30:2021-05-09T00:05:46.4197366+05:30:[AssemblyCache] Resolved 'TechTalk.SpecFlow' to 'C:\Users\himan\.nuget\packages\specflow\3.7.13\lib\netstandard2.0\TechTalk.SpecFlow.dll'
2021-05-09T00:05:46.6111459+05:30:2021-05-09T00:05:46.6097880+05:30:Thread#1:T:-> Loading plugin C:\Users\himan\Himanshu\Projects\SpecFlowProject2\SpecFlowProject2\bin\Debug\netcoreapp3.1\SpecFlowProject2.dll
2021-05-09T00:05:46.6111444+05:30:2021-05-09T00:05:46.6098261+05:30:Thread#0:T:-> Loading plugin C:\Users\himan\Himanshu\Projects\SpecFlowProject2\SpecFlowProject2\bin\Debug\netcoreapp3.1\SpecFlowProject2.dll
2021-05-09T00:05:46.6137526+05:30:2021-05-09T00:05:46.6131923+05:30:Assembly resolving Microsoft.Extensions.DependencyModel, Version=1.0.1.0, Culture=neutral, PublicKeyToken=adb9793829ddae60
2021-05-09T00:05:46.6143597+05:30:2021-05-09T00:05:46.6140532+05:30:[AssemblyCache] Trying to resolve 'Microsoft.Extensions.DependencyModel' from .deps.json file
2021-05-09T00:05:46.6144800+05:30:2021-05-09T00:05:46.6131894+05:30:Assembly resolving Microsoft.Extensions.DependencyModel, Version=1.0.1.0, Culture=neutral, PublicKeyToken=adb9793829ddae60
2021-05-09T00:05:46.6151959+05:30:2021-05-09T00:05:46.6147631+05:30:[AssemblyCache] Trying to resolve 'Microsoft.Extensions.DependencyModel' from .deps.json file
2021-05-09T00:05:46.6160108+05:30:2021-05-09T00:05:46.6154395+05:30:[AssemblyCache] Resolved 'Microsoft.Extensions.DependencyModel' to 'C:\Users\himan\.nuget\packages\microsoft.extensions.dependencymodel\1.0.3\lib\netstandard1.6\Microsoft.Extensions.DependencyModel.dll'
2021-05-09T00:05:46.6164336+05:30:2021-05-09T00:05:46.6158738+05:30:[AssemblyCache] Resolved 'Microsoft.Extensions.DependencyModel' to 'C:\Users\himan\.nuget\packages\microsoft.extensions.dependencymodel\1.0.3\lib\netstandard1.6\Microsoft.Extensions.DependencyModel.dll'
2021-05-09T00:05:46.7207833+05:30:2021-05-09T00:05:46.7200946+05:30:Assembly resolving Microsoft.DotNet.PlatformAbstractions, Version=1.0.1.0, Culture=neutral, PublicKeyToken=adb9793829ddae60
2021-05-09T00:05:46.7215771+05:30:2021-05-09T00:05:46.7212197+05:30:[AssemblyCache] Trying to resolve 'Microsoft.DotNet.PlatformAbstractions' from .deps.json file
2021-05-09T00:05:46.7224705+05:30:2021-05-09T00:05:46.7221221+05:30:[AssemblyCache] Resolved 'Microsoft.DotNet.PlatformAbstractions' to 'C:\Users\himan\.nuget\packages\microsoft.dotnet.platformabstractions\1.0.3\lib\netstandard1.3\Microsoft.DotNet.PlatformAbstractions.dll'
2021-05-09T00:05:46.7248197+05:30:2021-05-09T00:05:46.7243988+05:30:Assembly resolving Microsoft.DotNet.PlatformAbstractions, Version=1.0.1.0, Culture=neutral, PublicKeyToken=adb9793829ddae60
2021-05-09T00:05:46.7254445+05:30:2021-05-09T00:05:46.7251455+05:30:[AssemblyCache] Trying to resolve 'Microsoft.DotNet.PlatformAbstractions' from .deps.json file
2021-05-09T00:05:46.7263187+05:30:2021-05-09T00:05:46.7259690+05:30:[AssemblyCache] Resolved 'Microsoft.DotNet.PlatformAbstractions' to 'C:\Users\himan\.nuget\packages\microsoft.dotnet.platformabstractions\1.0.3\lib\netstandard1.3\Microsoft.DotNet.PlatformAbstractions.dll'
2021-05-09T00:05:46.7325501+05:30:2021-05-09T00:05:46.7320657+05:30:Thread#1:T:-> Missing [assembly:RuntimePlugin] attribute in SpecFlowProject2, Version=1.0.0.0, Culture=neutral, PublicKeyToken=null. Please check https://go.specflow.org/doc-plugins for details.
2021-05-09T00:05:46.7333514+05:30:2021-05-09T00:05:46.7329833+05:30:Thread#1:T:-> Loading plugin C:\Users\himan\Himanshu\Projects\SpecFlowProject2\SpecFlowProject2\bin\Debug\netcoreapp3.1\LivingDoc.SpecFlowPlugin.dll
2021-05-09T00:05:46.7359490+05:30:2021-05-09T00:05:46.7355242+05:30:Thread#0:T:-> Missing [assembly:RuntimePlugin] attribute in SpecFlowProject2, Version=1.0.0.0, Culture=neutral, PublicKeyToken=null. Please check https://go.specflow.org/doc-plugins for details.
2021-05-09T00:05:46.7367456+05:30:2021-05-09T00:05:46.7363822+05:30:Thread#0:T:-> Loading plugin C:\Users\himan\Himanshu\Projects\SpecFlowProject2\SpecFlowProject2\bin\Debug\netcoreapp3.1\LivingDoc.SpecFlowPlugin.dll
2021-05-09T00:05:46.7400469+05:30:2021-05-09T00:05:46.7393388+05:30:Assembly resolving LivingDoc.Dtos, Version=3.7.0.0, Culture=neutral, PublicKeyToken=null
2021-05-09T00:05:46.7407492+05:30:2021-05-09T00:05:46.7403751+05:30:[AssemblyCache] Trying to resolve 'LivingDoc.Dtos' from .deps.json file
2021-05-09T00:05:46.7417641+05:30:2021-05-09T00:05:46.7413873+05:30:[AssemblyCache] Resolved 'LivingDoc.Dtos' to 'C:\Users\himan\.nuget\packages\specflow.plus.livingdocplugin\3.7.141\lib\netstandard2.0\LivingDoc.Dtos.dll'
2021-05-09T00:05:46.7433633+05:30:2021-05-09T00:05:46.7428639+05:30:Assembly resolving LivingDoc.Dtos, Version=3.7.0.0, Culture=neutral, PublicKeyToken=null
2021-05-09T00:05:46.7440804+05:30:2021-05-09T00:05:46.7436955+05:30:[AssemblyCache] Trying to resolve 'LivingDoc.Dtos' from .deps.json file
2021-05-09T00:05:46.7450717+05:30:2021-05-09T00:05:46.7446863+05:30:[AssemblyCache] Resolved 'LivingDoc.Dtos' to 'C:\Users\himan\.nuget\packages\specflow.plus.livingdocplugin\3.7.141\lib\netstandard2.0\LivingDoc.Dtos.dll'
2021-05-09T00:05:46.7508956+05:30:2021-05-09T00:05:46.7502892+05:30:Thread#1:T:-> Loading plugin C:\Users\himan\Himanshu\Projects\SpecFlowProject2\SpecFlowProject2\bin\Debug\netcoreapp3.1\ReportPortal.SpecFlowPlugin.dll
2021-05-09T00:05:46.7532583+05:30:2021-05-09T00:05:46.7527589+05:30:Thread#0:T:-> Loading plugin C:\Users\himan\Himanshu\Projects\SpecFlowProject2\SpecFlowProject2\bin\Debug\netcoreapp3.1\ReportPortal.SpecFlowPlugin.dll
2021-05-09T00:05:46.7572519+05:30:2021-05-09T00:05:46.7567140+05:30:Assembly resolving ReportPortal.Shared, Version=3.1.1.0, Culture=neutral, PublicKeyToken=null
2021-05-09T00:05:46.7579379+05:30:2021-05-09T00:05:46.7575721+05:30:[AssemblyCache] Trying to resolve 'ReportPortal.Shared' from .deps.json file
2021-05-09T00:05:46.7589515+05:30:2021-05-09T00:05:46.7585385+05:30:[AssemblyCache] Resolved 'ReportPortal.Shared' to 'C:\Users\himan\.nuget\packages\reportportal.shared\3.1.1\lib\netstandard2.0\ReportPortal.Shared.dll'
2021-05-09T00:05:46.7592273+05:30:2021-05-09T00:05:46.7586981+05:30:Assembly resolving ReportPortal.Shared, Version=3.1.1.0, Culture=neutral, PublicKeyToken=null
2021-05-09T00:05:46.7600888+05:30:2021-05-09T00:05:46.7596223+05:30:[AssemblyCache] Trying to resolve 'ReportPortal.Shared' from .deps.json file
2021-05-09T00:05:46.7611970+05:30:2021-05-09T00:05:46.7608075+05:30:[AssemblyCache] Resolved 'ReportPortal.Shared' to 'C:\Users\himan\.nuget\packages\reportportal.shared\3.1.1\lib\netstandard2.0\ReportPortal.Shared.dll'
2021-05-09T00:05:46.8046773+05:30:2021-05-09T00:05:46.8041447+05:30:Thread#1:T:-> Loading plugin C:\Users\himan\Himanshu\Projects\SpecFlowProject2\SpecFlowProject2\bin\Debug\netcoreapp3.1\SpecRun.Runtime.SpecFlowPlugin.dll
2021-05-09T00:05:46.8051413+05:30:2021-05-09T00:05:46.8047233+05:30:Thread#0:T:-> Loading plugin C:\Users\himan\Himanshu\Projects\SpecFlowProject2\SpecFlowProject2\bin\Debug\netcoreapp3.1\SpecRun.Runtime.SpecFlowPlugin.dll
2021-05-09T00:05:46.8197123+05:30:2021-05-09T00:05:46.8191261+05:30:Thread#0:T:-> Using default config
2021-05-09T00:05:46.8225067+05:30:2021-05-09T00:05:46.8219377+05:30:Thread#1:T:-> Using default config
2021-05-09T00:05:46.8384775+05:30:2021-05-09T00:05:46.8378645+05:30:Assembly resolving Cucumber.Messages, Version=6.0.1.0, Culture=neutral, PublicKeyToken=b10c5988214f940c
2021-05-09T00:05:46.8392643+05:30:2021-05-09T00:05:46.8388608+05:30:[AssemblyCache] Trying to resolve 'Cucumber.Messages' from .deps.json file
2021-05-09T00:05:46.8405224+05:30:2021-05-09T00:05:46.8400398+05:30:[AssemblyCache] Resolved 'Cucumber.Messages' to 'C:\Users\himan\.nuget\packages\cucumber.messages\6.0.1\lib\netstandard2.0\Cucumber.Messages.dll'
2021-05-09T00:05:46.8409919+05:30:2021-05-09T00:05:46.8405476+05:30:Assembly resolving Cucumber.Messages, Version=6.0.1.0, Culture=neutral, PublicKeyToken=b10c5988214f940c
2021-05-09T00:05:46.8422654+05:30:2021-05-09T00:05:46.8413836+05:30:[AssemblyCache] Trying to resolve 'Cucumber.Messages' from .deps.json file
2021-05-09T00:05:46.8434981+05:30:2021-05-09T00:05:46.8430042+05:30:[AssemblyCache] Resolved 'Cucumber.Messages' to 'C:\Users\himan\.nuget\packages\cucumber.messages\6.0.1\lib\netstandard2.0\Cucumber.Messages.dll'
2021-05-09T00:05:46.8492151+05:30:2021-05-09T00:05:46.8486212+05:30:Assembly resolving Google.Protobuf, Version=3.7.0.0, Culture=neutral, PublicKeyToken=a7d26565bac4d604
2021-05-09T00:05:46.8499473+05:30:2021-05-09T00:05:46.8493904+05:30:Assembly resolving Google.Protobuf, Version=3.7.0.0, Culture=neutral, PublicKeyToken=a7d26565bac4d604
2021-05-09T00:05:46.8501427+05:30:2021-05-09T00:05:46.8496683+05:30:[AssemblyCache] Trying to resolve 'Google.Protobuf' from .deps.json file
2021-05-09T00:05:46.8509015+05:30:2021-05-09T00:05:46.8504223+05:30:[AssemblyCache] Trying to resolve 'Google.Protobuf' from .deps.json file
2021-05-09T00:05:46.8513901+05:30:2021-05-09T00:05:46.8509415+05:30:[AssemblyCache] Resolved 'Google.Protobuf' to 'C:\Users\himan\.nuget\packages\google.protobuf\3.7.0\lib\netstandard1.0\Google.Protobuf.dll'
2021-05-09T00:05:46.8520846+05:30:2021-05-09T00:05:46.8516065+05:30:[AssemblyCache] Resolved 'Google.Protobuf' to 'C:\Users\himan\.nuget\packages\google.protobuf\3.7.0\lib\netstandard1.0\Google.Protobuf.dll'
2021-05-09T00:05:46.8730906+05:30:2021-05-09T00:05:46.8725003+05:30:Assembly resolving Microsoft.VisualStudio.TestPlatform.ObjectModel, Version=15.0.0.0, Culture=neutral, PublicKeyToken=b03f5f7f11d50a3a
2021-05-09T00:05:46.8731730+05:30:2021-05-09T00:05:46.8725372+05:30:Assembly resolving Microsoft.VisualStudio.TestPlatform.ObjectModel, Version=15.0.0.0, Culture=neutral, PublicKeyToken=b03f5f7f11d50a3a
2021-05-09T00:05:46.8739022+05:30:2021-05-09T00:05:46.8734436+05:30:[AssemblyCache] Trying to resolve 'Microsoft.VisualStudio.TestPlatform.ObjectModel' from .deps.json file
2021-05-09T00:05:46.8739564+05:30:2021-05-09T00:05:46.8735812+05:30:[AssemblyCache] Trying to resolve 'Microsoft.VisualStudio.TestPlatform.ObjectModel' from .deps.json file
2021-05-09T00:05:46.8762443+05:30:2021-05-09T00:05:46.8757772+05:30:[AssemblyCache] Resolved 'Microsoft.VisualStudio.TestPlatform.ObjectModel' to 'C:\Users\himan\.nuget\packages\microsoft.testplatform.objectmodel\16.10.0-release-20210429-01\lib\netcoreapp2.1\Microsoft.VisualStudio.TestPlatform.ObjectModel.dll'
2021-05-09T00:05:46.8763512+05:30:2021-05-09T00:05:46.8758319+05:30:[AssemblyCache] Resolved 'Microsoft.VisualStudio.TestPlatform.ObjectModel' to 'C:\Users\himan\.nuget\packages\microsoft.testplatform.objectmodel\16.10.0-release-20210429-01\lib\netcoreapp2.1\Microsoft.VisualStudio.TestPlatform.ObjectModel.dll'
2021-05-09T00:05:46.9800301+05:30:2021-05-09T00:05:46.9781209+05:30:Assembly resolving Utf8Json, Version=1.3.7.0, Culture=neutral, PublicKeyToken=8a73d3ba7e392e27
2021-05-09T00:05:46.9833952+05:30:2021-05-09T00:05:46.9816066+05:30:[AssemblyCache] Trying to resolve 'Utf8Json' from .deps.json file
2021-05-09T00:05:46.9851912+05:30:2021-05-09T00:05:46.9826010+05:30:Assembly resolving Utf8Json, Version=1.3.7.0, Culture=neutral, PublicKeyToken=8a73d3ba7e392e27
2021-05-09T00:05:46.9884360+05:30:2021-05-09T00:05:46.9861108+05:30:[AssemblyCache] Resolved 'Utf8Json' to 'C:\Users\himan\.nuget\packages\utf8json\1.3.7\lib\netstandard2.0\Utf8Json.dll'
2021-05-09T00:05:46.9897630+05:30:2021-05-09T00:05:46.9865595+05:30:[AssemblyCache] Trying to resolve 'Utf8Json' from .deps.json file
2021-05-09T00:05:46.9936286+05:30:2021-05-09T00:05:46.9918332+05:30:[AssemblyCache] Resolved 'Utf8Json' to 'C:\Users\himan\.nuget\packages\utf8json\1.3.7\lib\netstandard2.0\Utf8Json.dll'
2021-05-09T00:05:47.2988037+05:30:2021-05-09T00:05:47.2979249+05:30:Assembly resolving ReportPortal.Client, Version=3.0.4.0, Culture=neutral, PublicKeyToken=null
2021-05-09T00:05:47.2997623+05:30:2021-05-09T00:05:47.2993638+05:30:[AssemblyCache] Trying to resolve 'ReportPortal.Client' from .deps.json file
2021-05-09T00:05:47.3004773+05:30:2021-05-09T00:05:47.3001253+05:30:Assembly resolving ReportPortal.Client, Version=3.0.4.0, Culture=neutral, PublicKeyToken=null
2021-05-09T00:05:47.3004866+05:30:2021-05-09T00:05:47.3002557+05:30:[AssemblyCache] Resolved 'ReportPortal.Client' to 'C:\Users\himan\.nuget\packages\reportportal.client\3.0.4\lib\netstandard2.0\ReportPortal.Client.dll'
2021-05-09T00:05:47.3009725+05:30:2021-05-09T00:05:47.3007167+05:30:[AssemblyCache] Trying to resolve 'ReportPortal.Client' from .deps.json file
2021-05-09T00:05:47.3017963+05:30:2021-05-09T00:05:47.3014492+05:30:[AssemblyCache] Resolved 'ReportPortal.Client' to 'C:\Users\himan\.nuget\packages\reportportal.client\3.0.4\lib\netstandard2.0\ReportPortal.Client.dll'
2021-05-09T00:05:47.3285239+05:30:2021-05-09T00:05:47.3280418+05:30:Assembly resolving ReportPortal.Shared, Culture=neutral, PublicKeyToken=null
2021-05-09T00:05:47.3337889+05:30:2021-05-09T00:05:47.3333284+05:30:Assembly resolving ReportPortal.Shared, Culture=neutral, PublicKeyToken=null
2021-05-09T00:05:47.3567016+05:30:Thread#0: Test #6/0 is started on thread #0
2021-05-09T00:05:47.3610662+05:30:Thread#1: Test #4/0 is started on thread #1
2021-05-09T00:05:47.3700799+05:30:2021-05-09T00:05:47.3691106+05:30:Assembly resolving System.Private.DataContractSerialization.resources, Version=4.1.5.0, Culture=en-US, PublicKeyToken=b03f5f7f11d50a3a
2021-05-09T00:05:47.3709703+05:30:2021-05-09T00:05:47.3706423+05:30:[AssemblyCache] Trying to resolve 'System.Private.DataContractSerialization.resources' from .deps.json file
2021-05-09T00:05:47.3877100+05:30:2021-05-09T00:05:47.3873042+05:30:[AssemblyCache] Could not resolve 'System.Private.DataContractSerialization.resources' from .deps.json
2021-05-09T00:05:47.3888569+05:30:2021-05-09T00:05:47.3881545+05:30:Assembly resolving System.Private.DataContractSerialization.resources, Version=4.1.5.0, Culture=en-US, PublicKeyToken=b03f5f7f11d50a3a
2021-05-09T00:05:47.3905412+05:30:2021-05-09T00:05:47.3895544+05:30:[AssemblyCache] Trying to resolve 'System.Private.DataContractSerialization.resources' from .deps.json file
2021-05-09T00:05:47.3914674+05:30:2021-05-09T00:05:47.3910935+05:30:[AssemblyCache] Could not resolve 'System.Private.DataContractSerialization.resources' from .deps.json
2021-05-09T00:05:47.3930084+05:30:2021-05-09T00:05:47.3923887+05:30:[AssemblyCache] Trying to resolve 'System.Private.DataContractSerialization.resources' in folder 'C:\Users\himan\Himanshu\Projects\SpecFlowProject2\SpecFlowProject2\bin\Debug\netcoreapp3.1'
2021-05-09T00:05:47.3949706+05:30:2021-05-09T00:05:47.3941793+05:30:[AssemblyCache] Trying to resolve 'System.Private.DataContractSerialization.resources' in folder 'C:\Users\himan\Himanshu\Projects\SpecFlowProject2\SpecFlowProject2\bin\Debug\netcoreapp3.1'
2021-05-09T00:05:47.3959285+05:30:2021-05-09T00:05:47.3955420+05:30:[AssemblyCache] Trying to resolve 'System.Private.DataContractSerialization.resources' to 'C:\Users\himan\Himanshu\Projects\SpecFlowProject2\SpecFlowProject2\bin\Debug\netcoreapp3.1\System.Private.DataContractSerialization.resources.dll'
2021-05-09T00:05:47.3971885+05:30:2021-05-09T00:05:47.3966944+05:30:[AssemblyCache] Trying to resolve 'System.Private.DataContractSerialization.resources' to 'C:\Users\himan\Himanshu\Projects\SpecFlowProject2\SpecFlowProject2\bin\Debug\netcoreapp3.1\System.Private.DataContractSerialization.resources.exe'
2021-05-09T00:05:47.3973295+05:30:2021-05-09T00:05:47.3967645+05:30:[AssemblyCache] Trying to resolve 'System.Private.DataContractSerialization.resources' to 'C:\Users\himan\Himanshu\Projects\SpecFlowProject2\SpecFlowProject2\bin\Debug\netcoreapp3.1\System.Private.DataContractSerialization.resources.dll'
2021-05-09T00:05:47.3982238+05:30:2021-05-09T00:05:47.3978083+05:30:[AssemblyCache] Trying to resolve 'System.Private.DataContractSerialization.resources' to 'C:\Users\himan\Himanshu\Projects\SpecFlowProject2\SpecFlowProject2\bin\Debug\netcoreapp3.1\System.Private.DataContractSerialization.resources.exe'
2021-05-09T00:05:47.3994339+05:30:2021-05-09T00:05:47.3988449+05:30:[AssemblyCache] Could not resolve 'System.Private.DataContractSerialization.resources' in folder 'C:\Users\himan\Himanshu\Projects\SpecFlowProject2\SpecFlowProject2\bin\Debug\netcoreapp3.1'
2021-05-09T00:05:47.3995838+05:30:2021-05-09T00:05:47.3989062+05:30:[AssemblyCache] Could not resolve 'System.Private.DataContractSerialization.resources' in folder 'C:\Users\himan\Himanshu\Projects\SpecFlowProject2\SpecFlowProject2\bin\Debug\netcoreapp3.1'
2021-05-09T00:05:47.4021924+05:30:2021-05-09T00:05:47.4002194+05:30:TargetFramework: .NETCoreApp,Version=v3.1
2021-05-09T00:05:47.4026450+05:30:2021-05-09T00:05:47.4008052+05:30:TargetFramework: .NETCoreApp,Version=v3.1
2021-05-09T00:05:47.4042346+05:30:2021-05-09T00:05:47.4037961+05:30:Tfm: netcoreapp3.1
2021-05-09T00:05:47.4044957+05:30:2021-05-09T00:05:47.4039990+05:30:Tfm: netcoreapp3.1
2021-05-09T00:05:47.4049942+05:30:2021-05-09T00:05:47.4046303+05:30:[AssemblyCache] Trying to resolve 'System.Private.DataContractSerialization.resources' in folder 'C:\Users\himan\Himanshu\Projects\SpecFlowProject2\SpecFlowProject2\bin\Debug\netcoreapp3.1\SpecFlowPlusRunner\netcoreapp3.1'
2021-05-09T00:05:47.4051519+05:30:2021-05-09T00:05:47.4047039+05:30:[AssemblyCache] Trying to resolve 'System.Private.DataContractSerialization.resources' in folder 'C:\Users\himan\Himanshu\Projects\SpecFlowProject2\SpecFlowProject2\bin\Debug\netcoreapp3.1\SpecFlowPlusRunner\netcoreapp3.1'
2021-05-09T00:05:47.4056522+05:30:2021-05-09T00:05:47.4052816+05:30:[AssemblyCache] Trying to resolve 'System.Private.DataContractSerialization.resources' to 'C:\Users\himan\Himanshu\Projects\SpecFlowProject2\SpecFlowProject2\bin\Debug\netcoreapp3.1\SpecFlowPlusRunner\netcoreapp3.1\System.Private.DataContractSerialization.resources.dll'
2021-05-09T00:05:47.4059015+05:30:2021-05-09T00:05:47.4053467+05:30:[AssemblyCache] Trying to resolve 'System.Private.DataContractSerialization.resources' to 'C:\Users\himan\Himanshu\Projects\SpecFlowProject2\SpecFlowProject2\bin\Debug\netcoreapp3.1\SpecFlowPlusRunner\netcoreapp3.1\System.Private.DataContractSerialization.resources.dll'
2021-05-09T00:05:47.4065851+05:30:2021-05-09T00:05:47.4061979+05:30:[AssemblyCache] Trying to resolve 'System.Private.DataContractSerialization.resources' to 'C:\Users\himan\Himanshu\Projects\SpecFlowProject2\SpecFlowProject2\bin\Debug\netcoreapp3.1\SpecFlowPlusRunner\netcoreapp3.1\System.Private.DataContractSerialization.resources.exe'
2021-05-09T00:05:47.4067411+05:30:2021-05-09T00:05:47.4062595+05:30:[AssemblyCache] Trying to resolve 'System.Private.DataContractSerialization.resources' to 'C:\Users\himan\Himanshu\Projects\SpecFlowProject2\SpecFlowProject2\bin\Debug\netcoreapp3.1\SpecFlowPlusRunner\netcoreapp3.1\System.Private.DataContractSerialization.resources.exe'
2021-05-09T00:05:47.4074094+05:30:2021-05-09T00:05:47.4070060+05:30:[AssemblyCache] Could not resolve 'System.Private.DataContractSerialization.resources' in folder 'C:\Users\himan\Himanshu\Projects\SpecFlowProject2\SpecFlowProject2\bin\Debug\netcoreapp3.1\SpecFlowPlusRunner\netcoreapp3.1'
2021-05-09T00:05:47.4075724+05:30:2021-05-09T00:05:47.4070367+05:30:[AssemblyCache] Could not resolve 'System.Private.DataContractSerialization.resources' in folder 'C:\Users\himan\Himanshu\Projects\SpecFlowProject2\SpecFlowProject2\bin\Debug\netcoreapp3.1\SpecFlowPlusRunner\netcoreapp3.1'
2021-05-09T00:05:47.4231393+05:30:2021-05-09T00:05:47.4227127+05:30:[AssemblyCache] Trying to resolve 'System.Private.DataContractSerialization.resources' in folder 'C:\Program Files\dotnet\shared\Microsoft.AspNetCore.App\3.1.14'
2021-05-09T00:05:47.4235312+05:30:2021-05-09T00:05:47.4229635+05:30:[AssemblyCache] Trying to resolve 'System.Private.DataContractSerialization.resources' in folder 'C:\Program Files\dotnet\shared\Microsoft.AspNetCore.App\3.1.14'
2021-05-09T00:05:47.4238587+05:30:2021-05-09T00:05:47.4235480+05:30:[AssemblyCache] Trying to resolve 'System.Private.DataContractSerialization.resources' to 'C:\Program Files\dotnet\shared\Microsoft.AspNetCore.App\3.1.14\System.Private.DataContractSerialization.resources.dll'
2021-05-09T00:05:47.4243215+05:30:2021-05-09T00:05:47.4238823+05:30:[AssemblyCache] Trying to resolve 'System.Private.DataContractSerialization.resources' to 'C:\Program Files\dotnet\shared\Microsoft.AspNetCore.App\3.1.14\System.Private.DataContractSerialization.resources.dll'
2021-05-09T00:05:47.4253832+05:30:2021-05-09T00:05:47.4249397+05:30:[AssemblyCache] Trying to resolve 'System.Private.DataContractSerialization.resources' to 'C:\Program Files\dotnet\shared\Microsoft.AspNetCore.App\3.1.14\System.Private.DataContractSerialization.resources.exe'
2021-05-09T00:05:47.4255334+05:30:2021-05-09T00:05:47.4249922+05:30:[AssemblyCache] Trying to resolve 'System.Private.DataContractSerialization.resources' to 'C:\Program Files\dotnet\shared\Microsoft.AspNetCore.App\3.1.14\System.Private.DataContractSerialization.resources.exe'
2021-05-09T00:05:47.4261756+05:30:2021-05-09T00:05:47.4258485+05:30:[AssemblyCache] Could not resolve 'System.Private.DataContractSerialization.resources' in folder 'C:\Program Files\dotnet\shared\Microsoft.AspNetCore.App\3.1.14'
2021-05-09T00:05:47.4263520+05:30:2021-05-09T00:05:47.4258702+05:30:[AssemblyCache] Could not resolve 'System.Private.DataContractSerialization.resources' in folder 'C:\Program Files\dotnet\shared\Microsoft.AspNetCore.App\3.1.14'
2021-05-09T00:05:47.4271881+05:30:2021-05-09T00:05:47.4269093+05:30:[AssemblyCache] Trying to resolve 'System.Private.DataContractSerialization.resources' in folder 'C:\Program Files\dotnet\shared\Microsoft.NETCore.App\3.1.14'
2021-05-09T00:05:47.4274427+05:30:2021-05-09T00:05:47.4270085+05:30:[AssemblyCache] Trying to resolve 'System.Private.DataContractSerialization.resources' in folder 'C:\Program Files\dotnet\shared\Microsoft.NETCore.App\3.1.14'
2021-05-09T00:05:47.4277209+05:30:2021-05-09T00:05:47.4274560+05:30:[AssemblyCache] Trying to resolve 'System.Private.DataContractSerialization.resources' to 'C:\Program Files\dotnet\shared\Microsoft.NETCore.App\3.1.14\System.Private.DataContractSerialization.resources.dll'
2021-05-09T00:05:47.4280187+05:30:2021-05-09T00:05:47.4276822+05:30:[AssemblyCache] Trying to resolve 'System.Private.DataContractSerialization.resources' to 'C:\Program Files\dotnet\shared\Microsoft.NETCore.App\3.1.14\System.Private.DataContractSerialization.resources.dll'
2021-05-09T00:05:47.4287639+05:30:2021-05-09T00:05:47.4283097+05:30:[AssemblyCache] Trying to resolve 'System.Private.DataContractSerialization.resources' to 'C:\Program Files\dotnet\shared\Microsoft.NETCore.App\3.1.14\System.Private.DataContractSerialization.resources.exe'
2021-05-09T00:05:47.4291538+05:30:2021-05-09T00:05:47.4285818+05:30:[AssemblyCache] Trying to resolve 'System.Private.DataContractSerialization.resources' to 'C:\Program Files\dotnet\shared\Microsoft.NETCore.App\3.1.14\System.Private.DataContractSerialization.resources.exe'
2021-05-09T00:05:47.4297979+05:30:2021-05-09T00:05:47.4295021+05:30:[AssemblyCache] Could not resolve 'System.Private.DataContractSerialization.resources' in folder 'C:\Program Files\dotnet\shared\Microsoft.NETCore.App\3.1.14'
2021-05-09T00:05:47.4299595+05:30:2021-05-09T00:05:47.4295086+05:30:[AssemblyCache] Could not resolve 'System.Private.DataContractSerialization.resources' in folder 'C:\Program Files\dotnet\shared\Microsoft.NETCore.App\3.1.14'
2021-05-09T00:05:47.4308428+05:30:2021-05-09T00:05:47.4305727+05:30:[AssemblyCache] Trying to resolve 'System.Private.DataContractSerialization.resources' in folder 'C:\Program Files\dotnet\shared\Microsoft.WindowsDesktop.App\3.1.14'
2021-05-09T00:05:47.4310683+05:30:2021-05-09T00:05:47.4306739+05:30:[AssemblyCache] Trying to resolve 'System.Private.DataContractSerialization.resources' in folder 'C:\Program Files\dotnet\shared\Microsoft.WindowsDesktop.App\3.1.14'
2021-05-09T00:05:47.4316044+05:30:2021-05-09T00:05:47.4311195+05:30:[AssemblyCache] Trying to resolve 'System.Private.DataContractSerialization.resources' to 'C:\Program Files\dotnet\shared\Microsoft.WindowsDesktop.App\3.1.14\System.Private.DataContractSerialization.resources.dll'
2021-05-09T00:05:47.4319812+05:30:2021-05-09T00:05:47.4315896+05:30:[AssemblyCache] Trying to resolve 'System.Private.DataContractSerialization.resources' to 'C:\Program Files\dotnet\shared\Microsoft.WindowsDesktop.App\3.1.14\System.Private.DataContractSerialization.resources.dll'
2021-05-09T00:05:47.4332302+05:30:2021-05-09T00:05:47.4328187+05:30:[AssemblyCache] Trying to resolve 'System.Private.DataContractSerialization.resources' to 'C:\Program Files\dotnet\shared\Microsoft.WindowsDesktop.App\3.1.14\System.Private.DataContractSerialization.resources.exe'
2021-05-09T00:05:47.4334056+05:30:2021-05-09T00:05:47.4329634+05:30:[AssemblyCache] Trying to resolve 'System.Private.DataContractSerialization.resources' to 'C:\Program Files\dotnet\shared\Microsoft.WindowsDesktop.App\3.1.14\System.Private.DataContractSerialization.resources.exe'
2021-05-09T00:05:47.4339725+05:30:2021-05-09T00:05:47.4336655+05:30:[AssemblyCache] Could not resolve 'System.Private.DataContractSerialization.resources' in folder 'C:\Program Files\dotnet\shared\Microsoft.WindowsDesktop.App\3.1.14'
2021-05-09T00:05:47.4341514+05:30:2021-05-09T00:05:47.4337923+05:30:[AssemblyCache] Could not resolve 'System.Private.DataContractSerialization.resources' in folder 'C:\Program Files\dotnet\shared\Microsoft.WindowsDesktop.App\3.1.14'
2021-05-09T00:05:47.4375537+05:30:2021-05-09T00:05:47.4371237+05:30:Assembly resolving System.Private.DataContractSerialization.resources, Version=4.1.5.0, Culture=en, PublicKeyToken=b03f5f7f11d50a3a
2021-05-09T00:05:47.4379427+05:30:2021-05-09T00:05:47.4375658+05:30:Assembly resolving System.Private.DataContractSerialization.resources, Version=4.1.5.0, Culture=en, PublicKeyToken=b03f5f7f11d50a3a
2021-05-09T00:05:47.4524615+05:30:2021-05-09T00:05:47.4517365+05:30:Assembly resolving WebDriver, Version=4.0.0.0, Culture=neutral, PublicKeyToken=null
2021-05-09T00:05:47.4530087+05:30:2021-05-09T00:05:47.4527832+05:30:[AssemblyCache] Trying to resolve 'WebDriver' from .deps.json file
2021-05-09T00:05:47.4539168+05:30:2021-05-09T00:05:47.4536114+05:30:[AssemblyCache] Resolved 'WebDriver' to 'C:\Users\himan\.nuget\packages\selenium.webdriver\4.0.0-beta2\lib\netstandard2.1\WebDriver.dll'
2021-05-09T00:05:47.4563681+05:30:2021-05-09T00:05:47.4559494+05:30:Assembly resolving WebDriver, Version=4.0.0.0, Culture=neutral, PublicKeyToken=null
2021-05-09T00:05:47.4569206+05:30:2021-05-09T00:05:47.4566383+05:30:[AssemblyCache] Trying to resolve 'WebDriver' from .deps.json file
2021-05-09T00:05:47.4576893+05:30:2021-05-09T00:05:47.4573865+05:30:[AssemblyCache] Resolved 'WebDriver' to 'C:\Users\himan\.nuget\packages\selenium.webdriver\4.0.0-beta2\lib\netstandard2.1\WebDriver.dll'
2021-05-09T00:05:50.8346455+05:30:2021-05-09T00:05:50.8308295+05:30:Assembly resolving Newtonsoft.Json, Version=12.0.0.0, Culture=neutral, PublicKeyToken=30ad4fe6b2a6aeed
2021-05-09T00:05:50.8354512+05:30:2021-05-09T00:05:50.8313636+05:30:Assembly resolving Newtonsoft.Json, Version=12.0.0.0, Culture=neutral, PublicKeyToken=30ad4fe6b2a6aeed
2021-05-09T00:05:50.8452846+05:30:2021-05-09T00:05:50.8368256+05:30:[AssemblyCache] Trying to resolve 'Newtonsoft.Json' from .deps.json file
2021-05-09T00:05:50.8465130+05:30:2021-05-09T00:05:50.8375895+05:30:[AssemblyCache] Trying to resolve 'Newtonsoft.Json' from .deps.json file
2021-05-09T00:05:50.8587534+05:30:2021-05-09T00:05:50.8482749+05:30:[AssemblyCache] Resolved 'Newtonsoft.Json' to 'C:\Users\himan\.nuget\packages\newtonsoft.json\12.0.3\lib\netstandard2.0\Newtonsoft.Json.dll'
2021-05-09T00:05:50.8595458+05:30:2021-05-09T00:05:50.8488513+05:30:[AssemblyCache] Resolved 'Newtonsoft.Json' to 'C:\Users\himan\.nuget\packages\newtonsoft.json\12.0.3\lib\netstandard2.0\Newtonsoft.Json.dll'
2021-05-09T00:05:52.7638529+05:30:2021-05-09T00:05:52.7493211+05:30:Thread#1:B:Given the first number is 50
2021-05-09T00:05:52.7790101+05:30:2021-05-09T00:05:52.7652092+05:30:Thread#0:B:Given User launches google.com
2021-05-09T00:05:54.5059893+05:30:2021-05-09T00:05:54.4500479+05:30:Thread#0:T:done: LaunchGoogleSteps.GivenUserLaunchesGoogle_Com() (1.6s)
2021-05-09T00:05:54.5710175+05:30:2021-05-09T00:05:54.5347782+05:30:Thread#0:B:Then he should be able to launch
2021-05-09T00:05:54.6307699+05:30:2021-05-09T00:05:54.5756778+05:30:Thread#0:T:done: LaunchGoogleSteps.ThenHeShouldBeAbleToLaunch() (0.0s)
2021-05-09T00:05:54.8195011+05:30:Thread#0:Scheduler: get next test for thread 0
2021-05-09T00:05:54.8235337+05:30:Thread#:Scheduler: at the end of normal test queue
2021-05-09T00:05:54.8235645+05:30:Thread#0:Scheduler: enumerator for thread is at end
2021-05-09T00:05:54.8235816+05:30:Thread#0:Scheduler: No more tests for thread
2021-05-09T00:05:55.5474375+05:30:2021-05-09T00:05:55.5420737+05:30:Thread#1:T:done: CalculatorStepDefinitions.GivenTheFirstNumberIs(50) (2.7s)
2021-05-09T00:05:55.5633450+05:30:2021-05-09T00:05:55.5624756+05:30:Thread#1:B:And the second number is 70
2021-05-09T00:05:55.5704562+05:30:2021-05-09T00:05:55.5692971+05:30:Thread#1:T:done: CalculatorStepDefinitions.GivenTheSecondNumberIs(70) (0.0s)
2021-05-09T00:05:55.5783886+05:30:2021-05-09T00:05:55.5753678+05:30:Thread#1:B:When the two numbers are added
2021-05-09T00:05:55.5864358+05:30:2021-05-09T00:05:55.5823671+05:30:Thread#1:T:done: CalculatorStepDefinitions.WhenTheTwoNumbersAreAdded() (0.0s)
2021-05-09T00:05:55.5916951+05:30:2021-05-09T00:05:55.5898529+05:30:Thread#1:B:Then the result should be 120
2021-05-09T00:05:55.5946811+05:30:2021-05-09T00:05:55.5936989+05:30:Thread#1:T:done: CalculatorStepDefinitions.ThenTheResultShouldBe(120) (0.0s)
2021-05-09T00:05:55.6368574+05:30:Thread#1:Scheduler: get next test for thread 1
2021-05-09T00:05:55.6369911+05:30:Thread#:Scheduler: at the end of normal test queue
2021-05-09T00:05:55.6369996+05:30:Thread#1:Scheduler: enumerator for thread is at end
2021-05-09T00:05:55.6370062+05:30:Thread#1:Scheduler: No more tests for thread
2021-05-09T00:05:56.0738164+05:30:Thread#0: Test #6/0 is finished on thread #0 as Succeeded within 8.7126253 seconds
2021-05-09T00:05:56.1419029+05:30:2021-05-09T00:05:56.1200138+05:30:Got Deinitialize Signal
2021-05-09T00:05:56.1650819+05:30:RPC Client disconnected, because 'Disposed'. 
LastMessage: 
Description:Stream has been disposed
Exception:<none>
2021-05-09T00:05:56.1675621+05:30:RPC Server disconnected, because 'Disposed'. 
LastMessage: 
Description:Reached end of stream.
Exception:<none>
2021-05-09T00:05:56.1715688+05:30:RPC Server disconnected, because 'Disposed'. 
LastMessage: 
Description:Stream has been disposed
Exception:<none>
2021-05-09T00:05:56.1780531+05:30:Assembly resolving System.Diagnostics.Process.resources, Version=4.2.2.0, Culture=en-US, PublicKeyToken=b03f5f7f11d50a3a
2021-05-09T00:05:56.1780950+05:30:[AssemblyCache] Trying to resolve 'System.Diagnostics.Process.resources' from .deps.json file
2021-05-09T00:05:56.1781154+05:30:[AssemblyCache] Could not resolve 'System.Diagnostics.Process.resources' from .deps.json
2021-05-09T00:05:56.1781393+05:30:[AssemblyCache] Trying to resolve 'System.Diagnostics.Process.resources' in folder 'C:\Users\himan\Himanshu\Projects\SpecFlowProject2\SpecFlowProject2\bin\Debug\netcoreapp3.1'
2021-05-09T00:05:56.1781449+05:30:[AssemblyCache] Trying to resolve 'System.Diagnostics.Process.resources' to 'C:\Users\himan\Himanshu\Projects\SpecFlowProject2\SpecFlowProject2\bin\Debug\netcoreapp3.1\System.Diagnostics.Process.resources.dll'
2021-05-09T00:05:56.1784330+05:30:[AssemblyCache] Trying to resolve 'System.Diagnostics.Process.resources' to 'C:\Users\himan\Himanshu\Projects\SpecFlowProject2\SpecFlowProject2\bin\Debug\netcoreapp3.1\System.Diagnostics.Process.resources.exe'
2021-05-09T00:05:56.1785821+05:30:[AssemblyCache] Could not resolve 'System.Diagnostics.Process.resources' in folder 'C:\Users\himan\Himanshu\Projects\SpecFlowProject2\SpecFlowProject2\bin\Debug\netcoreapp3.1'
2021-05-09T00:05:56.1787724+05:30:TargetFramework: .NETCoreApp,Version=v3.1
2021-05-09T00:05:56.1789209+05:30:Tfm: netcoreapp3.1
2021-05-09T00:05:56.1790753+05:30:[AssemblyCache] Trying to resolve 'System.Diagnostics.Process.resources' in folder 'C:\Users\himan\Himanshu\Projects\SpecFlowProject2\SpecFlowProject2\bin\Debug\netcoreapp3.1\SpecFlowPlusRunner\netcoreapp3.1'
2021-05-09T00:05:56.1790821+05:30:[AssemblyCache] Trying to resolve 'System.Diagnostics.Process.resources' to 'C:\Users\himan\Himanshu\Projects\SpecFlowProject2\SpecFlowProject2\bin\Debug\netcoreapp3.1\SpecFlowPlusRunner\netcoreapp3.1\System.Diagnostics.Process.resources.dll'
2021-05-09T00:05:56.1792483+05:30:[AssemblyCache] Trying to resolve 'System.Diagnostics.Process.resources' to 'C:\Users\himan\Himanshu\Projects\SpecFlowProject2\SpecFlowProject2\bin\Debug\netcoreapp3.1\SpecFlowPlusRunner\netcoreapp3.1\System.Diagnostics.Process.resources.exe'
2021-05-09T00:05:56.1794090+05:30:[AssemblyCache] Could not resolve 'System.Diagnostics.Process.resources' in folder 'C:\Users\himan\Himanshu\Projects\SpecFlowProject2\SpecFlowProject2\bin\Debug\netcoreapp3.1\SpecFlowPlusRunner\netcoreapp3.1'
2021-05-09T00:05:56.2158009+05:30:[AssemblyCache] Trying to resolve 'System.Diagnostics.Process.resources' in folder 'C:\Program Files\dotnet\shared\Microsoft.AspNetCore.App\3.1.14'
2021-05-09T00:05:56.2158201+05:30:[AssemblyCache] Trying to resolve 'System.Diagnostics.Process.resources' to 'C:\Program Files\dotnet\shared\Microsoft.AspNetCore.App\3.1.14\System.Diagnostics.Process.resources.dll'
2021-05-09T00:05:56.2160245+05:30:[AssemblyCache] Trying to resolve 'System.Diagnostics.Process.resources' to 'C:\Program Files\dotnet\shared\Microsoft.AspNetCore.App\3.1.14\System.Diagnostics.Process.resources.exe'
2021-05-09T00:05:56.2161519+05:30:[AssemblyCache] Could not resolve 'System.Diagnostics.Process.resources' in folder 'C:\Program Files\dotnet\shared\Microsoft.AspNetCore.App\3.1.14'
2021-05-09T00:05:56.2166495+05:30:[AssemblyCache] Trying to resolve 'System.Diagnostics.Process.resources' in folder 'C:\Program Files\dotnet\shared\Microsoft.NETCore.App\3.1.14'
2021-05-09T00:05:56.2166565+05:30:[AssemblyCache] Trying to resolve 'System.Diagnostics.Process.resources' to 'C:\Program Files\dotnet\shared\Microsoft.NETCore.App\3.1.14\System.Diagnostics.Process.resources.dll'
2021-05-09T00:05:56.2169856+05:30:[AssemblyCache] Trying to resolve 'System.Diagnostics.Process.resources' to 'C:\Program Files\dotnet\shared\Microsoft.NETCore.App\3.1.14\System.Diagnostics.Process.resources.exe'
2021-05-09T00:05:56.2171398+05:30:[AssemblyCache] Could not resolve 'System.Diagnostics.Process.resources' in folder 'C:\Program Files\dotnet\shared\Microsoft.NETCore.App\3.1.14'
2021-05-09T00:05:56.2176161+05:30:[AssemblyCache] Trying to resolve 'System.Diagnostics.Process.resources' in folder 'C:\Program Files\dotnet\shared\Microsoft.WindowsDesktop.App\3.1.14'
2021-05-09T00:05:56.2176342+05:30:[AssemblyCache] Trying to resolve 'System.Diagnostics.Process.resources' to 'C:\Program Files\dotnet\shared\Microsoft.WindowsDesktop.App\3.1.14\System.Diagnostics.Process.resources.dll'
2021-05-09T00:05:56.2180468+05:30:[AssemblyCache] Trying to resolve 'System.Diagnostics.Process.resources' to 'C:\Program Files\dotnet\shared\Microsoft.WindowsDesktop.App\3.1.14\System.Diagnostics.Process.resources.exe'
2021-05-09T00:05:56.2181800+05:30:[AssemblyCache] Could not resolve 'System.Diagnostics.Process.resources' in folder 'C:\Program Files\dotnet\shared\Microsoft.WindowsDesktop.App\3.1.14'
2021-05-09T00:05:56.2202526+05:30:Assembly resolving System.Diagnostics.Process.resources, Version=4.2.2.0, Culture=en, PublicKeyToken=b03f5f7f11d50a3a
2021-05-09T00:05:56.4393360+05:30:Thread#1: Test #4/0 is finished on thread #1 as Succeeded within 9.0780779 seconds
2021-05-09T00:05:56.4514089+05:30:2021-05-09T00:05:56.4508599+05:30:Got Deinitialize Signal
2021-05-09T00:05:56.4525807+05:30:RPC Client disconnected, because 'Disposed'. 
LastMessage: 
Description:Stream has been disposed
Exception:<none>
2021-05-09T00:05:56.4528036+05:30:RPC Server disconnected, because 'Disposed'. 
LastMessage: 
Description:Stream has been disposed
Exception:<none>
2021-05-09T00:05:56.4529849+05:30:RPC Server disconnected, because 'Disposed'. 
LastMessage: 
Description:Stream has been disposed
Exception:<none>
2021-05-09T00:05:56.4543339+05:30:Trying to cancel thread
2021-05-09T00:05:56.4543576+05:30:Thread cancelled
2021-05-09T00:05:56.4543601+05:30:Trying to cancel thread
2021-05-09T00:05:56.4543616+05:30:Thread cancelled
2021-05-09T00:05:56.4657341+05:30:Thread#-1:Scheduler: get next test for thread -1
2021-05-09T00:05:56.4657915+05:30:Thread#:Scheduler: at the end of normal test queue
2021-05-09T00:05:56.4658160+05:30:Thread#-1:Scheduler: enumerator for thread is at end
2021-05-09T00:05:56.4743530+05:30;Thread#12;Info;test run finished
2021-05-09T00:05:56.4747662+05:30;Thread#12;Info;publishing test results
2021-05-09T00:05:56.4753763+05:30;Thread#12;Info;Not publishing results.
2021-05-09T00:05:56.4755642+05:30;Thread#12;Info;test results published
2021-05-09T00:05:56.4758371+05:30;Thread#12;Info;generating reports
2021-05-09T00:05:56.6880517+05:30;Thread#12;Info;Starting external report generation process
2021-05-09T00:06:00.6143474+05:30;Thread#12;Info;Successfully generated reports.
2021-05-09T00:06:00.6174713+05:30;Thread#12;Info;Successfully generated reports
2021-05-09T00:06:00.6339536+05:30:Total: 2
2021-05-09T00:06:00.6392555+05:30:Succeeded: 2
2021-05-09T00:06:00.6399968+05:30:Ignored: 0
2021-05-09T00:06:00.6408943+05:30:Pending: 0
2021-05-09T00:06:00.6409286+05:30:Skipped: 0
2021-05-09T00:06:00.6433690+05:30:Failed: 0
2021-05-09T00:06:00.6630769+05:30;VSTestExecutionThread;Info;Adding attachments to VSTest
2021-05-09T00:06:00.6632305+05:30;VSTestExecutionThread;Info;adding Test Execution Report 'C:\Users\himan\Himanshu\Projects\SpecFlowProject2\SpecFlowProject2\bin\Debug\netcoreapp3.1\Results\SpecFlowProject2_SpecFlowProject2_2021-05-09T000543.html'
========== End of log file ==========
