2021-05-08T23:56:38.4225576+05:30;VSTestExecutionThread;Info;SpecFlow+Runner execution started
2021-05-08T23:56:38.4229668+05:30;VSTestExecutionThread;Info;SpecFlow+Runner 3.7.3 in Framework netcore31 in x64 mode execution started
2021-05-08T23:56:38.4229737+05:30;VSTestExecutionThread;Info;TestAdapter Location: C:\Users\himan\Himanshu\Projects\SpecFlowProject2\SpecFlowProject2\bin\Debug\netcoreapp3.1\TechTalk.SpecRun.VisualStudio.TestAdapter.dll
2021-05-08T23:56:38.4275656+05:30;VSTestExecutionThread;Info;Current UserName: 'himan', MachineName: 'DESKTOP-8U0HBGS'
2021-05-08T23:56:38.6550878+05:30;VSTestExecutionThread;Info;SpecRun: running tests in C:\Users\himan\Himanshu\Projects\SpecFlowProject2\SpecFlowProject2\bin\Debug\netcoreapp3.1\SpecFlowProject2.dll
2021-05-08T23:56:38.6554471+05:30;VSTestExecutionThread;Info;Output folder configured to "Results" in profile
2021-05-08T23:56:38.6555731+05:30;VSTestExecutionThread;Info;Profile: SpecFlowProject2
2021-05-08T23:56:38.7182374+05:30;VSTestExecutionThread;Info;Log file path: C:\Users\himan\Himanshu\Projects\SpecFlowProject2\SpecFlowProject2\bin\Debug\netcoreapp3.1\Results\SpecFlowProject2_SpecFlowProject2_2021-05-08T235638.log
2021-05-08T23:56:38.7249032+05:30;Thread#12;Info;Checking activation
2021-05-08T23:56:38.9314793+05:30;Thread#12;Info;Activated.
2021-05-08T23:56:38.9333107+05:30;Thread#12;Info;Activation check completed
2021-05-08T23:56:38.9335792+05:30;Thread#12;Info;Starting test run
2021-05-08T23:56:39.1499457+05:30;Thread#12;Info;Discovering target: Default
2021-05-08T23:56:39.1502067+05:30;Thread#12;Info;Discovering tests from assembly: C:\Users\himan\Himanshu\Projects\SpecFlowProject2\SpecFlowProject2\bin\Debug\netcoreapp3.1\SpecFlowProject2.dll
2021-05-08T23:56:39.3948602+05:30;Thread#12;Info;Discovered tests from assembly: C:\Users\himan\Himanshu\Projects\SpecFlowProject2\SpecFlowProject2\bin\Debug\netcoreapp3.1\SpecFlowProject2.dll
2021-05-08T23:56:39.3965659+05:30:Test Suite Dump
2021-05-08T23:56:39.3987290+05:30:#0: SpecFlowProject2/SpecFlowProject2 - 
2021-05-08T23:56:39.3987570+05:30:#1: Default - 
2021-05-08T23:56:39.3987685+05:30:#2: SpecFlowProject2 - 
2021-05-08T23:56:39.3987705+05:30:#3: Calculator - 
2021-05-08T23:56:39.3987722+05:30:#5: LaunchGoogle - 
2021-05-08T23:56:39.4002440+05:30:#4: Add two numbers - TestAssembly:SpecFlowProject2/Feature:Calculator/Scenario:Add+two+numbers
2021-05-08T23:56:39.4002885+05:30:#6: Launch Google Website - TestAssembly:SpecFlowProject2/Feature:LaunchGoogle/Scenario:Launch+Google+Website
2021-05-08T23:56:39.4003560+05:30:End: Test Suite Dump
2021-05-08T23:56:39.4271773+05:30:Thread#1:Scheduler: get next test for thread 1
2021-05-08T23:56:39.4298607+05:30:Thread#:Scheduler: testitem #4 from normal test queue 
2021-05-08T23:56:39.4299672+05:30:Thread#1:Scheduler: considering testitem #4 for thread 1
2021-05-08T23:56:39.4382181+05:30:Thread#1:TestItem#4:testItemMatchesCurrentTestThread:UnSpecific
2021-05-08T23:56:39.4382504+05:30:Thread#1:TestItem#4:runsOnOneOtherThreadSpecific:False
2021-05-08T23:56:39.4382561+05:30:Thread#1:TestItem#4:runsOnOneOtherThreadUnspecific:True
2021-05-08T23:56:39.4382629+05:30:Thread#1:Scheduler: using testitem #4 for thread 1
2021-05-08T23:56:39.4399994+05:30:Thread#1:Scheduler: Test #4 is scheduled for thread
2021-05-08T23:56:39.4430245+05:30:Thread#1:Scheduler: with testItemExecutionIndex 0
2021-05-08T23:56:39.4430879+05:30:Thread#0:Scheduler: get next test for thread 0
2021-05-08T23:56:39.4431350+05:30:Thread#:Scheduler: testitem #6 from normal test queue 
2021-05-08T23:56:39.4431412+05:30:Thread#0:Scheduler: considering testitem #6 for thread 0
2021-05-08T23:56:39.4432225+05:30:Thread#0:TestItem#6:testItemMatchesCurrentTestThread:UnSpecific
2021-05-08T23:56:39.4432375+05:30:Thread#0:TestItem#6:runsOnOneOtherThreadSpecific:False
2021-05-08T23:56:39.4432412+05:30:Thread#0:TestItem#6:runsOnOneOtherThreadUnspecific:True
2021-05-08T23:56:39.4432463+05:30:Thread#0:Scheduler: using testitem #6 for thread 0
2021-05-08T23:56:39.4432633+05:30:Thread#0:Scheduler: Test #6 is scheduled for thread
2021-05-08T23:56:39.4432856+05:30:Thread#0:Scheduler: with testItemExecutionIndex 0
2021-05-08T23:56:39.4465258+05:30:Thread #0: creating new test thread executor for SpecFlowProject2, Version=1.0.0.0, Culture=neutral, PublicKeyToken=null (target: Default)
2021-05-08T23:56:39.4465293+05:30:Thread #1: creating new test thread executor for SpecFlowProject2, Version=1.0.0.0, Culture=neutral, PublicKeyToken=null (target: Default)
2021-05-08T23:56:39.4513456+05:30:Thread #0: Creating test assembly executor for execution model OutProc
2021-05-08T23:56:39.4513461+05:30:Thread #1: Creating test assembly executor for execution model OutProc
2021-05-08T23:56:39.4519694+05:30:Thread #1: Creating test assembly executor for execution model OutProc
2021-05-08T23:56:39.4519664+05:30:Thread #0: Creating test assembly executor for execution model OutProc
2021-05-08T23:56:39.8180172+05:30:Thread #1: using TechTalk.SpecRun.Framework.Execution.OutOfProc.StreamJsonRPC.OutOfProcessTestAssemblyExecutorHost to execute tests
2021-05-08T23:56:39.8180180+05:30:Thread #0: using TechTalk.SpecRun.Framework.Execution.OutOfProc.StreamJsonRPC.OutOfProcessTestAssemblyExecutorHost to execute tests
2021-05-08T23:56:39.8269592+05:30:starting Out Of Process Executor
2021-05-08T23:56:39.8270245+05:30:starting Out Of Process Executor
2021-05-08T23:56:39.9287614+05:30:Assembly resolving Microsoft.VisualStudio.Validation, Version=15.3.0.0, Culture=neutral, PublicKeyToken=b03f5f7f11d50a3a
2021-05-08T23:56:39.9402845+05:30:[AssemblyCache] Trying to resolve 'Microsoft.VisualStudio.Validation' from .deps.json file
2021-05-08T23:56:39.9403863+05:30:[AssemblyCache] Could not resolve 'Microsoft.VisualStudio.Validation' from .deps.json
2021-05-08T23:56:39.9444051+05:30:[AssemblyCache] Trying to resolve 'Microsoft.VisualStudio.Validation' in folder 'C:\Users\himan\Himanshu\Projects\SpecFlowProject2\SpecFlowProject2\bin\Debug\netcoreapp3.1'
2021-05-08T23:56:39.9456743+05:30:[AssemblyCache] Trying to resolve 'Microsoft.VisualStudio.Validation' to 'C:\Users\himan\Himanshu\Projects\SpecFlowProject2\SpecFlowProject2\bin\Debug\netcoreapp3.1\Microsoft.VisualStudio.Validation.dll'
2021-05-08T23:56:39.9460974+05:30:[AssemblyCache] Trying to resolve 'Microsoft.VisualStudio.Validation' to 'C:\Users\himan\Himanshu\Projects\SpecFlowProject2\SpecFlowProject2\bin\Debug\netcoreapp3.1\Microsoft.VisualStudio.Validation.exe'
2021-05-08T23:56:39.9464124+05:30:[AssemblyCache] Could not resolve 'Microsoft.VisualStudio.Validation' in folder 'C:\Users\himan\Himanshu\Projects\SpecFlowProject2\SpecFlowProject2\bin\Debug\netcoreapp3.1'
2021-05-08T23:56:39.9472148+05:30:TargetFramework: .NETCoreApp,Version=v3.1
2021-05-08T23:56:39.9482326+05:30:Tfm: netcoreapp3.1
2021-05-08T23:56:39.9483035+05:30:[AssemblyCache] Trying to resolve 'Microsoft.VisualStudio.Validation' in folder 'C:\Users\himan\Himanshu\Projects\SpecFlowProject2\SpecFlowProject2\bin\Debug\netcoreapp3.1\SpecFlowPlusRunner\netcoreapp3.1'
2021-05-08T23:56:39.9483120+05:30:[AssemblyCache] Trying to resolve 'Microsoft.VisualStudio.Validation' to 'C:\Users\himan\Himanshu\Projects\SpecFlowProject2\SpecFlowProject2\bin\Debug\netcoreapp3.1\SpecFlowPlusRunner\netcoreapp3.1\Microsoft.VisualStudio.Validation.dll'
2021-05-08T23:56:39.9486965+05:30:[AssemblyCache] Found file 'C:\Users\himan\Himanshu\Projects\SpecFlowProject2\SpecFlowProject2\bin\Debug\netcoreapp3.1\SpecFlowPlusRunner\netcoreapp3.1\Microsoft.VisualStudio.Validation.dll' for assembly 'Microsoft.VisualStudio.Validation'
2021-05-08T23:56:40.0984494+05:30:[AssemblyCache] Resolved 'Microsoft.VisualStudio.Validation' to C:\Users\himan\Himanshu\Projects\SpecFlowProject2\SpecFlowProject2\bin\Debug\netcoreapp3.1\SpecFlowPlusRunner\netcoreapp3.1\Microsoft.VisualStudio.Validation.dll
2021-05-08T23:56:40.1033905+05:30:Starting callback TCP Rpc server
2021-05-08T23:56:40.1036172+05:30:Starting callback TCP Rpc server
2021-05-08T23:56:40.1903701+05:30:Asynchronously starting background TCP Rpc Server on port 32768
2021-05-08T23:56:40.1912353+05:30:Started callback TCP Rpc server on port 32768
2021-05-08T23:56:40.1912847+05:30:Starting logger TCP Rpc server
2021-05-08T23:56:40.1994046+05:30:Asynchronously starting background TCP Rpc Server on port 32769
2021-05-08T23:56:40.1994925+05:30:Started callback TCP Rpc server on port 32769
2021-05-08T23:56:40.1995005+05:30:Starting logger TCP Rpc server
2021-05-08T23:56:40.2048427+05:30:Asynchronously starting background TCP Rpc Server on port 32770
2021-05-08T23:56:40.2049139+05:30:Started logger TCP Rpc server on port 32770
2021-05-08T23:56:40.2119431+05:30:Asynchronously starting background TCP Rpc Server on port 32771
2021-05-08T23:56:40.2120453+05:30:Started logger TCP Rpc server on port 32771
2021-05-08T23:56:40.5274967+05:30:Executing test executor at 'dotnet' 'exec "C:\Users\himan\Himanshu\Projects\SpecFlowProject2\SpecFlowProject2\bin\Debug\netcoreapp3.1\SpecFlowPlusRunner\netcoreapp3.1\TechTalk.SpecRun.Framework.Executor.anycpu.netcoreapp3_1.dll" --remoteRunnerPid 16136 --uniqueId "2021-05-08T235638" --outputFolder "C:\Users\himan\Himanshu\Projects\SpecFlowProject2\SpecFlowProject2\bin\Debug\netcoreapp3.1\Results" --callbackPort 32769 --loggerPort 32770' in 'C:\Users\himan\Himanshu\Projects\SpecFlowProject2\SpecFlowProject2\bin\Debug\netcoreapp3.1'
2021-05-08T23:56:40.5296519+05:30:Executing test executor at 'dotnet' 'exec "C:\Users\himan\Himanshu\Projects\SpecFlowProject2\SpecFlowProject2\bin\Debug\netcoreapp3.1\SpecFlowPlusRunner\netcoreapp3.1\TechTalk.SpecRun.Framework.Executor.anycpu.netcoreapp3_1.dll" --remoteRunnerPid 16136 --uniqueId "2021-05-08T235638" --outputFolder "C:\Users\himan\Himanshu\Projects\SpecFlowProject2\SpecFlowProject2\bin\Debug\netcoreapp3.1\Results" --callbackPort 32768 --loggerPort 32771' in 'C:\Users\himan\Himanshu\Projects\SpecFlowProject2\SpecFlowProject2\bin\Debug\netcoreapp3.1'
2021-05-08T23:56:40.5659757+05:30:Executor with PID 11160 has been started successfully.
2021-05-08T23:56:40.5740832+05:30:Out of Process Executor 11160 started
2021-05-08T23:56:40.5740999+05:30:Waiting for endpoint
2021-05-08T23:56:40.5765831+05:30:Executor with PID 13916 has been started successfully.
2021-05-08T23:56:40.5767720+05:30:Out of Process Executor 13916 started
2021-05-08T23:56:40.5767792+05:30:Waiting for endpoint
2021-05-08T23:56:43.2121349+05:30:Assembly resolving Microsoft.VisualStudio.Threading, Version=15.3.0.0, Culture=neutral, PublicKeyToken=b03f5f7f11d50a3a
2021-05-08T23:56:43.2122195+05:30:[AssemblyCache] Trying to resolve 'Microsoft.VisualStudio.Threading' from .deps.json file
2021-05-08T23:56:43.2122258+05:30:[AssemblyCache] Could not resolve 'Microsoft.VisualStudio.Threading' from .deps.json
2021-05-08T23:56:43.2122414+05:30:[AssemblyCache] Trying to resolve 'Microsoft.VisualStudio.Threading' in folder 'C:\Users\himan\Himanshu\Projects\SpecFlowProject2\SpecFlowProject2\bin\Debug\netcoreapp3.1'
2021-05-08T23:56:43.2122458+05:30:[AssemblyCache] Trying to resolve 'Microsoft.VisualStudio.Threading' to 'C:\Users\himan\Himanshu\Projects\SpecFlowProject2\SpecFlowProject2\bin\Debug\netcoreapp3.1\Microsoft.VisualStudio.Threading.dll'
2021-05-08T23:56:43.2123746+05:30:[AssemblyCache] Trying to resolve 'Microsoft.VisualStudio.Threading' to 'C:\Users\himan\Himanshu\Projects\SpecFlowProject2\SpecFlowProject2\bin\Debug\netcoreapp3.1\Microsoft.VisualStudio.Threading.exe'
2021-05-08T23:56:43.2124657+05:30:[AssemblyCache] Could not resolve 'Microsoft.VisualStudio.Threading' in folder 'C:\Users\himan\Himanshu\Projects\SpecFlowProject2\SpecFlowProject2\bin\Debug\netcoreapp3.1'
2021-05-08T23:56:43.2124855+05:30:TargetFramework: .NETCoreApp,Version=v3.1
2021-05-08T23:56:43.2126061+05:30:Tfm: netcoreapp3.1
2021-05-08T23:56:43.2126305+05:30:[AssemblyCache] Trying to resolve 'Microsoft.VisualStudio.Threading' in folder 'C:\Users\himan\Himanshu\Projects\SpecFlowProject2\SpecFlowProject2\bin\Debug\netcoreapp3.1\SpecFlowPlusRunner\netcoreapp3.1'
2021-05-08T23:56:43.2126347+05:30:[AssemblyCache] Trying to resolve 'Microsoft.VisualStudio.Threading' to 'C:\Users\himan\Himanshu\Projects\SpecFlowProject2\SpecFlowProject2\bin\Debug\netcoreapp3.1\SpecFlowPlusRunner\netcoreapp3.1\Microsoft.VisualStudio.Threading.dll'
2021-05-08T23:56:43.2127745+05:30:[AssemblyCache] Found file 'C:\Users\himan\Himanshu\Projects\SpecFlowProject2\SpecFlowProject2\bin\Debug\netcoreapp3.1\SpecFlowPlusRunner\netcoreapp3.1\Microsoft.VisualStudio.Threading.dll' for assembly 'Microsoft.VisualStudio.Threading'
2021-05-08T23:56:43.2739327+05:30:[AssemblyCache] Resolved 'Microsoft.VisualStudio.Threading' to C:\Users\himan\Himanshu\Projects\SpecFlowProject2\SpecFlowProject2\bin\Debug\netcoreapp3.1\SpecFlowPlusRunner\netcoreapp3.1\Microsoft.VisualStudio.Threading.dll
2021-05-08T23:56:43.6795254+05:30:Remote executor port received: 32772
2021-05-08T23:56:43.6795254+05:30:Remote executor port received: 32773
2021-05-08T23:56:43.6801400+05:30:Creating executor TCP client on port 32772
2021-05-08T23:56:43.6801478+05:30:Creating executor TCP client on port 32773
2021-05-08T23:56:43.6808224+05:30:Created executor TCP client on port 32772
2021-05-08T23:56:43.6808272+05:30:Created executor TCP client on port 32773
2021-05-08T23:56:43.6808347+05:30:Connecting to remote executor TCP server
2021-05-08T23:56:43.6808370+05:30:Connecting to remote executor TCP server
2021-05-08T23:56:43.6826782+05:30:Connected remote executor TCP server
2021-05-08T23:56:43.6826782+05:30:Connected remote executor TCP server
2021-05-08T23:56:43.6829361+05:30:trying to connect to Out of Process Executor the 1 attempt
2021-05-08T23:56:43.6829558+05:30:Connection to Out of Process Executor established in the 1 attempt
2021-05-08T23:56:43.6829361+05:30:trying to connect to Out of Process Executor the 1 attempt
2021-05-08T23:56:43.6829776+05:30:Connection to Out of Process Executor established in the 1 attempt
2021-05-08T23:56:44.0406497+05:30:2021-05-08T23:56:44.0381021+05:30:OutOfProcessTestAssemblyExecutor: initialized for C:\Users\himan\Himanshu\Projects\SpecFlowProject2\SpecFlowProject2\bin\Debug\netcoreapp3.1\SpecFlowProject2.dll on test thread #1
2021-05-08T23:56:44.0405857+05:30:2021-05-08T23:56:44.0377405+05:30:OutOfProcessTestAssemblyExecutor: initialized for C:\Users\himan\Himanshu\Projects\SpecFlowProject2\SpecFlowProject2\bin\Debug\netcoreapp3.1\SpecFlowProject2.dll on test thread #0
2021-05-08T23:56:44.0490435+05:30:Endpoint 11160 started
2021-05-08T23:56:44.0490435+05:30:Endpoint 13916 started
2021-05-08T23:56:44.0822022+05:30:2021-05-08T23:56:44.0815203+05:30:OutOfProcessTestAssemblyExecutor: running tests...
2021-05-08T23:56:44.0822023+05:30:2021-05-08T23:56:44.0816923+05:30:OutOfProcessTestAssemblyExecutor: running tests...
2021-05-08T23:56:44.2829096+05:30:2021-05-08T23:56:44.2819057+05:30:Assembly resolving TechTalk.SpecFlow, Version=3.7.0.0, Culture=neutral, PublicKeyToken=0778194805d6db41
2021-05-08T23:56:44.2829096+05:30:2021-05-08T23:56:44.2819057+05:30:Assembly resolving TechTalk.SpecFlow, Version=3.7.0.0, Culture=neutral, PublicKeyToken=0778194805d6db41
2021-05-08T23:56:44.2882875+05:30:2021-05-08T23:56:44.2877534+05:30:[AssemblyCache] Trying to resolve 'TechTalk.SpecFlow' from .deps.json file
2021-05-08T23:56:44.2884694+05:30:2021-05-08T23:56:44.2880646+05:30:[AssemblyCache] Trying to resolve 'TechTalk.SpecFlow' from .deps.json file
2021-05-08T23:56:44.2938560+05:30:2021-05-08T23:56:44.2932382+05:30:[AssemblyCache] Resolved 'TechTalk.SpecFlow' to 'C:\Users\himan\.nuget\packages\specflow\3.7.13\lib\netstandard2.0\TechTalk.SpecFlow.dll'
2021-05-08T23:56:44.2938555+05:30:2021-05-08T23:56:44.2932380+05:30:[AssemblyCache] Resolved 'TechTalk.SpecFlow' to 'C:\Users\himan\.nuget\packages\specflow\3.7.13\lib\netstandard2.0\TechTalk.SpecFlow.dll'
2021-05-08T23:56:44.8515639+05:30:2021-05-08T23:56:44.8463824+05:30:Thread#0:T:-> Loading plugin C:\Users\himan\Himanshu\Projects\SpecFlowProject2\SpecFlowProject2\bin\Debug\netcoreapp3.1\SpecFlowProject2.dll
2021-05-08T23:56:44.8606547+05:30:2021-05-08T23:56:44.8578715+05:30:Assembly resolving Microsoft.Extensions.DependencyModel, Version=1.0.1.0, Culture=neutral, PublicKeyToken=adb9793829ddae60
2021-05-08T23:56:44.8663373+05:30:2021-05-08T23:56:44.8630658+05:30:[AssemblyCache] Trying to resolve 'Microsoft.Extensions.DependencyModel' from .deps.json file
2021-05-08T23:56:44.8745191+05:30:2021-05-08T23:56:44.8702628+05:30:[AssemblyCache] Resolved 'Microsoft.Extensions.DependencyModel' to 'C:\Users\himan\.nuget\packages\microsoft.extensions.dependencymodel\1.0.3\lib\netstandard1.6\Microsoft.Extensions.DependencyModel.dll'
2021-05-08T23:56:44.8896561+05:30:2021-05-08T23:56:44.8850041+05:30:Thread#1:T:-> Loading plugin C:\Users\himan\Himanshu\Projects\SpecFlowProject2\SpecFlowProject2\bin\Debug\netcoreapp3.1\SpecFlowProject2.dll
2021-05-08T23:56:44.8956612+05:30:2021-05-08T23:56:44.8947767+05:30:Assembly resolving Microsoft.Extensions.DependencyModel, Version=1.0.1.0, Culture=neutral, PublicKeyToken=adb9793829ddae60
2021-05-08T23:56:44.8974788+05:30:2021-05-08T23:56:44.8965280+05:30:[AssemblyCache] Trying to resolve 'Microsoft.Extensions.DependencyModel' from .deps.json file
2021-05-08T23:56:44.9006533+05:30:2021-05-08T23:56:44.8992434+05:30:[AssemblyCache] Resolved 'Microsoft.Extensions.DependencyModel' to 'C:\Users\himan\.nuget\packages\microsoft.extensions.dependencymodel\1.0.3\lib\netstandard1.6\Microsoft.Extensions.DependencyModel.dll'
2021-05-08T23:56:45.3195432+05:30:2021-05-08T23:56:45.3179526+05:30:Assembly resolving Microsoft.DotNet.PlatformAbstractions, Version=1.0.1.0, Culture=neutral, PublicKeyToken=adb9793829ddae60
2021-05-08T23:56:45.3201495+05:30:2021-05-08T23:56:45.3188726+05:30:Assembly resolving Microsoft.DotNet.PlatformAbstractions, Version=1.0.1.0, Culture=neutral, PublicKeyToken=adb9793829ddae60
2021-05-08T23:56:45.3209806+05:30:2021-05-08T23:56:45.3205263+05:30:[AssemblyCache] Trying to resolve 'Microsoft.DotNet.PlatformAbstractions' from .deps.json file
2021-05-08T23:56:45.3209871+05:30:2021-05-08T23:56:45.3205791+05:30:[AssemblyCache] Trying to resolve 'Microsoft.DotNet.PlatformAbstractions' from .deps.json file
2021-05-08T23:56:45.3221276+05:30:2021-05-08T23:56:45.3217046+05:30:[AssemblyCache] Resolved 'Microsoft.DotNet.PlatformAbstractions' to 'C:\Users\himan\.nuget\packages\microsoft.dotnet.platformabstractions\1.0.3\lib\netstandard1.3\Microsoft.DotNet.PlatformAbstractions.dll'
2021-05-08T23:56:45.3221277+05:30:2021-05-08T23:56:45.3217000+05:30:[AssemblyCache] Resolved 'Microsoft.DotNet.PlatformAbstractions' to 'C:\Users\himan\.nuget\packages\microsoft.dotnet.platformabstractions\1.0.3\lib\netstandard1.3\Microsoft.DotNet.PlatformAbstractions.dll'
2021-05-08T23:56:45.3792607+05:30:2021-05-08T23:56:45.3788246+05:30:Thread#1:T:-> Missing [assembly:RuntimePlugin] attribute in SpecFlowProject2, Version=1.0.0.0, Culture=neutral, PublicKeyToken=null. Please check https://go.specflow.org/doc-plugins for details.
2021-05-08T23:56:45.3800221+05:30:2021-05-08T23:56:45.3796705+05:30:Thread#1:T:-> Loading plugin C:\Users\himan\Himanshu\Projects\SpecFlowProject2\SpecFlowProject2\bin\Debug\netcoreapp3.1\LivingDoc.SpecFlowPlugin.dll
2021-05-08T23:56:45.3818148+05:30:2021-05-08T23:56:45.3814063+05:30:Thread#0:T:-> Missing [assembly:RuntimePlugin] attribute in SpecFlowProject2, Version=1.0.0.0, Culture=neutral, PublicKeyToken=null. Please check https://go.specflow.org/doc-plugins for details.
2021-05-08T23:56:45.3824592+05:30:2021-05-08T23:56:45.3821575+05:30:Thread#0:T:-> Loading plugin C:\Users\himan\Himanshu\Projects\SpecFlowProject2\SpecFlowProject2\bin\Debug\netcoreapp3.1\LivingDoc.SpecFlowPlugin.dll
2021-05-08T23:56:45.8513127+05:30:2021-05-08T23:56:45.8457685+05:30:Assembly resolving LivingDoc.Dtos, Version=3.7.0.0, Culture=neutral, PublicKeyToken=null
2021-05-08T23:56:45.8512682+05:30:2021-05-08T23:56:45.8457685+05:30:Assembly resolving LivingDoc.Dtos, Version=3.7.0.0, Culture=neutral, PublicKeyToken=null
2021-05-08T23:56:45.8586462+05:30:2021-05-08T23:56:45.8558085+05:30:[AssemblyCache] Trying to resolve 'LivingDoc.Dtos' from .deps.json file
2021-05-08T23:56:45.8587040+05:30:2021-05-08T23:56:45.8557332+05:30:[AssemblyCache] Trying to resolve 'LivingDoc.Dtos' from .deps.json file
2021-05-08T23:56:45.8646150+05:30:2021-05-08T23:56:45.8621636+05:30:[AssemblyCache] Resolved 'LivingDoc.Dtos' to 'C:\Users\himan\.nuget\packages\specflow.plus.livingdocplugin\3.7.141\lib\netstandard2.0\LivingDoc.Dtos.dll'
2021-05-08T23:56:45.8653586+05:30:2021-05-08T23:56:45.8628152+05:30:[AssemblyCache] Resolved 'LivingDoc.Dtos' to 'C:\Users\himan\.nuget\packages\specflow.plus.livingdocplugin\3.7.141\lib\netstandard2.0\LivingDoc.Dtos.dll'
2021-05-08T23:56:46.3282270+05:30:2021-05-08T23:56:46.3241753+05:30:Thread#0:T:-> Loading plugin C:\Users\himan\Himanshu\Projects\SpecFlowProject2\SpecFlowProject2\bin\Debug\netcoreapp3.1\ReportPortal.SpecFlowPlugin.dll
2021-05-08T23:56:46.3319040+05:30:2021-05-08T23:56:46.3290033+05:30:Thread#1:T:-> Loading plugin C:\Users\himan\Himanshu\Projects\SpecFlowProject2\SpecFlowProject2\bin\Debug\netcoreapp3.1\ReportPortal.SpecFlowPlugin.dll
2021-05-08T23:56:46.8640279+05:30:2021-05-08T23:56:46.8602153+05:30:Assembly resolving ReportPortal.Shared, Version=3.1.1.0, Culture=neutral, PublicKeyToken=null
2021-05-08T23:56:46.8686462+05:30:2021-05-08T23:56:46.8669319+05:30:[AssemblyCache] Trying to resolve 'ReportPortal.Shared' from .deps.json file
2021-05-08T23:56:46.8741549+05:30:2021-05-08T23:56:46.8696551+05:30:Assembly resolving ReportPortal.Shared, Version=3.1.1.0, Culture=neutral, PublicKeyToken=null
2021-05-08T23:56:46.8745432+05:30:2021-05-08T23:56:46.8719580+05:30:[AssemblyCache] Resolved 'ReportPortal.Shared' to 'C:\Users\himan\.nuget\packages\reportportal.shared\3.1.1\lib\netstandard2.0\ReportPortal.Shared.dll'
2021-05-08T23:56:46.8792066+05:30:2021-05-08T23:56:46.8774488+05:30:[AssemblyCache] Trying to resolve 'ReportPortal.Shared' from .deps.json file
2021-05-08T23:56:46.8838526+05:30:2021-05-08T23:56:46.8820034+05:30:[AssemblyCache] Resolved 'ReportPortal.Shared' to 'C:\Users\himan\.nuget\packages\reportportal.shared\3.1.1\lib\netstandard2.0\ReportPortal.Shared.dll'
2021-05-08T23:56:47.5545081+05:30:2021-05-08T23:56:47.5498073+05:30:Thread#1:T:-> Loading plugin C:\Users\himan\Himanshu\Projects\SpecFlowProject2\SpecFlowProject2\bin\Debug\netcoreapp3.1\SpecRun.Runtime.SpecFlowPlugin.dll
2021-05-08T23:56:47.5555432+05:30:2021-05-08T23:56:47.5507012+05:30:Thread#0:T:-> Loading plugin C:\Users\himan\Himanshu\Projects\SpecFlowProject2\SpecFlowProject2\bin\Debug\netcoreapp3.1\SpecRun.Runtime.SpecFlowPlugin.dll
2021-05-08T23:56:48.1362597+05:30:2021-05-08T23:56:48.1293894+05:30:Thread#1:T:-> Using default config
2021-05-08T23:56:48.1362597+05:30:2021-05-08T23:56:48.1295803+05:30:Thread#0:T:-> Using default config
2021-05-08T23:56:48.2029406+05:30:2021-05-08T23:56:48.2004030+05:30:Assembly resolving Cucumber.Messages, Version=6.0.1.0, Culture=neutral, PublicKeyToken=b10c5988214f940c
2021-05-08T23:56:48.2062282+05:30:2021-05-08T23:56:48.2046570+05:30:[AssemblyCache] Trying to resolve 'Cucumber.Messages' from .deps.json file
2021-05-08T23:56:48.2066134+05:30:2021-05-08T23:56:48.2050944+05:30:Assembly resolving Cucumber.Messages, Version=6.0.1.0, Culture=neutral, PublicKeyToken=b10c5988214f940c
2021-05-08T23:56:48.2094115+05:30:2021-05-08T23:56:48.2082619+05:30:[AssemblyCache] Trying to resolve 'Cucumber.Messages' from .deps.json file
2021-05-08T23:56:48.2110535+05:30:2021-05-08T23:56:48.2094380+05:30:[AssemblyCache] Resolved 'Cucumber.Messages' to 'C:\Users\himan\.nuget\packages\cucumber.messages\6.0.1\lib\netstandard2.0\Cucumber.Messages.dll'
2021-05-08T23:56:48.2152282+05:30:2021-05-08T23:56:48.2140143+05:30:[AssemblyCache] Resolved 'Cucumber.Messages' to 'C:\Users\himan\.nuget\packages\cucumber.messages\6.0.1\lib\netstandard2.0\Cucumber.Messages.dll'
2021-05-08T23:56:48.2343568+05:30:2021-05-08T23:56:48.2330466+05:30:Assembly resolving Google.Protobuf, Version=3.7.0.0, Culture=neutral, PublicKeyToken=a7d26565bac4d604
2021-05-08T23:56:48.2364605+05:30:2021-05-08T23:56:48.2352723+05:30:[AssemblyCache] Trying to resolve 'Google.Protobuf' from .deps.json file
2021-05-08T23:56:48.2391220+05:30:2021-05-08T23:56:48.2381988+05:30:[AssemblyCache] Resolved 'Google.Protobuf' to 'C:\Users\himan\.nuget\packages\google.protobuf\3.7.0\lib\netstandard1.0\Google.Protobuf.dll'
2021-05-08T23:56:48.2411970+05:30:2021-05-08T23:56:48.2400058+05:30:Assembly resolving Google.Protobuf, Version=3.7.0.0, Culture=neutral, PublicKeyToken=a7d26565bac4d604
2021-05-08T23:56:48.2432512+05:30:2021-05-08T23:56:48.2420742+05:30:[AssemblyCache] Trying to resolve 'Google.Protobuf' from .deps.json file
2021-05-08T23:56:48.2461899+05:30:2021-05-08T23:56:48.2452214+05:30:[AssemblyCache] Resolved 'Google.Protobuf' to 'C:\Users\himan\.nuget\packages\google.protobuf\3.7.0\lib\netstandard1.0\Google.Protobuf.dll'
2021-05-08T23:56:48.2915144+05:30:2021-05-08T23:56:48.2900738+05:30:Assembly resolving Microsoft.VisualStudio.TestPlatform.ObjectModel, Version=15.0.0.0, Culture=neutral, PublicKeyToken=b03f5f7f11d50a3a
2021-05-08T23:56:48.2924552+05:30:2021-05-08T23:56:48.2914917+05:30:Assembly resolving Microsoft.VisualStudio.TestPlatform.ObjectModel, Version=15.0.0.0, Culture=neutral, PublicKeyToken=b03f5f7f11d50a3a
2021-05-08T23:56:48.2932937+05:30:2021-05-08T23:56:48.2922970+05:30:[AssemblyCache] Trying to resolve 'Microsoft.VisualStudio.TestPlatform.ObjectModel' from .deps.json file
2021-05-08T23:56:48.2941159+05:30:2021-05-08T23:56:48.2932271+05:30:[AssemblyCache] Trying to resolve 'Microsoft.VisualStudio.TestPlatform.ObjectModel' from .deps.json file
2021-05-08T23:56:48.2964213+05:30:2021-05-08T23:56:48.2955763+05:30:[AssemblyCache] Resolved 'Microsoft.VisualStudio.TestPlatform.ObjectModel' to 'C:\Users\himan\.nuget\packages\microsoft.testplatform.objectmodel\16.10.0-release-20210429-01\lib\netcoreapp2.1\Microsoft.VisualStudio.TestPlatform.ObjectModel.dll'
2021-05-08T23:56:48.2972449+05:30:2021-05-08T23:56:48.2962893+05:30:[AssemblyCache] Resolved 'Microsoft.VisualStudio.TestPlatform.ObjectModel' to 'C:\Users\himan\.nuget\packages\microsoft.testplatform.objectmodel\16.10.0-release-20210429-01\lib\netcoreapp2.1\Microsoft.VisualStudio.TestPlatform.ObjectModel.dll'
2021-05-08T23:56:48.5210319+05:30:2021-05-08T23:56:48.5193268+05:30:Assembly resolving Utf8Json, Version=1.3.7.0, Culture=neutral, PublicKeyToken=8a73d3ba7e392e27
2021-05-08T23:56:48.5227077+05:30:2021-05-08T23:56:48.5222308+05:30:[AssemblyCache] Trying to resolve 'Utf8Json' from .deps.json file
2021-05-08T23:56:48.5242508+05:30:2021-05-08T23:56:48.5238155+05:30:[AssemblyCache] Resolved 'Utf8Json' to 'C:\Users\himan\.nuget\packages\utf8json\1.3.7\lib\netstandard2.0\Utf8Json.dll'
2021-05-08T23:56:48.5345114+05:30:2021-05-08T23:56:48.5330195+05:30:Assembly resolving Utf8Json, Version=1.3.7.0, Culture=neutral, PublicKeyToken=8a73d3ba7e392e27
2021-05-08T23:56:48.5362412+05:30:2021-05-08T23:56:48.5357387+05:30:[AssemblyCache] Trying to resolve 'Utf8Json' from .deps.json file
2021-05-08T23:56:48.5378395+05:30:2021-05-08T23:56:48.5372227+05:30:[AssemblyCache] Resolved 'Utf8Json' to 'C:\Users\himan\.nuget\packages\utf8json\1.3.7\lib\netstandard2.0\Utf8Json.dll'
2021-05-08T23:56:49.3820779+05:30:2021-05-08T23:56:49.3815148+05:30:Assembly resolving ReportPortal.Client, Version=3.0.4.0, Culture=neutral, PublicKeyToken=null
2021-05-08T23:56:49.3830813+05:30:2021-05-08T23:56:49.3825924+05:30:[AssemblyCache] Trying to resolve 'ReportPortal.Client' from .deps.json file
2021-05-08T23:56:49.3844698+05:30:2021-05-08T23:56:49.3839919+05:30:[AssemblyCache] Resolved 'ReportPortal.Client' to 'C:\Users\himan\.nuget\packages\reportportal.client\3.0.4\lib\netstandard2.0\ReportPortal.Client.dll'
2021-05-08T23:56:49.3854265+05:30:2021-05-08T23:56:49.3849538+05:30:Assembly resolving ReportPortal.Client, Version=3.0.4.0, Culture=neutral, PublicKeyToken=null
2021-05-08T23:56:49.3863419+05:30:2021-05-08T23:56:49.3858584+05:30:[AssemblyCache] Trying to resolve 'ReportPortal.Client' from .deps.json file
2021-05-08T23:56:49.3879003+05:30:2021-05-08T23:56:49.3873500+05:30:[AssemblyCache] Resolved 'ReportPortal.Client' to 'C:\Users\himan\.nuget\packages\reportportal.client\3.0.4\lib\netstandard2.0\ReportPortal.Client.dll'
2021-05-08T23:56:49.7872807+05:30:2021-05-08T23:56:49.7838702+05:30:Assembly resolving ReportPortal.Shared, Culture=neutral, PublicKeyToken=null
2021-05-08T23:56:49.7965687+05:30:2021-05-08T23:56:49.7951322+05:30:Assembly resolving ReportPortal.Shared, Culture=neutral, PublicKeyToken=null
2021-05-08T23:56:49.8420088+05:30:Thread#1: Test #4/0 is started on thread #1
2021-05-08T23:56:49.8653522+05:30:2021-05-08T23:56:49.8599532+05:30:Assembly resolving System.Private.DataContractSerialization.resources, Version=4.1.5.0, Culture=en-US, PublicKeyToken=b03f5f7f11d50a3a
2021-05-08T23:56:49.8657903+05:30:2021-05-08T23:56:49.8647966+05:30:Assembly resolving System.Private.DataContractSerialization.resources, Version=4.1.5.0, Culture=en-US, PublicKeyToken=b03f5f7f11d50a3a
2021-05-08T23:56:49.8710676+05:30:Thread#0: Test #6/0 is started on thread #0
2021-05-08T23:56:49.8712578+05:30:2021-05-08T23:56:49.8671277+05:30:[AssemblyCache] Trying to resolve 'System.Private.DataContractSerialization.resources' from .deps.json file
2021-05-08T23:56:49.8747448+05:30:2021-05-08T23:56:49.8710882+05:30:[AssemblyCache] Trying to resolve 'System.Private.DataContractSerialization.resources' from .deps.json file
2021-05-08T23:56:49.8772765+05:30:2021-05-08T23:56:49.8730983+05:30:[AssemblyCache] Could not resolve 'System.Private.DataContractSerialization.resources' from .deps.json
2021-05-08T23:56:49.8823013+05:30:2021-05-08T23:56:49.8771965+05:30:[AssemblyCache] Could not resolve 'System.Private.DataContractSerialization.resources' from .deps.json
2021-05-08T23:56:49.9163906+05:30:2021-05-08T23:56:49.8898963+05:30:[AssemblyCache] Trying to resolve 'System.Private.DataContractSerialization.resources' in folder 'C:\Users\himan\Himanshu\Projects\SpecFlowProject2\SpecFlowProject2\bin\Debug\netcoreapp3.1'
2021-05-08T23:56:49.9273305+05:30:2021-05-08T23:56:49.9175042+05:30:[AssemblyCache] Trying to resolve 'System.Private.DataContractSerialization.resources' in folder 'C:\Users\himan\Himanshu\Projects\SpecFlowProject2\SpecFlowProject2\bin\Debug\netcoreapp3.1'
2021-05-08T23:56:49.9305916+05:30:2021-05-08T23:56:49.9299201+05:30:[AssemblyCache] Trying to resolve 'System.Private.DataContractSerialization.resources' to 'C:\Users\himan\Himanshu\Projects\SpecFlowProject2\SpecFlowProject2\bin\Debug\netcoreapp3.1\System.Private.DataContractSerialization.resources.dll'
2021-05-08T23:56:49.9336836+05:30:2021-05-08T23:56:49.9311695+05:30:[AssemblyCache] Trying to resolve 'System.Private.DataContractSerialization.resources' to 'C:\Users\himan\Himanshu\Projects\SpecFlowProject2\SpecFlowProject2\bin\Debug\netcoreapp3.1\System.Private.DataContractSerialization.resources.exe'
2021-05-08T23:56:49.9370871+05:30:2021-05-08T23:56:49.9329285+05:30:[AssemblyCache] Trying to resolve 'System.Private.DataContractSerialization.resources' to 'C:\Users\himan\Himanshu\Projects\SpecFlowProject2\SpecFlowProject2\bin\Debug\netcoreapp3.1\System.Private.DataContractSerialization.resources.dll'
2021-05-08T23:56:49.9436165+05:30:2021-05-08T23:56:49.9430977+05:30:[AssemblyCache] Could not resolve 'System.Private.DataContractSerialization.resources' in folder 'C:\Users\himan\Himanshu\Projects\SpecFlowProject2\SpecFlowProject2\bin\Debug\netcoreapp3.1'
2021-05-08T23:56:49.9438994+05:30:2021-05-08T23:56:49.9433352+05:30:[AssemblyCache] Trying to resolve 'System.Private.DataContractSerialization.resources' to 'C:\Users\himan\Himanshu\Projects\SpecFlowProject2\SpecFlowProject2\bin\Debug\netcoreapp3.1\System.Private.DataContractSerialization.resources.exe'
2021-05-08T23:56:49.9447492+05:30:2021-05-08T23:56:49.9443798+05:30:[AssemblyCache] Could not resolve 'System.Private.DataContractSerialization.resources' in folder 'C:\Users\himan\Himanshu\Projects\SpecFlowProject2\SpecFlowProject2\bin\Debug\netcoreapp3.1'
2021-05-08T23:56:49.9448996+05:30:2021-05-08T23:56:49.9444566+05:30:TargetFramework: .NETCoreApp,Version=v3.1
2021-05-08T23:56:49.9459910+05:30:2021-05-08T23:56:49.9455108+05:30:TargetFramework: .NETCoreApp,Version=v3.1
2021-05-08T23:56:49.9462719+05:30:2021-05-08T23:56:49.9458677+05:30:Tfm: netcoreapp3.1
2021-05-08T23:56:49.9468653+05:30:2021-05-08T23:56:49.9465579+05:30:[AssemblyCache] Trying to resolve 'System.Private.DataContractSerialization.resources' in folder 'C:\Users\himan\Himanshu\Projects\SpecFlowProject2\SpecFlowProject2\bin\Debug\netcoreapp3.1\SpecFlowPlusRunner\netcoreapp3.1'
2021-05-08T23:56:49.9481666+05:30:2021-05-08T23:56:49.9471023+05:30:[AssemblyCache] Trying to resolve 'System.Private.DataContractSerialization.resources' to 'C:\Users\himan\Himanshu\Projects\SpecFlowProject2\SpecFlowProject2\bin\Debug\netcoreapp3.1\SpecFlowPlusRunner\netcoreapp3.1\System.Private.DataContractSerialization.resources.dll'
2021-05-08T23:56:49.9483746+05:30:2021-05-08T23:56:49.9473393+05:30:Tfm: netcoreapp3.1
2021-05-08T23:56:49.9524601+05:30:2021-05-08T23:56:49.9496183+05:30:[AssemblyCache] Trying to resolve 'System.Private.DataContractSerialization.resources' to 'C:\Users\himan\Himanshu\Projects\SpecFlowProject2\SpecFlowProject2\bin\Debug\netcoreapp3.1\SpecFlowPlusRunner\netcoreapp3.1\System.Private.DataContractSerialization.resources.exe'
2021-05-08T23:56:49.9527589+05:30:2021-05-08T23:56:49.9502228+05:30:[AssemblyCache] Trying to resolve 'System.Private.DataContractSerialization.resources' in folder 'C:\Users\himan\Himanshu\Projects\SpecFlowProject2\SpecFlowProject2\bin\Debug\netcoreapp3.1\SpecFlowPlusRunner\netcoreapp3.1'
2021-05-08T23:56:49.9562363+05:30:2021-05-08T23:56:49.9530891+05:30:[AssemblyCache] Trying to resolve 'System.Private.DataContractSerialization.resources' to 'C:\Users\himan\Himanshu\Projects\SpecFlowProject2\SpecFlowProject2\bin\Debug\netcoreapp3.1\SpecFlowPlusRunner\netcoreapp3.1\System.Private.DataContractSerialization.resources.dll'
2021-05-08T23:56:49.9594898+05:30:2021-05-08T23:56:49.9532074+05:30:[AssemblyCache] Could not resolve 'System.Private.DataContractSerialization.resources' in folder 'C:\Users\himan\Himanshu\Projects\SpecFlowProject2\SpecFlowProject2\bin\Debug\netcoreapp3.1\SpecFlowPlusRunner\netcoreapp3.1'
2021-05-08T23:56:49.9752517+05:30:2021-05-08T23:56:49.9682770+05:30:Assembly resolving WebDriver, Version=4.0.0.0, Culture=neutral, PublicKeyToken=null
2021-05-08T23:56:49.9819431+05:30:2021-05-08T23:56:49.9620535+05:30:[AssemblyCache] Trying to resolve 'System.Private.DataContractSerialization.resources' to 'C:\Users\himan\Himanshu\Projects\SpecFlowProject2\SpecFlowProject2\bin\Debug\netcoreapp3.1\SpecFlowPlusRunner\netcoreapp3.1\System.Private.DataContractSerialization.resources.exe'
2021-05-08T23:56:49.9823879+05:30:2021-05-08T23:56:49.9764057+05:30:[AssemblyCache] Trying to resolve 'WebDriver' from .deps.json file
2021-05-08T23:56:49.9834145+05:30:2021-05-08T23:56:49.9829978+05:30:[AssemblyCache] Could not resolve 'System.Private.DataContractSerialization.resources' in folder 'C:\Users\himan\Himanshu\Projects\SpecFlowProject2\SpecFlowProject2\bin\Debug\netcoreapp3.1\SpecFlowPlusRunner\netcoreapp3.1'
2021-05-08T23:56:49.9836397+05:30:2021-05-08T23:56:49.9831479+05:30:[AssemblyCache] Resolved 'WebDriver' to 'C:\Users\himan\.nuget\packages\selenium.webdriver\4.0.0-beta2\lib\netstandard2.1\WebDriver.dll'
2021-05-08T23:56:49.9911970+05:30:2021-05-08T23:56:49.9904453+05:30:[AssemblyCache] Trying to resolve 'System.Private.DataContractSerialization.resources' in folder 'C:\Program Files\dotnet\shared\Microsoft.AspNetCore.App\3.1.14'
2021-05-08T23:56:49.9918491+05:30:2021-05-08T23:56:49.9915166+05:30:[AssemblyCache] Trying to resolve 'System.Private.DataContractSerialization.resources' to 'C:\Program Files\dotnet\shared\Microsoft.AspNetCore.App\3.1.14\System.Private.DataContractSerialization.resources.dll'
2021-05-08T23:56:49.9928810+05:30:2021-05-08T23:56:49.9925710+05:30:[AssemblyCache] Trying to resolve 'System.Private.DataContractSerialization.resources' to 'C:\Program Files\dotnet\shared\Microsoft.AspNetCore.App\3.1.14\System.Private.DataContractSerialization.resources.exe'
2021-05-08T23:56:49.9942897+05:30:2021-05-08T23:56:49.9937910+05:30:[AssemblyCache] Could not resolve 'System.Private.DataContractSerialization.resources' in folder 'C:\Program Files\dotnet\shared\Microsoft.AspNetCore.App\3.1.14'
2021-05-08T23:56:49.9984554+05:30:2021-05-08T23:56:49.9950077+05:30:[AssemblyCache] Trying to resolve 'System.Private.DataContractSerialization.resources' in folder 'C:\Program Files\dotnet\shared\Microsoft.NETCore.App\3.1.14'
2021-05-08T23:56:50.0014284+05:30:2021-05-08T23:56:49.9989916+05:30:[AssemblyCache] Trying to resolve 'System.Private.DataContractSerialization.resources' to 'C:\Program Files\dotnet\shared\Microsoft.NETCore.App\3.1.14\System.Private.DataContractSerialization.resources.dll'
2021-05-08T23:56:50.0060726+05:30:2021-05-08T23:56:50.0021243+05:30:Assembly resolving WebDriver, Version=4.0.0.0, Culture=neutral, PublicKeyToken=null
2021-05-08T23:56:50.0064746+05:30:2021-05-08T23:56:50.0059798+05:30:[AssemblyCache] Trying to resolve 'System.Private.DataContractSerialization.resources' in folder 'C:\Program Files\dotnet\shared\Microsoft.AspNetCore.App\3.1.14'
2021-05-08T23:56:50.0072387+05:30:2021-05-08T23:56:50.0069003+05:30:[AssemblyCache] Trying to resolve 'System.Private.DataContractSerialization.resources' to 'C:\Program Files\dotnet\shared\Microsoft.AspNetCore.App\3.1.14\System.Private.DataContractSerialization.resources.dll'
2021-05-08T23:56:50.0101964+05:30:2021-05-08T23:56:50.0091606+05:30:[AssemblyCache] Trying to resolve 'System.Private.DataContractSerialization.resources' to 'C:\Program Files\dotnet\shared\Microsoft.AspNetCore.App\3.1.14\System.Private.DataContractSerialization.resources.exe'
2021-05-08T23:56:50.0103340+05:30:2021-05-08T23:56:50.0052433+05:30:[AssemblyCache] Trying to resolve 'System.Private.DataContractSerialization.resources' to 'C:\Program Files\dotnet\shared\Microsoft.NETCore.App\3.1.14\System.Private.DataContractSerialization.resources.exe'
2021-05-08T23:56:50.0123570+05:30:2021-05-08T23:56:50.0110312+05:30:[AssemblyCache] Could not resolve 'System.Private.DataContractSerialization.resources' in folder 'C:\Program Files\dotnet\shared\Microsoft.AspNetCore.App\3.1.14'
2021-05-08T23:56:50.0124991+05:30:2021-05-08T23:56:50.0084210+05:30:[AssemblyCache] Trying to resolve 'WebDriver' from .deps.json file
2021-05-08T23:56:50.0125589+05:30:2021-05-08T23:56:50.0111416+05:30:[AssemblyCache] Could not resolve 'System.Private.DataContractSerialization.resources' in folder 'C:\Program Files\dotnet\shared\Microsoft.NETCore.App\3.1.14'
2021-05-08T23:56:50.0185485+05:30:2021-05-08T23:56:50.0173877+05:30:[AssemblyCache] Resolved 'WebDriver' to 'C:\Users\himan\.nuget\packages\selenium.webdriver\4.0.0-beta2\lib\netstandard2.1\WebDriver.dll'
2021-05-08T23:56:50.0196923+05:30:2021-05-08T23:56:50.0187996+05:30:[AssemblyCache] Trying to resolve 'System.Private.DataContractSerialization.resources' in folder 'C:\Program Files\dotnet\shared\Microsoft.NETCore.App\3.1.14'
2021-05-08T23:56:50.0201086+05:30:2021-05-08T23:56:50.0190281+05:30:[AssemblyCache] Trying to resolve 'System.Private.DataContractSerialization.resources' in folder 'C:\Program Files\dotnet\shared\Microsoft.WindowsDesktop.App\3.1.14'
2021-05-08T23:56:50.0209910+05:30:2021-05-08T23:56:50.0205687+05:30:[AssemblyCache] Trying to resolve 'System.Private.DataContractSerialization.resources' to 'C:\Program Files\dotnet\shared\Microsoft.NETCore.App\3.1.14\System.Private.DataContractSerialization.resources.dll'
2021-05-08T23:56:50.0210346+05:30:2021-05-08T23:56:50.0206303+05:30:[AssemblyCache] Trying to resolve 'System.Private.DataContractSerialization.resources' to 'C:\Program Files\dotnet\shared\Microsoft.WindowsDesktop.App\3.1.14\System.Private.DataContractSerialization.resources.dll'
2021-05-08T23:56:50.0220110+05:30:2021-05-08T23:56:50.0216585+05:30:[AssemblyCache] Trying to resolve 'System.Private.DataContractSerialization.resources' to 'C:\Program Files\dotnet\shared\Microsoft.NETCore.App\3.1.14\System.Private.DataContractSerialization.resources.exe'
2021-05-08T23:56:50.0222900+05:30:2021-05-08T23:56:50.0218872+05:30:[AssemblyCache] Trying to resolve 'System.Private.DataContractSerialization.resources' to 'C:\Program Files\dotnet\shared\Microsoft.WindowsDesktop.App\3.1.14\System.Private.DataContractSerialization.resources.exe'
2021-05-08T23:56:50.0227819+05:30:2021-05-08T23:56:50.0224957+05:30:[AssemblyCache] Could not resolve 'System.Private.DataContractSerialization.resources' in folder 'C:\Program Files\dotnet\shared\Microsoft.NETCore.App\3.1.14'
2021-05-08T23:56:50.0231047+05:30:2021-05-08T23:56:50.0226981+05:30:[AssemblyCache] Could not resolve 'System.Private.DataContractSerialization.resources' in folder 'C:\Program Files\dotnet\shared\Microsoft.WindowsDesktop.App\3.1.14'
2021-05-08T23:56:50.0256020+05:30:2021-05-08T23:56:50.0237539+05:30:[AssemblyCache] Trying to resolve 'System.Private.DataContractSerialization.resources' in folder 'C:\Program Files\dotnet\shared\Microsoft.WindowsDesktop.App\3.1.14'
2021-05-08T23:56:50.0275519+05:30:2021-05-08T23:56:50.0263671+05:30:[AssemblyCache] Trying to resolve 'System.Private.DataContractSerialization.resources' to 'C:\Program Files\dotnet\shared\Microsoft.WindowsDesktop.App\3.1.14\System.Private.DataContractSerialization.resources.dll'
2021-05-08T23:56:50.0281325+05:30:2021-05-08T23:56:50.0274548+05:30:Assembly resolving System.Private.DataContractSerialization.resources, Version=4.1.5.0, Culture=en, PublicKeyToken=b03f5f7f11d50a3a
2021-05-08T23:56:50.0288037+05:30:2021-05-08T23:56:50.0283805+05:30:[AssemblyCache] Trying to resolve 'System.Private.DataContractSerialization.resources' to 'C:\Program Files\dotnet\shared\Microsoft.WindowsDesktop.App\3.1.14\System.Private.DataContractSerialization.resources.exe'
2021-05-08T23:56:50.0306474+05:30:2021-05-08T23:56:50.0296996+05:30:[AssemblyCache] Could not resolve 'System.Private.DataContractSerialization.resources' in folder 'C:\Program Files\dotnet\shared\Microsoft.WindowsDesktop.App\3.1.14'
2021-05-08T23:56:50.0356485+05:30:2021-05-08T23:56:50.0349514+05:30:Assembly resolving System.Private.DataContractSerialization.resources, Version=4.1.5.0, Culture=en, PublicKeyToken=b03f5f7f11d50a3a
2021-05-08T23:56:52.9728173+05:30:2021-05-08T23:56:52.9687209+05:30:Assembly resolving Newtonsoft.Json, Version=12.0.0.0, Culture=neutral, PublicKeyToken=30ad4fe6b2a6aeed
2021-05-08T23:56:52.9767132+05:30:2021-05-08T23:56:52.9756957+05:30:[AssemblyCache] Trying to resolve 'Newtonsoft.Json' from .deps.json file
2021-05-08T23:56:52.9803968+05:30:2021-05-08T23:56:52.9792290+05:30:[AssemblyCache] Resolved 'Newtonsoft.Json' to 'C:\Users\himan\.nuget\packages\newtonsoft.json\12.0.3\lib\netstandard2.0\Newtonsoft.Json.dll'
2021-05-08T23:56:53.0002274+05:30:2021-05-08T23:56:52.9970884+05:30:Assembly resolving Newtonsoft.Json, Version=12.0.0.0, Culture=neutral, PublicKeyToken=30ad4fe6b2a6aeed
2021-05-08T23:56:53.0036590+05:30:2021-05-08T23:56:53.0026166+05:30:[AssemblyCache] Trying to resolve 'Newtonsoft.Json' from .deps.json file
2021-05-08T23:56:53.0068294+05:30:2021-05-08T23:56:53.0057026+05:30:[AssemblyCache] Resolved 'Newtonsoft.Json' to 'C:\Users\himan\.nuget\packages\newtonsoft.json\12.0.3\lib\netstandard2.0\Newtonsoft.Json.dll'
2021-05-08T23:56:55.0709380+05:30:2021-05-08T23:56:55.0690005+05:30:Thread#1:B:Given the first number is 50
2021-05-08T23:56:55.3833335+05:30:2021-05-08T23:56:55.3775043+05:30:Thread#0:B:Given User launches google.com
2021-05-08T23:56:57.3312284+05:30:2021-05-08T23:56:57.2265317+05:30:Thread#0:T:done: LaunchGoogleSteps.GivenUserLaunchesGoogle_Com() (1.8s)
2021-05-08T23:56:57.3606815+05:30:2021-05-08T23:56:57.3601391+05:30:Thread#0:B:Then he should be able to launch
2021-05-08T23:56:57.3641385+05:30:2021-05-08T23:56:57.3634713+05:30:Thread#0:T:done: LaunchGoogleSteps.ThenHeShouldBeAbleToLaunch() (0.0s)
2021-05-08T23:56:57.4053114+05:30:Thread#0:Scheduler: get next test for thread 0
2021-05-08T23:56:57.4055035+05:30:Thread#:Scheduler: at the end of normal test queue
2021-05-08T23:56:57.4055210+05:30:Thread#0:Scheduler: enumerator for thread is at end
2021-05-08T23:56:57.4055413+05:30:Thread#0:Scheduler: No more tests for thread
2021-05-08T23:56:58.3110848+05:30:2021-05-08T23:56:58.2697254+05:30:Thread#1:T:done: CalculatorStepDefinitions.GivenTheFirstNumberIs(50) (3.1s)
2021-05-08T23:56:58.3445732+05:30:2021-05-08T23:56:58.3299418+05:30:Thread#1:B:And the second number is 70
2021-05-08T23:56:58.3619738+05:30:2021-05-08T23:56:58.3507488+05:30:Thread#1:T:done: CalculatorStepDefinitions.GivenTheSecondNumberIs(70) (0.0s)
2021-05-08T23:56:58.3767728+05:30:2021-05-08T23:56:58.3672768+05:30:Thread#1:B:When the two numbers are added
2021-05-08T23:56:58.3827490+05:30:2021-05-08T23:56:58.3809184+05:30:Thread#1:T:done: CalculatorStepDefinitions.WhenTheTwoNumbersAreAdded() (0.0s)
2021-05-08T23:56:58.3898510+05:30:2021-05-08T23:56:58.3883665+05:30:Thread#1:B:Then the result should be 120
2021-05-08T23:56:58.3952888+05:30:2021-05-08T23:56:58.3946228+05:30:Thread#1:T:done: CalculatorStepDefinitions.ThenTheResultShouldBe(120) (0.0s)
2021-05-08T23:56:58.4241546+05:30:Thread#1:Scheduler: get next test for thread 1
2021-05-08T23:56:58.4242844+05:30:Thread#:Scheduler: at the end of normal test queue
2021-05-08T23:56:58.4243022+05:30:Thread#1:Scheduler: enumerator for thread is at end
2021-05-08T23:56:58.4243108+05:30:Thread#1:Scheduler: No more tests for thread
2021-05-08T23:56:59.0071136+05:30:Thread#0: Test #6/0 is finished on thread #0 as Succeeded within 9.1346195 seconds
2021-05-08T23:56:59.0327006+05:30:2021-05-08T23:56:59.0316715+05:30:Got Deinitialize Signal
2021-05-08T23:56:59.0424300+05:30:RPC Client disconnected, because 'Disposed'. 
LastMessage: 
Description:Stream has been disposed
Exception:<none>
2021-05-08T23:56:59.0441513+05:30:RPC Server disconnected, because 'Disposed'. 
LastMessage: 
Description:Reached end of stream.
Exception:<none>
2021-05-08T23:56:59.0467779+05:30:RPC Server disconnected, because 'Disposed'. 
LastMessage: 
Description:Reached end of stream.
Exception:<none>
2021-05-08T23:56:59.0525125+05:30:Assembly resolving System.Diagnostics.Process.resources, Version=4.2.2.0, Culture=en-US, PublicKeyToken=b03f5f7f11d50a3a
2021-05-08T23:56:59.0525570+05:30:[AssemblyCache] Trying to resolve 'System.Diagnostics.Process.resources' from .deps.json file
2021-05-08T23:56:59.0525766+05:30:[AssemblyCache] Could not resolve 'System.Diagnostics.Process.resources' from .deps.json
2021-05-08T23:56:59.0525914+05:30:[AssemblyCache] Trying to resolve 'System.Diagnostics.Process.resources' in folder 'C:\Users\himan\Himanshu\Projects\SpecFlowProject2\SpecFlowProject2\bin\Debug\netcoreapp3.1'
2021-05-08T23:56:59.0526005+05:30:[AssemblyCache] Trying to resolve 'System.Diagnostics.Process.resources' to 'C:\Users\himan\Himanshu\Projects\SpecFlowProject2\SpecFlowProject2\bin\Debug\netcoreapp3.1\System.Diagnostics.Process.resources.dll'
2021-05-08T23:56:59.0527441+05:30:[AssemblyCache] Trying to resolve 'System.Diagnostics.Process.resources' to 'C:\Users\himan\Himanshu\Projects\SpecFlowProject2\SpecFlowProject2\bin\Debug\netcoreapp3.1\System.Diagnostics.Process.resources.exe'
2021-05-08T23:56:59.0528573+05:30:[AssemblyCache] Could not resolve 'System.Diagnostics.Process.resources' in folder 'C:\Users\himan\Himanshu\Projects\SpecFlowProject2\SpecFlowProject2\bin\Debug\netcoreapp3.1'
2021-05-08T23:56:59.0528755+05:30:TargetFramework: .NETCoreApp,Version=v3.1
2021-05-08T23:56:59.0532182+05:30:Tfm: netcoreapp3.1
2021-05-08T23:56:59.0532312+05:30:[AssemblyCache] Trying to resolve 'System.Diagnostics.Process.resources' in folder 'C:\Users\himan\Himanshu\Projects\SpecFlowProject2\SpecFlowProject2\bin\Debug\netcoreapp3.1\SpecFlowPlusRunner\netcoreapp3.1'
2021-05-08T23:56:59.0532389+05:30:[AssemblyCache] Trying to resolve 'System.Diagnostics.Process.resources' to 'C:\Users\himan\Himanshu\Projects\SpecFlowProject2\SpecFlowProject2\bin\Debug\netcoreapp3.1\SpecFlowPlusRunner\netcoreapp3.1\System.Diagnostics.Process.resources.dll'
2021-05-08T23:56:59.0534044+05:30:[AssemblyCache] Trying to resolve 'System.Diagnostics.Process.resources' to 'C:\Users\himan\Himanshu\Projects\SpecFlowProject2\SpecFlowProject2\bin\Debug\netcoreapp3.1\SpecFlowPlusRunner\netcoreapp3.1\System.Diagnostics.Process.resources.exe'
2021-05-08T23:56:59.0535675+05:30:[AssemblyCache] Could not resolve 'System.Diagnostics.Process.resources' in folder 'C:\Users\himan\Himanshu\Projects\SpecFlowProject2\SpecFlowProject2\bin\Debug\netcoreapp3.1\SpecFlowPlusRunner\netcoreapp3.1'
2021-05-08T23:56:59.0763615+05:30:[AssemblyCache] Trying to resolve 'System.Diagnostics.Process.resources' in folder 'C:\Program Files\dotnet\shared\Microsoft.AspNetCore.App\3.1.14'
2021-05-08T23:56:59.0763938+05:30:[AssemblyCache] Trying to resolve 'System.Diagnostics.Process.resources' to 'C:\Program Files\dotnet\shared\Microsoft.AspNetCore.App\3.1.14\System.Diagnostics.Process.resources.dll'
2021-05-08T23:56:59.0766462+05:30:[AssemblyCache] Trying to resolve 'System.Diagnostics.Process.resources' to 'C:\Program Files\dotnet\shared\Microsoft.AspNetCore.App\3.1.14\System.Diagnostics.Process.resources.exe'
2021-05-08T23:56:59.0767992+05:30:[AssemblyCache] Could not resolve 'System.Diagnostics.Process.resources' in folder 'C:\Program Files\dotnet\shared\Microsoft.AspNetCore.App\3.1.14'
2021-05-08T23:56:59.0775231+05:30:[AssemblyCache] Trying to resolve 'System.Diagnostics.Process.resources' in folder 'C:\Program Files\dotnet\shared\Microsoft.NETCore.App\3.1.14'
2021-05-08T23:56:59.0775358+05:30:[AssemblyCache] Trying to resolve 'System.Diagnostics.Process.resources' to 'C:\Program Files\dotnet\shared\Microsoft.NETCore.App\3.1.14\System.Diagnostics.Process.resources.dll'
2021-05-08T23:56:59.0777300+05:30:[AssemblyCache] Trying to resolve 'System.Diagnostics.Process.resources' to 'C:\Program Files\dotnet\shared\Microsoft.NETCore.App\3.1.14\System.Diagnostics.Process.resources.exe'
2021-05-08T23:56:59.0778953+05:30:[AssemblyCache] Could not resolve 'System.Diagnostics.Process.resources' in folder 'C:\Program Files\dotnet\shared\Microsoft.NETCore.App\3.1.14'
2021-05-08T23:56:59.0785288+05:30:[AssemblyCache] Trying to resolve 'System.Diagnostics.Process.resources' in folder 'C:\Program Files\dotnet\shared\Microsoft.WindowsDesktop.App\3.1.14'
2021-05-08T23:56:59.0785385+05:30:[AssemblyCache] Trying to resolve 'System.Diagnostics.Process.resources' to 'C:\Program Files\dotnet\shared\Microsoft.WindowsDesktop.App\3.1.14\System.Diagnostics.Process.resources.dll'
2021-05-08T23:56:59.0790847+05:30:[AssemblyCache] Trying to resolve 'System.Diagnostics.Process.resources' to 'C:\Program Files\dotnet\shared\Microsoft.WindowsDesktop.App\3.1.14\System.Diagnostics.Process.resources.exe'
2021-05-08T23:56:59.0792852+05:30:[AssemblyCache] Could not resolve 'System.Diagnostics.Process.resources' in folder 'C:\Program Files\dotnet\shared\Microsoft.WindowsDesktop.App\3.1.14'
2021-05-08T23:56:59.0817924+05:30:Assembly resolving System.Diagnostics.Process.resources, Version=4.2.2.0, Culture=en, PublicKeyToken=b03f5f7f11d50a3a
2021-05-08T23:56:59.1723990+05:30:Thread#1: Test #4/0 is finished on thread #1 as Succeeded within 9.3289576 seconds
2021-05-08T23:56:59.1821099+05:30:2021-05-08T23:56:59.1816266+05:30:Got Deinitialize Signal
2021-05-08T23:56:59.1834261+05:30:RPC Client disconnected, because 'Disposed'. 
LastMessage: 
Description:Stream has been disposed
Exception:<none>
2021-05-08T23:56:59.1839817+05:30:RPC Server disconnected, because 'Disposed'. 
LastMessage: 
Description:Stream has been disposed
Exception:<none>
2021-05-08T23:56:59.1841913+05:30:RPC Server disconnected, because 'Disposed'. 
LastMessage: 
Description:Stream has been disposed
Exception:<none>
2021-05-08T23:56:59.1862651+05:30:Trying to cancel thread
2021-05-08T23:56:59.1862917+05:30:Thread cancelled
2021-05-08T23:56:59.1862948+05:30:Trying to cancel thread
2021-05-08T23:56:59.1862973+05:30:Thread cancelled
2021-05-08T23:56:59.1975806+05:30:Thread#-1:Scheduler: get next test for thread -1
2021-05-08T23:56:59.1976431+05:30:Thread#:Scheduler: at the end of normal test queue
2021-05-08T23:56:59.1976491+05:30:Thread#-1:Scheduler: enumerator for thread is at end
2021-05-08T23:56:59.2020577+05:30;Thread#12;Info;test run finished
2021-05-08T23:56:59.2024747+05:30;Thread#12;Info;publishing test results
2021-05-08T23:56:59.2028297+05:30;Thread#12;Info;Not publishing results.
2021-05-08T23:56:59.2029990+05:30;Thread#12;Info;test results published
2021-05-08T23:56:59.2031008+05:30;Thread#12;Info;generating reports
2021-05-08T23:56:59.3458298+05:30;Thread#12;Info;Starting external report generation process
2021-05-08T23:57:04.1866226+05:30;Thread#12;Info;Successfully generated reports.
2021-05-08T23:57:04.1944420+05:30;Thread#12;Info;Successfully generated reports
2021-05-08T23:57:04.2217310+05:30:Total: 2
2021-05-08T23:57:04.2308092+05:30:Succeeded: 2
2021-05-08T23:57:04.2323670+05:30:Ignored: 0
2021-05-08T23:57:04.2337601+05:30:Pending: 0
2021-05-08T23:57:04.2337981+05:30:Skipped: 0
2021-05-08T23:57:04.2352184+05:30:Failed: 0
2021-05-08T23:57:04.2664196+05:30;VSTestExecutionThread;Info;Adding attachments to VSTest
2021-05-08T23:57:04.2667539+05:30;VSTestExecutionThread;Info;adding Test Execution Report 'C:\Users\himan\Himanshu\Projects\SpecFlowProject2\SpecFlowProject2\bin\Debug\netcoreapp3.1\Results\SpecFlowProject2_SpecFlowProject2_2021-05-08T235638.html'
========== End of log file ==========
