2021-05-20T20:31:28.5272235+05:30;VSTestExecutionThread;Info;SpecFlow+Runner execution started
2021-05-20T20:31:28.5273908+05:30;VSTestExecutionThread;Info;SpecFlow+Runner 3.7.3 in Framework netcore31 in x64 mode execution started
2021-05-20T20:31:28.5273980+05:30;VSTestExecutionThread;Info;TestAdapter Location: C:\Users\himan\Himanshu\Projects\SpecFlowProject2\SpecflowPlusSampleProject\bin\Debug\netcoreapp3.1\TechTalk.SpecRun.VisualStudio.TestAdapter.dll
2021-05-20T20:31:28.5310557+05:30;VSTestExecutionThread;Info;Current UserName: 'himan', MachineName: 'DESKTOP-8U0HBGS'
2021-05-20T20:31:28.7925707+05:30;VSTestExecutionThread;Info;SpecRun: running tests in C:\Users\himan\Himanshu\Projects\SpecFlowProject2\SpecflowPlusSampleProject\bin\Debug\netcoreapp3.1\SpecflowPlusSampleProject.dll
2021-05-20T20:31:28.7927952+05:30;VSTestExecutionThread;Info;Output folder configured to "Results" in profile
2021-05-20T20:31:28.7928651+05:30;VSTestExecutionThread;Info;Profile: SpecFlowProject2
2021-05-20T20:31:28.8956446+05:30;VSTestExecutionThread;Info;Log file path: C:\Users\himan\Himanshu\Projects\SpecFlowProject2\SpecflowPlusSampleProject\bin\Debug\netcoreapp3.1\Results\SpecFlowProject2_SpecFlowProject2_2021-05-20T203128.log
2021-05-20T20:31:28.9061667+05:30;Thread#14;Info;Checking activation
2021-05-20T20:31:29.1456307+05:30;Thread#14;Info;Activated.
2021-05-20T20:31:29.1459610+05:30;Thread#14;Info;Activation check completed
2021-05-20T20:31:29.1461047+05:30;Thread#14;Info;Starting test run
2021-05-20T20:31:29.3160352+05:30;Thread#14;Info;Discovering target: Default
2021-05-20T20:31:29.3163134+05:30;Thread#14;Info;Discovering tests from assembly: C:\Users\himan\Himanshu\Projects\SpecFlowProject2\SpecflowPlusSampleProject\bin\Debug\netcoreapp3.1\SpecflowPlusSampleProject.dll
2021-05-20T20:31:29.5798851+05:30;Thread#14;Info;Discovered tests from assembly: C:\Users\himan\Himanshu\Projects\SpecFlowProject2\SpecflowPlusSampleProject\bin\Debug\netcoreapp3.1\SpecflowPlusSampleProject.dll
2021-05-20T20:31:29.5816466+05:30:Test Suite Dump
2021-05-20T20:31:29.5843525+05:30:#0: SpecFlowProject2/SpecFlowProject2 - 
2021-05-20T20:31:29.5843905+05:30:#1: Default - 
2021-05-20T20:31:29.5843949+05:30:#2: SpecflowPlusSampleProject - 
2021-05-20T20:31:29.5843982+05:30:#3: Calculator - 
2021-05-20T20:31:29.5863557+05:30:#4: Add two numbers - TestAssembly:SpecflowPlusSampleProject/Feature:Calculator/Scenario:Add+two+numbers
2021-05-20T20:31:29.5864513+05:30:End: Test Suite Dump
2021-05-20T20:31:29.6265162+05:30:Thread#0:Scheduler: get next test for thread 0
2021-05-20T20:31:29.6295403+05:30:Thread#:Scheduler: testitem #4 from normal test queue 
2021-05-20T20:31:29.6296685+05:30:Thread#0:Scheduler: considering testitem #4 for thread 0
2021-05-20T20:31:29.6374201+05:30:Thread#0:TestItem#4:testItemMatchesCurrentTestThread:UnSpecific
2021-05-20T20:31:29.6374456+05:30:Thread#0:TestItem#4:runsOnOneOtherThreadSpecific:False
2021-05-20T20:31:29.6374484+05:30:Thread#0:TestItem#4:runsOnOneOtherThreadUnspecific:True
2021-05-20T20:31:29.6374530+05:30:Thread#0:Scheduler: using testitem #4 for thread 0
2021-05-20T20:31:29.6385260+05:30:Thread#0:Scheduler: Test #4 is scheduled for thread
2021-05-20T20:31:29.6406800+05:30:Thread#0:Scheduler: with testItemExecutionIndex 0
2021-05-20T20:31:29.6407351+05:30:Thread#1:Scheduler: get next test for thread 1
2021-05-20T20:31:29.6407698+05:30:Thread#:Scheduler: at the end of normal test queue
2021-05-20T20:31:29.6407735+05:30:Thread#1:Scheduler: enumerator for thread is at end
2021-05-20T20:31:29.6407785+05:30:Thread#1:Scheduler: No more tests for thread
2021-05-20T20:31:29.6479212+05:30:Thread #0: creating new test thread executor for SpecflowPlusSampleProject, Version=1.0.0.0, Culture=neutral, PublicKeyToken=null (target: Default)
2021-05-20T20:31:29.6520513+05:30:Thread #0: Creating test assembly executor for execution model OutProc
2021-05-20T20:31:29.6523537+05:30:Thread #0: Creating test assembly executor for execution model OutProc
2021-05-20T20:31:29.6677361+05:30:Thread #0: using TechTalk.SpecRun.Framework.Execution.OutOfProc.StreamJsonRPC.OutOfProcessTestAssemblyExecutorHost to execute tests
2021-05-20T20:31:29.6705008+05:30:starting Out Of Process Executor
2021-05-20T20:31:29.6863353+05:30:Assembly resolving Microsoft.VisualStudio.Validation, Version=15.3.0.0, Culture=neutral, PublicKeyToken=b03f5f7f11d50a3a
2021-05-20T20:31:29.6908769+05:30:[AssemblyCache] Trying to resolve 'Microsoft.VisualStudio.Validation' from .deps.json file
2021-05-20T20:31:29.6909020+05:30:[AssemblyCache] Could not resolve 'Microsoft.VisualStudio.Validation' from .deps.json
2021-05-20T20:31:29.6925336+05:30:[AssemblyCache] Trying to resolve 'Microsoft.VisualStudio.Validation' in folder 'C:\Users\himan\Himanshu\Projects\SpecFlowProject2\SpecflowPlusSampleProject\bin\Debug\netcoreapp3.1'
2021-05-20T20:31:29.6930011+05:30:[AssemblyCache] Trying to resolve 'Microsoft.VisualStudio.Validation' to 'C:\Users\himan\Himanshu\Projects\SpecFlowProject2\SpecflowPlusSampleProject\bin\Debug\netcoreapp3.1\Microsoft.VisualStudio.Validation.dll'
2021-05-20T20:31:29.6931998+05:30:[AssemblyCache] Trying to resolve 'Microsoft.VisualStudio.Validation' to 'C:\Users\himan\Himanshu\Projects\SpecFlowProject2\SpecflowPlusSampleProject\bin\Debug\netcoreapp3.1\Microsoft.VisualStudio.Validation.exe'
2021-05-20T20:31:29.6933071+05:30:[AssemblyCache] Could not resolve 'Microsoft.VisualStudio.Validation' in folder 'C:\Users\himan\Himanshu\Projects\SpecFlowProject2\SpecflowPlusSampleProject\bin\Debug\netcoreapp3.1'
2021-05-20T20:31:29.6936608+05:30:TargetFramework: .NETCoreApp,Version=v3.1
2021-05-20T20:31:29.6940439+05:30:Tfm: netcoreapp3.1
2021-05-20T20:31:29.6940587+05:30:[AssemblyCache] Trying to resolve 'Microsoft.VisualStudio.Validation' in folder 'C:\Users\himan\Himanshu\Projects\SpecFlowProject2\SpecflowPlusSampleProject\bin\Debug\netcoreapp3.1\SpecFlowPlusRunner\netcoreapp3.1'
2021-05-20T20:31:29.6940669+05:30:[AssemblyCache] Trying to resolve 'Microsoft.VisualStudio.Validation' to 'C:\Users\himan\Himanshu\Projects\SpecFlowProject2\SpecflowPlusSampleProject\bin\Debug\netcoreapp3.1\SpecFlowPlusRunner\netcoreapp3.1\Microsoft.VisualStudio.Validation.dll'
2021-05-20T20:31:29.6942145+05:30:[AssemblyCache] Found file 'C:\Users\himan\Himanshu\Projects\SpecFlowProject2\SpecflowPlusSampleProject\bin\Debug\netcoreapp3.1\SpecFlowPlusRunner\netcoreapp3.1\Microsoft.VisualStudio.Validation.dll' for assembly 'Microsoft.VisualStudio.Validation'
2021-05-20T20:31:29.7073273+05:30:[AssemblyCache] Resolved 'Microsoft.VisualStudio.Validation' to C:\Users\himan\Himanshu\Projects\SpecFlowProject2\SpecflowPlusSampleProject\bin\Debug\netcoreapp3.1\SpecFlowPlusRunner\netcoreapp3.1\Microsoft.VisualStudio.Validation.dll
2021-05-20T20:31:29.7084071+05:30:Starting callback TCP Rpc server
2021-05-20T20:31:29.7514030+05:30:Asynchronously starting background TCP Rpc Server on port 32768
2021-05-20T20:31:29.7515780+05:30:Started callback TCP Rpc server on port 32768
2021-05-20T20:31:29.7515855+05:30:Starting logger TCP Rpc server
2021-05-20T20:31:29.7558285+05:30:Asynchronously starting background TCP Rpc Server on port 32769
2021-05-20T20:31:29.7559177+05:30:Started logger TCP Rpc server on port 32769
2021-05-20T20:31:29.9244796+05:30;Test Thread #0;Info;Executor full path resolved: C:\Program Files\dotnet\dotnet.exe
2021-05-20T20:31:29.9282842+05:30;Test Thread #0;Info;Starting SpecFlow+ Runner executor process with attached debugger...
2021-05-20T20:31:29.9975668+05:30;Test Thread #0;Info;Successfully started SpecFlow+ Runner executor process
2021-05-20T20:31:30.0064686+05:30:Out of Process Executor 10436 started
2021-05-20T20:31:30.0064954+05:30:Waiting for endpoint
2021-05-20T20:31:31.0577824+05:30:Assembly resolving Microsoft.VisualStudio.Threading, Version=15.3.0.0, Culture=neutral, PublicKeyToken=b03f5f7f11d50a3a
2021-05-20T20:31:31.0578550+05:30:[AssemblyCache] Trying to resolve 'Microsoft.VisualStudio.Threading' from .deps.json file
2021-05-20T20:31:31.0578745+05:30:[AssemblyCache] Could not resolve 'Microsoft.VisualStudio.Threading' from .deps.json
2021-05-20T20:31:31.0578832+05:30:[AssemblyCache] Trying to resolve 'Microsoft.VisualStudio.Threading' in folder 'C:\Users\himan\Himanshu\Projects\SpecFlowProject2\SpecflowPlusSampleProject\bin\Debug\netcoreapp3.1'
2021-05-20T20:31:31.0578854+05:30:[AssemblyCache] Trying to resolve 'Microsoft.VisualStudio.Threading' to 'C:\Users\himan\Himanshu\Projects\SpecFlowProject2\SpecflowPlusSampleProject\bin\Debug\netcoreapp3.1\Microsoft.VisualStudio.Threading.dll'
2021-05-20T20:31:31.0580317+05:30:[AssemblyCache] Trying to resolve 'Microsoft.VisualStudio.Threading' to 'C:\Users\himan\Himanshu\Projects\SpecFlowProject2\SpecflowPlusSampleProject\bin\Debug\netcoreapp3.1\Microsoft.VisualStudio.Threading.exe'
2021-05-20T20:31:31.0584028+05:30:[AssemblyCache] Could not resolve 'Microsoft.VisualStudio.Threading' in folder 'C:\Users\himan\Himanshu\Projects\SpecFlowProject2\SpecflowPlusSampleProject\bin\Debug\netcoreapp3.1'
2021-05-20T20:31:31.0584235+05:30:TargetFramework: .NETCoreApp,Version=v3.1
2021-05-20T20:31:31.0584896+05:30:Tfm: netcoreapp3.1
2021-05-20T20:31:31.0585007+05:30:[AssemblyCache] Trying to resolve 'Microsoft.VisualStudio.Threading' in folder 'C:\Users\himan\Himanshu\Projects\SpecFlowProject2\SpecflowPlusSampleProject\bin\Debug\netcoreapp3.1\SpecFlowPlusRunner\netcoreapp3.1'
2021-05-20T20:31:31.0585025+05:30:[AssemblyCache] Trying to resolve 'Microsoft.VisualStudio.Threading' to 'C:\Users\himan\Himanshu\Projects\SpecFlowProject2\SpecflowPlusSampleProject\bin\Debug\netcoreapp3.1\SpecFlowPlusRunner\netcoreapp3.1\Microsoft.VisualStudio.Threading.dll'
2021-05-20T20:31:31.0585987+05:30:[AssemblyCache] Found file 'C:\Users\himan\Himanshu\Projects\SpecFlowProject2\SpecflowPlusSampleProject\bin\Debug\netcoreapp3.1\SpecFlowPlusRunner\netcoreapp3.1\Microsoft.VisualStudio.Threading.dll' for assembly 'Microsoft.VisualStudio.Threading'
2021-05-20T20:31:31.0704360+05:30:[AssemblyCache] Resolved 'Microsoft.VisualStudio.Threading' to C:\Users\himan\Himanshu\Projects\SpecFlowProject2\SpecflowPlusSampleProject\bin\Debug\netcoreapp3.1\SpecFlowPlusRunner\netcoreapp3.1\Microsoft.VisualStudio.Threading.dll
2021-05-20T20:31:31.5310344+05:30:Remote executor port received: 32770
2021-05-20T20:31:31.5315083+05:30:Creating executor TCP client on port 32770
2021-05-20T20:31:31.5320354+05:30:Created executor TCP client on port 32770
2021-05-20T20:31:31.5320447+05:30:Connecting to remote executor TCP server
2021-05-20T20:31:31.5333978+05:30:Connected remote executor TCP server
2021-05-20T20:31:31.5341689+05:30:trying to connect to Out of Process Executor the 1 attempt
2021-05-20T20:31:31.5341812+05:30:Connection to Out of Process Executor established in the 1 attempt
2021-05-20T20:31:31.7644530+05:30:2021-05-20T20:31:31.7556147+05:30:OutOfProcessTestAssemblyExecutor: initialized for C:\Users\himan\Himanshu\Projects\SpecFlowProject2\SpecflowPlusSampleProject\bin\Debug\netcoreapp3.1\SpecflowPlusSampleProject.dll on test thread #0
2021-05-20T20:31:31.7731388+05:30:Endpoint 10436 started
2021-05-20T20:31:31.7957354+05:30:2021-05-20T20:31:31.7947634+05:30:OutOfProcessTestAssemblyExecutor: running tests...
2021-05-20T20:31:31.9347861+05:30:2021-05-20T20:31:31.9339364+05:30:Assembly resolving TechTalk.SpecFlow, Version=3.7.0.0, Culture=neutral, PublicKeyToken=0778194805d6db41
2021-05-20T20:31:31.9429187+05:30:2021-05-20T20:31:31.9421169+05:30:[AssemblyCache] Trying to resolve 'TechTalk.SpecFlow' from .deps.json file
2021-05-20T20:31:31.9472856+05:30:2021-05-20T20:31:31.9466700+05:30:[AssemblyCache] Resolved 'TechTalk.SpecFlow' to 'C:\Users\himan\.nuget\packages\specflow\3.7.13\lib\netstandard2.0\TechTalk.SpecFlow.dll'
2021-05-20T20:31:32.1532881+05:30:2021-05-20T20:31:32.1520802+05:30:Thread#0:T:-> Loading plugin C:\Users\himan\Himanshu\Projects\SpecFlowProject2\SpecflowPlusSampleProject\bin\Debug\netcoreapp3.1\SpecflowPlusSampleProject.dll
2021-05-20T20:31:32.1559901+05:30:2021-05-20T20:31:32.1552794+05:30:Assembly resolving Microsoft.Extensions.DependencyModel, Version=1.0.1.0, Culture=neutral, PublicKeyToken=adb9793829ddae60
2021-05-20T20:31:32.1584080+05:30:2021-05-20T20:31:32.1577142+05:30:[AssemblyCache] Trying to resolve 'Microsoft.Extensions.DependencyModel' from .deps.json file
2021-05-20T20:31:32.1600446+05:30:2021-05-20T20:31:32.1593615+05:30:[AssemblyCache] Resolved 'Microsoft.Extensions.DependencyModel' to 'C:\Users\himan\.nuget\packages\microsoft.extensions.dependencymodel\1.0.3\lib\netstandard1.6\Microsoft.Extensions.DependencyModel.dll'
2021-05-20T20:31:32.2331529+05:30:2021-05-20T20:31:32.2323444+05:30:Assembly resolving Microsoft.DotNet.PlatformAbstractions, Version=1.0.1.0, Culture=neutral, PublicKeyToken=adb9793829ddae60
2021-05-20T20:31:32.2349917+05:30:2021-05-20T20:31:32.2343101+05:30:[AssemblyCache] Trying to resolve 'Microsoft.DotNet.PlatformAbstractions' from .deps.json file
2021-05-20T20:31:32.2365083+05:30:2021-05-20T20:31:32.2360149+05:30:[AssemblyCache] Resolved 'Microsoft.DotNet.PlatformAbstractions' to 'C:\Users\himan\.nuget\packages\microsoft.dotnet.platformabstractions\1.0.3\lib\netstandard1.3\Microsoft.DotNet.PlatformAbstractions.dll'
2021-05-20T20:31:32.2545898+05:30:2021-05-20T20:31:32.2536828+05:30:Thread#0:T:-> Missing [assembly:RuntimePlugin] attribute in SpecflowPlusSampleProject, Version=1.0.0.0, Culture=neutral, PublicKeyToken=null. Please check https://go.specflow.org/doc-plugins for details.
2021-05-20T20:31:32.2610704+05:30:2021-05-20T20:31:32.2603491+05:30:Thread#0:T:-> Loading plugin C:\Users\himan\Himanshu\Projects\SpecFlowProject2\SpecflowPlusSampleProject\bin\Debug\netcoreapp3.1\LivingDoc.SpecFlowPlugin.dll
2021-05-20T20:31:32.2759643+05:30:2021-05-20T20:31:32.2751964+05:30:Assembly resolving LivingDoc.Dtos, Version=3.7.0.0, Culture=neutral, PublicKeyToken=null
2021-05-20T20:31:32.2776697+05:30:2021-05-20T20:31:32.2769595+05:30:[AssemblyCache] Trying to resolve 'LivingDoc.Dtos' from .deps.json file
2021-05-20T20:31:32.2797650+05:30:2021-05-20T20:31:32.2789564+05:30:[AssemblyCache] Resolved 'LivingDoc.Dtos' to 'C:\Users\himan\.nuget\packages\specflow.plus.livingdocplugin\3.7.141\lib\netstandard2.0\LivingDoc.Dtos.dll'
2021-05-20T20:31:32.2966574+05:30:2021-05-20T20:31:32.2958823+05:30:Thread#0:T:-> Loading plugin C:\Users\himan\Himanshu\Projects\SpecFlowProject2\SpecflowPlusSampleProject\bin\Debug\netcoreapp3.1\ReportPortal.SpecFlowPlugin.dll
2021-05-20T20:31:32.3121377+05:30:2021-05-20T20:31:32.3104876+05:30:Assembly resolving ReportPortal.Shared, Version=3.1.1.0, Culture=neutral, PublicKeyToken=null
2021-05-20T20:31:32.3151309+05:30:2021-05-20T20:31:32.3138416+05:30:[AssemblyCache] Trying to resolve 'ReportPortal.Shared' from .deps.json file
2021-05-20T20:31:32.3180217+05:30:2021-05-20T20:31:32.3168501+05:30:[AssemblyCache] Resolved 'ReportPortal.Shared' to 'C:\Users\himan\.nuget\packages\reportportal.shared\3.1.1\lib\netstandard2.0\ReportPortal.Shared.dll'
2021-05-20T20:31:32.3976762+05:30:2021-05-20T20:31:32.3962783+05:30:Thread#0:T:-> Loading plugin C:\Users\himan\Himanshu\Projects\SpecFlowProject2\SpecflowPlusSampleProject\bin\Debug\netcoreapp3.1\SpecRun.Runtime.SpecFlowPlugin.dll
2021-05-20T20:31:32.4168393+05:30:2021-05-20T20:31:32.4153304+05:30:Thread#0:T:-> Using default config
2021-05-20T20:31:32.4321433+05:30:2021-05-20T20:31:32.4305496+05:30:Assembly resolving Cucumber.Messages, Version=6.0.1.0, Culture=neutral, PublicKeyToken=b10c5988214f940c
2021-05-20T20:31:32.4346189+05:30:2021-05-20T20:31:32.4338228+05:30:[AssemblyCache] Trying to resolve 'Cucumber.Messages' from .deps.json file
2021-05-20T20:31:32.4374170+05:30:2021-05-20T20:31:32.4368458+05:30:[AssemblyCache] Resolved 'Cucumber.Messages' to 'C:\Users\himan\.nuget\packages\cucumber.messages\6.0.1\lib\netstandard2.0\Cucumber.Messages.dll'
2021-05-20T20:31:32.4543272+05:30:2021-05-20T20:31:32.4534875+05:30:Assembly resolving Google.Protobuf, Version=3.7.0.0, Culture=neutral, PublicKeyToken=a7d26565bac4d604
2021-05-20T20:31:32.4559553+05:30:2021-05-20T20:31:32.4553725+05:30:[AssemblyCache] Trying to resolve 'Google.Protobuf' from .deps.json file
2021-05-20T20:31:32.4575752+05:30:2021-05-20T20:31:32.4569906+05:30:[AssemblyCache] Resolved 'Google.Protobuf' to 'C:\Users\himan\.nuget\packages\google.protobuf\3.7.0\lib\netstandard1.0\Google.Protobuf.dll'
2021-05-20T20:31:32.5120087+05:30:2021-05-20T20:31:32.5111791+05:30:Assembly resolving Microsoft.VisualStudio.TestPlatform.ObjectModel, Version=15.0.0.0, Culture=neutral, PublicKeyToken=b03f5f7f11d50a3a
2021-05-20T20:31:32.5136336+05:30:2021-05-20T20:31:32.5130658+05:30:[AssemblyCache] Trying to resolve 'Microsoft.VisualStudio.TestPlatform.ObjectModel' from .deps.json file
2021-05-20T20:31:32.5151302+05:30:2021-05-20T20:31:32.5146767+05:30:[AssemblyCache] Resolved 'Microsoft.VisualStudio.TestPlatform.ObjectModel' to 'C:\Users\himan\.nuget\packages\microsoft.testplatform.objectmodel\16.10.0-release-20210429-01\lib\netcoreapp2.1\Microsoft.VisualStudio.TestPlatform.ObjectModel.dll'
2021-05-20T20:31:32.5815013+05:30:2021-05-20T20:31:32.5807008+05:30:Assembly resolving Utf8Json, Version=1.3.7.0, Culture=neutral, PublicKeyToken=8a73d3ba7e392e27
2021-05-20T20:31:32.5833059+05:30:2021-05-20T20:31:32.5826467+05:30:[AssemblyCache] Trying to resolve 'Utf8Json' from .deps.json file
2021-05-20T20:31:32.5846681+05:30:2021-05-20T20:31:32.5842003+05:30:[AssemblyCache] Resolved 'Utf8Json' to 'C:\Users\himan\.nuget\packages\utf8json\1.3.7\lib\netstandard2.0\Utf8Json.dll'
2021-05-20T20:31:32.8924689+05:30:2021-05-20T20:31:32.8911188+05:30:Assembly resolving ReportPortal.Client, Version=3.0.4.0, Culture=neutral, PublicKeyToken=null
2021-05-20T20:31:32.8944987+05:30:2021-05-20T20:31:32.8939078+05:30:[AssemblyCache] Trying to resolve 'ReportPortal.Client' from .deps.json file
2021-05-20T20:31:32.8963215+05:30:2021-05-20T20:31:32.8956024+05:30:[AssemblyCache] Resolved 'ReportPortal.Client' to 'C:\Users\himan\.nuget\packages\reportportal.client\3.0.4\lib\netstandard2.0\ReportPortal.Client.dll'
2021-05-20T20:31:32.9672521+05:30:2021-05-20T20:31:32.9664717+05:30:Assembly resolving ReportPortal.Shared, Culture=neutral, PublicKeyToken=null
2021-05-20T20:31:32.9960801+05:30:Thread#0: Test #4/0 is started on thread #0
2021-05-20T20:31:33.0150203+05:30:2021-05-20T20:31:33.0142032+05:30:Assembly resolving System.Private.DataContractSerialization.resources, Version=4.1.5.0, Culture=en-US, PublicKeyToken=b03f5f7f11d50a3a
2021-05-20T20:31:33.0167098+05:30:2021-05-20T20:31:33.0159867+05:30:[AssemblyCache] Trying to resolve 'System.Private.DataContractSerialization.resources' from .deps.json file
2021-05-20T20:31:33.0182622+05:30:2021-05-20T20:31:33.0176408+05:30:[AssemblyCache] Could not resolve 'System.Private.DataContractSerialization.resources' from .deps.json
2021-05-20T20:31:33.0211447+05:30:2021-05-20T20:31:33.0204796+05:30:[AssemblyCache] Trying to resolve 'System.Private.DataContractSerialization.resources' in folder 'C:\Users\himan\Himanshu\Projects\SpecFlowProject2\SpecflowPlusSampleProject\bin\Debug\netcoreapp3.1'
2021-05-20T20:31:33.0238429+05:30:2021-05-20T20:31:33.0231497+05:30:[AssemblyCache] Trying to resolve 'System.Private.DataContractSerialization.resources' to 'C:\Users\himan\Himanshu\Projects\SpecFlowProject2\SpecflowPlusSampleProject\bin\Debug\netcoreapp3.1\System.Private.DataContractSerialization.resources.dll'
2021-05-20T20:31:33.0256150+05:30:2021-05-20T20:31:33.0249609+05:30:[AssemblyCache] Trying to resolve 'System.Private.DataContractSerialization.resources' to 'C:\Users\himan\Himanshu\Projects\SpecFlowProject2\SpecflowPlusSampleProject\bin\Debug\netcoreapp3.1\System.Private.DataContractSerialization.resources.exe'
2021-05-20T20:31:33.0274881+05:30:2021-05-20T20:31:33.0267512+05:30:[AssemblyCache] Could not resolve 'System.Private.DataContractSerialization.resources' in folder 'C:\Users\himan\Himanshu\Projects\SpecFlowProject2\SpecflowPlusSampleProject\bin\Debug\netcoreapp3.1'
2021-05-20T20:31:33.0294800+05:30:2021-05-20T20:31:33.0287820+05:30:TargetFramework: .NETCoreApp,Version=v3.1
2021-05-20T20:31:33.0313266+05:30:2021-05-20T20:31:33.0307562+05:30:Tfm: netcoreapp3.1
2021-05-20T20:31:33.0328030+05:30:2021-05-20T20:31:33.0321529+05:30:[AssemblyCache] Trying to resolve 'System.Private.DataContractSerialization.resources' in folder 'C:\Users\himan\Himanshu\Projects\SpecFlowProject2\SpecflowPlusSampleProject\bin\Debug\netcoreapp3.1\SpecFlowPlusRunner\netcoreapp3.1'
2021-05-20T20:31:33.0345037+05:30:2021-05-20T20:31:33.0337737+05:30:[AssemblyCache] Trying to resolve 'System.Private.DataContractSerialization.resources' to 'C:\Users\himan\Himanshu\Projects\SpecFlowProject2\SpecflowPlusSampleProject\bin\Debug\netcoreapp3.1\SpecFlowPlusRunner\netcoreapp3.1\System.Private.DataContractSerialization.resources.dll'
2021-05-20T20:31:33.0364778+05:30:2021-05-20T20:31:33.0357315+05:30:[AssemblyCache] Trying to resolve 'System.Private.DataContractSerialization.resources' to 'C:\Users\himan\Himanshu\Projects\SpecFlowProject2\SpecflowPlusSampleProject\bin\Debug\netcoreapp3.1\SpecFlowPlusRunner\netcoreapp3.1\System.Private.DataContractSerialization.resources.exe'
2021-05-20T20:31:33.0380487+05:30:2021-05-20T20:31:33.0373910+05:30:[AssemblyCache] Could not resolve 'System.Private.DataContractSerialization.resources' in folder 'C:\Users\himan\Himanshu\Projects\SpecFlowProject2\SpecflowPlusSampleProject\bin\Debug\netcoreapp3.1\SpecFlowPlusRunner\netcoreapp3.1'
2021-05-20T20:31:33.0497675+05:30:2021-05-20T20:31:33.0487467+05:30:[AssemblyCache] Trying to resolve 'System.Private.DataContractSerialization.resources' in folder 'C:\Program Files\dotnet\shared\Microsoft.AspNetCore.App\3.1.14'
2021-05-20T20:31:33.0513598+05:30:2021-05-20T20:31:33.0505310+05:30:[AssemblyCache] Trying to resolve 'System.Private.DataContractSerialization.resources' to 'C:\Program Files\dotnet\shared\Microsoft.AspNetCore.App\3.1.14\System.Private.DataContractSerialization.resources.dll'
2021-05-20T20:31:33.0534486+05:30:2021-05-20T20:31:33.0526707+05:30:[AssemblyCache] Trying to resolve 'System.Private.DataContractSerialization.resources' to 'C:\Program Files\dotnet\shared\Microsoft.AspNetCore.App\3.1.14\System.Private.DataContractSerialization.resources.exe'
2021-05-20T20:31:33.0554019+05:30:2021-05-20T20:31:33.0546837+05:30:[AssemblyCache] Could not resolve 'System.Private.DataContractSerialization.resources' in folder 'C:\Program Files\dotnet\shared\Microsoft.AspNetCore.App\3.1.14'
2021-05-20T20:31:33.0573770+05:30:2021-05-20T20:31:33.0567300+05:30:[AssemblyCache] Trying to resolve 'System.Private.DataContractSerialization.resources' in folder 'C:\Program Files\dotnet\shared\Microsoft.NETCore.App\3.1.14'
2021-05-20T20:31:33.0667180+05:30:2021-05-20T20:31:33.0583931+05:30:[AssemblyCache] Trying to resolve 'System.Private.DataContractSerialization.resources' to 'C:\Program Files\dotnet\shared\Microsoft.NETCore.App\3.1.14\System.Private.DataContractSerialization.resources.dll'
2021-05-20T20:31:33.0688612+05:30:2021-05-20T20:31:33.0681314+05:30:[AssemblyCache] Trying to resolve 'System.Private.DataContractSerialization.resources' to 'C:\Program Files\dotnet\shared\Microsoft.NETCore.App\3.1.14\System.Private.DataContractSerialization.resources.exe'
2021-05-20T20:31:33.0707259+05:30:2021-05-20T20:31:33.0700392+05:30:[AssemblyCache] Could not resolve 'System.Private.DataContractSerialization.resources' in folder 'C:\Program Files\dotnet\shared\Microsoft.NETCore.App\3.1.14'
2021-05-20T20:31:33.0726518+05:30:2021-05-20T20:31:33.0720057+05:30:[AssemblyCache] Trying to resolve 'System.Private.DataContractSerialization.resources' in folder 'C:\Program Files\dotnet\shared\Microsoft.WindowsDesktop.App\3.1.14'
2021-05-20T20:31:33.0741291+05:30:2021-05-20T20:31:33.0735318+05:30:[AssemblyCache] Trying to resolve 'System.Private.DataContractSerialization.resources' to 'C:\Program Files\dotnet\shared\Microsoft.WindowsDesktop.App\3.1.14\System.Private.DataContractSerialization.resources.dll'
2021-05-20T20:31:33.0757694+05:30:2021-05-20T20:31:33.0751612+05:30:[AssemblyCache] Trying to resolve 'System.Private.DataContractSerialization.resources' to 'C:\Program Files\dotnet\shared\Microsoft.WindowsDesktop.App\3.1.14\System.Private.DataContractSerialization.resources.exe'
2021-05-20T20:31:33.0773701+05:30:2021-05-20T20:31:33.0767822+05:30:[AssemblyCache] Could not resolve 'System.Private.DataContractSerialization.resources' in folder 'C:\Program Files\dotnet\shared\Microsoft.WindowsDesktop.App\3.1.14'
2021-05-20T20:31:33.0814176+05:30:2021-05-20T20:31:33.0806708+05:30:Assembly resolving System.Private.DataContractSerialization.resources, Version=4.1.5.0, Culture=en, PublicKeyToken=b03f5f7f11d50a3a
2021-05-20T20:31:33.0896428+05:30:2021-05-20T20:31:33.0888268+05:30:Assembly resolving WebDriver, Version=4.0.0.0, Culture=neutral, PublicKeyToken=null
2021-05-20T20:31:33.0912002+05:30:2021-05-20T20:31:33.0906337+05:30:[AssemblyCache] Trying to resolve 'WebDriver' from .deps.json file
2021-05-20T20:31:33.0930742+05:30:2021-05-20T20:31:33.0924435+05:30:[AssemblyCache] Resolved 'WebDriver' to 'C:\Users\himan\.nuget\packages\selenium.webdriver\4.0.0-beta2\lib\netstandard2.1\WebDriver.dll'
2021-05-20T20:32:14.2592597+05:30:2021-05-20T20:32:14.2562193+05:30:Assembly resolving Newtonsoft.Json, Version=12.0.0.0, Culture=neutral, PublicKeyToken=30ad4fe6b2a6aeed
2021-05-20T20:32:14.2637649+05:30:2021-05-20T20:32:14.2622245+05:30:[AssemblyCache] Trying to resolve 'Newtonsoft.Json' from .deps.json file
2021-05-20T20:32:14.2683968+05:30:2021-05-20T20:32:14.2667005+05:30:[AssemblyCache] Resolved 'Newtonsoft.Json' to 'C:\Users\himan\.nuget\packages\newtonsoft.json\12.0.3\lib\netstandard2.0\Newtonsoft.Json.dll'
2021-05-20T20:32:22.2093737+05:30:2021-05-20T20:32:22.2072479+05:30:Thread#0:B:Given the first number is 50
2021-05-20T20:32:24.7811277+05:30:2021-05-20T20:32:24.7529946+05:30:Thread#0:T:done: CalculatorStepDefinitions.GivenTheFirstNumberIs(50) (2.5s)
