2021-05-20T20:32:51.4224226+05:30;VSTestExecutionThread;Info;SpecFlow+Runner execution started
2021-05-20T20:32:51.4226096+05:30;VSTestExecutionThread;Info;SpecFlow+Runner 3.7.3 in Framework netcore31 in x64 mode execution started
2021-05-20T20:32:51.4226133+05:30;VSTestExecutionThread;Info;TestAdapter Location: C:\Users\himan\Himanshu\Projects\SpecFlowProject2\SpecflowPlusSampleProject\bin\Debug\netcoreapp3.1\TechTalk.SpecRun.VisualStudio.TestAdapter.dll
2021-05-20T20:32:51.4252427+05:30;VSTestExecutionThread;Info;Current UserName: 'himan', MachineName: 'DESKTOP-8U0HBGS'
2021-05-20T20:32:51.5814015+05:30;VSTestExecutionThread;Info;SpecRun: running tests in C:\Users\himan\Himanshu\Projects\SpecFlowProject2\SpecflowPlusSampleProject\bin\Debug\netcoreapp3.1\SpecflowPlusSampleProject.dll
2021-05-20T20:32:51.5816532+05:30;VSTestExecutionThread;Info;Output folder configured to "Results" in profile
2021-05-20T20:32:51.5817693+05:30;VSTestExecutionThread;Info;Profile: SpecFlowProject2
2021-05-20T20:32:51.6495803+05:30;VSTestExecutionThread;Info;Log file path: C:\Users\himan\Himanshu\Projects\SpecFlowProject2\SpecflowPlusSampleProject\bin\Debug\netcoreapp3.1\Results\SpecFlowProject2_SpecFlowProject2_2021-05-20T203251.log
2021-05-20T20:32:51.6552167+05:30;Thread#12;Info;Checking activation
2021-05-20T20:32:51.8480360+05:30;Thread#12;Info;Activated.
2021-05-20T20:32:51.8485009+05:30;Thread#12;Info;Activation check completed
2021-05-20T20:32:51.8486566+05:30;Thread#12;Info;Starting test run
2021-05-20T20:32:51.9712215+05:30;Thread#12;Info;Discovering target: Default
2021-05-20T20:32:51.9717460+05:30;Thread#12;Info;Discovering tests from assembly: C:\Users\himan\Himanshu\Projects\SpecFlowProject2\SpecflowPlusSampleProject\bin\Debug\netcoreapp3.1\SpecflowPlusSampleProject.dll
2021-05-20T20:32:52.1143509+05:30;Thread#12;Info;Discovered tests from assembly: C:\Users\himan\Himanshu\Projects\SpecFlowProject2\SpecflowPlusSampleProject\bin\Debug\netcoreapp3.1\SpecflowPlusSampleProject.dll
2021-05-20T20:32:52.1170076+05:30:Test Suite Dump
2021-05-20T20:32:52.1205403+05:30:#0: SpecFlowProject2/SpecFlowProject2 - 
2021-05-20T20:32:52.1205828+05:30:#1: Default - 
2021-05-20T20:32:52.1205869+05:30:#2: SpecflowPlusSampleProject - 
2021-05-20T20:32:52.1205901+05:30:#3: Calculator - 
2021-05-20T20:32:52.1232017+05:30:#4: Add two numbers - TestAssembly:SpecflowPlusSampleProject/Feature:Calculator/Scenario:Add+two+numbers
2021-05-20T20:32:52.1234266+05:30:End: Test Suite Dump
2021-05-20T20:32:52.1569880+05:30:Thread#0:Scheduler: get next test for thread 0
2021-05-20T20:32:52.1611185+05:30:Thread#:Scheduler: testitem #4 from normal test queue 
2021-05-20T20:32:52.1612906+05:30:Thread#0:Scheduler: considering testitem #4 for thread 0
2021-05-20T20:32:52.1701746+05:30:Thread#0:TestItem#4:testItemMatchesCurrentTestThread:UnSpecific
2021-05-20T20:32:52.1701985+05:30:Thread#0:TestItem#4:runsOnOneOtherThreadSpecific:False
2021-05-20T20:32:52.1702012+05:30:Thread#0:TestItem#4:runsOnOneOtherThreadUnspecific:True
2021-05-20T20:32:52.1702055+05:30:Thread#0:Scheduler: using testitem #4 for thread 0
2021-05-20T20:32:52.1713500+05:30:Thread#0:Scheduler: Test #4 is scheduled for thread
2021-05-20T20:32:52.1739097+05:30:Thread#0:Scheduler: with testItemExecutionIndex 0
2021-05-20T20:32:52.1739777+05:30:Thread#1:Scheduler: get next test for thread 1
2021-05-20T20:32:52.1740267+05:30:Thread#:Scheduler: at the end of normal test queue
2021-05-20T20:32:52.1740336+05:30:Thread#1:Scheduler: enumerator for thread is at end
2021-05-20T20:32:52.1740377+05:30:Thread#1:Scheduler: No more tests for thread
2021-05-20T20:32:52.1800830+05:30:Thread #0: creating new test thread executor for SpecflowPlusSampleProject, Version=1.0.0.0, Culture=neutral, PublicKeyToken=null (target: Default)
2021-05-20T20:32:52.1854629+05:30:Thread #0: Creating test assembly executor for execution model OutProc
2021-05-20T20:32:52.1859005+05:30:Thread #0: Creating test assembly executor for execution model OutProc
2021-05-20T20:32:52.1953060+05:30:Thread #0: using TechTalk.SpecRun.Framework.Execution.OutOfProc.StreamJsonRPC.OutOfProcessTestAssemblyExecutorHost to execute tests
2021-05-20T20:32:52.1980540+05:30:starting Out Of Process Executor
2021-05-20T20:32:52.2045101+05:30:Assembly resolving Microsoft.VisualStudio.Validation, Version=15.3.0.0, Culture=neutral, PublicKeyToken=b03f5f7f11d50a3a
2021-05-20T20:32:52.2084830+05:30:[AssemblyCache] Trying to resolve 'Microsoft.VisualStudio.Validation' from .deps.json file
2021-05-20T20:32:52.2085195+05:30:[AssemblyCache] Could not resolve 'Microsoft.VisualStudio.Validation' from .deps.json
2021-05-20T20:32:52.2101174+05:30:[AssemblyCache] Trying to resolve 'Microsoft.VisualStudio.Validation' in folder 'C:\Users\himan\Himanshu\Projects\SpecFlowProject2\SpecflowPlusSampleProject\bin\Debug\netcoreapp3.1'
2021-05-20T20:32:52.2106247+05:30:[AssemblyCache] Trying to resolve 'Microsoft.VisualStudio.Validation' to 'C:\Users\himan\Himanshu\Projects\SpecFlowProject2\SpecflowPlusSampleProject\bin\Debug\netcoreapp3.1\Microsoft.VisualStudio.Validation.dll'
2021-05-20T20:32:52.2108868+05:30:[AssemblyCache] Trying to resolve 'Microsoft.VisualStudio.Validation' to 'C:\Users\himan\Himanshu\Projects\SpecFlowProject2\SpecflowPlusSampleProject\bin\Debug\netcoreapp3.1\Microsoft.VisualStudio.Validation.exe'
2021-05-20T20:32:52.2109986+05:30:[AssemblyCache] Could not resolve 'Microsoft.VisualStudio.Validation' in folder 'C:\Users\himan\Himanshu\Projects\SpecFlowProject2\SpecflowPlusSampleProject\bin\Debug\netcoreapp3.1'
2021-05-20T20:32:52.2114362+05:30:TargetFramework: .NETCoreApp,Version=v3.1
2021-05-20T20:32:52.2118574+05:30:Tfm: netcoreapp3.1
2021-05-20T20:32:52.2118742+05:30:[AssemblyCache] Trying to resolve 'Microsoft.VisualStudio.Validation' in folder 'C:\Users\himan\Himanshu\Projects\SpecFlowProject2\SpecflowPlusSampleProject\bin\Debug\netcoreapp3.1\SpecFlowPlusRunner\netcoreapp3.1'
2021-05-20T20:32:52.2118821+05:30:[AssemblyCache] Trying to resolve 'Microsoft.VisualStudio.Validation' to 'C:\Users\himan\Himanshu\Projects\SpecFlowProject2\SpecflowPlusSampleProject\bin\Debug\netcoreapp3.1\SpecFlowPlusRunner\netcoreapp3.1\Microsoft.VisualStudio.Validation.dll'
2021-05-20T20:32:52.2120546+05:30:[AssemblyCache] Found file 'C:\Users\himan\Himanshu\Projects\SpecFlowProject2\SpecflowPlusSampleProject\bin\Debug\netcoreapp3.1\SpecFlowPlusRunner\netcoreapp3.1\Microsoft.VisualStudio.Validation.dll' for assembly 'Microsoft.VisualStudio.Validation'
2021-05-20T20:32:52.2151539+05:30:[AssemblyCache] Resolved 'Microsoft.VisualStudio.Validation' to C:\Users\himan\Himanshu\Projects\SpecFlowProject2\SpecflowPlusSampleProject\bin\Debug\netcoreapp3.1\SpecFlowPlusRunner\netcoreapp3.1\Microsoft.VisualStudio.Validation.dll
2021-05-20T20:32:52.2165508+05:30:Starting callback TCP Rpc server
2021-05-20T20:32:52.2467023+05:30:Asynchronously starting background TCP Rpc Server on port 32768
2021-05-20T20:32:52.2467818+05:30:Started callback TCP Rpc server on port 32768
2021-05-20T20:32:52.2467874+05:30:Starting logger TCP Rpc server
2021-05-20T20:32:52.2530897+05:30:Asynchronously starting background TCP Rpc Server on port 32769
2021-05-20T20:32:52.2533215+05:30:Started logger TCP Rpc server on port 32769
2021-05-20T20:32:52.4085064+05:30:Executing test executor at 'dotnet' 'exec "C:\Users\himan\Himanshu\Projects\SpecFlowProject2\SpecflowPlusSampleProject\bin\Debug\netcoreapp3.1\SpecFlowPlusRunner\netcoreapp3.1\TechTalk.SpecRun.Framework.Executor.anycpu.netcoreapp3_1.dll" --remoteRunnerPid 4620 --uniqueId "2021-05-20T203251" --outputFolder "C:\Users\himan\Himanshu\Projects\SpecFlowProject2\SpecflowPlusSampleProject\bin\Debug\netcoreapp3.1\Results" --callbackPort 32768 --loggerPort 32769' in 'C:\Users\himan\Himanshu\Projects\SpecFlowProject2\SpecflowPlusSampleProject\bin\Debug\netcoreapp3.1'
2021-05-20T20:32:52.4206022+05:30:Executor with PID 29268 has been started successfully.
2021-05-20T20:32:52.4289710+05:30:Out of Process Executor 29268 started
2021-05-20T20:32:52.4289941+05:30:Waiting for endpoint
2021-05-20T20:32:53.0834767+05:30:Assembly resolving Microsoft.VisualStudio.Threading, Version=15.3.0.0, Culture=neutral, PublicKeyToken=b03f5f7f11d50a3a
2021-05-20T20:32:53.0835970+05:30:[AssemblyCache] Trying to resolve 'Microsoft.VisualStudio.Threading' from .deps.json file
2021-05-20T20:32:53.0836154+05:30:[AssemblyCache] Could not resolve 'Microsoft.VisualStudio.Threading' from .deps.json
2021-05-20T20:32:53.0836316+05:30:[AssemblyCache] Trying to resolve 'Microsoft.VisualStudio.Threading' in folder 'C:\Users\himan\Himanshu\Projects\SpecFlowProject2\SpecflowPlusSampleProject\bin\Debug\netcoreapp3.1'
2021-05-20T20:32:53.0836352+05:30:[AssemblyCache] Trying to resolve 'Microsoft.VisualStudio.Threading' to 'C:\Users\himan\Himanshu\Projects\SpecFlowProject2\SpecflowPlusSampleProject\bin\Debug\netcoreapp3.1\Microsoft.VisualStudio.Threading.dll'
2021-05-20T20:32:53.0837944+05:30:[AssemblyCache] Trying to resolve 'Microsoft.VisualStudio.Threading' to 'C:\Users\himan\Himanshu\Projects\SpecFlowProject2\SpecflowPlusSampleProject\bin\Debug\netcoreapp3.1\Microsoft.VisualStudio.Threading.exe'
2021-05-20T20:32:53.0839113+05:30:[AssemblyCache] Could not resolve 'Microsoft.VisualStudio.Threading' in folder 'C:\Users\himan\Himanshu\Projects\SpecFlowProject2\SpecflowPlusSampleProject\bin\Debug\netcoreapp3.1'
2021-05-20T20:32:53.0839457+05:30:TargetFramework: .NETCoreApp,Version=v3.1
2021-05-20T20:32:53.0840569+05:30:Tfm: netcoreapp3.1
2021-05-20T20:32:53.0840933+05:30:[AssemblyCache] Trying to resolve 'Microsoft.VisualStudio.Threading' in folder 'C:\Users\himan\Himanshu\Projects\SpecFlowProject2\SpecflowPlusSampleProject\bin\Debug\netcoreapp3.1\SpecFlowPlusRunner\netcoreapp3.1'
2021-05-20T20:32:53.0840978+05:30:[AssemblyCache] Trying to resolve 'Microsoft.VisualStudio.Threading' to 'C:\Users\himan\Himanshu\Projects\SpecFlowProject2\SpecflowPlusSampleProject\bin\Debug\netcoreapp3.1\SpecFlowPlusRunner\netcoreapp3.1\Microsoft.VisualStudio.Threading.dll'
2021-05-20T20:32:53.0842744+05:30:[AssemblyCache] Found file 'C:\Users\himan\Himanshu\Projects\SpecFlowProject2\SpecflowPlusSampleProject\bin\Debug\netcoreapp3.1\SpecFlowPlusRunner\netcoreapp3.1\Microsoft.VisualStudio.Threading.dll' for assembly 'Microsoft.VisualStudio.Threading'
2021-05-20T20:32:53.0884391+05:30:[AssemblyCache] Resolved 'Microsoft.VisualStudio.Threading' to C:\Users\himan\Himanshu\Projects\SpecFlowProject2\SpecflowPlusSampleProject\bin\Debug\netcoreapp3.1\SpecFlowPlusRunner\netcoreapp3.1\Microsoft.VisualStudio.Threading.dll
2021-05-20T20:32:53.5195701+05:30:Remote executor port received: 32770
2021-05-20T20:32:53.5201343+05:30:Creating executor TCP client on port 32770
2021-05-20T20:32:53.5207542+05:30:Created executor TCP client on port 32770
2021-05-20T20:32:53.5207672+05:30:Connecting to remote executor TCP server
2021-05-20T20:32:53.5227081+05:30:Connected remote executor TCP server
2021-05-20T20:32:53.5230864+05:30:trying to connect to Out of Process Executor the 1 attempt
2021-05-20T20:32:53.5231000+05:30:Connection to Out of Process Executor established in the 1 attempt
2021-05-20T20:32:53.7867778+05:30:2021-05-20T20:32:53.7841500+05:30:OutOfProcessTestAssemblyExecutor: initialized for C:\Users\himan\Himanshu\Projects\SpecFlowProject2\SpecflowPlusSampleProject\bin\Debug\netcoreapp3.1\SpecflowPlusSampleProject.dll on test thread #0
2021-05-20T20:32:53.7959939+05:30:Endpoint 29268 started
2021-05-20T20:32:53.8250893+05:30:2021-05-20T20:32:53.8243085+05:30:OutOfProcessTestAssemblyExecutor: running tests...
2021-05-20T20:32:53.9730681+05:30:2021-05-20T20:32:53.9725851+05:30:Assembly resolving TechTalk.SpecFlow, Version=3.7.0.0, Culture=neutral, PublicKeyToken=0778194805d6db41
2021-05-20T20:32:53.9774117+05:30:2021-05-20T20:32:53.9768660+05:30:[AssemblyCache] Trying to resolve 'TechTalk.SpecFlow' from .deps.json file
2021-05-20T20:32:53.9816074+05:30:2021-05-20T20:32:53.9810929+05:30:[AssemblyCache] Resolved 'TechTalk.SpecFlow' to 'C:\Users\himan\.nuget\packages\specflow\3.7.13\lib\netstandard2.0\TechTalk.SpecFlow.dll'
2021-05-20T20:32:54.1295990+05:30:2021-05-20T20:32:54.1280472+05:30:Thread#0:T:-> Loading plugin C:\Users\himan\Himanshu\Projects\SpecFlowProject2\SpecflowPlusSampleProject\bin\Debug\netcoreapp3.1\SpecflowPlusSampleProject.dll
2021-05-20T20:32:54.1327844+05:30:2021-05-20T20:32:54.1316369+05:30:Assembly resolving Microsoft.Extensions.DependencyModel, Version=1.0.1.0, Culture=neutral, PublicKeyToken=adb9793829ddae60
2021-05-20T20:32:54.1345404+05:30:2021-05-20T20:32:54.1335740+05:30:[AssemblyCache] Trying to resolve 'Microsoft.Extensions.DependencyModel' from .deps.json file
2021-05-20T20:32:54.1366744+05:30:2021-05-20T20:32:54.1355766+05:30:[AssemblyCache] Resolved 'Microsoft.Extensions.DependencyModel' to 'C:\Users\himan\.nuget\packages\microsoft.extensions.dependencymodel\1.0.3\lib\netstandard1.6\Microsoft.Extensions.DependencyModel.dll'
2021-05-20T20:32:54.1938627+05:30:2021-05-20T20:32:54.1928186+05:30:Assembly resolving Microsoft.DotNet.PlatformAbstractions, Version=1.0.1.0, Culture=neutral, PublicKeyToken=adb9793829ddae60
2021-05-20T20:32:54.1948829+05:30:2021-05-20T20:32:54.1944763+05:30:[AssemblyCache] Trying to resolve 'Microsoft.DotNet.PlatformAbstractions' from .deps.json file
2021-05-20T20:32:54.1957449+05:30:2021-05-20T20:32:54.1954484+05:30:[AssemblyCache] Resolved 'Microsoft.DotNet.PlatformAbstractions' to 'C:\Users\himan\.nuget\packages\microsoft.dotnet.platformabstractions\1.0.3\lib\netstandard1.3\Microsoft.DotNet.PlatformAbstractions.dll'
2021-05-20T20:32:54.2068033+05:30:2021-05-20T20:32:54.2063330+05:30:Thread#0:T:-> Missing [assembly:RuntimePlugin] attribute in SpecflowPlusSampleProject, Version=1.0.0.0, Culture=neutral, PublicKeyToken=null. Please check https://go.specflow.org/doc-plugins for details.
2021-05-20T20:32:54.2080112+05:30:2021-05-20T20:32:54.2071461+05:30:Thread#0:T:-> Loading plugin C:\Users\himan\Himanshu\Projects\SpecFlowProject2\SpecflowPlusSampleProject\bin\Debug\netcoreapp3.1\LivingDoc.SpecFlowPlugin.dll
2021-05-20T20:32:54.2138438+05:30:2021-05-20T20:32:54.2133889+05:30:Assembly resolving LivingDoc.Dtos, Version=3.7.0.0, Culture=neutral, PublicKeyToken=null
2021-05-20T20:32:54.2144334+05:30:2021-05-20T20:32:54.2141147+05:30:[AssemblyCache] Trying to resolve 'LivingDoc.Dtos' from .deps.json file
2021-05-20T20:32:54.2152876+05:30:2021-05-20T20:32:54.2149861+05:30:[AssemblyCache] Resolved 'LivingDoc.Dtos' to 'C:\Users\himan\.nuget\packages\specflow.plus.livingdocplugin\3.7.141\lib\netstandard2.0\LivingDoc.Dtos.dll'
2021-05-20T20:32:54.2212801+05:30:2021-05-20T20:32:54.2208072+05:30:Thread#0:T:-> Loading plugin C:\Users\himan\Himanshu\Projects\SpecFlowProject2\SpecflowPlusSampleProject\bin\Debug\netcoreapp3.1\ReportPortal.SpecFlowPlugin.dll
2021-05-20T20:32:54.2257285+05:30:2021-05-20T20:32:54.2253403+05:30:Assembly resolving ReportPortal.Shared, Version=3.1.1.0, Culture=neutral, PublicKeyToken=null
2021-05-20T20:32:54.2262162+05:30:2021-05-20T20:32:54.2259494+05:30:[AssemblyCache] Trying to resolve 'ReportPortal.Shared' from .deps.json file
2021-05-20T20:32:54.2269099+05:30:2021-05-20T20:32:54.2266194+05:30:[AssemblyCache] Resolved 'ReportPortal.Shared' to 'C:\Users\himan\.nuget\packages\reportportal.shared\3.1.1\lib\netstandard2.0\ReportPortal.Shared.dll'
2021-05-20T20:32:54.2654615+05:30:2021-05-20T20:32:54.2650207+05:30:Thread#0:T:-> Loading plugin C:\Users\himan\Himanshu\Projects\SpecFlowProject2\SpecflowPlusSampleProject\bin\Debug\netcoreapp3.1\SpecRun.Runtime.SpecFlowPlugin.dll
2021-05-20T20:32:54.2752076+05:30:2021-05-20T20:32:54.2747409+05:30:Thread#0:T:-> Using default config
2021-05-20T20:32:54.2875591+05:30:2021-05-20T20:32:54.2871148+05:30:Assembly resolving Cucumber.Messages, Version=6.0.1.0, Culture=neutral, PublicKeyToken=b10c5988214f940c
2021-05-20T20:32:54.2881096+05:30:2021-05-20T20:32:54.2877896+05:30:[AssemblyCache] Trying to resolve 'Cucumber.Messages' from .deps.json file
2021-05-20T20:32:54.2888822+05:30:2021-05-20T20:32:54.2885610+05:30:[AssemblyCache] Resolved 'Cucumber.Messages' to 'C:\Users\himan\.nuget\packages\cucumber.messages\6.0.1\lib\netstandard2.0\Cucumber.Messages.dll'
2021-05-20T20:32:54.2925541+05:30:2021-05-20T20:32:54.2922282+05:30:Assembly resolving Google.Protobuf, Version=3.7.0.0, Culture=neutral, PublicKeyToken=a7d26565bac4d604
2021-05-20T20:32:54.2930465+05:30:2021-05-20T20:32:54.2927715+05:30:[AssemblyCache] Trying to resolve 'Google.Protobuf' from .deps.json file
2021-05-20T20:32:54.2937774+05:30:2021-05-20T20:32:54.2935023+05:30:[AssemblyCache] Resolved 'Google.Protobuf' to 'C:\Users\himan\.nuget\packages\google.protobuf\3.7.0\lib\netstandard1.0\Google.Protobuf.dll'
2021-05-20T20:32:54.3113676+05:30:2021-05-20T20:32:54.3108117+05:30:Assembly resolving Microsoft.VisualStudio.TestPlatform.ObjectModel, Version=15.0.0.0, Culture=neutral, PublicKeyToken=b03f5f7f11d50a3a
2021-05-20T20:32:54.3120006+05:30:2021-05-20T20:32:54.3116781+05:30:[AssemblyCache] Trying to resolve 'Microsoft.VisualStudio.TestPlatform.ObjectModel' from .deps.json file
2021-05-20T20:32:54.3129256+05:30:2021-05-20T20:32:54.3125711+05:30:[AssemblyCache] Resolved 'Microsoft.VisualStudio.TestPlatform.ObjectModel' to 'C:\Users\himan\.nuget\packages\microsoft.testplatform.objectmodel\16.10.0-release-20210429-01\lib\netcoreapp2.1\Microsoft.VisualStudio.TestPlatform.ObjectModel.dll'
2021-05-20T20:32:54.3570915+05:30:2021-05-20T20:32:54.3566214+05:30:Assembly resolving Utf8Json, Version=1.3.7.0, Culture=neutral, PublicKeyToken=8a73d3ba7e392e27
2021-05-20T20:32:54.3576447+05:30:2021-05-20T20:32:54.3573561+05:30:[AssemblyCache] Trying to resolve 'Utf8Json' from .deps.json file
2021-05-20T20:32:54.3584318+05:30:2021-05-20T20:32:54.3580954+05:30:[AssemblyCache] Resolved 'Utf8Json' to 'C:\Users\himan\.nuget\packages\utf8json\1.3.7\lib\netstandard2.0\Utf8Json.dll'
2021-05-20T20:32:54.5736847+05:30:2021-05-20T20:32:54.5726801+05:30:Assembly resolving ReportPortal.Client, Version=3.0.4.0, Culture=neutral, PublicKeyToken=null
2021-05-20T20:32:54.5751524+05:30:2021-05-20T20:32:54.5743722+05:30:[AssemblyCache] Trying to resolve 'ReportPortal.Client' from .deps.json file
2021-05-20T20:32:54.5766525+05:30:2021-05-20T20:32:54.5759099+05:30:[AssemblyCache] Resolved 'ReportPortal.Client' to 'C:\Users\himan\.nuget\packages\reportportal.client\3.0.4\lib\netstandard2.0\ReportPortal.Client.dll'
2021-05-20T20:32:54.6091840+05:30:2021-05-20T20:32:54.6081624+05:30:Assembly resolving ReportPortal.Shared, Culture=neutral, PublicKeyToken=null
2021-05-20T20:32:54.6391053+05:30:Thread#0: Test #4/0 is started on thread #0
2021-05-20T20:32:54.6475726+05:30:2021-05-20T20:32:54.6470694+05:30:Assembly resolving System.Private.DataContractSerialization.resources, Version=4.1.5.0, Culture=en-US, PublicKeyToken=b03f5f7f11d50a3a
2021-05-20T20:32:54.6481520+05:30:2021-05-20T20:32:54.6478650+05:30:[AssemblyCache] Trying to resolve 'System.Private.DataContractSerialization.resources' from .deps.json file
2021-05-20T20:32:54.6486738+05:30:2021-05-20T20:32:54.6484043+05:30:[AssemblyCache] Could not resolve 'System.Private.DataContractSerialization.resources' from .deps.json
2021-05-20T20:32:54.6507535+05:30:2021-05-20T20:32:54.6503060+05:30:[AssemblyCache] Trying to resolve 'System.Private.DataContractSerialization.resources' in folder 'C:\Users\himan\Himanshu\Projects\SpecFlowProject2\SpecflowPlusSampleProject\bin\Debug\netcoreapp3.1'
2021-05-20T20:32:54.6523119+05:30:2021-05-20T20:32:54.6518962+05:30:[AssemblyCache] Trying to resolve 'System.Private.DataContractSerialization.resources' to 'C:\Users\himan\Himanshu\Projects\SpecFlowProject2\SpecflowPlusSampleProject\bin\Debug\netcoreapp3.1\System.Private.DataContractSerialization.resources.dll'
2021-05-20T20:32:54.6531307+05:30:2021-05-20T20:32:54.6527625+05:30:[AssemblyCache] Trying to resolve 'System.Private.DataContractSerialization.resources' to 'C:\Users\himan\Himanshu\Projects\SpecFlowProject2\SpecflowPlusSampleProject\bin\Debug\netcoreapp3.1\System.Private.DataContractSerialization.resources.exe'
2021-05-20T20:32:54.6538819+05:30:2021-05-20T20:32:54.6535497+05:30:[AssemblyCache] Could not resolve 'System.Private.DataContractSerialization.resources' in folder 'C:\Users\himan\Himanshu\Projects\SpecFlowProject2\SpecflowPlusSampleProject\bin\Debug\netcoreapp3.1'
2021-05-20T20:32:54.6547492+05:30:2021-05-20T20:32:54.6544359+05:30:TargetFramework: .NETCoreApp,Version=v3.1
2021-05-20T20:32:54.6558168+05:30:2021-05-20T20:32:54.6554944+05:30:Tfm: netcoreapp3.1
2021-05-20T20:32:54.6563721+05:30:2021-05-20T20:32:54.6560771+05:30:[AssemblyCache] Trying to resolve 'System.Private.DataContractSerialization.resources' in folder 'C:\Users\himan\Himanshu\Projects\SpecFlowProject2\SpecflowPlusSampleProject\bin\Debug\netcoreapp3.1\SpecFlowPlusRunner\netcoreapp3.1'
2021-05-20T20:32:54.6570135+05:30:2021-05-20T20:32:54.6566276+05:30:[AssemblyCache] Trying to resolve 'System.Private.DataContractSerialization.resources' to 'C:\Users\himan\Himanshu\Projects\SpecFlowProject2\SpecflowPlusSampleProject\bin\Debug\netcoreapp3.1\SpecFlowPlusRunner\netcoreapp3.1\System.Private.DataContractSerialization.resources.dll'
2021-05-20T20:32:54.6578034+05:30:2021-05-20T20:32:54.6574536+05:30:[AssemblyCache] Trying to resolve 'System.Private.DataContractSerialization.resources' to 'C:\Users\himan\Himanshu\Projects\SpecFlowProject2\SpecflowPlusSampleProject\bin\Debug\netcoreapp3.1\SpecFlowPlusRunner\netcoreapp3.1\System.Private.DataContractSerialization.resources.exe'
2021-05-20T20:32:54.6585471+05:30:2021-05-20T20:32:54.6582395+05:30:[AssemblyCache] Could not resolve 'System.Private.DataContractSerialization.resources' in folder 'C:\Users\himan\Himanshu\Projects\SpecFlowProject2\SpecflowPlusSampleProject\bin\Debug\netcoreapp3.1\SpecFlowPlusRunner\netcoreapp3.1'
2021-05-20T20:32:54.6687718+05:30:2021-05-20T20:32:54.6683157+05:30:[AssemblyCache] Trying to resolve 'System.Private.DataContractSerialization.resources' in folder 'C:\Program Files\dotnet\shared\Microsoft.AspNetCore.App\3.1.14'
2021-05-20T20:32:54.6693750+05:30:2021-05-20T20:32:54.6690781+05:30:[AssemblyCache] Trying to resolve 'System.Private.DataContractSerialization.resources' to 'C:\Program Files\dotnet\shared\Microsoft.AspNetCore.App\3.1.14\System.Private.DataContractSerialization.resources.dll'
2021-05-20T20:32:54.6701527+05:30:2021-05-20T20:32:54.6697832+05:30:[AssemblyCache] Trying to resolve 'System.Private.DataContractSerialization.resources' to 'C:\Program Files\dotnet\shared\Microsoft.AspNetCore.App\3.1.14\System.Private.DataContractSerialization.resources.exe'
2021-05-20T20:32:54.6708862+05:30:2021-05-20T20:32:54.6705670+05:30:[AssemblyCache] Could not resolve 'System.Private.DataContractSerialization.resources' in folder 'C:\Program Files\dotnet\shared\Microsoft.AspNetCore.App\3.1.14'
2021-05-20T20:32:54.6718698+05:30:2021-05-20T20:32:54.6715131+05:30:[AssemblyCache] Trying to resolve 'System.Private.DataContractSerialization.resources' in folder 'C:\Program Files\dotnet\shared\Microsoft.NETCore.App\3.1.14'
2021-05-20T20:32:54.6725535+05:30:2021-05-20T20:32:54.6721981+05:30:[AssemblyCache] Trying to resolve 'System.Private.DataContractSerialization.resources' to 'C:\Program Files\dotnet\shared\Microsoft.NETCore.App\3.1.14\System.Private.DataContractSerialization.resources.dll'
2021-05-20T20:32:54.6733571+05:30:2021-05-20T20:32:54.6729991+05:30:[AssemblyCache] Trying to resolve 'System.Private.DataContractSerialization.resources' to 'C:\Program Files\dotnet\shared\Microsoft.NETCore.App\3.1.14\System.Private.DataContractSerialization.resources.exe'
2021-05-20T20:32:54.6740779+05:30:2021-05-20T20:32:54.6737724+05:30:[AssemblyCache] Could not resolve 'System.Private.DataContractSerialization.resources' in folder 'C:\Program Files\dotnet\shared\Microsoft.NETCore.App\3.1.14'
2021-05-20T20:32:54.6751767+05:30:2021-05-20T20:32:54.6747729+05:30:[AssemblyCache] Trying to resolve 'System.Private.DataContractSerialization.resources' in folder 'C:\Program Files\dotnet\shared\Microsoft.WindowsDesktop.App\3.1.14'
2021-05-20T20:32:54.6756787+05:30:2021-05-20T20:32:54.6754265+05:30:[AssemblyCache] Trying to resolve 'System.Private.DataContractSerialization.resources' to 'C:\Program Files\dotnet\shared\Microsoft.WindowsDesktop.App\3.1.14\System.Private.DataContractSerialization.resources.dll'
2021-05-20T20:32:54.6763861+05:30:2021-05-20T20:32:54.6760578+05:30:[AssemblyCache] Trying to resolve 'System.Private.DataContractSerialization.resources' to 'C:\Program Files\dotnet\shared\Microsoft.WindowsDesktop.App\3.1.14\System.Private.DataContractSerialization.resources.exe'
2021-05-20T20:32:54.6770133+05:30:2021-05-20T20:32:54.6767035+05:30:[AssemblyCache] Could not resolve 'System.Private.DataContractSerialization.resources' in folder 'C:\Program Files\dotnet\shared\Microsoft.WindowsDesktop.App\3.1.14'
2021-05-20T20:32:54.6797206+05:30:2021-05-20T20:32:54.6793191+05:30:Assembly resolving System.Private.DataContractSerialization.resources, Version=4.1.5.0, Culture=en, PublicKeyToken=b03f5f7f11d50a3a
2021-05-20T20:32:54.6981749+05:30:2021-05-20T20:32:54.6976816+05:30:Assembly resolving WebDriver, Version=4.0.0.0, Culture=neutral, PublicKeyToken=null
2021-05-20T20:32:54.6990711+05:30:2021-05-20T20:32:54.6986549+05:30:[AssemblyCache] Trying to resolve 'WebDriver' from .deps.json file
2021-05-20T20:32:54.7003659+05:30:2021-05-20T20:32:54.6997191+05:30:[AssemblyCache] Resolved 'WebDriver' to 'C:\Users\himan\.nuget\packages\selenium.webdriver\4.0.0-beta2\lib\netstandard2.1\WebDriver.dll'
2021-05-20T20:32:55.2998279+05:30:2021-05-20T20:32:55.2976799+05:30:Assembly resolving Newtonsoft.Json, Version=12.0.0.0, Culture=neutral, PublicKeyToken=30ad4fe6b2a6aeed
2021-05-20T20:32:55.3080237+05:30:2021-05-20T20:32:55.3012462+05:30:[AssemblyCache] Trying to resolve 'Newtonsoft.Json' from .deps.json file
2021-05-20T20:32:55.3105588+05:30:2021-05-20T20:32:55.3094476+05:30:[AssemblyCache] Resolved 'Newtonsoft.Json' to 'C:\Users\himan\.nuget\packages\newtonsoft.json\12.0.3\lib\netstandard2.0\Newtonsoft.Json.dll'
2021-05-20T20:32:56.4085450+05:30:2021-05-20T20:32:56.4067353+05:30:Thread#0:B:Given the first number is 50
2021-05-20T20:32:57.9437591+05:30:2021-05-20T20:32:57.9417412+05:30:Thread#0:T:done: CalculatorStepDefinitions.GivenTheFirstNumberIs(50) (1.5s)
2021-05-20T20:32:57.9534956+05:30:2021-05-20T20:32:57.9527735+05:30:Thread#0:B:And the second number is 70
2021-05-20T20:32:57.9558427+05:30:2021-05-20T20:32:57.9554362+05:30:Thread#0:T:done: CalculatorStepDefinitions.GivenTheSecondNumberIs(70) (0.0s)
2021-05-20T20:32:57.9575518+05:30:2021-05-20T20:32:57.9570992+05:30:Thread#0:B:When the two numbers are added
2021-05-20T20:32:57.9600531+05:30:2021-05-20T20:32:57.9591178+05:30:Thread#0:T:done: CalculatorStepDefinitions.WhenTheTwoNumbersAreAdded() (0.0s)
2021-05-20T20:32:57.9621073+05:30:2021-05-20T20:32:57.9615601+05:30:Thread#0:B:Then the result should be 120
2021-05-20T20:32:57.9655661+05:30:2021-05-20T20:32:57.9648532+05:30:Thread#0:T:done: CalculatorStepDefinitions.ThenTheResultShouldBe(120) (0.0s)
2021-05-20T20:32:57.9892185+05:30:Thread#0:Scheduler: get next test for thread 0
2021-05-20T20:32:57.9892509+05:30:Thread#:Scheduler: at the end of normal test queue
2021-05-20T20:32:57.9892536+05:30:Thread#0:Scheduler: enumerator for thread is at end
2021-05-20T20:32:57.9892575+05:30:Thread#0:Scheduler: No more tests for thread
2021-05-20T20:32:58.5107300+05:30:Thread#0: Test #4/0 is finished on thread #0 as Succeeded within 3.8697645 seconds
2021-05-20T20:32:58.5297612+05:30:2021-05-20T20:32:58.5272599+05:30:Got Deinitialize Signal
2021-05-20T20:32:58.5368880+05:30:RPC Client disconnected, because 'Disposed'. 
LastMessage: 
Description:Stream has been disposed
Exception:<none>
2021-05-20T20:32:58.5396048+05:30:RPC Server disconnected, because 'Disposed'. 
LastMessage: 
Description:Reached end of stream.
Exception:<none>
2021-05-20T20:32:58.5420823+05:30:RPC Server disconnected, because 'Disposed'. 
LastMessage: 
Description:Reached end of stream.
Exception:<none>
2021-05-20T20:32:58.5473249+05:30:Assembly resolving System.Diagnostics.Process.resources, Version=4.2.2.0, Culture=en-US, PublicKeyToken=b03f5f7f11d50a3a
2021-05-20T20:32:58.5473713+05:30:[AssemblyCache] Trying to resolve 'System.Diagnostics.Process.resources' from .deps.json file
2021-05-20T20:32:58.5473902+05:30:[AssemblyCache] Could not resolve 'System.Diagnostics.Process.resources' from .deps.json
2021-05-20T20:32:58.5474022+05:30:[AssemblyCache] Trying to resolve 'System.Diagnostics.Process.resources' in folder 'C:\Users\himan\Himanshu\Projects\SpecFlowProject2\SpecflowPlusSampleProject\bin\Debug\netcoreapp3.1'
2021-05-20T20:32:58.5474223+05:30:[AssemblyCache] Trying to resolve 'System.Diagnostics.Process.resources' to 'C:\Users\himan\Himanshu\Projects\SpecFlowProject2\SpecflowPlusSampleProject\bin\Debug\netcoreapp3.1\System.Diagnostics.Process.resources.dll'
2021-05-20T20:32:58.5475910+05:30:[AssemblyCache] Trying to resolve 'System.Diagnostics.Process.resources' to 'C:\Users\himan\Himanshu\Projects\SpecFlowProject2\SpecflowPlusSampleProject\bin\Debug\netcoreapp3.1\System.Diagnostics.Process.resources.exe'
2021-05-20T20:32:58.5477067+05:30:[AssemblyCache] Could not resolve 'System.Diagnostics.Process.resources' in folder 'C:\Users\himan\Himanshu\Projects\SpecFlowProject2\SpecflowPlusSampleProject\bin\Debug\netcoreapp3.1'
2021-05-20T20:32:58.5477235+05:30:TargetFramework: .NETCoreApp,Version=v3.1
2021-05-20T20:32:58.5478392+05:30:Tfm: netcoreapp3.1
2021-05-20T20:32:58.5478477+05:30:[AssemblyCache] Trying to resolve 'System.Diagnostics.Process.resources' in folder 'C:\Users\himan\Himanshu\Projects\SpecFlowProject2\SpecflowPlusSampleProject\bin\Debug\netcoreapp3.1\SpecFlowPlusRunner\netcoreapp3.1'
2021-05-20T20:32:58.5478530+05:30:[AssemblyCache] Trying to resolve 'System.Diagnostics.Process.resources' to 'C:\Users\himan\Himanshu\Projects\SpecFlowProject2\SpecflowPlusSampleProject\bin\Debug\netcoreapp3.1\SpecFlowPlusRunner\netcoreapp3.1\System.Diagnostics.Process.resources.dll'
2021-05-20T20:32:58.5479933+05:30:[AssemblyCache] Trying to resolve 'System.Diagnostics.Process.resources' to 'C:\Users\himan\Himanshu\Projects\SpecFlowProject2\SpecflowPlusSampleProject\bin\Debug\netcoreapp3.1\SpecFlowPlusRunner\netcoreapp3.1\System.Diagnostics.Process.resources.exe'
2021-05-20T20:32:58.5482683+05:30:[AssemblyCache] Could not resolve 'System.Diagnostics.Process.resources' in folder 'C:\Users\himan\Himanshu\Projects\SpecFlowProject2\SpecflowPlusSampleProject\bin\Debug\netcoreapp3.1\SpecFlowPlusRunner\netcoreapp3.1'
2021-05-20T20:32:58.5646505+05:30:[AssemblyCache] Trying to resolve 'System.Diagnostics.Process.resources' in folder 'C:\Program Files\dotnet\shared\Microsoft.AspNetCore.App\3.1.14'
2021-05-20T20:32:58.5646889+05:30:[AssemblyCache] Trying to resolve 'System.Diagnostics.Process.resources' to 'C:\Program Files\dotnet\shared\Microsoft.AspNetCore.App\3.1.14\System.Diagnostics.Process.resources.dll'
2021-05-20T20:32:58.5649553+05:30:[AssemblyCache] Trying to resolve 'System.Diagnostics.Process.resources' to 'C:\Program Files\dotnet\shared\Microsoft.AspNetCore.App\3.1.14\System.Diagnostics.Process.resources.exe'
2021-05-20T20:32:58.5651263+05:30:[AssemblyCache] Could not resolve 'System.Diagnostics.Process.resources' in folder 'C:\Program Files\dotnet\shared\Microsoft.AspNetCore.App\3.1.14'
2021-05-20T20:32:58.5657472+05:30:[AssemblyCache] Trying to resolve 'System.Diagnostics.Process.resources' in folder 'C:\Program Files\dotnet\shared\Microsoft.NETCore.App\3.1.14'
2021-05-20T20:32:58.5657616+05:30:[AssemblyCache] Trying to resolve 'System.Diagnostics.Process.resources' to 'C:\Program Files\dotnet\shared\Microsoft.NETCore.App\3.1.14\System.Diagnostics.Process.resources.dll'
2021-05-20T20:32:58.5661669+05:30:[AssemblyCache] Trying to resolve 'System.Diagnostics.Process.resources' to 'C:\Program Files\dotnet\shared\Microsoft.NETCore.App\3.1.14\System.Diagnostics.Process.resources.exe'
2021-05-20T20:32:58.5663089+05:30:[AssemblyCache] Could not resolve 'System.Diagnostics.Process.resources' in folder 'C:\Program Files\dotnet\shared\Microsoft.NETCore.App\3.1.14'
2021-05-20T20:32:58.5674104+05:30:[AssemblyCache] Trying to resolve 'System.Diagnostics.Process.resources' in folder 'C:\Program Files\dotnet\shared\Microsoft.WindowsDesktop.App\3.1.14'
2021-05-20T20:32:58.5674349+05:30:[AssemblyCache] Trying to resolve 'System.Diagnostics.Process.resources' to 'C:\Program Files\dotnet\shared\Microsoft.WindowsDesktop.App\3.1.14\System.Diagnostics.Process.resources.dll'
2021-05-20T20:32:58.5678818+05:30:[AssemblyCache] Trying to resolve 'System.Diagnostics.Process.resources' to 'C:\Program Files\dotnet\shared\Microsoft.WindowsDesktop.App\3.1.14\System.Diagnostics.Process.resources.exe'
2021-05-20T20:32:58.5680316+05:30:[AssemblyCache] Could not resolve 'System.Diagnostics.Process.resources' in folder 'C:\Program Files\dotnet\shared\Microsoft.WindowsDesktop.App\3.1.14'
2021-05-20T20:32:58.5703791+05:30:Assembly resolving System.Diagnostics.Process.resources, Version=4.2.2.0, Culture=en, PublicKeyToken=b03f5f7f11d50a3a
2021-05-20T20:32:58.5744665+05:30:Trying to cancel thread
2021-05-20T20:32:58.5745346+05:30:Thread cancelled
2021-05-20T20:32:58.5745377+05:30:Trying to cancel thread
2021-05-20T20:32:58.5745393+05:30:Thread cancelled
2021-05-20T20:32:58.5853041+05:30:Thread#-1:Scheduler: get next test for thread -1
2021-05-20T20:32:58.5853551+05:30:Thread#:Scheduler: at the end of normal test queue
2021-05-20T20:32:58.5853636+05:30:Thread#-1:Scheduler: enumerator for thread is at end
2021-05-20T20:32:58.5883023+05:30;Thread#12;Info;test run finished
2021-05-20T20:32:58.5886972+05:30;Thread#12;Info;publishing test results
2021-05-20T20:32:58.5890538+05:30;Thread#12;Info;Not publishing results.
2021-05-20T20:32:58.5892044+05:30;Thread#12;Info;test results published
2021-05-20T20:32:58.5893255+05:30;Thread#12;Info;generating reports
2021-05-20T20:32:58.7552930+05:30;Thread#12;Info;Starting external report generation process
2021-05-20T20:33:00.8649626+05:30;Thread#12;Info;Successfully generated reports.
2021-05-20T20:33:00.8669296+05:30;Thread#12;Info;Successfully generated reports
2021-05-20T20:33:00.8729955+05:30:Total: 1
2021-05-20T20:33:00.8746751+05:30:Succeeded: 1
2021-05-20T20:33:00.8749617+05:30:Ignored: 0
2021-05-20T20:33:00.8752004+05:30:Pending: 0
2021-05-20T20:33:00.8752081+05:30:Skipped: 0
2021-05-20T20:33:00.8754326+05:30:Failed: 0
2021-05-20T20:33:00.8810779+05:30;VSTestExecutionThread;Info;Adding attachments to VSTest
2021-05-20T20:33:00.8811870+05:30;VSTestExecutionThread;Info;adding Test Execution Report 'C:\Users\himan\Himanshu\Projects\SpecFlowProject2\SpecflowPlusSampleProject\bin\Debug\netcoreapp3.1\Results\SpecFlowProject2_SpecFlowProject2_2021-05-20T203251.html'
========== End of log file ==========
