2021-05-09T00:09:26.7468925+05:30;VSTestExecutionThread;Info;SpecFlow+Runner execution started
2021-05-09T00:09:26.7471898+05:30;VSTestExecutionThread;Info;SpecFlow+Runner 3.7.3 in Framework netcore31 in x64 mode execution started
2021-05-09T00:09:26.7471959+05:30;VSTestExecutionThread;Info;TestAdapter Location: C:\Users\himan\Himanshu\Projects\SpecFlowProject2\SpecFlowProject2\bin\Debug\netcoreapp3.1\TechTalk.SpecRun.VisualStudio.TestAdapter.dll
2021-05-09T00:09:26.7527078+05:30;VSTestExecutionThread;Info;Current UserName: 'himan', MachineName: 'DESKTOP-8U0HBGS'
2021-05-09T00:09:26.9677014+05:30;VSTestExecutionThread;Info;SpecRun: running tests in C:\Users\himan\Himanshu\Projects\SpecFlowProject2\SpecFlowProject2\bin\Debug\netcoreapp3.1\SpecFlowProject2.dll
2021-05-09T00:09:26.9679527+05:30;VSTestExecutionThread;Info;Output folder configured to "Results" in profile
2021-05-09T00:09:26.9680562+05:30;VSTestExecutionThread;Info;Profile: SpecFlowProject2
2021-05-09T00:09:27.0228497+05:30;VSTestExecutionThread;Info;Log file path: C:\Users\himan\Himanshu\Projects\SpecFlowProject2\SpecFlowProject2\bin\Debug\netcoreapp3.1\Results\SpecFlowProject2_SpecFlowProject2_2021-05-09T000926.log
2021-05-09T00:09:27.0283120+05:30;Thread#12;Info;Checking activation
2021-05-09T00:09:27.1936130+05:30;Thread#12;Info;Activated.
2021-05-09T00:09:27.1944648+05:30;Thread#12;Info;Activation check completed
2021-05-09T00:09:27.1947949+05:30;Thread#12;Info;Starting test run
2021-05-09T00:09:27.4922880+05:30;Thread#12;Info;Discovering target: Default
2021-05-09T00:09:27.4929927+05:30;Thread#12;Info;Discovering tests from assembly: C:\Users\himan\Himanshu\Projects\SpecFlowProject2\SpecFlowProject2\bin\Debug\netcoreapp3.1\SpecFlowProject2.dll
2021-05-09T00:09:27.8729949+05:30;Thread#12;Info;Discovered tests from assembly: C:\Users\himan\Himanshu\Projects\SpecFlowProject2\SpecFlowProject2\bin\Debug\netcoreapp3.1\SpecFlowProject2.dll
2021-05-09T00:09:27.8775858+05:30:Test Suite Dump
2021-05-09T00:09:27.8856864+05:30:#0: SpecFlowProject2/SpecFlowProject2 - 
2021-05-09T00:09:27.8857933+05:30:#1: Default - 
2021-05-09T00:09:27.8858057+05:30:#2: SpecFlowProject2 - 
2021-05-09T00:09:27.8858127+05:30:#3: Calculator - 
2021-05-09T00:09:27.8858189+05:30:#5: LaunchGoogle - 
2021-05-09T00:09:27.8925180+05:30:#4: Add two numbers - TestAssembly:SpecFlowProject2/Feature:Calculator/Scenario:Add+two+numbers
2021-05-09T00:09:27.8928076+05:30:#6: Launch Google Website - TestAssembly:SpecFlowProject2/Feature:LaunchGoogle/Scenario:Launch+Google+Website
2021-05-09T00:09:27.8930894+05:30:End: Test Suite Dump
2021-05-09T00:09:27.9454602+05:30:Thread#0:Scheduler: get next test for thread 0
2021-05-09T00:09:27.9494368+05:30:Thread#:Scheduler: testitem #4 from normal test queue 
2021-05-09T00:09:27.9495714+05:30:Thread#0:Scheduler: considering testitem #4 for thread 0
2021-05-09T00:09:27.9581260+05:30:Thread#0:TestItem#4:testItemMatchesCurrentTestThread:UnSpecific
2021-05-09T00:09:27.9581484+05:30:Thread#0:TestItem#4:runsOnOneOtherThreadSpecific:False
2021-05-09T00:09:27.9581518+05:30:Thread#0:TestItem#4:runsOnOneOtherThreadUnspecific:True
2021-05-09T00:09:27.9581562+05:30:Thread#0:Scheduler: using testitem #4 for thread 0
2021-05-09T00:09:27.9594153+05:30:Thread#0:Scheduler: Test #4 is scheduled for thread
2021-05-09T00:09:27.9617764+05:30:Thread#0:Scheduler: with testItemExecutionIndex 0
2021-05-09T00:09:27.9618378+05:30:Thread#1:Scheduler: get next test for thread 1
2021-05-09T00:09:27.9618767+05:30:Thread#:Scheduler: testitem #6 from normal test queue 
2021-05-09T00:09:27.9618807+05:30:Thread#1:Scheduler: considering testitem #6 for thread 1
2021-05-09T00:09:27.9619420+05:30:Thread#1:TestItem#6:testItemMatchesCurrentTestThread:UnSpecific
2021-05-09T00:09:27.9619545+05:30:Thread#1:TestItem#6:runsOnOneOtherThreadSpecific:False
2021-05-09T00:09:27.9619568+05:30:Thread#1:TestItem#6:runsOnOneOtherThreadUnspecific:True
2021-05-09T00:09:27.9619642+05:30:Thread#1:Scheduler: using testitem #6 for thread 1
2021-05-09T00:09:27.9619762+05:30:Thread#1:Scheduler: Test #6 is scheduled for thread
2021-05-09T00:09:27.9619896+05:30:Thread#1:Scheduler: with testItemExecutionIndex 0
2021-05-09T00:09:27.9659828+05:30:Thread #0: creating new test thread executor for SpecFlowProject2, Version=1.0.0.0, Culture=neutral, PublicKeyToken=null (target: Default)
2021-05-09T00:09:27.9659827+05:30:Thread #1: creating new test thread executor for SpecFlowProject2, Version=1.0.0.0, Culture=neutral, PublicKeyToken=null (target: Default)
2021-05-09T00:09:27.9705852+05:30:Thread #0: Creating test assembly executor for execution model OutProc
2021-05-09T00:09:27.9705864+05:30:Thread #1: Creating test assembly executor for execution model OutProc
2021-05-09T00:09:27.9709273+05:30:Thread #0: Creating test assembly executor for execution model OutProc
2021-05-09T00:09:27.9709382+05:30:Thread #1: Creating test assembly executor for execution model OutProc
2021-05-09T00:09:27.9799194+05:30:Thread #1: using TechTalk.SpecRun.Framework.Execution.OutOfProc.StreamJsonRPC.OutOfProcessTestAssemblyExecutorHost to execute tests
2021-05-09T00:09:27.9799265+05:30:Thread #0: using TechTalk.SpecRun.Framework.Execution.OutOfProc.StreamJsonRPC.OutOfProcessTestAssemblyExecutorHost to execute tests
2021-05-09T00:09:27.9836618+05:30:starting Out Of Process Executor
2021-05-09T00:09:27.9836700+05:30:starting Out Of Process Executor
2021-05-09T00:09:27.9891333+05:30:Assembly resolving Microsoft.VisualStudio.Validation, Version=15.3.0.0, Culture=neutral, PublicKeyToken=b03f5f7f11d50a3a
2021-05-09T00:09:27.9944283+05:30:[AssemblyCache] Trying to resolve 'Microsoft.VisualStudio.Validation' from .deps.json file
2021-05-09T00:09:27.9944632+05:30:[AssemblyCache] Could not resolve 'Microsoft.VisualStudio.Validation' from .deps.json
2021-05-09T00:09:27.9967042+05:30:[AssemblyCache] Trying to resolve 'Microsoft.VisualStudio.Validation' in folder 'C:\Users\himan\Himanshu\Projects\SpecFlowProject2\SpecFlowProject2\bin\Debug\netcoreapp3.1'
2021-05-09T00:09:27.9973514+05:30:[AssemblyCache] Trying to resolve 'Microsoft.VisualStudio.Validation' to 'C:\Users\himan\Himanshu\Projects\SpecFlowProject2\SpecFlowProject2\bin\Debug\netcoreapp3.1\Microsoft.VisualStudio.Validation.dll'
2021-05-09T00:09:27.9975997+05:30:[AssemblyCache] Trying to resolve 'Microsoft.VisualStudio.Validation' to 'C:\Users\himan\Himanshu\Projects\SpecFlowProject2\SpecFlowProject2\bin\Debug\netcoreapp3.1\Microsoft.VisualStudio.Validation.exe'
2021-05-09T00:09:27.9977431+05:30:[AssemblyCache] Could not resolve 'Microsoft.VisualStudio.Validation' in folder 'C:\Users\himan\Himanshu\Projects\SpecFlowProject2\SpecFlowProject2\bin\Debug\netcoreapp3.1'
2021-05-09T00:09:27.9982061+05:30:TargetFramework: .NETCoreApp,Version=v3.1
2021-05-09T00:09:27.9987089+05:30:Tfm: netcoreapp3.1
2021-05-09T00:09:27.9987301+05:30:[AssemblyCache] Trying to resolve 'Microsoft.VisualStudio.Validation' in folder 'C:\Users\himan\Himanshu\Projects\SpecFlowProject2\SpecFlowProject2\bin\Debug\netcoreapp3.1\SpecFlowPlusRunner\netcoreapp3.1'
2021-05-09T00:09:27.9987594+05:30:[AssemblyCache] Trying to resolve 'Microsoft.VisualStudio.Validation' to 'C:\Users\himan\Himanshu\Projects\SpecFlowProject2\SpecFlowProject2\bin\Debug\netcoreapp3.1\SpecFlowPlusRunner\netcoreapp3.1\Microsoft.VisualStudio.Validation.dll'
2021-05-09T00:09:27.9989673+05:30:[AssemblyCache] Found file 'C:\Users\himan\Himanshu\Projects\SpecFlowProject2\SpecFlowProject2\bin\Debug\netcoreapp3.1\SpecFlowPlusRunner\netcoreapp3.1\Microsoft.VisualStudio.Validation.dll' for assembly 'Microsoft.VisualStudio.Validation'
2021-05-09T00:09:28.0002382+05:30:[AssemblyCache] Resolved 'Microsoft.VisualStudio.Validation' to C:\Users\himan\Himanshu\Projects\SpecFlowProject2\SpecFlowProject2\bin\Debug\netcoreapp3.1\SpecFlowPlusRunner\netcoreapp3.1\Microsoft.VisualStudio.Validation.dll
2021-05-09T00:09:28.0015568+05:30:Starting callback TCP Rpc server
2021-05-09T00:09:28.0015697+05:30:Starting callback TCP Rpc server
2021-05-09T00:09:28.0416408+05:30:Asynchronously starting background TCP Rpc Server on port 32768
2021-05-09T00:09:28.0417223+05:30:Started callback TCP Rpc server on port 32768
2021-05-09T00:09:28.0417282+05:30:Starting logger TCP Rpc server
2021-05-09T00:09:28.0453275+05:30:Asynchronously starting background TCP Rpc Server on port 32769
2021-05-09T00:09:28.0453878+05:30:Started callback TCP Rpc server on port 32769
2021-05-09T00:09:28.0453929+05:30:Starting logger TCP Rpc server
2021-05-09T00:09:28.0489181+05:30:Asynchronously starting background TCP Rpc Server on port 32770
2021-05-09T00:09:28.0489622+05:30:Started logger TCP Rpc server on port 32770
2021-05-09T00:09:28.0515210+05:30:Asynchronously starting background TCP Rpc Server on port 32771
2021-05-09T00:09:28.0515725+05:30:Started logger TCP Rpc server on port 32771
2021-05-09T00:09:28.2605051+05:30:Executing test executor at 'dotnet' 'exec "C:\Users\himan\Himanshu\Projects\SpecFlowProject2\SpecFlowProject2\bin\Debug\netcoreapp3.1\SpecFlowPlusRunner\netcoreapp3.1\TechTalk.SpecRun.Framework.Executor.anycpu.netcoreapp3_1.dll" --remoteRunnerPid 12304 --uniqueId "2021-05-09T000926" --outputFolder "C:\Users\himan\Himanshu\Projects\SpecFlowProject2\SpecFlowProject2\bin\Debug\netcoreapp3.1\Results" --callbackPort 32769 --loggerPort 32770' in 'C:\Users\himan\Himanshu\Projects\SpecFlowProject2\SpecFlowProject2\bin\Debug\netcoreapp3.1'
2021-05-09T00:09:28.2629592+05:30:Executing test executor at 'dotnet' 'exec "C:\Users\himan\Himanshu\Projects\SpecFlowProject2\SpecFlowProject2\bin\Debug\netcoreapp3.1\SpecFlowPlusRunner\netcoreapp3.1\TechTalk.SpecRun.Framework.Executor.anycpu.netcoreapp3_1.dll" --remoteRunnerPid 12304 --uniqueId "2021-05-09T000926" --outputFolder "C:\Users\himan\Himanshu\Projects\SpecFlowProject2\SpecFlowProject2\bin\Debug\netcoreapp3.1\Results" --callbackPort 32768 --loggerPort 32771' in 'C:\Users\himan\Himanshu\Projects\SpecFlowProject2\SpecFlowProject2\bin\Debug\netcoreapp3.1'
2021-05-09T00:09:28.2903436+05:30:Executor with PID 19024 has been started successfully.
2021-05-09T00:09:28.2914944+05:30:Executor with PID 22684 has been started successfully.
2021-05-09T00:09:28.2993320+05:30:Out of Process Executor 19024 started
2021-05-09T00:09:28.2994009+05:30:Waiting for endpoint
2021-05-09T00:09:28.2993317+05:30:Out of Process Executor 22684 started
2021-05-09T00:09:28.2994441+05:30:Waiting for endpoint
2021-05-09T00:09:29.0530342+05:30:Assembly resolving Microsoft.VisualStudio.Threading, Version=15.3.0.0, Culture=neutral, PublicKeyToken=b03f5f7f11d50a3a
2021-05-09T00:09:29.0530667+05:30:[AssemblyCache] Trying to resolve 'Microsoft.VisualStudio.Threading' from .deps.json file
2021-05-09T00:09:29.0530713+05:30:[AssemblyCache] Could not resolve 'Microsoft.VisualStudio.Threading' from .deps.json
2021-05-09T00:09:29.0530783+05:30:[AssemblyCache] Trying to resolve 'Microsoft.VisualStudio.Threading' in folder 'C:\Users\himan\Himanshu\Projects\SpecFlowProject2\SpecFlowProject2\bin\Debug\netcoreapp3.1'
2021-05-09T00:09:29.0530804+05:30:[AssemblyCache] Trying to resolve 'Microsoft.VisualStudio.Threading' to 'C:\Users\himan\Himanshu\Projects\SpecFlowProject2\SpecFlowProject2\bin\Debug\netcoreapp3.1\Microsoft.VisualStudio.Threading.dll'
2021-05-09T00:09:29.0531686+05:30:[AssemblyCache] Trying to resolve 'Microsoft.VisualStudio.Threading' to 'C:\Users\himan\Himanshu\Projects\SpecFlowProject2\SpecFlowProject2\bin\Debug\netcoreapp3.1\Microsoft.VisualStudio.Threading.exe'
2021-05-09T00:09:29.0532366+05:30:[AssemblyCache] Could not resolve 'Microsoft.VisualStudio.Threading' in folder 'C:\Users\himan\Himanshu\Projects\SpecFlowProject2\SpecFlowProject2\bin\Debug\netcoreapp3.1'
2021-05-09T00:09:29.0532464+05:30:TargetFramework: .NETCoreApp,Version=v3.1
2021-05-09T00:09:29.0532598+05:30:Tfm: netcoreapp3.1
2021-05-09T00:09:29.0532648+05:30:[AssemblyCache] Trying to resolve 'Microsoft.VisualStudio.Threading' in folder 'C:\Users\himan\Himanshu\Projects\SpecFlowProject2\SpecFlowProject2\bin\Debug\netcoreapp3.1\SpecFlowPlusRunner\netcoreapp3.1'
2021-05-09T00:09:29.0532666+05:30:[AssemblyCache] Trying to resolve 'Microsoft.VisualStudio.Threading' to 'C:\Users\himan\Himanshu\Projects\SpecFlowProject2\SpecFlowProject2\bin\Debug\netcoreapp3.1\SpecFlowPlusRunner\netcoreapp3.1\Microsoft.VisualStudio.Threading.dll'
2021-05-09T00:09:29.0533814+05:30:[AssemblyCache] Found file 'C:\Users\himan\Himanshu\Projects\SpecFlowProject2\SpecFlowProject2\bin\Debug\netcoreapp3.1\SpecFlowPlusRunner\netcoreapp3.1\Microsoft.VisualStudio.Threading.dll' for assembly 'Microsoft.VisualStudio.Threading'
2021-05-09T00:09:29.0543872+05:30:[AssemblyCache] Resolved 'Microsoft.VisualStudio.Threading' to C:\Users\himan\Himanshu\Projects\SpecFlowProject2\SpecFlowProject2\bin\Debug\netcoreapp3.1\SpecFlowPlusRunner\netcoreapp3.1\Microsoft.VisualStudio.Threading.dll
2021-05-09T00:09:29.3690918+05:30:Remote executor port received: 32772
2021-05-09T00:09:29.3690691+05:30:Remote executor port received: 32773
2021-05-09T00:09:29.3696165+05:30:Creating executor TCP client on port 32772
2021-05-09T00:09:29.3696510+05:30:Creating executor TCP client on port 32773
2021-05-09T00:09:29.3701483+05:30:Created executor TCP client on port 32772
2021-05-09T00:09:29.3701525+05:30:Created executor TCP client on port 32773
2021-05-09T00:09:29.3701565+05:30:Connecting to remote executor TCP server
2021-05-09T00:09:29.3701577+05:30:Connecting to remote executor TCP server
2021-05-09T00:09:29.3717049+05:30:Connected remote executor TCP server
2021-05-09T00:09:29.3717056+05:30:Connected remote executor TCP server
2021-05-09T00:09:29.3719356+05:30:trying to connect to Out of Process Executor the 1 attempt
2021-05-09T00:09:29.3719501+05:30:Connection to Out of Process Executor established in the 1 attempt
2021-05-09T00:09:29.3719676+05:30:trying to connect to Out of Process Executor the 1 attempt
2021-05-09T00:09:29.3719751+05:30:Connection to Out of Process Executor established in the 1 attempt
2021-05-09T00:09:29.5829313+05:30:2021-05-09T00:09:29.5817122+05:30:OutOfProcessTestAssemblyExecutor: initialized for C:\Users\himan\Himanshu\Projects\SpecFlowProject2\SpecFlowProject2\bin\Debug\netcoreapp3.1\SpecFlowProject2.dll on test thread #1
2021-05-09T00:09:29.5829378+05:30:2021-05-09T00:09:29.5819719+05:30:OutOfProcessTestAssemblyExecutor: initialized for C:\Users\himan\Himanshu\Projects\SpecFlowProject2\SpecFlowProject2\bin\Debug\netcoreapp3.1\SpecFlowProject2.dll on test thread #0
2021-05-09T00:09:29.5895794+05:30:Endpoint 22684 started
2021-05-09T00:09:29.5895836+05:30:Endpoint 19024 started
2021-05-09T00:09:29.6192405+05:30:2021-05-09T00:09:29.6186409+05:30:OutOfProcessTestAssemblyExecutor: running tests...
2021-05-09T00:09:29.6192754+05:30:2021-05-09T00:09:29.6187236+05:30:OutOfProcessTestAssemblyExecutor: running tests...
2021-05-09T00:09:29.9859005+05:30:2021-05-09T00:09:29.9839884+05:30:Assembly resolving TechTalk.SpecFlow, Version=3.7.0.0, Culture=neutral, PublicKeyToken=0778194805d6db41
2021-05-09T00:09:29.9869427+05:30:2021-05-09T00:09:29.9838270+05:30:Assembly resolving TechTalk.SpecFlow, Version=3.7.0.0, Culture=neutral, PublicKeyToken=0778194805d6db41
2021-05-09T00:09:29.9937553+05:30:2021-05-09T00:09:29.9923297+05:30:[AssemblyCache] Trying to resolve 'TechTalk.SpecFlow' from .deps.json file
2021-05-09T00:09:29.9949131+05:30:2021-05-09T00:09:29.9928735+05:30:[AssemblyCache] Trying to resolve 'TechTalk.SpecFlow' from .deps.json file
2021-05-09T00:09:30.0013675+05:30:2021-05-09T00:09:29.9996999+05:30:[AssemblyCache] Resolved 'TechTalk.SpecFlow' to 'C:\Users\himan\.nuget\packages\specflow\3.7.13\lib\netstandard2.0\TechTalk.SpecFlow.dll'
2021-05-09T00:09:30.0021195+05:30:2021-05-09T00:09:30.0000175+05:30:[AssemblyCache] Resolved 'TechTalk.SpecFlow' to 'C:\Users\himan\.nuget\packages\specflow\3.7.13\lib\netstandard2.0\TechTalk.SpecFlow.dll'
2021-05-09T00:09:30.1539047+05:30:2021-05-09T00:09:30.1516355+05:30:Thread#0:T:-> Loading plugin C:\Users\himan\Himanshu\Projects\SpecFlowProject2\SpecFlowProject2\bin\Debug\netcoreapp3.1\SpecFlowProject2.dll
2021-05-09T00:09:30.1582570+05:30:2021-05-09T00:09:30.1561574+05:30:Thread#1:T:-> Loading plugin C:\Users\himan\Himanshu\Projects\SpecFlowProject2\SpecFlowProject2\bin\Debug\netcoreapp3.1\SpecFlowProject2.dll
2021-05-09T00:09:30.1603610+05:30:2021-05-09T00:09:30.1576398+05:30:Assembly resolving Microsoft.Extensions.DependencyModel, Version=1.0.1.0, Culture=neutral, PublicKeyToken=adb9793829ddae60
2021-05-09T00:09:30.1621336+05:30:2021-05-09T00:09:30.1611711+05:30:[AssemblyCache] Trying to resolve 'Microsoft.Extensions.DependencyModel' from .deps.json file
2021-05-09T00:09:30.1633038+05:30:2021-05-09T00:09:30.1624253+05:30:Assembly resolving Microsoft.Extensions.DependencyModel, Version=1.0.1.0, Culture=neutral, PublicKeyToken=adb9793829ddae60
2021-05-09T00:09:30.1646995+05:30:2021-05-09T00:09:30.1639517+05:30:[AssemblyCache] Trying to resolve 'Microsoft.Extensions.DependencyModel' from .deps.json file
2021-05-09T00:09:30.1649749+05:30:2021-05-09T00:09:30.1635475+05:30:[AssemblyCache] Resolved 'Microsoft.Extensions.DependencyModel' to 'C:\Users\himan\.nuget\packages\microsoft.extensions.dependencymodel\1.0.3\lib\netstandard1.6\Microsoft.Extensions.DependencyModel.dll'
2021-05-09T00:09:30.1676892+05:30:2021-05-09T00:09:30.1661622+05:30:[AssemblyCache] Resolved 'Microsoft.Extensions.DependencyModel' to 'C:\Users\himan\.nuget\packages\microsoft.extensions.dependencymodel\1.0.3\lib\netstandard1.6\Microsoft.Extensions.DependencyModel.dll'
2021-05-09T00:09:30.3190825+05:30:2021-05-09T00:09:30.3180343+05:30:Assembly resolving Microsoft.DotNet.PlatformAbstractions, Version=1.0.1.0, Culture=neutral, PublicKeyToken=adb9793829ddae60
2021-05-09T00:09:30.3206326+05:30:2021-05-09T00:09:30.3197230+05:30:Assembly resolving Microsoft.DotNet.PlatformAbstractions, Version=1.0.1.0, Culture=neutral, PublicKeyToken=adb9793829ddae60
2021-05-09T00:09:30.3208952+05:30:2021-05-09T00:09:30.3199831+05:30:[AssemblyCache] Trying to resolve 'Microsoft.DotNet.PlatformAbstractions' from .deps.json file
2021-05-09T00:09:30.3220779+05:30:2021-05-09T00:09:30.3213198+05:30:[AssemblyCache] Trying to resolve 'Microsoft.DotNet.PlatformAbstractions' from .deps.json file
2021-05-09T00:09:30.3244385+05:30:2021-05-09T00:09:30.3235040+05:30:[AssemblyCache] Resolved 'Microsoft.DotNet.PlatformAbstractions' to 'C:\Users\himan\.nuget\packages\microsoft.dotnet.platformabstractions\1.0.3\lib\netstandard1.3\Microsoft.DotNet.PlatformAbstractions.dll'
2021-05-09T00:09:30.3247877+05:30:2021-05-09T00:09:30.3222326+05:30:[AssemblyCache] Resolved 'Microsoft.DotNet.PlatformAbstractions' to 'C:\Users\himan\.nuget\packages\microsoft.dotnet.platformabstractions\1.0.3\lib\netstandard1.3\Microsoft.DotNet.PlatformAbstractions.dll'
2021-05-09T00:09:30.3559934+05:30:2021-05-09T00:09:30.3550394+05:30:Thread#0:T:-> Missing [assembly:RuntimePlugin] attribute in SpecFlowProject2, Version=1.0.0.0, Culture=neutral, PublicKeyToken=null. Please check https://go.specflow.org/doc-plugins for details.
2021-05-09T00:09:30.3560010+05:30:2021-05-09T00:09:30.3550471+05:30:Thread#1:T:-> Missing [assembly:RuntimePlugin] attribute in SpecFlowProject2, Version=1.0.0.0, Culture=neutral, PublicKeyToken=null. Please check https://go.specflow.org/doc-plugins for details.
2021-05-09T00:09:30.3581609+05:30:2021-05-09T00:09:30.3571535+05:30:Thread#0:T:-> Loading plugin C:\Users\himan\Himanshu\Projects\SpecFlowProject2\SpecFlowProject2\bin\Debug\netcoreapp3.1\LivingDoc.SpecFlowPlugin.dll
2021-05-09T00:09:30.3581804+05:30:2021-05-09T00:09:30.3571581+05:30:Thread#1:T:-> Loading plugin C:\Users\himan\Himanshu\Projects\SpecFlowProject2\SpecFlowProject2\bin\Debug\netcoreapp3.1\LivingDoc.SpecFlowPlugin.dll
2021-05-09T00:09:30.3753565+05:30:2021-05-09T00:09:30.3743734+05:30:Assembly resolving LivingDoc.Dtos, Version=3.7.0.0, Culture=neutral, PublicKeyToken=null
2021-05-09T00:09:30.3753929+05:30:2021-05-09T00:09:30.3744114+05:30:Assembly resolving LivingDoc.Dtos, Version=3.7.0.0, Culture=neutral, PublicKeyToken=null
2021-05-09T00:09:30.3767894+05:30:2021-05-09T00:09:30.3760472+05:30:[AssemblyCache] Trying to resolve 'LivingDoc.Dtos' from .deps.json file
2021-05-09T00:09:30.3768311+05:30:2021-05-09T00:09:30.3760449+05:30:[AssemblyCache] Trying to resolve 'LivingDoc.Dtos' from .deps.json file
2021-05-09T00:09:30.3796901+05:30:2021-05-09T00:09:30.3788031+05:30:[AssemblyCache] Resolved 'LivingDoc.Dtos' to 'C:\Users\himan\.nuget\packages\specflow.plus.livingdocplugin\3.7.141\lib\netstandard2.0\LivingDoc.Dtos.dll'
2021-05-09T00:09:30.3799059+05:30:2021-05-09T00:09:30.3790708+05:30:[AssemblyCache] Resolved 'LivingDoc.Dtos' to 'C:\Users\himan\.nuget\packages\specflow.plus.livingdocplugin\3.7.141\lib\netstandard2.0\LivingDoc.Dtos.dll'
2021-05-09T00:09:30.4015531+05:30:2021-05-09T00:09:30.3995763+05:30:Thread#0:T:-> Loading plugin C:\Users\himan\Himanshu\Projects\SpecFlowProject2\SpecFlowProject2\bin\Debug\netcoreapp3.1\ReportPortal.SpecFlowPlugin.dll
2021-05-09T00:09:30.4037823+05:30:2021-05-09T00:09:30.3999724+05:30:Thread#1:T:-> Loading plugin C:\Users\himan\Himanshu\Projects\SpecFlowProject2\SpecFlowProject2\bin\Debug\netcoreapp3.1\ReportPortal.SpecFlowPlugin.dll
2021-05-09T00:09:30.4252284+05:30:2021-05-09T00:09:30.4240652+05:30:Assembly resolving ReportPortal.Shared, Version=3.1.1.0, Culture=neutral, PublicKeyToken=null
2021-05-09T00:09:30.4269478+05:30:2021-05-09T00:09:30.4259582+05:30:Assembly resolving ReportPortal.Shared, Version=3.1.1.0, Culture=neutral, PublicKeyToken=null
2021-05-09T00:09:30.4269918+05:30:2021-05-09T00:09:30.4261175+05:30:[AssemblyCache] Trying to resolve 'ReportPortal.Shared' from .deps.json file
2021-05-09T00:09:30.4285568+05:30:2021-05-09T00:09:30.4277097+05:30:[AssemblyCache] Trying to resolve 'ReportPortal.Shared' from .deps.json file
2021-05-09T00:09:30.4297139+05:30:2021-05-09T00:09:30.4288054+05:30:[AssemblyCache] Resolved 'ReportPortal.Shared' to 'C:\Users\himan\.nuget\packages\reportportal.shared\3.1.1\lib\netstandard2.0\ReportPortal.Shared.dll'
2021-05-09T00:09:30.4312467+05:30:2021-05-09T00:09:30.4302537+05:30:[AssemblyCache] Resolved 'ReportPortal.Shared' to 'C:\Users\himan\.nuget\packages\reportportal.shared\3.1.1\lib\netstandard2.0\ReportPortal.Shared.dll'
2021-05-09T00:09:30.5524518+05:30:2021-05-09T00:09:30.5508897+05:30:Thread#0:T:-> Loading plugin C:\Users\himan\Himanshu\Projects\SpecFlowProject2\SpecFlowProject2\bin\Debug\netcoreapp3.1\SpecRun.Runtime.SpecFlowPlugin.dll
2021-05-09T00:09:30.5568369+05:30:2021-05-09T00:09:30.5562610+05:30:Thread#1:T:-> Loading plugin C:\Users\himan\Himanshu\Projects\SpecFlowProject2\SpecFlowProject2\bin\Debug\netcoreapp3.1\SpecRun.Runtime.SpecFlowPlugin.dll
2021-05-09T00:09:30.5685531+05:30:2021-05-09T00:09:30.5680952+05:30:Thread#0:T:-> Using default config
2021-05-09T00:09:30.5689893+05:30:2021-05-09T00:09:30.5686209+05:30:Thread#1:T:-> Using default config
2021-05-09T00:09:30.5887388+05:30:2021-05-09T00:09:30.5879888+05:30:Assembly resolving Cucumber.Messages, Version=6.0.1.0, Culture=neutral, PublicKeyToken=b10c5988214f940c
2021-05-09T00:09:30.5894835+05:30:2021-05-09T00:09:30.5891061+05:30:[AssemblyCache] Trying to resolve 'Cucumber.Messages' from .deps.json file
2021-05-09T00:09:30.5902652+05:30:2021-05-09T00:09:30.5897861+05:30:Assembly resolving Cucumber.Messages, Version=6.0.1.0, Culture=neutral, PublicKeyToken=b10c5988214f940c
2021-05-09T00:09:30.5908493+05:30:2021-05-09T00:09:30.5903799+05:30:[AssemblyCache] Resolved 'Cucumber.Messages' to 'C:\Users\himan\.nuget\packages\cucumber.messages\6.0.1\lib\netstandard2.0\Cucumber.Messages.dll'
2021-05-09T00:09:30.5909871+05:30:2021-05-09T00:09:30.5906857+05:30:[AssemblyCache] Trying to resolve 'Cucumber.Messages' from .deps.json file
2021-05-09T00:09:30.5921415+05:30:2021-05-09T00:09:30.5915023+05:30:[AssemblyCache] Resolved 'Cucumber.Messages' to 'C:\Users\himan\.nuget\packages\cucumber.messages\6.0.1\lib\netstandard2.0\Cucumber.Messages.dll'
2021-05-09T00:09:30.5980665+05:30:2021-05-09T00:09:30.5974772+05:30:Assembly resolving Google.Protobuf, Version=3.7.0.0, Culture=neutral, PublicKeyToken=a7d26565bac4d604
2021-05-09T00:09:30.5980665+05:30:2021-05-09T00:09:30.5975140+05:30:Assembly resolving Google.Protobuf, Version=3.7.0.0, Culture=neutral, PublicKeyToken=a7d26565bac4d604
2021-05-09T00:09:30.5988164+05:30:2021-05-09T00:09:30.5984165+05:30:[AssemblyCache] Trying to resolve 'Google.Protobuf' from .deps.json file
2021-05-09T00:09:30.5988165+05:30:2021-05-09T00:09:30.5984778+05:30:[AssemblyCache] Trying to resolve 'Google.Protobuf' from .deps.json file
2021-05-09T00:09:30.5999532+05:30:2021-05-09T00:09:30.5995565+05:30:[AssemblyCache] Resolved 'Google.Protobuf' to 'C:\Users\himan\.nuget\packages\google.protobuf\3.7.0\lib\netstandard1.0\Google.Protobuf.dll'
2021-05-09T00:09:30.6001431+05:30:2021-05-09T00:09:30.5995623+05:30:[AssemblyCache] Resolved 'Google.Protobuf' to 'C:\Users\himan\.nuget\packages\google.protobuf\3.7.0\lib\netstandard1.0\Google.Protobuf.dll'
2021-05-09T00:09:30.6214791+05:30:2021-05-09T00:09:30.6209167+05:30:Assembly resolving Microsoft.VisualStudio.TestPlatform.ObjectModel, Version=15.0.0.0, Culture=neutral, PublicKeyToken=b03f5f7f11d50a3a
2021-05-09T00:09:30.6214970+05:30:2021-05-09T00:09:30.6210689+05:30:Assembly resolving Microsoft.VisualStudio.TestPlatform.ObjectModel, Version=15.0.0.0, Culture=neutral, PublicKeyToken=b03f5f7f11d50a3a
2021-05-09T00:09:30.6222219+05:30:2021-05-09T00:09:30.6218087+05:30:[AssemblyCache] Trying to resolve 'Microsoft.VisualStudio.TestPlatform.ObjectModel' from .deps.json file
2021-05-09T00:09:30.6222353+05:30:2021-05-09T00:09:30.6218172+05:30:[AssemblyCache] Trying to resolve 'Microsoft.VisualStudio.TestPlatform.ObjectModel' from .deps.json file
2021-05-09T00:09:30.6236588+05:30:2021-05-09T00:09:30.6232312+05:30:[AssemblyCache] Resolved 'Microsoft.VisualStudio.TestPlatform.ObjectModel' to 'C:\Users\himan\.nuget\packages\microsoft.testplatform.objectmodel\16.10.0-release-20210429-01\lib\netcoreapp2.1\Microsoft.VisualStudio.TestPlatform.ObjectModel.dll'
2021-05-09T00:09:30.6239863+05:30:2021-05-09T00:09:30.6232484+05:30:[AssemblyCache] Resolved 'Microsoft.VisualStudio.TestPlatform.ObjectModel' to 'C:\Users\himan\.nuget\packages\microsoft.testplatform.objectmodel\16.10.0-release-20210429-01\lib\netcoreapp2.1\Microsoft.VisualStudio.TestPlatform.ObjectModel.dll'
2021-05-09T00:09:30.7004762+05:30:2021-05-09T00:09:30.6997842+05:30:Assembly resolving Utf8Json, Version=1.3.7.0, Culture=neutral, PublicKeyToken=8a73d3ba7e392e27
2021-05-09T00:09:30.7024753+05:30:2021-05-09T00:09:30.7016771+05:30:Assembly resolving Utf8Json, Version=1.3.7.0, Culture=neutral, PublicKeyToken=8a73d3ba7e392e27
2021-05-09T00:09:30.7025397+05:30:2021-05-09T00:09:30.7019124+05:30:[AssemblyCache] Trying to resolve 'Utf8Json' from .deps.json file
2021-05-09T00:09:30.7033350+05:30:2021-05-09T00:09:30.7028428+05:30:[AssemblyCache] Trying to resolve 'Utf8Json' from .deps.json file
2021-05-09T00:09:30.7040539+05:30:2021-05-09T00:09:30.7033776+05:30:[AssemblyCache] Resolved 'Utf8Json' to 'C:\Users\himan\.nuget\packages\utf8json\1.3.7\lib\netstandard2.0\Utf8Json.dll'
2021-05-09T00:09:30.7052311+05:30:2021-05-09T00:09:30.7046048+05:30:[AssemblyCache] Resolved 'Utf8Json' to 'C:\Users\himan\.nuget\packages\utf8json\1.3.7\lib\netstandard2.0\Utf8Json.dll'
2021-05-09T00:09:31.2080161+05:30:2021-05-09T00:09:31.2061158+05:30:Assembly resolving ReportPortal.Client, Version=3.0.4.0, Culture=neutral, PublicKeyToken=null
2021-05-09T00:09:31.2108268+05:30:2021-05-09T00:09:31.2093428+05:30:[AssemblyCache] Trying to resolve 'ReportPortal.Client' from .deps.json file
2021-05-09T00:09:31.2118599+05:30:2021-05-09T00:09:31.2096383+05:30:Assembly resolving ReportPortal.Client, Version=3.0.4.0, Culture=neutral, PublicKeyToken=null
2021-05-09T00:09:31.2150378+05:30:2021-05-09T00:09:31.2126379+05:30:[AssemblyCache] Resolved 'ReportPortal.Client' to 'C:\Users\himan\.nuget\packages\reportportal.client\3.0.4\lib\netstandard2.0\ReportPortal.Client.dll'
2021-05-09T00:09:31.2176584+05:30:2021-05-09T00:09:31.2126507+05:30:[AssemblyCache] Trying to resolve 'ReportPortal.Client' from .deps.json file
2021-05-09T00:09:31.2218243+05:30:2021-05-09T00:09:31.2194423+05:30:[AssemblyCache] Resolved 'ReportPortal.Client' to 'C:\Users\himan\.nuget\packages\reportportal.client\3.0.4\lib\netstandard2.0\ReportPortal.Client.dll'
2021-05-09T00:09:31.2960454+05:30:2021-05-09T00:09:31.2946009+05:30:Assembly resolving ReportPortal.Shared, Culture=neutral, PublicKeyToken=null
2021-05-09T00:09:31.2966341+05:30:2021-05-09T00:09:31.2958113+05:30:Assembly resolving ReportPortal.Shared, Culture=neutral, PublicKeyToken=null
2021-05-09T00:09:31.3372588+05:30:Thread#1: Test #6/0 is started on thread #1
2021-05-09T00:09:31.3539023+05:30:Thread#0: Test #4/0 is started on thread #0
2021-05-09T00:09:31.3560694+05:30:2021-05-09T00:09:31.3555632+05:30:Assembly resolving System.Private.DataContractSerialization.resources, Version=4.1.5.0, Culture=en-US, PublicKeyToken=b03f5f7f11d50a3a
2021-05-09T00:09:31.3642123+05:30:2021-05-09T00:09:31.3637427+05:30:Assembly resolving System.Private.DataContractSerialization.resources, Version=4.1.5.0, Culture=en-US, PublicKeyToken=b03f5f7f11d50a3a
2021-05-09T00:09:31.3649830+05:30:2021-05-09T00:09:31.3645891+05:30:[AssemblyCache] Trying to resolve 'System.Private.DataContractSerialization.resources' from .deps.json file
2021-05-09T00:09:31.3664622+05:30:2021-05-09T00:09:31.3657282+05:30:[AssemblyCache] Could not resolve 'System.Private.DataContractSerialization.resources' from .deps.json
2021-05-09T00:09:31.3691669+05:30:2021-05-09T00:09:31.3685770+05:30:[AssemblyCache] Trying to resolve 'System.Private.DataContractSerialization.resources' in folder 'C:\Users\himan\Himanshu\Projects\SpecFlowProject2\SpecFlowProject2\bin\Debug\netcoreapp3.1'
2021-05-09T00:09:31.3693251+05:30:2021-05-09T00:09:31.3687850+05:30:[AssemblyCache] Trying to resolve 'System.Private.DataContractSerialization.resources' from .deps.json file
2021-05-09T00:09:31.3699175+05:30:2021-05-09T00:09:31.3695942+05:30:[AssemblyCache] Could not resolve 'System.Private.DataContractSerialization.resources' from .deps.json
2021-05-09T00:09:31.3713003+05:30:2021-05-09T00:09:31.3709144+05:30:[AssemblyCache] Trying to resolve 'System.Private.DataContractSerialization.resources' to 'C:\Users\himan\Himanshu\Projects\SpecFlowProject2\SpecFlowProject2\bin\Debug\netcoreapp3.1\System.Private.DataContractSerialization.resources.dll'
2021-05-09T00:09:31.3720901+05:30:2021-05-09T00:09:31.3717206+05:30:[AssemblyCache] Trying to resolve 'System.Private.DataContractSerialization.resources' to 'C:\Users\himan\Himanshu\Projects\SpecFlowProject2\SpecFlowProject2\bin\Debug\netcoreapp3.1\System.Private.DataContractSerialization.resources.exe'
2021-05-09T00:09:31.3726607+05:30:2021-05-09T00:09:31.3722514+05:30:[AssemblyCache] Trying to resolve 'System.Private.DataContractSerialization.resources' in folder 'C:\Users\himan\Himanshu\Projects\SpecFlowProject2\SpecFlowProject2\bin\Debug\netcoreapp3.1'
2021-05-09T00:09:31.3731814+05:30:2021-05-09T00:09:31.3726114+05:30:[AssemblyCache] Could not resolve 'System.Private.DataContractSerialization.resources' in folder 'C:\Users\himan\Himanshu\Projects\SpecFlowProject2\SpecFlowProject2\bin\Debug\netcoreapp3.1'
2021-05-09T00:09:31.3750373+05:30:2021-05-09T00:09:31.3744315+05:30:TargetFramework: .NETCoreApp,Version=v3.1
2021-05-09T00:09:31.3755737+05:30:2021-05-09T00:09:31.3751982+05:30:[AssemblyCache] Trying to resolve 'System.Private.DataContractSerialization.resources' to 'C:\Users\himan\Himanshu\Projects\SpecFlowProject2\SpecFlowProject2\bin\Debug\netcoreapp3.1\System.Private.DataContractSerialization.resources.dll'
2021-05-09T00:09:31.3763276+05:30:2021-05-09T00:09:31.3760091+05:30:[AssemblyCache] Trying to resolve 'System.Private.DataContractSerialization.resources' to 'C:\Users\himan\Himanshu\Projects\SpecFlowProject2\SpecFlowProject2\bin\Debug\netcoreapp3.1\System.Private.DataContractSerialization.resources.exe'
2021-05-09T00:09:31.3765960+05:30:2021-05-09T00:09:31.3762345+05:30:Tfm: netcoreapp3.1
2021-05-09T00:09:31.3770446+05:30:2021-05-09T00:09:31.3767566+05:30:[AssemblyCache] Could not resolve 'System.Private.DataContractSerialization.resources' in folder 'C:\Users\himan\Himanshu\Projects\SpecFlowProject2\SpecFlowProject2\bin\Debug\netcoreapp3.1'
2021-05-09T00:09:31.3771622+05:30:2021-05-09T00:09:31.3768276+05:30:[AssemblyCache] Trying to resolve 'System.Private.DataContractSerialization.resources' in folder 'C:\Users\himan\Himanshu\Projects\SpecFlowProject2\SpecFlowProject2\bin\Debug\netcoreapp3.1\SpecFlowPlusRunner\netcoreapp3.1'
2021-05-09T00:09:31.3776103+05:30:2021-05-09T00:09:31.3773666+05:30:[AssemblyCache] Trying to resolve 'System.Private.DataContractSerialization.resources' to 'C:\Users\himan\Himanshu\Projects\SpecFlowProject2\SpecFlowProject2\bin\Debug\netcoreapp3.1\SpecFlowPlusRunner\netcoreapp3.1\System.Private.DataContractSerialization.resources.dll'
2021-05-09T00:09:31.3780403+05:30:2021-05-09T00:09:31.3777107+05:30:TargetFramework: .NETCoreApp,Version=v3.1
2021-05-09T00:09:31.3782614+05:30:2021-05-09T00:09:31.3779604+05:30:[AssemblyCache] Trying to resolve 'System.Private.DataContractSerialization.resources' to 'C:\Users\himan\Himanshu\Projects\SpecFlowProject2\SpecFlowProject2\bin\Debug\netcoreapp3.1\SpecFlowPlusRunner\netcoreapp3.1\System.Private.DataContractSerialization.resources.exe'
2021-05-09T00:09:31.3789127+05:30:2021-05-09T00:09:31.3786201+05:30:[AssemblyCache] Could not resolve 'System.Private.DataContractSerialization.resources' in folder 'C:\Users\himan\Himanshu\Projects\SpecFlowProject2\SpecFlowProject2\bin\Debug\netcoreapp3.1\SpecFlowPlusRunner\netcoreapp3.1'
2021-05-09T00:09:31.3793126+05:30:2021-05-09T00:09:31.3789808+05:30:Tfm: netcoreapp3.1
2021-05-09T00:09:31.3798146+05:30:2021-05-09T00:09:31.3795536+05:30:[AssemblyCache] Trying to resolve 'System.Private.DataContractSerialization.resources' in folder 'C:\Users\himan\Himanshu\Projects\SpecFlowProject2\SpecFlowProject2\bin\Debug\netcoreapp3.1\SpecFlowPlusRunner\netcoreapp3.1'
2021-05-09T00:09:31.3806356+05:30:2021-05-09T00:09:31.3800316+05:30:[AssemblyCache] Trying to resolve 'System.Private.DataContractSerialization.resources' to 'C:\Users\himan\Himanshu\Projects\SpecFlowProject2\SpecFlowProject2\bin\Debug\netcoreapp3.1\SpecFlowPlusRunner\netcoreapp3.1\System.Private.DataContractSerialization.resources.dll'
2021-05-09T00:09:31.3826330+05:30:2021-05-09T00:09:31.3812495+05:30:[AssemblyCache] Trying to resolve 'System.Private.DataContractSerialization.resources' to 'C:\Users\himan\Himanshu\Projects\SpecFlowProject2\SpecFlowProject2\bin\Debug\netcoreapp3.1\SpecFlowPlusRunner\netcoreapp3.1\System.Private.DataContractSerialization.resources.exe'
2021-05-09T00:09:31.3840244+05:30:2021-05-09T00:09:31.3835598+05:30:[AssemblyCache] Could not resolve 'System.Private.DataContractSerialization.resources' in folder 'C:\Users\himan\Himanshu\Projects\SpecFlowProject2\SpecFlowProject2\bin\Debug\netcoreapp3.1\SpecFlowPlusRunner\netcoreapp3.1'
2021-05-09T00:09:31.3946691+05:30:2021-05-09T00:09:31.3942463+05:30:[AssemblyCache] Trying to resolve 'System.Private.DataContractSerialization.resources' in folder 'C:\Program Files\dotnet\shared\Microsoft.AspNetCore.App\3.1.14'
2021-05-09T00:09:31.3953259+05:30:2021-05-09T00:09:31.3950139+05:30:[AssemblyCache] Trying to resolve 'System.Private.DataContractSerialization.resources' to 'C:\Program Files\dotnet\shared\Microsoft.AspNetCore.App\3.1.14\System.Private.DataContractSerialization.resources.dll'
2021-05-09T00:09:31.3963049+05:30:2021-05-09T00:09:31.3957809+05:30:[AssemblyCache] Trying to resolve 'System.Private.DataContractSerialization.resources' to 'C:\Program Files\dotnet\shared\Microsoft.AspNetCore.App\3.1.14\System.Private.DataContractSerialization.resources.exe'
2021-05-09T00:09:31.3980008+05:30:2021-05-09T00:09:31.3967780+05:30:[AssemblyCache] Could not resolve 'System.Private.DataContractSerialization.resources' in folder 'C:\Program Files\dotnet\shared\Microsoft.AspNetCore.App\3.1.14'
2021-05-09T00:09:31.4000595+05:30:2021-05-09T00:09:31.3983643+05:30:[AssemblyCache] Trying to resolve 'System.Private.DataContractSerialization.resources' in folder 'C:\Program Files\dotnet\shared\Microsoft.AspNetCore.App\3.1.14'
2021-05-09T00:09:31.4008812+05:30:2021-05-09T00:09:31.4004644+05:30:[AssemblyCache] Trying to resolve 'System.Private.DataContractSerialization.resources' in folder 'C:\Program Files\dotnet\shared\Microsoft.NETCore.App\3.1.14'
2021-05-09T00:09:31.4010830+05:30:2021-05-09T00:09:31.4005030+05:30:[AssemblyCache] Trying to resolve 'System.Private.DataContractSerialization.resources' to 'C:\Program Files\dotnet\shared\Microsoft.AspNetCore.App\3.1.14\System.Private.DataContractSerialization.resources.dll'
2021-05-09T00:09:31.4015710+05:30:2021-05-09T00:09:31.4012241+05:30:[AssemblyCache] Trying to resolve 'System.Private.DataContractSerialization.resources' to 'C:\Program Files\dotnet\shared\Microsoft.NETCore.App\3.1.14\System.Private.DataContractSerialization.resources.dll'
2021-05-09T00:09:31.4022961+05:30:2021-05-09T00:09:31.4015834+05:30:[AssemblyCache] Trying to resolve 'System.Private.DataContractSerialization.resources' to 'C:\Program Files\dotnet\shared\Microsoft.AspNetCore.App\3.1.14\System.Private.DataContractSerialization.resources.exe'
2021-05-09T00:09:31.4024598+05:30:2021-05-09T00:09:31.4020279+05:30:[AssemblyCache] Trying to resolve 'System.Private.DataContractSerialization.resources' to 'C:\Program Files\dotnet\shared\Microsoft.NETCore.App\3.1.14\System.Private.DataContractSerialization.resources.exe'
2021-05-09T00:09:31.4033028+05:30:2021-05-09T00:09:31.4028895+05:30:[AssemblyCache] Could not resolve 'System.Private.DataContractSerialization.resources' in folder 'C:\Program Files\dotnet\shared\Microsoft.AspNetCore.App\3.1.14'
2021-05-09T00:09:31.4036376+05:30:2021-05-09T00:09:31.4028488+05:30:[AssemblyCache] Could not resolve 'System.Private.DataContractSerialization.resources' in folder 'C:\Program Files\dotnet\shared\Microsoft.NETCore.App\3.1.14'
2021-05-09T00:09:31.4050352+05:30:2021-05-09T00:09:31.4045813+05:30:[AssemblyCache] Trying to resolve 'System.Private.DataContractSerialization.resources' in folder 'C:\Program Files\dotnet\shared\Microsoft.NETCore.App\3.1.14'
2021-05-09T00:09:31.4054010+05:30:2021-05-09T00:09:31.4050165+05:30:[AssemblyCache] Trying to resolve 'System.Private.DataContractSerialization.resources' in folder 'C:\Program Files\dotnet\shared\Microsoft.WindowsDesktop.App\3.1.14'
2021-05-09T00:09:31.4058055+05:30:2021-05-09T00:09:31.4053528+05:30:[AssemblyCache] Trying to resolve 'System.Private.DataContractSerialization.resources' to 'C:\Program Files\dotnet\shared\Microsoft.NETCore.App\3.1.14\System.Private.DataContractSerialization.resources.dll'
2021-05-09T00:09:31.4060656+05:30:2021-05-09T00:09:31.4057473+05:30:[AssemblyCache] Trying to resolve 'System.Private.DataContractSerialization.resources' to 'C:\Program Files\dotnet\shared\Microsoft.WindowsDesktop.App\3.1.14\System.Private.DataContractSerialization.resources.dll'
2021-05-09T00:09:31.4064931+05:30:2021-05-09T00:09:31.4062166+05:30:[AssemblyCache] Trying to resolve 'System.Private.DataContractSerialization.resources' to 'C:\Program Files\dotnet\shared\Microsoft.NETCore.App\3.1.14\System.Private.DataContractSerialization.resources.exe'
2021-05-09T00:09:31.4074180+05:30:2021-05-09T00:09:31.4067733+05:30:[AssemblyCache] Trying to resolve 'System.Private.DataContractSerialization.resources' to 'C:\Program Files\dotnet\shared\Microsoft.WindowsDesktop.App\3.1.14\System.Private.DataContractSerialization.resources.exe'
2021-05-09T00:09:31.4075125+05:30:2021-05-09T00:09:31.4068930+05:30:[AssemblyCache] Could not resolve 'System.Private.DataContractSerialization.resources' in folder 'C:\Program Files\dotnet\shared\Microsoft.NETCore.App\3.1.14'
2021-05-09T00:09:31.4091504+05:30:2021-05-09T00:09:31.4079845+05:30:[AssemblyCache] Could not resolve 'System.Private.DataContractSerialization.resources' in folder 'C:\Program Files\dotnet\shared\Microsoft.WindowsDesktop.App\3.1.14'
2021-05-09T00:09:31.4102368+05:30:2021-05-09T00:09:31.4084727+05:30:[AssemblyCache] Trying to resolve 'System.Private.DataContractSerialization.resources' in folder 'C:\Program Files\dotnet\shared\Microsoft.WindowsDesktop.App\3.1.14'
2021-05-09T00:09:31.4122328+05:30:2021-05-09T00:09:31.4110819+05:30:[AssemblyCache] Trying to resolve 'System.Private.DataContractSerialization.resources' to 'C:\Program Files\dotnet\shared\Microsoft.WindowsDesktop.App\3.1.14\System.Private.DataContractSerialization.resources.dll'
2021-05-09T00:09:31.4133788+05:30:2021-05-09T00:09:31.4129600+05:30:[AssemblyCache] Trying to resolve 'System.Private.DataContractSerialization.resources' to 'C:\Program Files\dotnet\shared\Microsoft.WindowsDesktop.App\3.1.14\System.Private.DataContractSerialization.resources.exe'
2021-05-09T00:09:31.4153656+05:30:2021-05-09T00:09:31.4140912+05:30:[AssemblyCache] Could not resolve 'System.Private.DataContractSerialization.resources' in folder 'C:\Program Files\dotnet\shared\Microsoft.WindowsDesktop.App\3.1.14'
2021-05-09T00:09:31.4159799+05:30:2021-05-09T00:09:31.4145013+05:30:Assembly resolving System.Private.DataContractSerialization.resources, Version=4.1.5.0, Culture=en, PublicKeyToken=b03f5f7f11d50a3a
2021-05-09T00:09:31.4194994+05:30:2021-05-09T00:09:31.4190046+05:30:Assembly resolving System.Private.DataContractSerialization.resources, Version=4.1.5.0, Culture=en, PublicKeyToken=b03f5f7f11d50a3a
2021-05-09T00:09:31.4420309+05:30:2021-05-09T00:09:31.4412380+05:30:Assembly resolving WebDriver, Version=4.0.0.0, Culture=neutral, PublicKeyToken=null
2021-05-09T00:09:31.4450572+05:30:2021-05-09T00:09:31.4438372+05:30:Assembly resolving WebDriver, Version=4.0.0.0, Culture=neutral, PublicKeyToken=null
2021-05-09T00:09:31.4460600+05:30:2021-05-09T00:09:31.4451785+05:30:[AssemblyCache] Trying to resolve 'WebDriver' from .deps.json file
2021-05-09T00:09:31.4465002+05:30:2021-05-09T00:09:31.4457465+05:30:[AssemblyCache] Trying to resolve 'WebDriver' from .deps.json file
2021-05-09T00:09:31.4509792+05:30:2021-05-09T00:09:31.4476985+05:30:[AssemblyCache] Resolved 'WebDriver' to 'C:\Users\himan\.nuget\packages\selenium.webdriver\4.0.0-beta2\lib\netstandard2.1\WebDriver.dll'
2021-05-09T00:09:31.4514511+05:30:2021-05-09T00:09:31.4489648+05:30:[AssemblyCache] Resolved 'WebDriver' to 'C:\Users\himan\.nuget\packages\selenium.webdriver\4.0.0-beta2\lib\netstandard2.1\WebDriver.dll'
2021-05-09T00:09:32.2107434+05:30:2021-05-09T00:09:32.2075385+05:30:Assembly resolving Newtonsoft.Json, Version=12.0.0.0, Culture=neutral, PublicKeyToken=30ad4fe6b2a6aeed
2021-05-09T00:09:32.2154875+05:30:2021-05-09T00:09:32.2129720+05:30:[AssemblyCache] Trying to resolve 'Newtonsoft.Json' from .deps.json file
2021-05-09T00:09:32.2202088+05:30:2021-05-09T00:09:32.2183848+05:30:[AssemblyCache] Resolved 'Newtonsoft.Json' to 'C:\Users\himan\.nuget\packages\newtonsoft.json\12.0.3\lib\netstandard2.0\Newtonsoft.Json.dll'
2021-05-09T00:09:32.2989263+05:30:2021-05-09T00:09:32.2856700+05:30:Assembly resolving Newtonsoft.Json, Version=12.0.0.0, Culture=neutral, PublicKeyToken=30ad4fe6b2a6aeed
2021-05-09T00:09:32.3024867+05:30:2021-05-09T00:09:32.3011263+05:30:[AssemblyCache] Trying to resolve 'Newtonsoft.Json' from .deps.json file
2021-05-09T00:09:32.3149625+05:30:2021-05-09T00:09:32.3045182+05:30:[AssemblyCache] Resolved 'Newtonsoft.Json' to 'C:\Users\himan\.nuget\packages\newtonsoft.json\12.0.3\lib\netstandard2.0\Newtonsoft.Json.dll'
2021-05-09T00:09:34.1000803+05:30:2021-05-09T00:09:34.0897667+05:30:Thread#0:B:Given the first number is 50
2021-05-09T00:09:34.1846115+05:30:2021-05-09T00:09:34.1619798+05:30:Thread#1:B:Given User launches google.com
2021-05-09T00:09:35.8176126+05:30:2021-05-09T00:09:35.8157080+05:30:Thread#1:T:done: LaunchGoogleSteps.GivenUserLaunchesGoogle_Com() (1.6s)
2021-05-09T00:09:35.8289728+05:30:2021-05-09T00:09:35.8280688+05:30:Thread#1:B:Then he should be able to launch
2021-05-09T00:09:35.8352328+05:30:2021-05-09T00:09:35.8334564+05:30:Thread#1:T:done: LaunchGoogleSteps.ThenHeShouldBeAbleToLaunch() (0.0s)
2021-05-09T00:09:35.8798187+05:30:Thread#1:Scheduler: get next test for thread 1
2021-05-09T00:09:35.8798839+05:30:Thread#:Scheduler: at the end of normal test queue
2021-05-09T00:09:35.8798898+05:30:Thread#1:Scheduler: enumerator for thread is at end
2021-05-09T00:09:35.8798956+05:30:Thread#1:Scheduler: No more tests for thread
2021-05-09T00:09:36.4529096+05:30:2021-05-09T00:09:36.4428342+05:30:Thread#0:T:done: CalculatorStepDefinitions.GivenTheFirstNumberIs(50) (2.3s)
2021-05-09T00:09:36.4638627+05:30:2021-05-09T00:09:36.4632767+05:30:Thread#0:B:And the second number is 70
2021-05-09T00:09:36.4686071+05:30:2021-05-09T00:09:36.4672583+05:30:Thread#0:T:done: CalculatorStepDefinitions.GivenTheSecondNumberIs(70) (0.0s)
2021-05-09T00:09:36.4717709+05:30:2021-05-09T00:09:36.4711441+05:30:Thread#0:B:When the two numbers are added
2021-05-09T00:09:36.4748330+05:30:2021-05-09T00:09:36.4739502+05:30:Thread#0:T:done: CalculatorStepDefinitions.WhenTheTwoNumbersAreAdded() (0.0s)
2021-05-09T00:09:36.4771437+05:30:2021-05-09T00:09:36.4761194+05:30:Thread#0:B:Then the result should be 120
2021-05-09T00:09:36.4852719+05:30:2021-05-09T00:09:36.4821971+05:30:Thread#0:T:done: CalculatorStepDefinitions.ThenTheResultShouldBe(120) (0.0s)
2021-05-09T00:09:36.5143483+05:30:Thread#0:Scheduler: get next test for thread 0
2021-05-09T00:09:36.5144018+05:30:Thread#:Scheduler: at the end of normal test queue
2021-05-09T00:09:36.5144064+05:30:Thread#0:Scheduler: enumerator for thread is at end
2021-05-09T00:09:36.5144113+05:30:Thread#0:Scheduler: No more tests for thread
2021-05-09T00:09:36.7769936+05:30:Thread#1: Test #6/0 is finished on thread #1 as Succeeded within 5.4374822 seconds
2021-05-09T00:09:36.8149133+05:30:2021-05-09T00:09:36.8116069+05:30:Got Deinitialize Signal
2021-05-09T00:09:36.8264405+05:30:RPC Client disconnected, because 'Disposed'. 
LastMessage: 
Description:Stream has been disposed
Exception:<none>
2021-05-09T00:09:36.8285538+05:30:RPC Server disconnected, because 'Disposed'. 
LastMessage: 
Description:Reached end of stream.
Exception:<none>
2021-05-09T00:09:36.8320681+05:30:RPC Server disconnected, because 'Disposed'. 
LastMessage: 
Description:Stream has been disposed
Exception:<none>
2021-05-09T00:09:36.8375004+05:30:Assembly resolving System.Diagnostics.Process.resources, Version=4.2.2.0, Culture=en-US, PublicKeyToken=b03f5f7f11d50a3a
2021-05-09T00:09:36.8375233+05:30:[AssemblyCache] Trying to resolve 'System.Diagnostics.Process.resources' from .deps.json file
2021-05-09T00:09:36.8375323+05:30:[AssemblyCache] Could not resolve 'System.Diagnostics.Process.resources' from .deps.json
2021-05-09T00:09:36.8375460+05:30:[AssemblyCache] Trying to resolve 'System.Diagnostics.Process.resources' in folder 'C:\Users\himan\Himanshu\Projects\SpecFlowProject2\SpecFlowProject2\bin\Debug\netcoreapp3.1'
2021-05-09T00:09:36.8375489+05:30:[AssemblyCache] Trying to resolve 'System.Diagnostics.Process.resources' to 'C:\Users\himan\Himanshu\Projects\SpecFlowProject2\SpecFlowProject2\bin\Debug\netcoreapp3.1\System.Diagnostics.Process.resources.dll'
2021-05-09T00:09:36.8376651+05:30:[AssemblyCache] Trying to resolve 'System.Diagnostics.Process.resources' to 'C:\Users\himan\Himanshu\Projects\SpecFlowProject2\SpecFlowProject2\bin\Debug\netcoreapp3.1\System.Diagnostics.Process.resources.exe'
2021-05-09T00:09:36.8377687+05:30:[AssemblyCache] Could not resolve 'System.Diagnostics.Process.resources' in folder 'C:\Users\himan\Himanshu\Projects\SpecFlowProject2\SpecFlowProject2\bin\Debug\netcoreapp3.1'
2021-05-09T00:09:36.8377817+05:30:TargetFramework: .NETCoreApp,Version=v3.1
2021-05-09T00:09:36.8378677+05:30:Tfm: netcoreapp3.1
2021-05-09T00:09:36.8378829+05:30:[AssemblyCache] Trying to resolve 'System.Diagnostics.Process.resources' in folder 'C:\Users\himan\Himanshu\Projects\SpecFlowProject2\SpecFlowProject2\bin\Debug\netcoreapp3.1\SpecFlowPlusRunner\netcoreapp3.1'
2021-05-09T00:09:36.8378854+05:30:[AssemblyCache] Trying to resolve 'System.Diagnostics.Process.resources' to 'C:\Users\himan\Himanshu\Projects\SpecFlowProject2\SpecFlowProject2\bin\Debug\netcoreapp3.1\SpecFlowPlusRunner\netcoreapp3.1\System.Diagnostics.Process.resources.dll'
2021-05-09T00:09:36.8379922+05:30:[AssemblyCache] Trying to resolve 'System.Diagnostics.Process.resources' to 'C:\Users\himan\Himanshu\Projects\SpecFlowProject2\SpecFlowProject2\bin\Debug\netcoreapp3.1\SpecFlowPlusRunner\netcoreapp3.1\System.Diagnostics.Process.resources.exe'
2021-05-09T00:09:36.8381031+05:30:[AssemblyCache] Could not resolve 'System.Diagnostics.Process.resources' in folder 'C:\Users\himan\Himanshu\Projects\SpecFlowProject2\SpecFlowProject2\bin\Debug\netcoreapp3.1\SpecFlowPlusRunner\netcoreapp3.1'
2021-05-09T00:09:36.8574629+05:30:[AssemblyCache] Trying to resolve 'System.Diagnostics.Process.resources' in folder 'C:\Program Files\dotnet\shared\Microsoft.AspNetCore.App\3.1.14'
2021-05-09T00:09:36.8574859+05:30:[AssemblyCache] Trying to resolve 'System.Diagnostics.Process.resources' to 'C:\Program Files\dotnet\shared\Microsoft.AspNetCore.App\3.1.14\System.Diagnostics.Process.resources.dll'
2021-05-09T00:09:36.8576255+05:30:[AssemblyCache] Trying to resolve 'System.Diagnostics.Process.resources' to 'C:\Program Files\dotnet\shared\Microsoft.AspNetCore.App\3.1.14\System.Diagnostics.Process.resources.exe'
2021-05-09T00:09:36.8577557+05:30:[AssemblyCache] Could not resolve 'System.Diagnostics.Process.resources' in folder 'C:\Program Files\dotnet\shared\Microsoft.AspNetCore.App\3.1.14'
2021-05-09T00:09:36.8584259+05:30:[AssemblyCache] Trying to resolve 'System.Diagnostics.Process.resources' in folder 'C:\Program Files\dotnet\shared\Microsoft.NETCore.App\3.1.14'
2021-05-09T00:09:36.8584325+05:30:[AssemblyCache] Trying to resolve 'System.Diagnostics.Process.resources' to 'C:\Program Files\dotnet\shared\Microsoft.NETCore.App\3.1.14\System.Diagnostics.Process.resources.dll'
2021-05-09T00:09:36.8585681+05:30:[AssemblyCache] Trying to resolve 'System.Diagnostics.Process.resources' to 'C:\Program Files\dotnet\shared\Microsoft.NETCore.App\3.1.14\System.Diagnostics.Process.resources.exe'
2021-05-09T00:09:36.8586784+05:30:[AssemblyCache] Could not resolve 'System.Diagnostics.Process.resources' in folder 'C:\Program Files\dotnet\shared\Microsoft.NETCore.App\3.1.14'
2021-05-09T00:09:36.8590550+05:30:[AssemblyCache] Trying to resolve 'System.Diagnostics.Process.resources' in folder 'C:\Program Files\dotnet\shared\Microsoft.WindowsDesktop.App\3.1.14'
2021-05-09T00:09:36.8590702+05:30:[AssemblyCache] Trying to resolve 'System.Diagnostics.Process.resources' to 'C:\Program Files\dotnet\shared\Microsoft.WindowsDesktop.App\3.1.14\System.Diagnostics.Process.resources.dll'
2021-05-09T00:09:36.8592066+05:30:[AssemblyCache] Trying to resolve 'System.Diagnostics.Process.resources' to 'C:\Program Files\dotnet\shared\Microsoft.WindowsDesktop.App\3.1.14\System.Diagnostics.Process.resources.exe'
2021-05-09T00:09:36.8593075+05:30:[AssemblyCache] Could not resolve 'System.Diagnostics.Process.resources' in folder 'C:\Program Files\dotnet\shared\Microsoft.WindowsDesktop.App\3.1.14'
2021-05-09T00:09:36.8619873+05:30:Assembly resolving System.Diagnostics.Process.resources, Version=4.2.2.0, Culture=en, PublicKeyToken=b03f5f7f11d50a3a
2021-05-09T00:09:37.0821234+05:30:Thread#0: Test #4/0 is finished on thread #0 as Succeeded within 5.7280198 seconds
2021-05-09T00:09:37.0901986+05:30:2021-05-09T00:09:37.0897545+05:30:Got Deinitialize Signal
2021-05-09T00:09:37.0915284+05:30:RPC Client disconnected, because 'Disposed'. 
LastMessage: 
Description:Stream has been disposed
Exception:<none>
2021-05-09T00:09:37.0919013+05:30:RPC Server disconnected, because 'Disposed'. 
LastMessage: 
Description:Stream has been disposed
Exception:<none>
2021-05-09T00:09:37.0924444+05:30:RPC Server disconnected, because 'Disposed'. 
LastMessage: 
Description:Stream has been disposed
Exception:<none>
2021-05-09T00:09:37.0938038+05:30:Trying to cancel thread
2021-05-09T00:09:37.0938349+05:30:Thread cancelled
2021-05-09T00:09:37.0938371+05:30:Trying to cancel thread
2021-05-09T00:09:37.0938391+05:30:Thread cancelled
2021-05-09T00:09:37.1021558+05:30:Thread#-1:Scheduler: get next test for thread -1
2021-05-09T00:09:37.1022277+05:30:Thread#:Scheduler: at the end of normal test queue
2021-05-09T00:09:37.1022357+05:30:Thread#-1:Scheduler: enumerator for thread is at end
2021-05-09T00:09:37.1065490+05:30;Thread#12;Info;test run finished
2021-05-09T00:09:37.1075200+05:30;Thread#12;Info;publishing test results
2021-05-09T00:09:37.1079146+05:30;Thread#12;Info;Not publishing results.
2021-05-09T00:09:37.1080458+05:30;Thread#12;Info;test results published
2021-05-09T00:09:37.1081210+05:30;Thread#12;Info;generating reports
2021-05-09T00:09:37.2555518+05:30;Thread#12;Info;Starting external report generation process
2021-05-09T00:09:39.2305079+05:30;Thread#12;Info;Successfully generated reports.
2021-05-09T00:09:39.2345787+05:30;Thread#12;Info;Successfully generated reports
2021-05-09T00:09:39.2469132+05:30:Total: 2
2021-05-09T00:09:39.2503968+05:30:Succeeded: 2
2021-05-09T00:09:39.2510663+05:30:Ignored: 0
2021-05-09T00:09:39.2516836+05:30:Pending: 0
2021-05-09T00:09:39.2517024+05:30:Skipped: 0
2021-05-09T00:09:39.2523783+05:30:Failed: 0
2021-05-09T00:09:39.2650842+05:30;VSTestExecutionThread;Info;Adding attachments to VSTest
2021-05-09T00:09:39.2652758+05:30;VSTestExecutionThread;Info;adding Test Execution Report 'C:\Users\himan\Himanshu\Projects\SpecFlowProject2\SpecFlowProject2\bin\Debug\netcoreapp3.1\Results\SpecFlowProject2_SpecFlowProject2_2021-05-09T000926.html'
========== End of log file ==========
