2021-05-08T23:49:21.8282850+05:30;VSTestExecutionThread;Info;SpecFlow+Runner execution started
2021-05-08T23:49:21.8289563+05:30;VSTestExecutionThread;Info;SpecFlow+Runner 3.5.8 in Framework netcore31 in x64 mode execution started
2021-05-08T23:49:21.8289645+05:30;VSTestExecutionThread;Info;TestAdapter Location: C:\Users\himan\Himanshu\Projects\SpecFlowProject2\SpecFlowProject2\bin\Debug\netcoreapp3.1\TechTalk.SpecRun.VisualStudio.TestAdapter.dll
2021-05-08T23:49:21.8333969+05:30;VSTestExecutionThread;Info;Current UserName: 'himan', MachineName: 'DESKTOP-8U0HBGS'
2021-05-08T23:49:22.0629586+05:30;VSTestExecutionThread;Info;SpecRun: running tests in C:\Users\himan\Himanshu\Projects\SpecFlowProject2\SpecFlowProject2\bin\Debug\netcoreapp3.1\SpecFlowProject2.dll
2021-05-08T23:49:22.0632803+05:30;VSTestExecutionThread;Info;Output folder configured to "Results" in profile
2021-05-08T23:49:22.0634042+05:30;VSTestExecutionThread;Info;Profile: SpecFlowProject2
2021-05-08T23:49:22.1290073+05:30;VSTestExecutionThread;Info;Log file path: C:\Users\himan\Himanshu\Projects\SpecFlowProject2\SpecFlowProject2\bin\Debug\netcoreapp3.1\Results\SpecFlowProject2_SpecFlowProject2_2021-05-08T234922.log
2021-05-08T23:49:22.1369877+05:30;Thread#12;Info;Checking activation
2021-05-08T23:49:22.2959302+05:30;Thread#12;Info;Activated.
2021-05-08T23:49:22.2962157+05:30;Thread#12;Info;Activation check completed
2021-05-08T23:49:22.2962842+05:30;Thread#12;Info;Starting test run
2021-05-08T23:49:22.3976891+05:30;Thread#12;Info;Discovering target: Default
2021-05-08T23:49:22.3980254+05:30;Thread#12;Info;Discovering tests from assembly: C:\Users\himan\Himanshu\Projects\SpecFlowProject2\SpecFlowProject2\bin\Debug\netcoreapp3.1\SpecFlowProject2.dll
2021-05-08T23:49:22.5545986+05:30;Thread#12;Info;Discovered tests from assembly: C:\Users\himan\Himanshu\Projects\SpecFlowProject2\SpecFlowProject2\bin\Debug\netcoreapp3.1\SpecFlowProject2.dll
2021-05-08T23:49:22.5566883+05:30:Test Suite Dump
2021-05-08T23:49:22.5598712+05:30:#0: SpecFlowProject2/SpecFlowProject2 - 
2021-05-08T23:49:22.5599177+05:30:#1: Default - 
2021-05-08T23:49:22.5599256+05:30:#2: SpecFlowProject2 - 
2021-05-08T23:49:22.5599309+05:30:#3: Calculator - 
2021-05-08T23:49:22.5599332+05:30:#5: LaunchGoogle - 
2021-05-08T23:49:22.5622871+05:30:#4: Add two numbers - TestAssembly:SpecFlowProject2/Feature:Calculator/Scenario:Add+two+numbers
2021-05-08T23:49:22.5623638+05:30:#6: Launch Google Website - TestAssembly:SpecFlowProject2/Feature:LaunchGoogle/Scenario:Launch+Google+Website
2021-05-08T23:49:22.5624741+05:30:End: Test Suite Dump
2021-05-08T23:49:22.5984630+05:30:Thread#1:Scheduler: get next test for thread 1
2021-05-08T23:49:22.6021760+05:30:Thread#:Scheduler: testitem #4 from normal test queue 
2021-05-08T23:49:22.6023199+05:30:Thread#1:Scheduler: considering testitem #4 for thread 1
2021-05-08T23:49:22.6115380+05:30:Thread#1:TestItem#4:testItemMatchesCurrentTestThread:UnSpecific
2021-05-08T23:49:22.6115688+05:30:Thread#1:TestItem#4:runsOnOneOtherThreadSpecific:False
2021-05-08T23:49:22.6115745+05:30:Thread#1:TestItem#4:runsOnOneOtherThreadUnspecific:True
2021-05-08T23:49:22.6115797+05:30:Thread#1:Scheduler: using testitem #4 for thread 1
2021-05-08T23:49:22.6130634+05:30:Thread#1:Scheduler: Test #4 is scheduled for thread
2021-05-08T23:49:22.6160007+05:30:Thread#1:Scheduler: with testItemExecutionIndex 0
2021-05-08T23:49:22.6160870+05:30:Thread#0:Scheduler: get next test for thread 0
2021-05-08T23:49:22.6161495+05:30:Thread#:Scheduler: testitem #6 from normal test queue 
2021-05-08T23:49:22.6161637+05:30:Thread#0:Scheduler: considering testitem #6 for thread 0
2021-05-08T23:49:22.6162987+05:30:Thread#0:TestItem#6:testItemMatchesCurrentTestThread:UnSpecific
2021-05-08T23:49:22.6163171+05:30:Thread#0:TestItem#6:runsOnOneOtherThreadSpecific:False
2021-05-08T23:49:22.6163198+05:30:Thread#0:TestItem#6:runsOnOneOtherThreadUnspecific:True
2021-05-08T23:49:22.6163231+05:30:Thread#0:Scheduler: using testitem #6 for thread 0
2021-05-08T23:49:22.6163362+05:30:Thread#0:Scheduler: Test #6 is scheduled for thread
2021-05-08T23:49:22.6163609+05:30:Thread#0:Scheduler: with testItemExecutionIndex 0
2021-05-08T23:49:22.6210376+05:30:Thread #1: creating new test thread executor for SpecFlowProject2, Version=1.0.0.0, Culture=neutral, PublicKeyToken=null (target: Default)
2021-05-08T23:49:22.6210890+05:30:Thread #0: creating new test thread executor for SpecFlowProject2, Version=1.0.0.0, Culture=neutral, PublicKeyToken=null (target: Default)
2021-05-08T23:49:22.6264786+05:30:Thread #0: Creating test assembly executor for execution model OutProc
2021-05-08T23:49:22.6264788+05:30:Thread #1: Creating test assembly executor for execution model OutProc
2021-05-08T23:49:22.6269021+05:30:Thread #0: Creating test assembly executor for execution model OutProc
2021-05-08T23:49:22.6269598+05:30:Thread #1: Creating test assembly executor for execution model OutProc
2021-05-08T23:49:22.7957912+05:30:Thread #0: using TechTalk.SpecRun.Framework.Execution.OutOfProc.StreamJsonRPC.OutOfProcessTestAssemblyExecutorHost to execute tests
2021-05-08T23:49:22.7957914+05:30:Thread #1: using TechTalk.SpecRun.Framework.Execution.OutOfProc.StreamJsonRPC.OutOfProcessTestAssemblyExecutorHost to execute tests
2021-05-08T23:49:22.7995922+05:30:starting Out Of Process Executor
2021-05-08T23:49:22.7996523+05:30:starting Out Of Process Executor
2021-05-08T23:49:22.8609375+05:30:Assembly resolving Microsoft.VisualStudio.Validation, Version=15.3.0.0, Culture=neutral, PublicKeyToken=b03f5f7f11d50a3a
2021-05-08T23:49:22.8684641+05:30:[AssemblyCache] Trying to resolve 'Microsoft.VisualStudio.Validation' from .deps.json file
2021-05-08T23:49:22.8685037+05:30:[AssemblyCache] Could not resolve 'Microsoft.VisualStudio.Validation' from .deps.json
2021-05-08T23:49:22.8709660+05:30:[AssemblyCache] Trying to resolve 'Microsoft.VisualStudio.Validation' in folder 'C:\Users\himan\Himanshu\Projects\SpecFlowProject2\SpecFlowProject2\bin\Debug\netcoreapp3.1'
2021-05-08T23:49:22.8716549+05:30:[AssemblyCache] Trying to resolve 'Microsoft.VisualStudio.Validation' to 'C:\Users\himan\Himanshu\Projects\SpecFlowProject2\SpecFlowProject2\bin\Debug\netcoreapp3.1\Microsoft.VisualStudio.Validation.dll'
2021-05-08T23:49:22.8719036+05:30:[AssemblyCache] Trying to resolve 'Microsoft.VisualStudio.Validation' to 'C:\Users\himan\Himanshu\Projects\SpecFlowProject2\SpecFlowProject2\bin\Debug\netcoreapp3.1\Microsoft.VisualStudio.Validation.exe'
2021-05-08T23:49:22.8720564+05:30:[AssemblyCache] Could not resolve 'Microsoft.VisualStudio.Validation' in folder 'C:\Users\himan\Himanshu\Projects\SpecFlowProject2\SpecFlowProject2\bin\Debug\netcoreapp3.1'
2021-05-08T23:49:22.8725746+05:30:TargetFramework: .NETCoreApp,Version=v3.1
2021-05-08T23:49:22.8731902+05:30:Tfm: netcoreapp3.1
2021-05-08T23:49:22.8732115+05:30:[AssemblyCache] Trying to resolve 'Microsoft.VisualStudio.Validation' in folder 'C:\Users\himan\Himanshu\Projects\SpecFlowProject2\SpecFlowProject2\bin\Debug\netcoreapp3.1\SpecFlowPlusRunner\netcoreapp3.1'
2021-05-08T23:49:22.8732261+05:30:[AssemblyCache] Trying to resolve 'Microsoft.VisualStudio.Validation' to 'C:\Users\himan\Himanshu\Projects\SpecFlowProject2\SpecFlowProject2\bin\Debug\netcoreapp3.1\SpecFlowPlusRunner\netcoreapp3.1\Microsoft.VisualStudio.Validation.dll'
2021-05-08T23:49:22.8734399+05:30:[AssemblyCache] Found file 'C:\Users\himan\Himanshu\Projects\SpecFlowProject2\SpecFlowProject2\bin\Debug\netcoreapp3.1\SpecFlowPlusRunner\netcoreapp3.1\Microsoft.VisualStudio.Validation.dll' for assembly 'Microsoft.VisualStudio.Validation'
2021-05-08T23:49:22.9410568+05:30:[AssemblyCache] Resolved 'Microsoft.VisualStudio.Validation' to C:\Users\himan\Himanshu\Projects\SpecFlowProject2\SpecFlowProject2\bin\Debug\netcoreapp3.1\SpecFlowPlusRunner\netcoreapp3.1\Microsoft.VisualStudio.Validation.dll
2021-05-08T23:49:22.9424480+05:30:Starting callback TCP Rpc server
2021-05-08T23:49:22.9424690+05:30:Starting callback TCP Rpc server
2021-05-08T23:49:22.9832071+05:30:Asynchronously starting background TCP Rpc Server on port 32768
2021-05-08T23:49:22.9836172+05:30:Started callback TCP Rpc server on port 32768
2021-05-08T23:49:22.9836367+05:30:Starting logger TCP Rpc server
2021-05-08T23:49:22.9860818+05:30:Asynchronously starting background TCP Rpc Server on port 32769
2021-05-08T23:49:22.9861220+05:30:Started callback TCP Rpc server on port 32769
2021-05-08T23:49:22.9861247+05:30:Starting logger TCP Rpc server
2021-05-08T23:49:22.9884185+05:30:Asynchronously starting background TCP Rpc Server on port 32770
2021-05-08T23:49:22.9884461+05:30:Started logger TCP Rpc server on port 32770
2021-05-08T23:49:22.9911726+05:30:Asynchronously starting background TCP Rpc Server on port 32771
2021-05-08T23:49:22.9912001+05:30:Started logger TCP Rpc server on port 32771
2021-05-08T23:49:23.2597085+05:30:Executing test executor at 'dotnet' 'exec "C:\Users\himan\Himanshu\Projects\SpecFlowProject2\SpecFlowProject2\bin\Debug\netcoreapp3.1\SpecFlowPlusRunner\netcoreapp3.1\TechTalk.SpecRun.Framework.Executor.anycpu.netcoreapp3_1.dll" --remoteRunnerPid 23772 --uniqueId "2021-05-08T234922" --outputFolder "C:\Users\himan\Himanshu\Projects\SpecFlowProject2\SpecFlowProject2\bin\Debug\netcoreapp3.1\Results" --callbackPort 32769 --loggerPort 32770' in 'C:\Users\himan\Himanshu\Projects\SpecFlowProject2\SpecFlowProject2\bin\Debug\netcoreapp3.1'
2021-05-08T23:49:23.2645046+05:30:Executing test executor at 'dotnet' 'exec "C:\Users\himan\Himanshu\Projects\SpecFlowProject2\SpecFlowProject2\bin\Debug\netcoreapp3.1\SpecFlowPlusRunner\netcoreapp3.1\TechTalk.SpecRun.Framework.Executor.anycpu.netcoreapp3_1.dll" --remoteRunnerPid 23772 --uniqueId "2021-05-08T234922" --outputFolder "C:\Users\himan\Himanshu\Projects\SpecFlowProject2\SpecFlowProject2\bin\Debug\netcoreapp3.1\Results" --callbackPort 32768 --loggerPort 32771' in 'C:\Users\himan\Himanshu\Projects\SpecFlowProject2\SpecFlowProject2\bin\Debug\netcoreapp3.1'
2021-05-08T23:49:23.2826398+05:30:Executor with PID 22152 has been started successfully.
2021-05-08T23:49:23.2902344+05:30:Executor with PID 16008 has been started successfully.
2021-05-08T23:49:23.2910212+05:30:Out of Process Executor 22152 started
2021-05-08T23:49:23.2910395+05:30:Waiting for endpoint
2021-05-08T23:49:23.2917809+05:30:Out of Process Executor 16008 started
2021-05-08T23:49:23.2917940+05:30:Waiting for endpoint
2021-05-08T23:49:25.6351188+05:30:Assembly resolving Microsoft.VisualStudio.Threading, Version=15.3.0.0, Culture=neutral, PublicKeyToken=b03f5f7f11d50a3a
2021-05-08T23:49:25.6353696+05:30:[AssemblyCache] Trying to resolve 'Microsoft.VisualStudio.Threading' from .deps.json file
2021-05-08T23:49:25.6353929+05:30:[AssemblyCache] Could not resolve 'Microsoft.VisualStudio.Threading' from .deps.json
2021-05-08T23:49:25.6354257+05:30:[AssemblyCache] Trying to resolve 'Microsoft.VisualStudio.Threading' in folder 'C:\Users\himan\Himanshu\Projects\SpecFlowProject2\SpecFlowProject2\bin\Debug\netcoreapp3.1'
2021-05-08T23:49:25.6354412+05:30:[AssemblyCache] Trying to resolve 'Microsoft.VisualStudio.Threading' to 'C:\Users\himan\Himanshu\Projects\SpecFlowProject2\SpecFlowProject2\bin\Debug\netcoreapp3.1\Microsoft.VisualStudio.Threading.dll'
2021-05-08T23:49:25.6358173+05:30:[AssemblyCache] Trying to resolve 'Microsoft.VisualStudio.Threading' to 'C:\Users\himan\Himanshu\Projects\SpecFlowProject2\SpecFlowProject2\bin\Debug\netcoreapp3.1\Microsoft.VisualStudio.Threading.exe'
2021-05-08T23:49:25.6360895+05:30:[AssemblyCache] Could not resolve 'Microsoft.VisualStudio.Threading' in folder 'C:\Users\himan\Himanshu\Projects\SpecFlowProject2\SpecFlowProject2\bin\Debug\netcoreapp3.1'
2021-05-08T23:49:25.6361454+05:30:TargetFramework: .NETCoreApp,Version=v3.1
2021-05-08T23:49:25.6363952+05:30:Tfm: netcoreapp3.1
2021-05-08T23:49:25.6364435+05:30:[AssemblyCache] Trying to resolve 'Microsoft.VisualStudio.Threading' in folder 'C:\Users\himan\Himanshu\Projects\SpecFlowProject2\SpecFlowProject2\bin\Debug\netcoreapp3.1\SpecFlowPlusRunner\netcoreapp3.1'
2021-05-08T23:49:25.6364496+05:30:[AssemblyCache] Trying to resolve 'Microsoft.VisualStudio.Threading' to 'C:\Users\himan\Himanshu\Projects\SpecFlowProject2\SpecFlowProject2\bin\Debug\netcoreapp3.1\SpecFlowPlusRunner\netcoreapp3.1\Microsoft.VisualStudio.Threading.dll'
2021-05-08T23:49:25.6367767+05:30:[AssemblyCache] Found file 'C:\Users\himan\Himanshu\Projects\SpecFlowProject2\SpecFlowProject2\bin\Debug\netcoreapp3.1\SpecFlowPlusRunner\netcoreapp3.1\Microsoft.VisualStudio.Threading.dll' for assembly 'Microsoft.VisualStudio.Threading'
2021-05-08T23:49:25.7740282+05:30:[AssemblyCache] Resolved 'Microsoft.VisualStudio.Threading' to C:\Users\himan\Himanshu\Projects\SpecFlowProject2\SpecFlowProject2\bin\Debug\netcoreapp3.1\SpecFlowPlusRunner\netcoreapp3.1\Microsoft.VisualStudio.Threading.dll
2021-05-08T23:49:26.3110356+05:30:Remote executor port received: 32772
2021-05-08T23:49:26.3110884+05:30:Remote executor port received: 32773
2021-05-08T23:49:26.3117135+05:30:Creating executor TCP client on port 32772
2021-05-08T23:49:26.3117658+05:30:Creating executor TCP client on port 32773
2021-05-08T23:49:26.3125451+05:30:Created executor TCP client on port 32772
2021-05-08T23:49:26.3125589+05:30:Connecting to remote executor TCP server
2021-05-08T23:49:26.3125528+05:30:Created executor TCP client on port 32773
2021-05-08T23:49:26.3125630+05:30:Connecting to remote executor TCP server
2021-05-08T23:49:26.3147231+05:30:Connected remote executor TCP server
2021-05-08T23:49:26.3147399+05:30:Connected remote executor TCP server
2021-05-08T23:49:26.3151352+05:30:trying to connect to Out of Process Executor the 1 attempt
2021-05-08T23:49:26.3151601+05:30:Connection to Out of Process Executor established in the 1 attempt
2021-05-08T23:49:26.3151623+05:30:trying to connect to Out of Process Executor the 1 attempt
2021-05-08T23:49:26.3151742+05:30:Connection to Out of Process Executor established in the 1 attempt
2021-05-08T23:49:26.9724078+05:30:2021-05-08T23:49:26.9637860+05:30:OutOfProcessTestAssemblyExecutor: initialized for C:\Users\himan\Himanshu\Projects\SpecFlowProject2\SpecFlowProject2\bin\Debug\netcoreapp3.1\SpecFlowProject2.dll on test thread #0
2021-05-08T23:49:26.9724035+05:30:2021-05-08T23:49:26.9634610+05:30:OutOfProcessTestAssemblyExecutor: initialized for C:\Users\himan\Himanshu\Projects\SpecFlowProject2\SpecFlowProject2\bin\Debug\netcoreapp3.1\SpecFlowProject2.dll on test thread #1
2021-05-08T23:49:26.9974022+05:30:Endpoint 22152 started
2021-05-08T23:49:26.9974025+05:30:Endpoint 16008 started
2021-05-08T23:49:27.0709902+05:30:2021-05-08T23:49:27.0693977+05:30:OutOfProcessTestAssemblyExecutor: running tests...
2021-05-08T23:49:27.0713142+05:30:2021-05-08T23:49:27.0699463+05:30:OutOfProcessTestAssemblyExecutor: running tests...
2021-05-08T23:49:27.4791866+05:30:2021-05-08T23:49:27.4766681+05:30:Assembly resolving TechTalk.SpecFlow, Version=3.5.0.0, Culture=neutral, PublicKeyToken=0778194805d6db41
2021-05-08T23:49:27.4837733+05:30:2021-05-08T23:49:27.4818695+05:30:Assembly resolving TechTalk.SpecFlow, Version=3.5.0.0, Culture=neutral, PublicKeyToken=0778194805d6db41
2021-05-08T23:49:27.4891667+05:30:2021-05-08T23:49:27.4873974+05:30:[AssemblyCache] Trying to resolve 'TechTalk.SpecFlow' from .deps.json file
2021-05-08T23:49:27.4940100+05:30:2021-05-08T23:49:27.4920588+05:30:[AssemblyCache] Trying to resolve 'TechTalk.SpecFlow' from .deps.json file
2021-05-08T23:49:27.5000531+05:30:2021-05-08T23:49:27.4981612+05:30:[AssemblyCache] Resolved 'TechTalk.SpecFlow' to 'C:\Users\himan\.nuget\packages\specflow\3.5.5\lib\netstandard2.0\TechTalk.SpecFlow.dll'
2021-05-08T23:49:27.5046832+05:30:2021-05-08T23:49:27.5029813+05:30:[AssemblyCache] Resolved 'TechTalk.SpecFlow' to 'C:\Users\himan\.nuget\packages\specflow\3.5.5\lib\netstandard2.0\TechTalk.SpecFlow.dll'
2021-05-08T23:49:27.8590290+05:30:2021-05-08T23:49:27.8568012+05:30:Thread#1:T:-> Loading plugin C:\Users\himan\Himanshu\Projects\SpecFlowProject2\SpecFlowProject2\bin\Debug\netcoreapp3.1\LivingDoc.SpecFlowPlugin.dll
2021-05-08T23:49:27.8590271+05:30:2021-05-08T23:49:27.8567107+05:30:Thread#0:T:-> Loading plugin C:\Users\himan\Himanshu\Projects\SpecFlowProject2\SpecFlowProject2\bin\Debug\netcoreapp3.1\LivingDoc.SpecFlowPlugin.dll
2021-05-08T23:49:28.0741041+05:30:2021-05-08T23:49:28.0712877+05:30:Assembly resolving TechTalk.SpecFlow, Version=3.4.0.0, Culture=neutral, PublicKeyToken=0778194805d6db41
2021-05-08T23:49:28.0756903+05:30:2021-05-08T23:49:28.0728832+05:30:Assembly resolving TechTalk.SpecFlow, Version=3.4.0.0, Culture=neutral, PublicKeyToken=0778194805d6db41
2021-05-08T23:49:28.0815540+05:30:2021-05-08T23:49:28.0785459+05:30:Assembly resolving LivingDoc.Dtos, Version=3.5.0.0, Culture=neutral, PublicKeyToken=null
2021-05-08T23:49:28.0839704+05:30:2021-05-08T23:49:28.0810198+05:30:Assembly resolving LivingDoc.Dtos, Version=3.5.0.0, Culture=neutral, PublicKeyToken=null
2021-05-08T23:49:28.0873894+05:30:2021-05-08T23:49:28.0841661+05:30:[AssemblyCache] Trying to resolve 'LivingDoc.Dtos' from .deps.json file
2021-05-08T23:49:28.0877903+05:30:2021-05-08T23:49:28.0861940+05:30:[AssemblyCache] Trying to resolve 'LivingDoc.Dtos' from .deps.json file
2021-05-08T23:49:28.0936048+05:30:2021-05-08T23:49:28.0924253+05:30:[AssemblyCache] Resolved 'LivingDoc.Dtos' to 'C:\Users\himan\.nuget\packages\specflow.plus.livingdocplugin\3.5.186\lib\netstandard2.0\LivingDoc.Dtos.dll'
2021-05-08T23:49:28.0938054+05:30:2021-05-08T23:49:28.0927276+05:30:[AssemblyCache] Resolved 'LivingDoc.Dtos' to 'C:\Users\himan\.nuget\packages\specflow.plus.livingdocplugin\3.5.186\lib\netstandard2.0\LivingDoc.Dtos.dll'
2021-05-08T23:49:28.1175496+05:30:2021-05-08T23:49:28.1163912+05:30:Thread#0:T:-> Loading plugin C:\Users\himan\Himanshu\Projects\SpecFlowProject2\SpecFlowProject2\bin\Debug\netcoreapp3.1\SpecRun.Runtime.SpecFlowPlugin.dll
2021-05-08T23:49:28.1241651+05:30:2021-05-08T23:49:28.1229329+05:30:Thread#1:T:-> Loading plugin C:\Users\himan\Himanshu\Projects\SpecFlowProject2\SpecFlowProject2\bin\Debug\netcoreapp3.1\SpecRun.Runtime.SpecFlowPlugin.dll
2021-05-08T23:49:28.3986766+05:30:2021-05-08T23:49:28.3950526+05:30:Assembly resolving TechTalk.SpecFlow, Version=3.5.0.0, Culture=neutral, PublicKeyToken=0778194805d6db41
2021-05-08T23:49:28.4007626+05:30:2021-05-08T23:49:28.3959678+05:30:Assembly resolving TechTalk.SpecFlow, Version=3.5.0.0, Culture=neutral, PublicKeyToken=0778194805d6db41
2021-05-08T23:49:28.4247511+05:30:2021-05-08T23:49:28.4200048+05:30:Thread#0:T:-> Using default config
2021-05-08T23:49:28.4254935+05:30:2021-05-08T23:49:28.4207597+05:30:Thread#1:T:-> Using default config
2021-05-08T23:49:28.4765326+05:30:2021-05-08T23:49:28.4743283+05:30:Assembly resolving Cucumber.Messages, Version=6.0.1.0, Culture=neutral, PublicKeyToken=b10c5988214f940c
2021-05-08T23:49:28.4774192+05:30:2021-05-08T23:49:28.4749756+05:30:Assembly resolving Cucumber.Messages, Version=6.0.1.0, Culture=neutral, PublicKeyToken=b10c5988214f940c
2021-05-08T23:49:28.4803206+05:30:2021-05-08T23:49:28.4786584+05:30:[AssemblyCache] Trying to resolve 'Cucumber.Messages' from .deps.json file
2021-05-08T23:49:28.4811139+05:30:2021-05-08T23:49:28.4790989+05:30:[AssemblyCache] Trying to resolve 'Cucumber.Messages' from .deps.json file
2021-05-08T23:49:28.4855834+05:30:2021-05-08T23:49:28.4836439+05:30:[AssemblyCache] Resolved 'Cucumber.Messages' to 'C:\Users\himan\.nuget\packages\cucumber.messages\6.0.1\lib\netstandard2.0\Cucumber.Messages.dll'
2021-05-08T23:49:28.4856553+05:30:2021-05-08T23:49:28.4838969+05:30:[AssemblyCache] Resolved 'Cucumber.Messages' to 'C:\Users\himan\.nuget\packages\cucumber.messages\6.0.1\lib\netstandard2.0\Cucumber.Messages.dll'
2021-05-08T23:49:28.5056280+05:30:2021-05-08T23:49:28.5036387+05:30:Assembly resolving Google.Protobuf, Version=3.7.0.0, Culture=neutral, PublicKeyToken=a7d26565bac4d604
2021-05-08T23:49:28.5085890+05:30:2021-05-08T23:49:28.5069288+05:30:[AssemblyCache] Trying to resolve 'Google.Protobuf' from .deps.json file
2021-05-08T23:49:28.5118759+05:30:2021-05-08T23:49:28.5094278+05:30:Assembly resolving Google.Protobuf, Version=3.7.0.0, Culture=neutral, PublicKeyToken=a7d26565bac4d604
2021-05-08T23:49:28.5123901+05:30:2021-05-08T23:49:28.5113581+05:30:[AssemblyCache] Resolved 'Google.Protobuf' to 'C:\Users\himan\.nuget\packages\google.protobuf\3.7.0\lib\netstandard1.0\Google.Protobuf.dll'
2021-05-08T23:49:28.5137708+05:30:2021-05-08T23:49:28.5128208+05:30:[AssemblyCache] Trying to resolve 'Google.Protobuf' from .deps.json file
2021-05-08T23:49:28.5166485+05:30:2021-05-08T23:49:28.5155882+05:30:[AssemblyCache] Resolved 'Google.Protobuf' to 'C:\Users\himan\.nuget\packages\google.protobuf\3.7.0\lib\netstandard1.0\Google.Protobuf.dll'
2021-05-08T23:49:28.5583295+05:30:2021-05-08T23:49:28.5571165+05:30:Assembly resolving Microsoft.VisualStudio.TestPlatform.ObjectModel, Version=15.0.0.0, Culture=neutral, PublicKeyToken=b03f5f7f11d50a3a
2021-05-08T23:49:28.5586933+05:30:2021-05-08T23:49:28.5576612+05:30:Assembly resolving Microsoft.VisualStudio.TestPlatform.ObjectModel, Version=15.0.0.0, Culture=neutral, PublicKeyToken=b03f5f7f11d50a3a
2021-05-08T23:49:28.5602456+05:30:2021-05-08T23:49:28.5592938+05:30:[AssemblyCache] Trying to resolve 'Microsoft.VisualStudio.TestPlatform.ObjectModel' from .deps.json file
2021-05-08T23:49:28.5605762+05:30:2021-05-08T23:49:28.5595124+05:30:[AssemblyCache] Trying to resolve 'Microsoft.VisualStudio.TestPlatform.ObjectModel' from .deps.json file
2021-05-08T23:49:28.5634475+05:30:2021-05-08T23:49:28.5625236+05:30:[AssemblyCache] Resolved 'Microsoft.VisualStudio.TestPlatform.ObjectModel' to 'C:\Users\himan\.nuget\packages\microsoft.testplatform.objectmodel\16.5.0\lib\netstandard2.0\Microsoft.VisualStudio.TestPlatform.ObjectModel.dll'
2021-05-08T23:49:28.5635106+05:30:2021-05-08T23:49:28.5626622+05:30:[AssemblyCache] Resolved 'Microsoft.VisualStudio.TestPlatform.ObjectModel' to 'C:\Users\himan\.nuget\packages\microsoft.testplatform.objectmodel\16.5.0\lib\netstandard2.0\Microsoft.VisualStudio.TestPlatform.ObjectModel.dll'
2021-05-08T23:49:28.7170343+05:30:2021-05-08T23:49:28.7158116+05:30:Assembly resolving Utf8Json, Version=1.3.7.0, Culture=neutral, PublicKeyToken=8a73d3ba7e392e27
2021-05-08T23:49:28.7188334+05:30:2021-05-08T23:49:28.7179811+05:30:[AssemblyCache] Trying to resolve 'Utf8Json' from .deps.json file
2021-05-08T23:49:28.7213211+05:30:2021-05-08T23:49:28.7203338+05:30:[AssemblyCache] Resolved 'Utf8Json' to 'C:\Users\himan\.nuget\packages\utf8json\1.3.7\lib\netstandard2.0\Utf8Json.dll'
2021-05-08T23:49:28.7231397+05:30:2021-05-08T23:49:28.7220812+05:30:Assembly resolving Utf8Json, Version=1.3.7.0, Culture=neutral, PublicKeyToken=8a73d3ba7e392e27
2021-05-08T23:49:28.7249879+05:30:2021-05-08T23:49:28.7240596+05:30:[AssemblyCache] Trying to resolve 'Utf8Json' from .deps.json file
2021-05-08T23:49:28.7285996+05:30:2021-05-08T23:49:28.7271916+05:30:[AssemblyCache] Resolved 'Utf8Json' to 'C:\Users\himan\.nuget\packages\utf8json\1.3.7\lib\netstandard2.0\Utf8Json.dll'
2021-05-08T23:49:29.1094590+05:30:Thread#1: Test #4/0 is started on thread #1
2021-05-08T23:49:29.1103986+05:30:Thread#0: Test #6/0 is started on thread #0
2021-05-08T23:49:29.1447983+05:30:2021-05-08T23:49:29.1439173+05:30:Assembly resolving WebDriver, Version=4.0.0.0, Culture=neutral, PublicKeyToken=null
2021-05-08T23:49:29.1458611+05:30:2021-05-08T23:49:29.1453004+05:30:[AssemblyCache] Trying to resolve 'WebDriver' from .deps.json file
2021-05-08T23:49:29.1470580+05:30:2021-05-08T23:49:29.1466022+05:30:[AssemblyCache] Resolved 'WebDriver' to 'C:\Users\himan\.nuget\packages\selenium.webdriver\4.0.0-alpha07\lib\netstandard2.1\WebDriver.dll'
2021-05-08T23:49:29.1481078+05:30:2021-05-08T23:49:29.1473924+05:30:Assembly resolving WebDriver, Version=4.0.0.0, Culture=neutral, PublicKeyToken=null
2021-05-08T23:49:29.1488674+05:30:2021-05-08T23:49:29.1485197+05:30:[AssemblyCache] Trying to resolve 'WebDriver' from .deps.json file
2021-05-08T23:49:29.1499557+05:30:2021-05-08T23:49:29.1494791+05:30:[AssemblyCache] Resolved 'WebDriver' to 'C:\Users\himan\.nuget\packages\selenium.webdriver\4.0.0-alpha07\lib\netstandard2.1\WebDriver.dll'
2021-05-08T23:49:31.9906488+05:30:2021-05-08T23:49:31.9872018+05:30:Assembly resolving Newtonsoft.Json, Version=12.0.0.0, Culture=neutral, PublicKeyToken=30ad4fe6b2a6aeed
2021-05-08T23:49:31.9906455+05:30:2021-05-08T23:49:31.9872266+05:30:Assembly resolving Newtonsoft.Json, Version=12.0.0.0, Culture=neutral, PublicKeyToken=30ad4fe6b2a6aeed
2021-05-08T23:49:31.9949679+05:30:2021-05-08T23:49:31.9938507+05:30:[AssemblyCache] Trying to resolve 'Newtonsoft.Json' from .deps.json file
2021-05-08T23:49:31.9952453+05:30:2021-05-08T23:49:31.9940569+05:30:[AssemblyCache] Trying to resolve 'Newtonsoft.Json' from .deps.json file
2021-05-08T23:49:31.9994679+05:30:2021-05-08T23:49:31.9983914+05:30:[AssemblyCache] Resolved 'Newtonsoft.Json' to 'C:\Users\himan\.nuget\packages\newtonsoft.json\12.0.2\lib\netstandard2.0\Newtonsoft.Json.dll'
2021-05-08T23:49:31.9994636+05:30:2021-05-08T23:49:31.9983170+05:30:[AssemblyCache] Resolved 'Newtonsoft.Json' to 'C:\Users\himan\.nuget\packages\newtonsoft.json\12.0.2\lib\netstandard2.0\Newtonsoft.Json.dll'
2021-05-08T23:49:33.7683727+05:30:2021-05-08T23:49:33.7666505+05:30:Thread#0:B:Given User launches google.com
2021-05-08T23:49:33.8379953+05:30:2021-05-08T23:49:33.8362583+05:30:Thread#1:B:Given the first number is 50
2021-05-08T23:49:35.3891256+05:30:2021-05-08T23:49:35.3856239+05:30:Thread#0:T:done: LaunchGoogleSteps.GivenUserLaunchesGoogle_Com() (1.6s)
2021-05-08T23:49:35.3948102+05:30:2021-05-08T23:49:35.3933712+05:30:Thread#0:B:Then he should be able to launch
2021-05-08T23:49:35.3994400+05:30:2021-05-08T23:49:35.3988030+05:30:Thread#0:T:done: LaunchGoogleSteps.ThenHeShouldBeAbleToLaunch() (0.0s)
2021-05-08T23:49:35.4269402+05:30:Thread#0:Scheduler: get next test for thread 0
2021-05-08T23:49:35.4269963+05:30:Thread#:Scheduler: at the end of normal test queue
2021-05-08T23:49:35.4270013+05:30:Thread#0:Scheduler: enumerator for thread is at end
2021-05-08T23:49:35.4270108+05:30:Thread#0:Scheduler: No more tests for thread
2021-05-08T23:49:35.7856246+05:30:Thread#0: Test #6/0 is finished on thread #0 as Succeeded within 6.6737566 seconds
2021-05-08T23:49:35.8028857+05:30:2021-05-08T23:49:35.8025374+05:30:Got Deinitialize Signal
2021-05-08T23:49:35.8075683+05:30:RPC Client disconnected, because 'Disposed'. 
LastMessage: 
Description:Stream has been disposed
Exception:<none>
2021-05-08T23:49:35.8099638+05:30:RPC Server disconnected, because 'Disposed'. 
LastMessage: 
Description:Reached end of stream.
Exception:<none>
2021-05-08T23:49:35.8122677+05:30:RPC Server disconnected, because 'Disposed'. 
LastMessage: 
Description:Reached end of stream.
Exception:<none>
2021-05-08T23:49:35.8156466+05:30:Assembly resolving System.Diagnostics.Process.resources, Version=4.2.2.0, Culture=en-US, PublicKeyToken=b03f5f7f11d50a3a
2021-05-08T23:49:35.8156712+05:30:[AssemblyCache] Trying to resolve 'System.Diagnostics.Process.resources' from .deps.json file
2021-05-08T23:49:35.8156827+05:30:[AssemblyCache] Could not resolve 'System.Diagnostics.Process.resources' from .deps.json
2021-05-08T23:49:35.8156932+05:30:[AssemblyCache] Trying to resolve 'System.Diagnostics.Process.resources' in folder 'C:\Users\himan\Himanshu\Projects\SpecFlowProject2\SpecFlowProject2\bin\Debug\netcoreapp3.1'
2021-05-08T23:49:35.8156988+05:30:[AssemblyCache] Trying to resolve 'System.Diagnostics.Process.resources' to 'C:\Users\himan\Himanshu\Projects\SpecFlowProject2\SpecFlowProject2\bin\Debug\netcoreapp3.1\System.Diagnostics.Process.resources.dll'
2021-05-08T23:49:35.8158264+05:30:[AssemblyCache] Trying to resolve 'System.Diagnostics.Process.resources' to 'C:\Users\himan\Himanshu\Projects\SpecFlowProject2\SpecFlowProject2\bin\Debug\netcoreapp3.1\System.Diagnostics.Process.resources.exe'
2021-05-08T23:49:35.8159443+05:30:[AssemblyCache] Could not resolve 'System.Diagnostics.Process.resources' in folder 'C:\Users\himan\Himanshu\Projects\SpecFlowProject2\SpecFlowProject2\bin\Debug\netcoreapp3.1'
2021-05-08T23:49:35.8159591+05:30:TargetFramework: .NETCoreApp,Version=v3.1
2021-05-08T23:49:35.8160552+05:30:Tfm: netcoreapp3.1
2021-05-08T23:49:35.8160700+05:30:[AssemblyCache] Trying to resolve 'System.Diagnostics.Process.resources' in folder 'C:\Users\himan\Himanshu\Projects\SpecFlowProject2\SpecFlowProject2\bin\Debug\netcoreapp3.1\SpecFlowPlusRunner\netcoreapp3.1'
2021-05-08T23:49:35.8160743+05:30:[AssemblyCache] Trying to resolve 'System.Diagnostics.Process.resources' to 'C:\Users\himan\Himanshu\Projects\SpecFlowProject2\SpecFlowProject2\bin\Debug\netcoreapp3.1\SpecFlowPlusRunner\netcoreapp3.1\System.Diagnostics.Process.resources.dll'
2021-05-08T23:49:35.8162349+05:30:[AssemblyCache] Trying to resolve 'System.Diagnostics.Process.resources' to 'C:\Users\himan\Himanshu\Projects\SpecFlowProject2\SpecFlowProject2\bin\Debug\netcoreapp3.1\SpecFlowPlusRunner\netcoreapp3.1\System.Diagnostics.Process.resources.exe'
2021-05-08T23:49:35.8163520+05:30:[AssemblyCache] Could not resolve 'System.Diagnostics.Process.resources' in folder 'C:\Users\himan\Himanshu\Projects\SpecFlowProject2\SpecFlowProject2\bin\Debug\netcoreapp3.1\SpecFlowPlusRunner\netcoreapp3.1'
2021-05-08T23:49:35.8313932+05:30:[AssemblyCache] Trying to resolve 'System.Diagnostics.Process.resources' in folder 'C:\Program Files\dotnet\shared\Microsoft.AspNetCore.App\3.1.14'
2021-05-08T23:49:35.8314207+05:30:[AssemblyCache] Trying to resolve 'System.Diagnostics.Process.resources' to 'C:\Program Files\dotnet\shared\Microsoft.AspNetCore.App\3.1.14\System.Diagnostics.Process.resources.dll'
2021-05-08T23:49:35.8318811+05:30:[AssemblyCache] Trying to resolve 'System.Diagnostics.Process.resources' to 'C:\Program Files\dotnet\shared\Microsoft.AspNetCore.App\3.1.14\System.Diagnostics.Process.resources.exe'
2021-05-08T23:49:35.8319774+05:30:[AssemblyCache] Could not resolve 'System.Diagnostics.Process.resources' in folder 'C:\Program Files\dotnet\shared\Microsoft.AspNetCore.App\3.1.14'
2021-05-08T23:49:35.8325078+05:30:[AssemblyCache] Trying to resolve 'System.Diagnostics.Process.resources' in folder 'C:\Program Files\dotnet\shared\Microsoft.NETCore.App\3.1.14'
2021-05-08T23:49:35.8325194+05:30:[AssemblyCache] Trying to resolve 'System.Diagnostics.Process.resources' to 'C:\Program Files\dotnet\shared\Microsoft.NETCore.App\3.1.14\System.Diagnostics.Process.resources.dll'
2021-05-08T23:49:35.8327496+05:30:[AssemblyCache] Trying to resolve 'System.Diagnostics.Process.resources' to 'C:\Program Files\dotnet\shared\Microsoft.NETCore.App\3.1.14\System.Diagnostics.Process.resources.exe'
2021-05-08T23:49:35.8328322+05:30:[AssemblyCache] Could not resolve 'System.Diagnostics.Process.resources' in folder 'C:\Program Files\dotnet\shared\Microsoft.NETCore.App\3.1.14'
2021-05-08T23:49:35.8331167+05:30:[AssemblyCache] Trying to resolve 'System.Diagnostics.Process.resources' in folder 'C:\Program Files\dotnet\shared\Microsoft.WindowsDesktop.App\3.1.14'
2021-05-08T23:49:35.8331258+05:30:[AssemblyCache] Trying to resolve 'System.Diagnostics.Process.resources' to 'C:\Program Files\dotnet\shared\Microsoft.WindowsDesktop.App\3.1.14\System.Diagnostics.Process.resources.dll'
2021-05-08T23:49:35.8332137+05:30:[AssemblyCache] Trying to resolve 'System.Diagnostics.Process.resources' to 'C:\Program Files\dotnet\shared\Microsoft.WindowsDesktop.App\3.1.14\System.Diagnostics.Process.resources.exe'
2021-05-08T23:49:35.8332771+05:30:[AssemblyCache] Could not resolve 'System.Diagnostics.Process.resources' in folder 'C:\Program Files\dotnet\shared\Microsoft.WindowsDesktop.App\3.1.14'
2021-05-08T23:49:35.8349105+05:30:Assembly resolving System.Diagnostics.Process.resources, Version=4.2.2.0, Culture=en, PublicKeyToken=b03f5f7f11d50a3a
2021-05-08T23:49:36.6219245+05:30:2021-05-08T23:49:36.6200426+05:30:Thread#1:T:done: CalculatorStepDefinitions.GivenTheFirstNumberIs(50) (2.7s)
2021-05-08T23:49:36.6281450+05:30:2021-05-08T23:49:36.6275787+05:30:Thread#1:B:And the second number is 70
2021-05-08T23:49:36.6344864+05:30:2021-05-08T23:49:36.6339480+05:30:Thread#1:T:done: CalculatorStepDefinitions.GivenTheSecondNumberIs(70) (0.0s)
2021-05-08T23:49:36.6359382+05:30:2021-05-08T23:49:36.6355122+05:30:Thread#1:B:When the two numbers are added
2021-05-08T23:49:36.6381720+05:30:2021-05-08T23:49:36.6377898+05:30:Thread#1:T:done: CalculatorStepDefinitions.WhenTheTwoNumbersAreAdded() (0.0s)
2021-05-08T23:49:36.6396452+05:30:2021-05-08T23:49:36.6392345+05:30:Thread#1:B:Then the result should be 120
2021-05-08T23:49:36.6418627+05:30:2021-05-08T23:49:36.6413275+05:30:Thread#1:T:done: CalculatorStepDefinitions.ThenTheResultShouldBe(120) (0.0s)
2021-05-08T23:49:36.6618968+05:30:Thread#1:Scheduler: get next test for thread 1
2021-05-08T23:49:36.6619784+05:30:Thread#:Scheduler: at the end of normal test queue
2021-05-08T23:49:36.6619878+05:30:Thread#1:Scheduler: enumerator for thread is at end
2021-05-08T23:49:36.6619961+05:30:Thread#1:Scheduler: No more tests for thread
2021-05-08T23:49:37.0022238+05:30:Thread#1: Test #4/0 is finished on thread #1 as Succeeded within 7.8918549 seconds
2021-05-08T23:49:37.0164809+05:30:2021-05-08T23:49:37.0158436+05:30:Got Deinitialize Signal
2021-05-08T23:49:37.0185517+05:30:RPC Client disconnected, because 'Disposed'. 
LastMessage: 
Description:Stream has been disposed
Exception:<none>
2021-05-08T23:49:37.0193011+05:30:RPC Server disconnected, because 'Disposed'. 
LastMessage: 
Description:Stream has been disposed
Exception:<none>
2021-05-08T23:49:37.0197002+05:30:RPC Server disconnected, because 'Disposed'. 
LastMessage: 
Description:Stream has been disposed
Exception:<none>
2021-05-08T23:49:37.0221113+05:30:Trying to cancel thread
2021-05-08T23:49:37.0221435+05:30:Thread cancelled
2021-05-08T23:49:37.0221469+05:30:Trying to cancel thread
2021-05-08T23:49:37.0221494+05:30:Thread cancelled
2021-05-08T23:49:37.0399626+05:30:Thread#-1:Scheduler: get next test for thread -1
2021-05-08T23:49:37.0400584+05:30:Thread#:Scheduler: at the end of normal test queue
2021-05-08T23:49:37.0400677+05:30:Thread#-1:Scheduler: enumerator for thread is at end
2021-05-08T23:49:37.0462400+05:30;Thread#12;Info;test run finished
2021-05-08T23:49:37.0470073+05:30;Thread#12;Info;publishing test results
2021-05-08T23:49:37.0475735+05:30;Thread#12;Info;Not publishing results.
2021-05-08T23:49:37.0477866+05:30;Thread#12;Info;test results published
2021-05-08T23:49:37.0478908+05:30;Thread#12;Info;generating reports
2021-05-08T23:49:37.2785872+05:30;Thread#12;Info;Starting external report generation process
2021-05-08T23:49:41.8788199+05:30;Thread#12;Info;Successfully generated reports.
2021-05-08T23:49:41.8830582+05:30;Thread#12;Info;Successfully generated reports
2021-05-08T23:49:41.8976863+05:30:Total: 2
2021-05-08T23:49:41.9028631+05:30:Succeeded: 2
2021-05-08T23:49:41.9037874+05:30:Ignored: 0
2021-05-08T23:49:41.9047567+05:30:Pending: 0
2021-05-08T23:49:41.9047774+05:30:Skipped: 0
2021-05-08T23:49:41.9056032+05:30:Failed: 0
2021-05-08T23:49:41.9227313+05:30;VSTestExecutionThread;Info;Adding attachments to VSTest
2021-05-08T23:49:41.9228812+05:30;VSTestExecutionThread;Info;adding Test Execution Report 'C:\Users\himan\Himanshu\Projects\SpecFlowProject2\SpecFlowProject2\bin\Debug\netcoreapp3.1\Results\SpecFlowProject2_SpecFlowProject2_2021-05-08T234922.html'
========== End of log file ==========
