2020-12-30T22:28:57.8320786+05:30;VSTestExecutionThread;Info;SpecFlow+Runner execution started
2020-12-30T22:28:57.8322659+05:30;VSTestExecutionThread;Info;SpecFlow+Runner 3.5.8 in Framework netcore31 in x64 mode execution started
2020-12-30T22:28:57.8322715+05:30;VSTestExecutionThread;Info;TestAdapter Location: C:\Users\himan\source\repos\SpecFlowProject2\bin\Debug\netcoreapp3.1\TechTalk.SpecRun.VisualStudio.TestAdapter.dll
2020-12-30T22:28:57.8354002+05:30;VSTestExecutionThread;Info;Current UserName: 'himan', MachineName: 'LAPTOP-BBE56M0K'
2020-12-30T22:28:57.9479494+05:30;VSTestExecutionThread;Info;SpecRun: running tests in C:\Users\himan\source\repos\SpecFlowProject2\bin\Debug\netcoreapp3.1\SpecFlowProject2.dll
2020-12-30T22:28:57.9480857+05:30;VSTestExecutionThread;Info;Output folder configured to "baseFolder" in profile
2020-12-30T22:28:57.9481390+05:30;VSTestExecutionThread;Info;Profile: name variable
2020-12-30T22:28:57.9844459+05:30;VSTestExecutionThread;Info;Log file path: C:\Users\himan\source\repos\SpecFlowProject2\bin\Debug\netcoreapp3.1\baseFolder\SpecFlowProject2_name variable_2020-12-30T222857.log
2020-12-30T22:28:57.9886212+05:30;Thread#12;Info;Checking activation
2020-12-30T22:28:58.0774516+05:30;Thread#12;Info;Activated.
2020-12-30T22:28:58.0776840+05:30;Thread#12;Info;Activation check completed
2020-12-30T22:28:58.0778048+05:30;Thread#12;Info;Starting test run
2020-12-30T22:28:58.1567448+05:30;Thread#12;Info;Discovering target: Default
2020-12-30T22:28:58.1569486+05:30;Thread#12;Info;Discovering tests from assembly: C:\Users\himan\source\repos\SpecFlowProject2\bin\Debug\netcoreapp3.1\SpecFlowProject2.dll
2020-12-30T22:28:58.2895329+05:30;Thread#12;Info;Discovered tests from assembly: C:\Users\himan\source\repos\SpecFlowProject2\bin\Debug\netcoreapp3.1\SpecFlowProject2.dll
2020-12-30T22:28:58.2910461+05:30:Test Suite Dump
2020-12-30T22:28:58.2931663+05:30:#0: SpecFlowProject2/name variable - 
2020-12-30T22:28:58.2932129+05:30:#1: Default - 
2020-12-30T22:28:58.2932183+05:30:#2: SpecFlowProject2 - 
2020-12-30T22:28:58.2932220+05:30:#3: Calculator - 
2020-12-30T22:28:58.2932254+05:30:#5: LaunchGoogle - 
2020-12-30T22:28:58.2945607+05:30:#4: Add two numbers - TestAssembly:SpecFlowProject2/Feature:Calculator/Scenario:Add+two+numbers
2020-12-30T22:28:58.2946234+05:30:#6: Launch Google Website - TestAssembly:SpecFlowProject2/Feature:LaunchGoogle/Scenario:Launch+Google+Website
2020-12-30T22:28:58.2947097+05:30:End: Test Suite Dump
2020-12-30T22:28:58.3133357+05:30:Thread#0:Scheduler: get next test for thread 0
2020-12-30T22:28:58.3159749+05:30:Thread#:Scheduler: testitem #4 from normal test queue 
2020-12-30T22:28:58.3161148+05:30:Thread#0:Scheduler: considering testitem #4 for thread 0
2020-12-30T22:28:58.3207248+05:30:Thread#0:TestItem#4:testItemMatchesCurrentTestThread:UnSpecific
2020-12-30T22:28:58.3207397+05:30:Thread#0:TestItem#4:runsOnOneOtherThreadSpecific:False
2020-12-30T22:28:58.3207414+05:30:Thread#0:TestItem#4:runsOnOneOtherThreadUnspecific:True
2020-12-30T22:28:58.3207440+05:30:Thread#0:Scheduler: using testitem #4 for thread 0
2020-12-30T22:28:58.3213932+05:30:Thread#0:Scheduler: Test #4 is scheduled for thread
2020-12-30T22:28:58.3227045+05:30:Thread#0:Scheduler: with testItemExecutionIndex 0
2020-12-30T22:28:58.3227797+05:30:Thread#1:Scheduler: get next test for thread 1
2020-12-30T22:28:58.3228248+05:30:Thread#:Scheduler: testitem #6 from normal test queue 
2020-12-30T22:28:58.3228285+05:30:Thread#1:Scheduler: considering testitem #6 for thread 1
2020-12-30T22:28:58.3228778+05:30:Thread#1:TestItem#6:testItemMatchesCurrentTestThread:UnSpecific
2020-12-30T22:28:58.3228819+05:30:Thread#1:TestItem#6:runsOnOneOtherThreadSpecific:False
2020-12-30T22:28:58.3228856+05:30:Thread#1:TestItem#6:runsOnOneOtherThreadUnspecific:True
2020-12-30T22:28:58.3228897+05:30:Thread#1:Scheduler: using testitem #6 for thread 1
2020-12-30T22:28:58.3229002+05:30:Thread#1:Scheduler: Test #6 is scheduled for thread
2020-12-30T22:28:58.3229300+05:30:Thread#1:Scheduler: with testItemExecutionIndex 0
2020-12-30T22:28:58.3256886+05:30:Thread #0: creating new test thread executor for SpecFlowProject2, Version=1.0.0.0, Culture=neutral, PublicKeyToken=null (target: Default)
2020-12-30T22:28:58.3256859+05:30:Thread #1: creating new test thread executor for SpecFlowProject2, Version=1.0.0.0, Culture=neutral, PublicKeyToken=null (target: Default)
2020-12-30T22:28:58.3296085+05:30:Thread #1: Creating test assembly executor for execution model OutProc
2020-12-30T22:28:58.3296085+05:30:Thread #0: Creating test assembly executor for execution model OutProc
2020-12-30T22:28:58.3298801+05:30:Thread #0: Creating test assembly executor for execution model OutProc
2020-12-30T22:28:58.3298801+05:30:Thread #1: Creating test assembly executor for execution model OutProc
2020-12-30T22:28:58.3962477+05:30:Thread #1: using TechTalk.SpecRun.Framework.Execution.OutOfProc.StreamJsonRPC.OutOfProcessTestAssemblyExecutorHost to execute tests
2020-12-30T22:28:58.3962477+05:30:Thread #0: using TechTalk.SpecRun.Framework.Execution.OutOfProc.StreamJsonRPC.OutOfProcessTestAssemblyExecutorHost to execute tests
2020-12-30T22:28:58.3985284+05:30:starting Out Of Process Executor
2020-12-30T22:28:58.3985284+05:30:starting Out Of Process Executor
2020-12-30T22:28:58.4798591+05:30:Assembly resolving Microsoft.VisualStudio.Validation, Version=15.3.0.0, Culture=neutral, PublicKeyToken=b03f5f7f11d50a3a
2020-12-30T22:28:58.4833903+05:30:[AssemblyCache] Trying to resolve 'Microsoft.VisualStudio.Validation' from .deps.json file
2020-12-30T22:28:58.4834167+05:30:[AssemblyCache] Could not resolve 'Microsoft.VisualStudio.Validation' from .deps.json
2020-12-30T22:28:58.4853584+05:30:[AssemblyCache] Trying to resolve 'Microsoft.VisualStudio.Validation' in folder 'C:\Users\himan\source\repos\SpecFlowProject2\bin\Debug\netcoreapp3.1'
2020-12-30T22:28:58.4857973+05:30:[AssemblyCache] Trying to resolve 'Microsoft.VisualStudio.Validation' to 'C:\Users\himan\source\repos\SpecFlowProject2\bin\Debug\netcoreapp3.1\Microsoft.VisualStudio.Validation.dll'
2020-12-30T22:28:58.4859108+05:30:[AssemblyCache] Trying to resolve 'Microsoft.VisualStudio.Validation' to 'C:\Users\himan\source\repos\SpecFlowProject2\bin\Debug\netcoreapp3.1\Microsoft.VisualStudio.Validation.exe'
2020-12-30T22:28:58.4859633+05:30:[AssemblyCache] Could not resolve 'Microsoft.VisualStudio.Validation' in folder 'C:\Users\himan\source\repos\SpecFlowProject2\bin\Debug\netcoreapp3.1'
2020-12-30T22:28:58.4862190+05:30:TargetFramework: .NETCoreApp,Version=v3.1
2020-12-30T22:28:58.4865052+05:30:Tfm: netcoreapp3.1
2020-12-30T22:28:58.4865152+05:30:[AssemblyCache] Trying to resolve 'Microsoft.VisualStudio.Validation' in folder 'C:\Users\himan\source\repos\SpecFlowProject2\bin\Debug\netcoreapp3.1\SpecFlowPlusRunner\netcoreapp3.1'
2020-12-30T22:28:58.4865172+05:30:[AssemblyCache] Trying to resolve 'Microsoft.VisualStudio.Validation' to 'C:\Users\himan\source\repos\SpecFlowProject2\bin\Debug\netcoreapp3.1\SpecFlowPlusRunner\netcoreapp3.1\Microsoft.VisualStudio.Validation.dll'
2020-12-30T22:28:58.4866444+05:30:[AssemblyCache] Found file 'C:\Users\himan\source\repos\SpecFlowProject2\bin\Debug\netcoreapp3.1\SpecFlowPlusRunner\netcoreapp3.1\Microsoft.VisualStudio.Validation.dll' for assembly 'Microsoft.VisualStudio.Validation'
2020-12-30T22:28:58.4872691+05:30:[AssemblyCache] Resolved 'Microsoft.VisualStudio.Validation' to C:\Users\himan\source\repos\SpecFlowProject2\bin\Debug\netcoreapp3.1\SpecFlowPlusRunner\netcoreapp3.1\Microsoft.VisualStudio.Validation.dll
2020-12-30T22:28:58.4880059+05:30:Starting callback TCP Rpc server
2020-12-30T22:28:58.4880092+05:30:Starting callback TCP Rpc server
2020-12-30T22:28:58.5621635+05:30:Asynchronously starting background TCP Rpc Server on port 32768
2020-12-30T22:28:58.5622319+05:30:Started callback TCP Rpc server on port 32768
2020-12-30T22:28:58.5622367+05:30:Starting logger TCP Rpc server
2020-12-30T22:28:58.5638321+05:30:Asynchronously starting background TCP Rpc Server on port 32769
2020-12-30T22:28:58.5638662+05:30:Started callback TCP Rpc server on port 32769
2020-12-30T22:28:58.5638695+05:30:Starting logger TCP Rpc server
2020-12-30T22:28:58.5653671+05:30:Asynchronously starting background TCP Rpc Server on port 32770
2020-12-30T22:28:58.5653905+05:30:Started logger TCP Rpc server on port 32770
2020-12-30T22:28:58.5671313+05:30:Asynchronously starting background TCP Rpc Server on port 32771
2020-12-30T22:28:58.5671498+05:30:Started logger TCP Rpc server on port 32771
2020-12-30T22:28:58.7839041+05:30:Executing test executor at 'dotnet' 'exec "C:\Users\himan\source\repos\SpecFlowProject2\bin\Debug\netcoreapp3.1\SpecFlowPlusRunner\netcoreapp3.1\TechTalk.SpecRun.Framework.Executor.anycpu.netcoreapp3_1.dll" --remoteRunnerPid 14500 --uniqueId "2020-12-30T222857" --outputFolder "C:\Users\himan\source\repos\SpecFlowProject2\bin\Debug\netcoreapp3.1\baseFolder" --callbackPort 32768 --loggerPort 32770' in 'C:\Users\himan\source\repos\SpecFlowProject2\bin\Debug\netcoreapp3.1'
2020-12-30T22:28:58.7851389+05:30:Executing test executor at 'dotnet' 'exec "C:\Users\himan\source\repos\SpecFlowProject2\bin\Debug\netcoreapp3.1\SpecFlowPlusRunner\netcoreapp3.1\TechTalk.SpecRun.Framework.Executor.anycpu.netcoreapp3_1.dll" --remoteRunnerPid 14500 --uniqueId "2020-12-30T222857" --outputFolder "C:\Users\himan\source\repos\SpecFlowProject2\bin\Debug\netcoreapp3.1\baseFolder" --callbackPort 32769 --loggerPort 32771' in 'C:\Users\himan\source\repos\SpecFlowProject2\bin\Debug\netcoreapp3.1'
2020-12-30T22:28:58.8464122+05:30:Executor with PID 10940 has been started successfully.
2020-12-30T22:28:58.8594376+05:30:Executor with PID 8292 has been started successfully.
2020-12-30T22:28:58.8632274+05:30:Out of Process Executor 8292 started
2020-12-30T22:28:58.8632400+05:30:Waiting for endpoint
2020-12-30T22:28:58.8698927+05:30:Out of Process Executor 10940 started
2020-12-30T22:28:58.8699061+05:30:Waiting for endpoint
2020-12-30T22:28:59.9111056+05:30:Assembly resolving Microsoft.VisualStudio.Threading, Version=15.3.0.0, Culture=neutral, PublicKeyToken=b03f5f7f11d50a3a
2020-12-30T22:28:59.9111270+05:30:[AssemblyCache] Trying to resolve 'Microsoft.VisualStudio.Threading' from .deps.json file
2020-12-30T22:28:59.9111300+05:30:[AssemblyCache] Could not resolve 'Microsoft.VisualStudio.Threading' from .deps.json
2020-12-30T22:28:59.9111362+05:30:[AssemblyCache] Trying to resolve 'Microsoft.VisualStudio.Threading' in folder 'C:\Users\himan\source\repos\SpecFlowProject2\bin\Debug\netcoreapp3.1'
2020-12-30T22:28:59.9111526+05:30:[AssemblyCache] Trying to resolve 'Microsoft.VisualStudio.Threading' to 'C:\Users\himan\source\repos\SpecFlowProject2\bin\Debug\netcoreapp3.1\Microsoft.VisualStudio.Threading.dll'
2020-12-30T22:28:59.9112050+05:30:[AssemblyCache] Trying to resolve 'Microsoft.VisualStudio.Threading' to 'C:\Users\himan\source\repos\SpecFlowProject2\bin\Debug\netcoreapp3.1\Microsoft.VisualStudio.Threading.exe'
2020-12-30T22:28:59.9112472+05:30:[AssemblyCache] Could not resolve 'Microsoft.VisualStudio.Threading' in folder 'C:\Users\himan\source\repos\SpecFlowProject2\bin\Debug\netcoreapp3.1'
2020-12-30T22:28:59.9112513+05:30:TargetFramework: .NETCoreApp,Version=v3.1
2020-12-30T22:28:59.9112640+05:30:Tfm: netcoreapp3.1
2020-12-30T22:28:59.9112688+05:30:[AssemblyCache] Trying to resolve 'Microsoft.VisualStudio.Threading' in folder 'C:\Users\himan\source\repos\SpecFlowProject2\bin\Debug\netcoreapp3.1\SpecFlowPlusRunner\netcoreapp3.1'
2020-12-30T22:28:59.9112707+05:30:[AssemblyCache] Trying to resolve 'Microsoft.VisualStudio.Threading' to 'C:\Users\himan\source\repos\SpecFlowProject2\bin\Debug\netcoreapp3.1\SpecFlowPlusRunner\netcoreapp3.1\Microsoft.VisualStudio.Threading.dll'
2020-12-30T22:28:59.9113919+05:30:[AssemblyCache] Found file 'C:\Users\himan\source\repos\SpecFlowProject2\bin\Debug\netcoreapp3.1\SpecFlowPlusRunner\netcoreapp3.1\Microsoft.VisualStudio.Threading.dll' for assembly 'Microsoft.VisualStudio.Threading'
2020-12-30T22:28:59.9121614+05:30:[AssemblyCache] Resolved 'Microsoft.VisualStudio.Threading' to C:\Users\himan\source\repos\SpecFlowProject2\bin\Debug\netcoreapp3.1\SpecFlowPlusRunner\netcoreapp3.1\Microsoft.VisualStudio.Threading.dll
2020-12-30T22:29:02.0297819+05:30:Remote executor port received: 32772
2020-12-30T22:29:02.0334422+05:30:Creating executor TCP client on port 32772
2020-12-30T22:29:02.0352410+05:30:Created executor TCP client on port 32772
2020-12-30T22:29:02.0352681+05:30:Connecting to remote executor TCP server
2020-12-30T22:29:02.0387899+05:30:Connected remote executor TCP server
2020-12-30T22:29:02.0396086+05:30:trying to connect to Out of Process Executor the 1 attempt
2020-12-30T22:29:02.0396449+05:30:Connection to Out of Process Executor established in the 1 attempt
2020-12-30T22:29:02.1397430+05:30:Remote executor port received: 32773
2020-12-30T22:29:02.1397710+05:30:Creating executor TCP client on port 32773
2020-12-30T22:29:02.1399931+05:30:Created executor TCP client on port 32773
2020-12-30T22:29:02.1400020+05:30:Connecting to remote executor TCP server
2020-12-30T22:29:02.1417085+05:30:Connected remote executor TCP server
2020-12-30T22:29:02.1418814+05:30:trying to connect to Out of Process Executor the 1 attempt
2020-12-30T22:29:02.1418923+05:30:Connection to Out of Process Executor established in the 1 attempt
2020-12-30T22:29:02.2937243+05:30:2020-12-30T22:29:02.2924572+05:30:OutOfProcessTestAssemblyExecutor: initialized for C:\Users\himan\source\repos\SpecFlowProject2\bin\Debug\netcoreapp3.1\SpecFlowProject2.dll on test thread #0
2020-12-30T22:29:02.2992951+05:30:Endpoint 8292 started
2020-12-30T22:29:02.3074918+05:30:2020-12-30T22:29:02.3021566+05:30:OutOfProcessTestAssemblyExecutor: initialized for C:\Users\himan\source\repos\SpecFlowProject2\bin\Debug\netcoreapp3.1\SpecFlowProject2.dll on test thread #1
2020-12-30T22:29:02.3085387+05:30:Endpoint 10940 started
2020-12-30T22:29:02.3187194+05:30:2020-12-30T22:29:02.3183125+05:30:OutOfProcessTestAssemblyExecutor: running tests...
2020-12-30T22:29:02.3212553+05:30:2020-12-30T22:29:02.3208551+05:30:OutOfProcessTestAssemblyExecutor: running tests...
2020-12-30T22:29:02.4319419+05:30:2020-12-30T22:29:02.4315501+05:30:Assembly resolving TechTalk.SpecFlow, Version=3.5.0.0, Culture=neutral, PublicKeyToken=0778194805d6db41
2020-12-30T22:29:02.4354598+05:30:2020-12-30T22:29:02.4350383+05:30:[AssemblyCache] Trying to resolve 'TechTalk.SpecFlow' from .deps.json file
2020-12-30T22:29:02.4394860+05:30:2020-12-30T22:29:02.4390835+05:30:[AssemblyCache] Resolved 'TechTalk.SpecFlow' to 'C:\Users\himan\.nuget\packages\specflow\3.5.5\lib\netstandard2.0\TechTalk.SpecFlow.dll'
2020-12-30T22:29:02.4434323+05:30:2020-12-30T22:29:02.4429654+05:30:Assembly resolving TechTalk.SpecFlow, Version=3.5.0.0, Culture=neutral, PublicKeyToken=0778194805d6db41
2020-12-30T22:29:02.4465624+05:30:2020-12-30T22:29:02.4462022+05:30:[AssemblyCache] Trying to resolve 'TechTalk.SpecFlow' from .deps.json file
2020-12-30T22:29:02.4496851+05:30:2020-12-30T22:29:02.4493151+05:30:[AssemblyCache] Resolved 'TechTalk.SpecFlow' to 'C:\Users\himan\.nuget\packages\specflow\3.5.5\lib\netstandard2.0\TechTalk.SpecFlow.dll'
2020-12-30T22:29:02.5710963+05:30:2020-12-30T22:29:02.5699411+05:30:Thread#0:T:-> Loading plugin C:\Users\himan\source\repos\SpecFlowProject2\bin\Debug\netcoreapp3.1\LivingDoc.SpecFlowPlugin.dll
2020-12-30T22:29:02.5767941+05:30:2020-12-30T22:29:02.5736053+05:30:Assembly resolving TechTalk.SpecFlow, Version=3.4.0.0, Culture=neutral, PublicKeyToken=0778194805d6db41
2020-12-30T22:29:02.5846382+05:30:2020-12-30T22:29:02.5783546+05:30:Assembly resolving LivingDoc.Dtos, Version=3.5.0.0, Culture=neutral, PublicKeyToken=null
2020-12-30T22:29:02.5851700+05:30:2020-12-30T22:29:02.5801450+05:30:Thread#1:T:-> Loading plugin C:\Users\himan\source\repos\SpecFlowProject2\bin\Debug\netcoreapp3.1\LivingDoc.SpecFlowPlugin.dll
2020-12-30T22:29:02.5993501+05:30:2020-12-30T22:29:02.5852465+05:30:[AssemblyCache] Trying to resolve 'LivingDoc.Dtos' from .deps.json file
2020-12-30T22:29:02.6005018+05:30:2020-12-30T22:29:02.5871318+05:30:Assembly resolving TechTalk.SpecFlow, Version=3.4.0.0, Culture=neutral, PublicKeyToken=0778194805d6db41
2020-12-30T22:29:02.6019571+05:30:2020-12-30T22:29:02.6010779+05:30:[AssemblyCache] Resolved 'LivingDoc.Dtos' to 'C:\Users\himan\.nuget\packages\specflow.plus.livingdocplugin\3.5.186\lib\netstandard2.0\LivingDoc.Dtos.dll'
2020-12-30T22:29:02.6022386+05:30:2020-12-30T22:29:02.6018315+05:30:Assembly resolving LivingDoc.Dtos, Version=3.5.0.0, Culture=neutral, PublicKeyToken=null
2020-12-30T22:29:02.6029376+05:30:2020-12-30T22:29:02.6024388+05:30:[AssemblyCache] Trying to resolve 'LivingDoc.Dtos' from .deps.json file
2020-12-30T22:29:02.6038561+05:30:2020-12-30T22:29:02.6035156+05:30:[AssemblyCache] Resolved 'LivingDoc.Dtos' to 'C:\Users\himan\.nuget\packages\specflow.plus.livingdocplugin\3.5.186\lib\netstandard2.0\LivingDoc.Dtos.dll'
2020-12-30T22:29:02.6063131+05:30:2020-12-30T22:29:02.6059372+05:30:Thread#0:T:-> Loading plugin C:\Users\himan\source\repos\SpecFlowProject2\bin\Debug\netcoreapp3.1\SpecRun.Runtime.SpecFlowPlugin.dll
2020-12-30T22:29:02.6078844+05:30:2020-12-30T22:29:02.6074629+05:30:Thread#1:T:-> Loading plugin C:\Users\himan\source\repos\SpecFlowProject2\bin\Debug\netcoreapp3.1\SpecRun.Runtime.SpecFlowPlugin.dll
2020-12-30T22:29:02.6081145+05:30:2020-12-30T22:29:02.6075607+05:30:Assembly resolving TechTalk.SpecFlow, Version=3.5.0.0, Culture=neutral, PublicKeyToken=0778194805d6db41
2020-12-30T22:29:02.6104740+05:30:2020-12-30T22:29:02.6100919+05:30:Assembly resolving TechTalk.SpecFlow, Version=3.5.0.0, Culture=neutral, PublicKeyToken=0778194805d6db41
2020-12-30T22:29:02.6142178+05:30:2020-12-30T22:29:02.6137671+05:30:Thread#0:T:-> Using default config
2020-12-30T22:29:02.6151746+05:30:2020-12-30T22:29:02.6148114+05:30:Thread#1:T:-> Using default config
2020-12-30T22:29:02.6256328+05:30:2020-12-30T22:29:02.6250176+05:30:Assembly resolving Cucumber.Messages, Version=6.0.1.0, Culture=neutral, PublicKeyToken=b10c5988214f940c
2020-12-30T22:29:02.6261169+05:30:2020-12-30T22:29:02.6256216+05:30:Assembly resolving Cucumber.Messages, Version=6.0.1.0, Culture=neutral, PublicKeyToken=b10c5988214f940c
2020-12-30T22:29:02.6262021+05:30:2020-12-30T22:29:02.6259155+05:30:[AssemblyCache] Trying to resolve 'Cucumber.Messages' from .deps.json file
2020-12-30T22:29:02.6266523+05:30:2020-12-30T22:29:02.6263715+05:30:[AssemblyCache] Trying to resolve 'Cucumber.Messages' from .deps.json file
2020-12-30T22:29:02.6270325+05:30:2020-12-30T22:29:02.6266986+05:30:[AssemblyCache] Resolved 'Cucumber.Messages' to 'C:\Users\himan\.nuget\packages\cucumber.messages\6.0.1\lib\netstandard2.0\Cucumber.Messages.dll'
2020-12-30T22:29:02.6273829+05:30:2020-12-30T22:29:02.6271126+05:30:[AssemblyCache] Resolved 'Cucumber.Messages' to 'C:\Users\himan\.nuget\packages\cucumber.messages\6.0.1\lib\netstandard2.0\Cucumber.Messages.dll'
2020-12-30T22:29:02.6286688+05:30:2020-12-30T22:29:02.6283597+05:30:Assembly resolving Google.Protobuf, Version=3.7.0.0, Culture=neutral, PublicKeyToken=a7d26565bac4d604
2020-12-30T22:29:02.6288926+05:30:2020-12-30T22:29:02.6286282+05:30:Assembly resolving Google.Protobuf, Version=3.7.0.0, Culture=neutral, PublicKeyToken=a7d26565bac4d604
2020-12-30T22:29:02.6291077+05:30:2020-12-30T22:29:02.6289041+05:30:[AssemblyCache] Trying to resolve 'Google.Protobuf' from .deps.json file
2020-12-30T22:29:02.6292759+05:30:2020-12-30T22:29:02.6290860+05:30:[AssemblyCache] Trying to resolve 'Google.Protobuf' from .deps.json file
2020-12-30T22:29:02.6298103+05:30:2020-12-30T22:29:02.6295727+05:30:[AssemblyCache] Resolved 'Google.Protobuf' to 'C:\Users\himan\.nuget\packages\google.protobuf\3.7.0\lib\netstandard1.0\Google.Protobuf.dll'
2020-12-30T22:29:02.6299463+05:30:2020-12-30T22:29:02.6296567+05:30:[AssemblyCache] Resolved 'Google.Protobuf' to 'C:\Users\himan\.nuget\packages\google.protobuf\3.7.0\lib\netstandard1.0\Google.Protobuf.dll'
2020-12-30T22:29:02.6399059+05:30:2020-12-30T22:29:02.6394866+05:30:Assembly resolving Microsoft.VisualStudio.TestPlatform.ObjectModel, Version=15.0.0.0, Culture=neutral, PublicKeyToken=b03f5f7f11d50a3a
2020-12-30T22:29:02.6402370+05:30:2020-12-30T22:29:02.6399374+05:30:Assembly resolving Microsoft.VisualStudio.TestPlatform.ObjectModel, Version=15.0.0.0, Culture=neutral, PublicKeyToken=b03f5f7f11d50a3a
2020-12-30T22:29:02.6403852+05:30:2020-12-30T22:29:02.6401793+05:30:[AssemblyCache] Trying to resolve 'Microsoft.VisualStudio.TestPlatform.ObjectModel' from .deps.json file
2020-12-30T22:29:02.6406857+05:30:2020-12-30T22:29:02.6404252+05:30:[AssemblyCache] Trying to resolve 'Microsoft.VisualStudio.TestPlatform.ObjectModel' from .deps.json file
2020-12-30T22:29:02.6415704+05:30:2020-12-30T22:29:02.6410759+05:30:[AssemblyCache] Resolved 'Microsoft.VisualStudio.TestPlatform.ObjectModel' to 'C:\Users\himan\.nuget\packages\microsoft.testplatform.objectmodel\16.5.0\lib\netstandard2.0\Microsoft.VisualStudio.TestPlatform.ObjectModel.dll'
2020-12-30T22:29:02.6417930+05:30:2020-12-30T22:29:02.6412896+05:30:[AssemblyCache] Resolved 'Microsoft.VisualStudio.TestPlatform.ObjectModel' to 'C:\Users\himan\.nuget\packages\microsoft.testplatform.objectmodel\16.5.0\lib\netstandard2.0\Microsoft.VisualStudio.TestPlatform.ObjectModel.dll'
2020-12-30T22:29:02.6818054+05:30:2020-12-30T22:29:02.6813035+05:30:Assembly resolving Utf8Json, Version=1.3.7.0, Culture=neutral, PublicKeyToken=8a73d3ba7e392e27
2020-12-30T22:29:02.6819139+05:30:2020-12-30T22:29:02.6813035+05:30:Assembly resolving Utf8Json, Version=1.3.7.0, Culture=neutral, PublicKeyToken=8a73d3ba7e392e27
2020-12-30T22:29:02.6822469+05:30:2020-12-30T22:29:02.6820244+05:30:[AssemblyCache] Trying to resolve 'Utf8Json' from .deps.json file
2020-12-30T22:29:02.6823351+05:30:2020-12-30T22:29:02.6820913+05:30:[AssemblyCache] Trying to resolve 'Utf8Json' from .deps.json file
2020-12-30T22:29:02.6829864+05:30:2020-12-30T22:29:02.6826962+05:30:[AssemblyCache] Resolved 'Utf8Json' to 'C:\Users\himan\.nuget\packages\utf8json\1.3.7\lib\netstandard2.0\Utf8Json.dll'
2020-12-30T22:29:02.6830759+05:30:2020-12-30T22:29:02.6826887+05:30:[AssemblyCache] Resolved 'Utf8Json' to 'C:\Users\himan\.nuget\packages\utf8json\1.3.7\lib\netstandard2.0\Utf8Json.dll'
2020-12-30T22:29:03.5218313+05:30:Thread#1: Test #6/0 is started on thread #1
2020-12-30T22:29:03.5326801+05:30:Thread#0: Test #4/0 is started on thread #0
2020-12-30T22:29:03.5966505+05:30:2020-12-30T22:29:03.5946821+05:30:Assembly resolving WebDriver, Version=4.0.0.0, Culture=neutral, PublicKeyToken=null
2020-12-30T22:29:03.5977073+05:30:2020-12-30T22:29:03.5971857+05:30:[AssemblyCache] Trying to resolve 'WebDriver' from .deps.json file
2020-12-30T22:29:03.5993720+05:30:2020-12-30T22:29:03.5985045+05:30:[AssemblyCache] Resolved 'WebDriver' to 'C:\Users\himan\.nuget\packages\selenium.webdriver\4.0.0-alpha07\lib\netstandard2.1\WebDriver.dll'
2020-12-30T22:29:03.5997470+05:30:2020-12-30T22:29:03.5979575+05:30:Assembly resolving WebDriver, Version=4.0.0.0, Culture=neutral, PublicKeyToken=null
2020-12-30T22:29:03.6054747+05:30:2020-12-30T22:29:03.6046752+05:30:[AssemblyCache] Trying to resolve 'WebDriver' from .deps.json file
2020-12-30T22:29:03.6066790+05:30:2020-12-30T22:29:03.6062789+05:30:[AssemblyCache] Resolved 'WebDriver' to 'C:\Users\himan\.nuget\packages\selenium.webdriver\4.0.0-alpha07\lib\netstandard2.1\WebDriver.dll'
2020-12-30T22:29:05.6998601+05:30:2020-12-30T22:29:05.6964358+05:30:Assembly resolving Newtonsoft.Json, Version=12.0.0.0, Culture=neutral, PublicKeyToken=30ad4fe6b2a6aeed
2020-12-30T22:29:05.7088779+05:30:2020-12-30T22:29:05.7035578+05:30:Assembly resolving Newtonsoft.Json, Version=12.0.0.0, Culture=neutral, PublicKeyToken=30ad4fe6b2a6aeed
2020-12-30T22:29:05.7091509+05:30:2020-12-30T22:29:05.7019684+05:30:[AssemblyCache] Trying to resolve 'Newtonsoft.Json' from .deps.json file
2020-12-30T22:29:05.7115936+05:30:2020-12-30T22:29:05.7109022+05:30:[AssemblyCache] Resolved 'Newtonsoft.Json' to 'C:\Users\himan\.nuget\packages\newtonsoft.json\12.0.2\lib\netstandard2.0\Newtonsoft.Json.dll'
2020-12-30T22:29:05.7118058+05:30:2020-12-30T22:29:05.7112445+05:30:[AssemblyCache] Trying to resolve 'Newtonsoft.Json' from .deps.json file
2020-12-30T22:29:05.7135424+05:30:2020-12-30T22:29:05.7129643+05:30:[AssemblyCache] Resolved 'Newtonsoft.Json' to 'C:\Users\himan\.nuget\packages\newtonsoft.json\12.0.2\lib\netstandard2.0\Newtonsoft.Json.dll'
2020-12-30T22:29:09.7347986+05:30:2020-12-30T22:29:09.6941831+05:30:Thread#0:B:Given the first number is 50
2020-12-30T22:29:09.7357475+05:30:2020-12-30T22:29:09.6960600+05:30:Thread#1:B:Given User launches google.com
2020-12-30T22:29:19.4236654+05:30:2020-12-30T22:29:19.4219205+05:30:Thread#1:T:done: LaunchGoogleSteps.GivenUserLaunchesGoogle_Com() (9.7s)
2020-12-30T22:29:19.4295310+05:30:2020-12-30T22:29:19.4291590+05:30:Thread#1:B:Then he should be able to launch
2020-12-30T22:29:22.7314367+05:30:2020-12-30T22:29:22.7240315+05:30:Thread#0:T:done: CalculatorStepDefinitions.GivenTheFirstNumberIs(50) (12.9s)
2020-12-30T22:29:22.7409514+05:30:2020-12-30T22:29:22.7380024+05:30:Thread#0:B:And the second number is 70
2020-12-30T22:29:24.4710790+05:30:2020-12-30T22:29:24.4337280+05:30:Thread#1:T:done: LaunchGoogleSteps.ThenHeShouldBeAbleToLaunch() (5.0s)
2020-12-30T22:29:24.6801520+05:30:Thread#1:Scheduler: get next test for thread 1
2020-12-30T22:29:24.6802498+05:30:Thread#:Scheduler: at the end of normal test queue
2020-12-30T22:29:24.6802573+05:30:Thread#1:Scheduler: enumerator for thread is at end
2020-12-30T22:29:24.6802650+05:30:Thread#1:Scheduler: No more tests for thread
2020-12-30T22:29:27.7643213+05:30:2020-12-30T22:29:27.7587159+05:30:Thread#0:T:done: CalculatorStepDefinitions.GivenTheSecondNumberIs(70) (5.0s)
2020-12-30T22:29:27.7727776+05:30:2020-12-30T22:29:27.7667501+05:30:Thread#0:B:When the two numbers are added
2020-12-30T22:29:27.7773618+05:30:2020-12-30T22:29:27.7767211+05:30:Thread#0:T:done: CalculatorStepDefinitions.WhenTheTwoNumbersAreAdded() (0.0s)
2020-12-30T22:29:27.7791491+05:30:2020-12-30T22:29:27.7783656+05:30:Thread#0:B:Then the result should be 120
2020-12-30T22:29:27.7961558+05:30:2020-12-30T22:29:27.7817960+05:30:Thread#0:T:done: CalculatorStepDefinitions.ThenTheResultShouldBe(120) (0.0s)
2020-12-30T22:29:27.8121888+05:30:Thread#0:Scheduler: get next test for thread 0
2020-12-30T22:29:27.8122842+05:30:Thread#:Scheduler: at the end of normal test queue
2020-12-30T22:29:27.8123295+05:30:Thread#0:Scheduler: enumerator for thread is at end
2020-12-30T22:29:27.8123666+05:30:Thread#0:Scheduler: No more tests for thread
2020-12-30T22:29:27.8800118+05:30:Thread#1: Test #6/0 is finished on thread #1 as Succeeded within 24.3548986 seconds
2020-12-30T22:29:27.9142980+05:30:2020-12-30T22:29:27.9138197+05:30:Got Deinitialize Signal
2020-12-30T22:29:27.9261301+05:30:RPC Client disconnected, because 'Disposed'. 
LastMessage: 
Description:Stream has been disposed
Exception:<none>
2020-12-30T22:29:27.9294685+05:30:RPC Server disconnected, because 'Disposed'. 
LastMessage: 
Description:Reached end of stream.
Exception:<none>
2020-12-30T22:29:27.9313981+05:30:RPC Server disconnected, because 'Disposed'. 
LastMessage: 
Description:Stream has been disposed
Exception:<none>
2020-12-30T22:29:27.9334237+05:30:Assembly resolving System.Diagnostics.Process.resources, Version=4.2.2.0, Culture=en-US, PublicKeyToken=b03f5f7f11d50a3a
2020-12-30T22:29:27.9334457+05:30:[AssemblyCache] Trying to resolve 'System.Diagnostics.Process.resources' from .deps.json file
2020-12-30T22:29:27.9334527+05:30:[AssemblyCache] Could not resolve 'System.Diagnostics.Process.resources' from .deps.json
2020-12-30T22:29:27.9334628+05:30:[AssemblyCache] Trying to resolve 'System.Diagnostics.Process.resources' in folder 'C:\Users\himan\source\repos\SpecFlowProject2\bin\Debug\netcoreapp3.1'
2020-12-30T22:29:27.9334655+05:30:[AssemblyCache] Trying to resolve 'System.Diagnostics.Process.resources' to 'C:\Users\himan\source\repos\SpecFlowProject2\bin\Debug\netcoreapp3.1\System.Diagnostics.Process.resources.dll'
2020-12-30T22:29:27.9335154+05:30:[AssemblyCache] Trying to resolve 'System.Diagnostics.Process.resources' to 'C:\Users\himan\source\repos\SpecFlowProject2\bin\Debug\netcoreapp3.1\System.Diagnostics.Process.resources.exe'
2020-12-30T22:29:27.9335549+05:30:[AssemblyCache] Could not resolve 'System.Diagnostics.Process.resources' in folder 'C:\Users\himan\source\repos\SpecFlowProject2\bin\Debug\netcoreapp3.1'
2020-12-30T22:29:27.9335653+05:30:TargetFramework: .NETCoreApp,Version=v3.1
2020-12-30T22:29:27.9336480+05:30:Tfm: netcoreapp3.1
2020-12-30T22:29:27.9336600+05:30:[AssemblyCache] Trying to resolve 'System.Diagnostics.Process.resources' in folder 'C:\Users\himan\source\repos\SpecFlowProject2\bin\Debug\netcoreapp3.1\SpecFlowPlusRunner\netcoreapp3.1'
2020-12-30T22:29:27.9336629+05:30:[AssemblyCache] Trying to resolve 'System.Diagnostics.Process.resources' to 'C:\Users\himan\source\repos\SpecFlowProject2\bin\Debug\netcoreapp3.1\SpecFlowPlusRunner\netcoreapp3.1\System.Diagnostics.Process.resources.dll'
2020-12-30T22:29:27.9337138+05:30:[AssemblyCache] Trying to resolve 'System.Diagnostics.Process.resources' to 'C:\Users\himan\source\repos\SpecFlowProject2\bin\Debug\netcoreapp3.1\SpecFlowPlusRunner\netcoreapp3.1\System.Diagnostics.Process.resources.exe'
2020-12-30T22:29:27.9337688+05:30:[AssemblyCache] Could not resolve 'System.Diagnostics.Process.resources' in folder 'C:\Users\himan\source\repos\SpecFlowProject2\bin\Debug\netcoreapp3.1\SpecFlowPlusRunner\netcoreapp3.1'
2020-12-30T22:29:27.9923540+05:30:[AssemblyCache] Trying to resolve 'System.Diagnostics.Process.resources' in folder 'C:\Program Files\dotnet\shared\Microsoft.AspNetCore.App\3.1.10'
2020-12-30T22:29:27.9923757+05:30:[AssemblyCache] Trying to resolve 'System.Diagnostics.Process.resources' to 'C:\Program Files\dotnet\shared\Microsoft.AspNetCore.App\3.1.10\System.Diagnostics.Process.resources.dll'
2020-12-30T22:29:28.0486869+05:30:[AssemblyCache] Trying to resolve 'System.Diagnostics.Process.resources' to 'C:\Program Files\dotnet\shared\Microsoft.AspNetCore.App\3.1.10\System.Diagnostics.Process.resources.exe'
2020-12-30T22:29:28.0487761+05:30:[AssemblyCache] Could not resolve 'System.Diagnostics.Process.resources' in folder 'C:\Program Files\dotnet\shared\Microsoft.AspNetCore.App\3.1.10'
2020-12-30T22:29:28.0492576+05:30:[AssemblyCache] Trying to resolve 'System.Diagnostics.Process.resources' in folder 'C:\Program Files\dotnet\shared\Microsoft.NETCore.App\3.1.10'
2020-12-30T22:29:28.0492659+05:30:[AssemblyCache] Trying to resolve 'System.Diagnostics.Process.resources' to 'C:\Program Files\dotnet\shared\Microsoft.NETCore.App\3.1.10\System.Diagnostics.Process.resources.dll'
2020-12-30T22:29:28.0493291+05:30:[AssemblyCache] Trying to resolve 'System.Diagnostics.Process.resources' to 'C:\Program Files\dotnet\shared\Microsoft.NETCore.App\3.1.10\System.Diagnostics.Process.resources.exe'
2020-12-30T22:29:28.0493808+05:30:[AssemblyCache] Could not resolve 'System.Diagnostics.Process.resources' in folder 'C:\Program Files\dotnet\shared\Microsoft.NETCore.App\3.1.10'
2020-12-30T22:29:28.0642505+05:30:[AssemblyCache] Trying to resolve 'System.Diagnostics.Process.resources' in folder 'C:\Program Files\dotnet\shared\Microsoft.WindowsDesktop.App\3.1.10'
2020-12-30T22:29:28.0642717+05:30:[AssemblyCache] Trying to resolve 'System.Diagnostics.Process.resources' to 'C:\Program Files\dotnet\shared\Microsoft.WindowsDesktop.App\3.1.10\System.Diagnostics.Process.resources.dll'
2020-12-30T22:29:28.0876200+05:30:[AssemblyCache] Trying to resolve 'System.Diagnostics.Process.resources' to 'C:\Program Files\dotnet\shared\Microsoft.WindowsDesktop.App\3.1.10\System.Diagnostics.Process.resources.exe'
2020-12-30T22:29:28.0877152+05:30:[AssemblyCache] Could not resolve 'System.Diagnostics.Process.resources' in folder 'C:\Program Files\dotnet\shared\Microsoft.WindowsDesktop.App\3.1.10'
2020-12-30T22:29:28.0892931+05:30:Assembly resolving System.Diagnostics.Process.resources, Version=4.2.2.0, Culture=en, PublicKeyToken=b03f5f7f11d50a3a
2020-12-30T22:29:28.3068891+05:30:Thread#0: Test #4/0 is finished on thread #0 as Succeeded within 24.7738848 seconds
2020-12-30T22:29:28.3163018+05:30:2020-12-30T22:29:28.3157981+05:30:Got Deinitialize Signal
2020-12-30T22:29:28.3173969+05:30:RPC Client disconnected, because 'Disposed'. 
LastMessage: 
Description:Stream has been disposed
Exception:<none>
2020-12-30T22:29:28.3176912+05:30:RPC Server disconnected, because 'Disposed'. 
LastMessage: 
Description:Stream has been disposed
Exception:<none>
2020-12-30T22:29:28.3178978+05:30:RPC Server disconnected, because 'Disposed'. 
LastMessage: 
Description:Stream has been disposed
Exception:<none>
2020-12-30T22:29:28.3206835+05:30:Trying to cancel thread
2020-12-30T22:29:28.3206975+05:30:Thread cancelled
2020-12-30T22:29:28.3206990+05:30:Trying to cancel thread
2020-12-30T22:29:28.3207001+05:30:Thread cancelled
2020-12-30T22:29:28.3276287+05:30:Thread#-1:Scheduler: get next test for thread -1
2020-12-30T22:29:28.3276747+05:30:Thread#:Scheduler: at the end of normal test queue
2020-12-30T22:29:28.3276788+05:30:Thread#-1:Scheduler: enumerator for thread is at end
2020-12-30T22:29:28.3302784+05:30;Thread#12;Info;test run finished
2020-12-30T22:29:28.3306295+05:30;Thread#12;Info;publishing test results
2020-12-30T22:29:28.3308211+05:30;Thread#12;Info;Not publishing results.
2020-12-30T22:29:28.3308820+05:30;Thread#12;Info;test results published
2020-12-30T22:29:28.3309313+05:30;Thread#12;Info;generating reports
2020-12-30T22:29:28.4345070+05:30;Thread#12;Info;Starting external report generation process
2020-12-30T22:29:31.1041556+05:30;Thread#12;Error;Could not generate test run result reports. An error occurred in the generator.
2020-12-30T22:29:31.1046230+05:30;Thread#12;Error;External program returned exit code '-2'
2020-12-30T22:29:31.1048035+05:30;Thread#12;Info;Failed generating reports
2020-12-30T22:29:31.1110129+05:30:Total: 2
2020-12-30T22:29:31.1127324+05:30:Succeeded: 2
2020-12-30T22:29:31.1130192+05:30:Ignored: 0
2020-12-30T22:29:31.1132585+05:30:Pending: 0
2020-12-30T22:29:31.1132640+05:30:Skipped: 0
2020-12-30T22:29:31.1134925+05:30:Failed: 0
2020-12-30T22:29:31.1191100+05:30;VSTestExecutionThread;Info;Adding attachments to VSTest
========== End of log file ==========
